<?xml version="1.0" encoding="utf-8"?>
<TestRun id="1d0e5fff-61eb-4bbc-b8b5-bba675b1f50d" name="@MacBook-Pro-de-Pablo 2026-07-10 18:54:55" xmlns="http://microsoft.com/schemas/VisualStudio/TeamTest/2010">
  <Times creation="2026-07-10T18:54:55.9415820+01:00" queuing="2026-07-10T18:54:55.9415820+01:00" start="2026-07-10T18:54:54.3686960+01:00" finish="2026-07-10T18:54:56.3825270+01:00" />
  <TestSettings name="default" id="1ddacc16-b97a-45b1-bee8-83c3a2a37a32">
    <Deployment runDeploymentRoot="_MacBook-Pro-de-Pablo_2026-07-10_18_54_55" />
  </TestSettings>
  <Results>
    <UnitTestResult executionId="08f20a39-fcc5-4f45-840d-169b43a05363" testId="e31e8283-3f5b-120c-b865-b2b7ce8cfa76" testName="Alis.Extension.Math.HighSpeedPriorityQueue.Test.GenericPriorityQueueEdgeTests.GetEnumerator_NonGeneric_EnumeratesAllNodes" computerName="MacBook-Pro-de-Pablo" duration="00:00:00.0003266" startTime="2026-07-10T18:54:55.9270270+01:00" endTime="2026-07-10T18:54:55.9270270+01:00" testType="13cdc9d9-ddb5-4fa4-a97d-d965ccfc6d4b" outcome="Passed" testListId="8c84fa94-04c1-424b-9868-57a2d4851a1d" relativeResultsDirectory="08f20a39-fcc5-4f45-840d-169b43a05363" />
    <UnitTestResult executionId="d06fad47-7474-40d8-90f2-a66beb33ce9c" testId="5aaef934-528c-1b7e-ef0a-ddbbbd65ee61" testName="Alis.Extension.Math.HighSpeedPriorityQueue.Test.StablePriorityQueueCoverageTest.CascadeDown_RightChildHigherPriority_SwapsRightChild" computerName="MacBook-Pro-de-Pablo" duration="00:00:00.0000632" startTime="2026-07-10T18:54:55.9435800+01:00" endTime="2026-07-10T18:54:55.9435800+01:00" testType="13cdc9d9-ddb5-4fa4-a97d-d965ccfc6d4b" outcome="Passed" testListId="8c84fa94-04c1-424b-9868-57a2d4851a1d" relativeResultsDirectory="d06fad47-7474-40d8-90f2-a66beb33ce9c" />
    <UnitTestResult executionId="d879ab11-5fbe-4155-afca-48fc8eb5840a" testId="cba7780f-ab5b-7376-4f86-1b32cfdf6c68" testName="Alis.Extension.Math.HighSpeedPriorityQueue.Test.StablePriorityQueueTest.Enumerator_IteratesAllNodes" computerName="MacBook-Pro-de-Pablo" duration="00:00:00.0004075" startTime="2026-07-10T18:54:55.9424370+01:00" endTime="2026-07-10T18:54:55.9424370+01:00" testType="13cdc9d9-ddb5-4fa4-a97d-d965ccfc6d4b" outcome="Passed" testListId="8c84fa94-04c1-424b-9868-57a2d4851a1d" relativeResultsDirectory="d879ab11-5fbe-4155-afca-48fc8eb5840a" />
    <UnitTestResult executionId="6c6e80a2-fef7-4529-852a-fa6bc7b53623" testId="8560b3a3-0826-92fc-adfd-829980c72f00" testName="Alis.Extension.Math.HighSpeedPriorityQueue.Test.FastPriorityQueueAdvancedTest.Remove_LastElementAndNonLastElement_KeepsQueueValid" computerName="MacBook-Pro-de-Pablo" duration="00:00:00.0001379" startTime="2026-07-10T18:54:55.9359820+01:00" endTime="2026-07-10T18:54:55.9359820+01:00" testType="13cdc9d9-ddb5-4fa4-a97d-d965ccfc6d4b" outcome="Passed" testListId="8c84fa94-04c1-424b-9868-57a2d4851a1d" relativeResultsDirectory="6c6e80a2-fef7-4529-852a-fa6bc7b53623" />
    <UnitTestResult executionId="4e7f5b5b-1395-4c2b-82a4-5b3f1b88fd34" testId="f3dfca57-4728-1702-f096-1e6c8205a43c" testName="Alis.Extension.Math.HighSpeedPriorityQueue.Test.SimplePriorityQueueTest.Dequeue_ShouldRemoveAndReturnHighestPriorityItem" computerName="MacBook-Pro-de-Pablo" duration="00:00:00.0000469" startTime="2026-07-10T18:54:55.9475300+01:00" endTime="2026-07-10T18:54:55.9475300+01:00" testType="13cdc9d9-ddb5-4fa4-a97d-d965ccfc6d4b" outcome="Passed" testListId="8c84fa94-04c1-424b-9868-57a2d4851a1d" relativeResultsDirectory="4e7f5b5b-1395-4c2b-82a4-5b3f1b88fd34" />
    <UnitTestResult executionId="0fd827d2-2191-447c-ac3e-16aec212bf04" testId="78e56ce9-3f39-c35b-9fd7-f6c2fd55c3c0" testName="Alis.Extension.Math.HighSpeedPriorityQueue.Test.GenericPriorityQueueTest.UpdatePriority_OnRootNode_SkipsCascadeUp" computerName="MacBook-Pro-de-Pablo" duration="00:00:00.0000315" startTime="2026-07-10T18:54:55.9295910+01:00" endTime="2026-07-10T18:54:55.9295910+01:00" testType="13cdc9d9-ddb5-4fa4-a97d-d965ccfc6d4b" outcome="Passed" testListId="8c84fa94-04c1-424b-9868-57a2d4851a1d" relativeResultsDirectory="0fd827d2-2191-447c-ac3e-16aec212bf04" />
    <UnitTestResult executionId="5275874e-7ffc-4e92-bcb8-958f7faba008" testId="da3f24c0-7202-0aed-b458-0b96d253af5a" testName="Alis.Extension.Math.HighSpeedPriorityQueue.Test.SimplePriorityQueueTest.TryDequeue_WhenQueueEmpty_ShouldReturnFalse" computerName="MacBook-Pro-de-Pablo" duration="00:00:00.0000227" startTime="2026-07-10T18:54:55.9471760+01:00" endTime="2026-07-10T18:54:55.9471760+01:00" testType="13cdc9d9-ddb5-4fa4-a97d-d965ccfc6d4b" outcome="Passed" testListId="8c84fa94-04c1-424b-9868-57a2d4851a1d" relativeResultsDirectory="5275874e-7ffc-4e92-bcb8-958f7faba008" />
    <UnitTestResult executionId="c5a9e85f-faf6-4960-827c-51f062b48400" testId="9e8e3979-90e5-3093-1d72-8c3ba1534fdc" testName="Alis.Extension.Math.HighSpeedPriorityQueue.Test.StablePriorityQueueTest.Enqueue_IncreasesCount" computerName="MacBook-Pro-de-Pablo" duration="00:00:00.0092157" startTime="2026-07-10T18:54:55.9303610+01:00" endTime="2026-07-10T18:54:55.9303610+01:00" testType="13cdc9d9-ddb5-4fa4-a97d-d965ccfc6d4b" outcome="Passed" testListId="8c84fa94-04c1-424b-9868-57a2d4851a1d" relativeResultsDirectory="c5a9e85f-faf6-4960-827c-51f062b48400" />
    <UnitTestResult executionId="d831656a-1701-4c00-838b-f19404abcd3b" testId="c4d75ace-71ab-5b7f-ca71-a25b0bb03d10" testName="Alis.Extension.Math.HighSpeedPriorityQueue.Test.FixedSizePriorityQueueTest.ResetNode_AllowsNodeReEnqueue" computerName="MacBook-Pro-de-Pablo" duration="00:00:00.0000699" startTime="2026-07-10T18:54:55.9313130+01:00" endTime="2026-07-10T18:54:55.9313130+01:00" testType="13cdc9d9-ddb5-4fa4-a97d-d965ccfc6d4b" outcome="Passed" testListId="8c84fa94-04c1-424b-9868-57a2d4851a1d" relativeResultsDirectory="d831656a-1701-4c00-838b-f19404abcd3b" />
    <UnitTestResult executionId="2f9d4c12-a44e-4cae-96c4-290b85e592e7" testId="140f2056-194f-c9ff-28b6-c67ff12fb9db" testName="Alis.Extension.Math.HighSpeedPriorityQueue.Test.SimplePriorityQueueTest.UpdatePriority_WhenItemNotInQueue_ShouldThrowInvalidOperationException" computerName="MacBook-Pro-de-Pablo" duration="00:00:00.0001191" startTime="2026-07-10T18:54:55.9421900+01:00" endTime="2026-07-10T18:54:55.9421900+01:00" testType="13cdc9d9-ddb5-4fa4-a97d-d965ccfc6d4b" outcome="Passed" testListId="8c84fa94-04c1-424b-9868-57a2d4851a1d" relativeResultsDirectory="2f9d4c12-a44e-4cae-96c4-290b85e592e7" />
    <UnitTestResult executionId="d156ad20-4312-4b52-84b9-713cfab86b23" testId="c6b4f31b-a201-b9f8-8239-3bbe6a09f2b9" testName="Alis.Extension.Math.HighSpeedPriorityQueue.Test.FastPriorityQueueCoverageTest.Resize_ToLargerCapacity_PreservesElements" computerName="MacBook-Pro-de-Pablo" duration="00:00:00.0007787" startTime="2026-07-10T18:54:55.9397890+01:00" endTime="2026-07-10T18:54:55.9397900+01:00" testType="13cdc9d9-ddb5-4fa4-a97d-d965ccfc6d4b" outcome="Passed" testListId="8c84fa94-04c1-424b-9868-57a2d4851a1d" relativeResultsDirectory="d156ad20-4312-4b52-84b9-713cfab86b23" />
    <UnitTestResult executionId="cc51c209-f7b0-4e61-95fa-bf4d23582388" testId="ecb4e453-7a44-5dda-8b04-bccc8959b4fd" testName="Alis.Extension.Math.HighSpeedPriorityQueue.Test.GenericPriorityQueueAdvancedTest.Constructor_WithCustomComparer_ChangesOrdering" computerName="MacBook-Pro-de-Pablo" duration="00:00:00.0001384" startTime="2026-07-10T18:54:55.9317740+01:00" endTime="2026-07-10T18:54:55.9317740+01:00" testType="13cdc9d9-ddb5-4fa4-a97d-d965ccfc6d4b" outcome="Passed" testListId="8c84fa94-04c1-424b-9868-57a2d4851a1d" relativeResultsDirectory="cc51c209-f7b0-4e61-95fa-bf4d23582388" />
    <UnitTestResult executionId="2bb6310e-c117-4a33-ab88-2f588479eb53" testId="81e60db5-0069-0503-00c1-aaab5757f030" testName="Alis.Extension.Math.HighSpeedPriorityQueue.Test.SimplePriorityQueueTest.Enqueue_ShouldAddItemToQueue" computerName="MacBook-Pro-de-Pablo" duration="00:00:00.0000266" startTime="2026-07-10T18:54:55.9481350+01:00" endTime="2026-07-10T18:54:55.9481350+01:00" testType="13cdc9d9-ddb5-4fa4-a97d-d965ccfc6d4b" outcome="Passed" testListId="8c84fa94-04c1-424b-9868-57a2d4851a1d" relativeResultsDirectory="2bb6310e-c117-4a33-ab88-2f588479eb53" />
    <UnitTestResult executionId="dace6d0f-3393-488f-905d-e5cffc49326f" testId="c2365d83-f27c-5e7e-39dd-08e8b59e83d0" testName="Alis.Extension.Math.HighSpeedPriorityQueue.Test.FastPriorityQueueCoverageTest.GetSwapIndex_BothChildrenHigherLeftWins_SwapsWithLeft" computerName="MacBook-Pro-de-Pablo" duration="00:00:00.0000726" startTime="2026-07-10T18:54:55.9308280+01:00" endTime="2026-07-10T18:54:55.9308280+01:00" testType="13cdc9d9-ddb5-4fa4-a97d-d965ccfc6d4b" outcome="Passed" testListId="8c84fa94-04c1-424b-9868-57a2d4851a1d" relativeResultsDirectory="dace6d0f-3393-488f-905d-e5cffc49326f" />
    <UnitTestResult executionId="f042d90a-cee2-4086-aa84-0110cec0ac25" testId="a27a14a0-8132-ed22-9742-08d568942056" testName="Alis.Extension.Math.HighSpeedPriorityQueue.Test.SimplePriorityQueueTest.EnqueueWithoutDuplicates_WhenNewItem_ShouldReturnTrue" computerName="MacBook-Pro-de-Pablo" duration="00:00:00.0000289" startTime="2026-07-10T18:54:55.9460950+01:00" endTime="2026-07-10T18:54:55.9460950+01:00" testType="13cdc9d9-ddb5-4fa4-a97d-d965ccfc6d4b" outcome="Passed" testListId="8c84fa94-04c1-424b-9868-57a2d4851a1d" relativeResultsDirectory="f042d90a-cee2-4086-aa84-0110cec0ac25" />
    <UnitTestResult executionId="2d52f5d7-181e-45e2-9b0e-ea0a53086ce8" testId="ff06be17-e552-a3aa-18e3-e34a00bd1097" testName="Alis.Extension.Math.HighSpeedPriorityQueue.Test.FastPriorityQueueNodeTest.Dequeue_ReturnsCorrectNodeAndDecreasesCount" computerName="MacBook-Pro-de-Pablo" duration="00:00:00.0000433" startTime="2026-07-10T18:54:55.9360470+01:00" endTime="2026-07-10T18:54:55.9360480+01:00" testType="13cdc9d9-ddb5-4fa4-a97d-d965ccfc6d4b" outcome="Passed" testListId="8c84fa94-04c1-424b-9868-57a2d4851a1d" relativeResultsDirectory="2d52f5d7-181e-45e2-9b0e-ea0a53086ce8" />
    <UnitTestResult executionId="4dc0c1ff-d726-4e5f-8a35-4262d5933b56" testId="444f3f56-e7f3-d11d-c20f-2cb1efd87d73" testName="Alis.Extension.Math.HighSpeedPriorityQueue.Test.GenericPriorityQueueNodeTest.InsertionIndex_SetAndGet_ReturnsCorrectValue" computerName="MacBook-Pro-de-Pablo" duration="00:00:00.0004838" startTime="2026-07-10T18:54:55.9301730+01:00" endTime="2026-07-10T18:54:55.9301730+01:00" testType="13cdc9d9-ddb5-4fa4-a97d-d965ccfc6d4b" outcome="Passed" testListId="8c84fa94-04c1-424b-9868-57a2d4851a1d" relativeResultsDirectory="4dc0c1ff-d726-4e5f-8a35-4262d5933b56" />
    <UnitTestResult executionId="34887ce2-608f-445d-80bf-4b6b00c54c79" testId="37f7b021-b346-2de5-9e87-1238964781a9" testName="Alis.Extension.Math.HighSpeedPriorityQueue.Test.StablePriorityQueueCoverageTest.Contains_AfterResetNode_ReturnsFalse" computerName="MacBook-Pro-de-Pablo" duration="00:00:00.0001227" startTime="2026-07-10T18:54:55.9417150+01:00" endTime="2026-07-10T18:54:55.9417150+01:00" testType="13cdc9d9-ddb5-4fa4-a97d-d965ccfc6d4b" outcome="Passed" testListId="8c84fa94-04c1-424b-9868-57a2d4851a1d" relativeResultsDirectory="34887ce2-608f-445d-80bf-4b6b00c54c79" />
    <UnitTestResult executionId="da08e0f2-0ee9-4165-a292-4355b157a25f" testId="6e69391d-0ad0-42f6-6000-bf53b30178ff" testName="Alis.Extension.Math.HighSpeedPriorityQueue.Test.StablePriorityQueueTest.Queue_InitializesWithZeroNodes" computerName="MacBook-Pro-de-Pablo" duration="00:00:00.0000581" startTime="2026-07-10T18:54:55.9404550+01:00" endTime="2026-07-10T18:54:55.9404550+01:00" testType="13cdc9d9-ddb5-4fa4-a97d-d965ccfc6d4b" outcome="Passed" testListId="8c84fa94-04c1-424b-9868-57a2d4851a1d" relativeResultsDirectory="da08e0f2-0ee9-4165-a292-4355b157a25f" />
    <UnitTestResult executionId="ed9987c3-95bb-4ea0-bd9f-956a588f5a47" testId="5bcb6771-b00c-7d66-a7dd-2746513e092f" testName="Alis.Extension.Math.HighSpeedPriorityQueue.Test.GenericPriorityQueueTest.Enqueue_IncreasesCount" computerName="MacBook-Pro-de-Pablo" duration="00:00:00.0000300" startTime="2026-07-10T18:54:55.9302400+01:00" endTime="2026-07-10T18:54:55.9302400+01:00" testType="13cdc9d9-ddb5-4fa4-a97d-d965ccfc6d4b" outcome="Passed" testListId="8c84fa94-04c1-424b-9868-57a2d4851a1d" relativeResultsDirectory="ed9987c3-95bb-4ea0-bd9f-956a588f5a47" />
    <UnitTestResult executionId="727259d8-9b36-46b1-b7de-609c788c8016" testId="15459247-7986-b634-e593-a787271b62a7" testName="Alis.Extension.Math.HighSpeedPriorityQueue.Test.FastPriorityQueueRemainingCoverageTests.IsValidQueue_RightChildViolation_ReturnsFalse" computerName="MacBook-Pro-de-Pablo" duration="00:00:00.0060926" startTime="2026-07-10T18:54:55.9214800+01:00" endTime="2026-07-10T18:54:55.9214800+01:00" testType="13cdc9d9-ddb5-4fa4-a97d-d965ccfc6d4b" outcome="Passed" testListId="8c84fa94-04c1-424b-9868-57a2d4851a1d" relativeResultsDirectory="727259d8-9b36-46b1-b7de-609c788c8016" />
    <UnitTestResult executionId="ba749549-7903-451a-922f-433fcf57273d" testId="bf44427b-49b3-28d3-5ff3-ad190e7cc50d" testName="Alis.Extension.Math.HighSpeedPriorityQueue.Test.SimplePriorityQueueTest.UpdatePriority_ShouldChangeItemPriority" computerName="MacBook-Pro-de-Pablo" duration="00:00:00.0000307" startTime="2026-07-10T18:54:55.9480150+01:00" endTime="2026-07-10T18:54:55.9480150+01:00" testType="13cdc9d9-ddb5-4fa4-a97d-d965ccfc6d4b" outcome="Passed" testListId="8c84fa94-04c1-424b-9868-57a2d4851a1d" relativeResultsDirectory="ba749549-7903-451a-922f-433fcf57273d" />
    <UnitTestResult executionId="632982e3-4529-466c-a739-e411d9c072f7" testId="1d8b7d92-6b90-1eeb-4e71-d2964f3af4db" testName="Alis.Extension.Math.HighSpeedPriorityQueue.Test.SimplePriorityQueueTest.IsValidQueue_WhenValid_ShouldReturnTrue" computerName="MacBook-Pro-de-Pablo" duration="00:00:00.0004546" startTime="2026-07-10T18:54:55.9446580+01:00" endTime="2026-07-10T18:54:55.9446580+01:00" testType="13cdc9d9-ddb5-4fa4-a97d-d965ccfc6d4b" outcome="Passed" testListId="8c84fa94-04c1-424b-9868-57a2d4851a1d" relativeResultsDirectory="632982e3-4529-466c-a739-e411d9c072f7" />
    <UnitTestResult executionId="0ea6b24f-58cb-4f33-a43f-d43a291ad924" testId="8312abc4-31b5-eec2-98ae-3a17efc2cef6" testName="Alis.Extension.Math.HighSpeedPriorityQueue.Test.GenericPriorityQueueEdgeTests.Contains_AfterResetNode_ReturnsFalse" computerName="MacBook-Pro-de-Pablo" duration="00:00:00.0000813" startTime="2026-07-10T18:54:55.9275550+01:00" endTime="2026-07-10T18:54:55.9275550+01:00" testType="13cdc9d9-ddb5-4fa4-a97d-d965ccfc6d4b" outcome="Passed" testListId="8c84fa94-04c1-424b-9868-57a2d4851a1d" relativeResultsDirectory="0ea6b24f-58cb-4f33-a43f-d43a291ad924" />
    <UnitTestResult executionId="aac3e526-a080-4268-bb06-f80b5aa6ced7" testId="82dad7cf-a8c3-a551-2bf2-80e75d8b3a52" testName="Alis.Extension.Math.HighSpeedPriorityQueue.Test.SimplePriorityQueueTest.GetPriority_WhenItemNotInQueue_ShouldThrowInvalidOperationException" computerName="MacBook-Pro-de-Pablo" duration="00:00:00.0001013" startTime="2026-07-10T18:54:55.9448990+01:00" endTime="2026-07-10T18:54:55.9448990+01:00" testType="13cdc9d9-ddb5-4fa4-a97d-d965ccfc6d4b" outcome="Passed" testListId="8c84fa94-04c1-424b-9868-57a2d4851a1d" relativeResultsDirectory="aac3e526-a080-4268-bb06-f80b5aa6ced7" />
    <UnitTestResult executionId="f1047d77-8cda-4472-8415-acb409c22754" testId="ac671f59-e36f-04e2-0dc7-80a9a25c4393" testName="Alis.Extension.Math.HighSpeedPriorityQueue.Test.SimplePriorityQueueAdvancedTest.CustomEqualityComparer_IsUsedForContainsAndUpdates" computerName="MacBook-Pro-de-Pablo" duration="00:00:00.0007973" startTime="2026-07-10T18:54:55.9408290+01:00" endTime="2026-07-10T18:54:55.9408290+01:00" testType="13cdc9d9-ddb5-4fa4-a97d-d965ccfc6d4b" outcome="Passed" testListId="8c84fa94-04c1-424b-9868-57a2d4851a1d" relativeResultsDirectory="f1047d77-8cda-4472-8415-acb409c22754" />
    <UnitTestResult executionId="f643fbbe-a5d3-4d44-8a48-252b4ec3239c" testId="7dc9eac2-183d-d4b9-cc21-4342b3f4de1f" testName="Alis.Extension.Math.HighSpeedPriorityQueue.Test.GenericPriorityQueueEdgeTests.IsValidQueue_SingleElement_ReturnsTrue" computerName="MacBook-Pro-de-Pablo" duration="00:00:00.0000266" startTime="2026-07-10T18:54:55.9276700+01:00" endTime="2026-07-10T18:54:55.9276700+01:00" testType="13cdc9d9-ddb5-4fa4-a97d-d965ccfc6d4b" outcome="Passed" testListId="8c84fa94-04c1-424b-9868-57a2d4851a1d" relativeResultsDirectory="f643fbbe-a5d3-4d44-8a48-252b4ec3239c" />
    <UnitTestResult executionId="0f46c30b-212e-4262-9664-b6fb14ac0a9f" testId="ecb5cf69-70ee-b582-e539-e07057b65392" testName="Alis.Extension.Math.HighSpeedPriorityQueue.Test.SimplePriorityQueueTest.Contains_WhenItemInQueue_ShouldReturnTrue" computerName="MacBook-Pro-de-Pablo" duration="00:00:00.0000227" startTime="2026-07-10T18:54:55.9476500+01:00" endTime="2026-07-10T18:54:55.9476500+01:00" testType="13cdc9d9-ddb5-4fa4-a97d-d965ccfc6d4b" outcome="Passed" testListId="8c84fa94-04c1-424b-9868-57a2d4851a1d" relativeResultsDirectory="0f46c30b-212e-4262-9664-b6fb14ac0a9f" />
    <UnitTestResult executionId="e0a15abc-e284-421c-8a27-060095c3e008" testId="170e694f-c551-9f91-5cc8-3ad29bfedce7" testName="Alis.Extension.Math.HighSpeedPriorityQueue.Test.FastPriorityQueueRemainingCoverageTests.UpdatePriority_CascadeUp_PartialBubbleUp_WhileLoopBreak" computerName="MacBook-Pro-de-Pablo" duration="00:00:00.0028936" startTime="2026-07-10T18:54:55.9305400+01:00" endTime="2026-07-10T18:54:55.9305400+01:00" testType="13cdc9d9-ddb5-4fa4-a97d-d965ccfc6d4b" outcome="Passed" testListId="8c84fa94-04c1-424b-9868-57a2d4851a1d" relativeResultsDirectory="e0a15abc-e284-421c-8a27-060095c3e008" />
    <UnitTestResult executionId="972d6564-745b-45d0-aa34-bba5565b1591" testId="db28721b-4c22-141c-f864-8e540b8d20c5" testName="Alis.Extension.Math.HighSpeedPriorityQueue.Test.GenericPriorityQueueCoverageTest.UpdatePriority_LoweringPriority_TriggersCascadeDown" computerName="MacBook-Pro-de-Pablo" duration="00:00:00.0075281" startTime="2026-07-10T18:54:55.9256410+01:00" endTime="2026-07-10T18:54:55.9256410+01:00" testType="13cdc9d9-ddb5-4fa4-a97d-d965ccfc6d4b" outcome="Passed" testListId="8c84fa94-04c1-424b-9868-57a2d4851a1d" relativeResultsDirectory="972d6564-745b-45d0-aa34-bba5565b1591" />
    <UnitTestResult executionId="c24365e0-3bf9-4e11-876e-00885799afc5" testId="722d52bd-88fd-2b7b-2fad-ca359adb5708" testName="Alis.Extension.Math.HighSpeedPriorityQueue.Test.SimplePriorityQueueTest.NonGenericQueue_ShouldWorkWithFloatPriority" computerName="MacBook-Pro-de-Pablo" duration="00:00:00.0018729" startTime="2026-07-10T18:54:55.9483750+01:00" endTime="2026-07-10T18:54:55.9483750+01:00" testType="13cdc9d9-ddb5-4fa4-a97d-d965ccfc6d4b" outcome="Passed" testListId="8c84fa94-04c1-424b-9868-57a2d4851a1d" relativeResultsDirectory="c24365e0-3bf9-4e11-876e-00885799afc5" />
    <UnitTestResult executionId="15102395-135e-485e-895c-d0134da605ec" testId="98359cee-a850-7118-e99c-0ee34a48b7fb" testName="Alis.Extension.Math.HighSpeedPriorityQueue.Test.FastPriorityQueueNodeTest.Contains_ReturnsTrueForEnqueuedNode" computerName="MacBook-Pro-de-Pablo" duration="00:00:00.0000351" startTime="2026-07-10T18:54:55.9337260+01:00" endTime="2026-07-10T18:54:55.9337260+01:00" testType="13cdc9d9-ddb5-4fa4-a97d-d965ccfc6d4b" outcome="Passed" testListId="8c84fa94-04c1-424b-9868-57a2d4851a1d" relativeResultsDirectory="15102395-135e-485e-895c-d0134da605ec" />
    <UnitTestResult executionId="6c88fc29-b3e6-488c-9dca-7d4c80be0973" testId="7170295a-16ad-cc5d-8b7c-b13c745ecaf7" testName="Alis.Extension.Math.HighSpeedPriorityQueue.Test.SimplePriorityQueueTest.TryGetPriority_WhenItemInQueue_ShouldReturnTrue" computerName="MacBook-Pro-de-Pablo" duration="00:00:00.0000406" startTime="2026-07-10T18:54:55.9434590+01:00" endTime="2026-07-10T18:54:55.9434590+01:00" testType="13cdc9d9-ddb5-4fa4-a97d-d965ccfc6d4b" outcome="Passed" testListId="8c84fa94-04c1-424b-9868-57a2d4851a1d" relativeResultsDirectory="6c88fc29-b3e6-488c-9dca-7d4c80be0973" />
    <UnitTestResult executionId="3764bfb4-8e17-4f10-a3b4-d1c0980ce583" testId="6e7c0aa7-9589-6f7f-b8b9-08c75714ceec" testName="Alis.Extension.Math.HighSpeedPriorityQueue.Test.GenericPriorityQueueCoverageTest.IsValidQueue_RightChildViolation_ReturnsFalse" computerName="MacBook-Pro-de-Pablo" duration="00:00:00.0000564" startTime="2026-07-10T18:54:55.9321460+01:00" endTime="2026-07-10T18:54:55.9321460+01:00" testType="13cdc9d9-ddb5-4fa4-a97d-d965ccfc6d4b" outcome="Passed" testListId="8c84fa94-04c1-424b-9868-57a2d4851a1d" relativeResultsDirectory="3764bfb4-8e17-4f10-a3b4-d1c0980ce583" />
    <UnitTestResult executionId="ade521d5-fd70-442e-87c9-c507c8402bf6" testId="1c624d12-1b90-6bfa-49c9-3c38240a052b" testName="Alis.Extension.Math.HighSpeedPriorityQueue.Test.FastPriorityQueueNodeTest.Remove_RemovesNodeFromQueueAndDecreasesCount" computerName="MacBook-Pro-de-Pablo" duration="00:00:00.0000415" startTime="2026-07-10T18:54:55.9354740+01:00" endTime="2026-07-10T18:54:55.9354740+01:00" testType="13cdc9d9-ddb5-4fa4-a97d-d965ccfc6d4b" outcome="Passed" testListId="8c84fa94-04c1-424b-9868-57a2d4851a1d" relativeResultsDirectory="ade521d5-fd70-442e-87c9-c507c8402bf6" />
    <UnitTestResult executionId="86e4c985-6d35-4ec1-a164-e2826777f425" testId="d7dc6633-116c-08e2-d0b5-703ac86090d4" testName="Alis.Extension.Math.HighSpeedPriorityQueue.Test.StablePriorityQueueCoverageTest.Resize_PreservesNodes" computerName="MacBook-Pro-de-Pablo" duration="00:00:00.0000752" startTime="2026-07-10T18:54:55.9438220+01:00" endTime="2026-07-10T18:54:55.9438220+01:00" testType="13cdc9d9-ddb5-4fa4-a97d-d965ccfc6d4b" outcome="Passed" testListId="8c84fa94-04c1-424b-9868-57a2d4851a1d" relativeResultsDirectory="86e4c985-6d35-4ec1-a164-e2826777f425" />
    <UnitTestResult executionId="7d750053-4120-4935-9a6f-2c25082e46f9" testId="80498037-fe0c-523f-6944-cd02f1746161" testName="Alis.Extension.Math.HighSpeedPriorityQueue.Test.StablePriorityQueueTest.UpdatePriority_ChangesNodePriority" computerName="MacBook-Pro-de-Pablo" duration="00:00:00.0012623" startTime="2026-07-10T18:54:55.9347290+01:00" endTime="2026-07-10T18:54:55.9347290+01:00" testType="13cdc9d9-ddb5-4fa4-a97d-d965ccfc6d4b" outcome="Passed" testListId="8c84fa94-04c1-424b-9868-57a2d4851a1d" relativeResultsDirectory="7d750053-4120-4935-9a6f-2c25082e46f9" />
    <UnitTestResult executionId="20b231ab-f330-4270-9c0e-4fb58d96874c" testId="49665a23-e13b-a655-1f9a-aea147590ad7" testName="Alis.Extension.Math.HighSpeedPriorityQueue.Test.StablePriorityQueueTest.Enqueue_WithDecreasingPriority_TriggersMultiLevelCascadeUp" computerName="MacBook-Pro-de-Pablo" duration="00:00:00.0001237" startTime="2026-07-10T18:54:55.9407110+01:00" endTime="2026-07-10T18:54:55.9407110+01:00" testType="13cdc9d9-ddb5-4fa4-a97d-d965ccfc6d4b" outcome="Passed" testListId="8c84fa94-04c1-424b-9868-57a2d4851a1d" relativeResultsDirectory="20b231ab-f330-4270-9c0e-4fb58d96874c" />
    <UnitTestResult executionId="21ff4249-044e-4181-9521-2fc83fa27efe" testId="58cadb45-d13e-364b-be0c-ef55ed42bd4e" testName="Alis.Extension.Math.HighSpeedPriorityQueue.Test.FastPriorityQueueCoverageTest.GetSwapIndex_OnlyRightChildHigher_SwapsWithRight" computerName="MacBook-Pro-de-Pablo" duration="00:00:00.0000811" startTime="2026-07-10T18:54:55.9309490+01:00" endTime="2026-07-10T18:54:55.9309490+01:00" testType="13cdc9d9-ddb5-4fa4-a97d-d965ccfc6d4b" outcome="Passed" testListId="8c84fa94-04c1-424b-9868-57a2d4851a1d" relativeResultsDirectory="21ff4249-044e-4181-9521-2fc83fa27efe" />
    <UnitTestResult executionId="bf2c00cc-6a2b-4c52-8772-7d946ca53a63" testId="b7e12eea-a4ec-5e3d-34ef-f0b15c56291b" testName="Alis.Extension.Math.HighSpeedPriorityQueue.Test.FastPriorityQueueNodeTest.First_ReturnsTheNodeWithHighestPriority" computerName="MacBook-Pro-de-Pablo" duration="00:00:00.0000432" startTime="2026-07-10T18:54:55.9352410+01:00" endTime="2026-07-10T18:54:55.9352410+01:00" testType="13cdc9d9-ddb5-4fa4-a97d-d965ccfc6d4b" outcome="Passed" testListId="8c84fa94-04c1-424b-9868-57a2d4851a1d" relativeResultsDirectory="bf2c00cc-6a2b-4c52-8772-7d946ca53a63" />
    <UnitTestResult executionId="f4d14e18-bbfb-4c7a-a363-b9f1cb82997e" testId="e50558b9-0a8f-cee3-bc5c-9335c0584900" testName="Alis.Extension.Math.HighSpeedPriorityQueue.Test.FastPriorityQueueEdgeTests.CascadeUp_WhileLoop_BubblesNodePastMultipleLevels" computerName="MacBook-Pro-de-Pablo" duration="00:00:00.0111260" startTime="2026-07-10T18:54:55.9323900+01:00" endTime="2026-07-10T18:54:55.9323900+01:00" testType="13cdc9d9-ddb5-4fa4-a97d-d965ccfc6d4b" outcome="Passed" testListId="8c84fa94-04c1-424b-9868-57a2d4851a1d" relativeResultsDirectory="f4d14e18-bbfb-4c7a-a363-b9f1cb82997e" />
    <UnitTestResult executionId="361fc895-b397-4656-8aff-4a845cac5153" testId="14e2e7ea-d642-5365-29b9-d839f7d47eba" testName="Alis.Extension.Math.HighSpeedPriorityQueue.Test.StablePriorityQueueNodeTest.InsertionIndex_InitiallyZero" computerName="MacBook-Pro-de-Pablo" duration="00:00:00.0002430" startTime="2026-07-10T18:54:55.9328560+01:00" endTime="2026-07-10T18:54:55.9328560+01:00" testType="13cdc9d9-ddb5-4fa4-a97d-d965ccfc6d4b" outcome="Passed" testListId="8c84fa94-04c1-424b-9868-57a2d4851a1d" relativeResultsDirectory="361fc895-b397-4656-8aff-4a845cac5153" />
    <UnitTestResult executionId="fce8ff32-7d76-46ac-8bbb-1fbc940a1b4b" testId="09f8962b-b62d-2c2e-6ac1-dc8bdd69709c" testName="Alis.Extension.Math.HighSpeedPriorityQueue.Test.GenericPriorityQueueEdgeTests.IsValidQueue_EmptyQueue_ReturnsTrue" computerName="MacBook-Pro-de-Pablo" duration="00:00:00.0000206" startTime="2026-07-10T18:54:55.9284810+01:00" endTime="2026-07-10T18:54:55.9284810+01:00" testType="13cdc9d9-ddb5-4fa4-a97d-d965ccfc6d4b" outcome="Passed" testListId="8c84fa94-04c1-424b-9868-57a2d4851a1d" relativeResultsDirectory="fce8ff32-7d76-46ac-8bbb-1fbc940a1b4b" />
    <UnitTestResult executionId="4ae4b3bd-51ce-41cc-ac00-c2f9cd603aac" testId="7f6859f8-be10-3f1d-f9e8-6a96f5da28b8" testName="Alis.Extension.Math.HighSpeedPriorityQueue.Test.SimplePriorityQueueTest.EnqueueWithoutDuplicates_WhenDuplicate_ShouldReturnFalse" computerName="MacBook-Pro-de-Pablo" duration="00:00:00.0000366" startTime="2026-07-10T18:54:55.9451340+01:00" endTime="2026-07-10T18:54:55.9451340+01:00" testType="13cdc9d9-ddb5-4fa4-a97d-d965ccfc6d4b" outcome="Passed" testListId="8c84fa94-04c1-424b-9868-57a2d4851a1d" relativeResultsDirectory="4ae4b3bd-51ce-41cc-ac00-c2f9cd603aac" />
    <UnitTestResult executionId="c0866fc2-3e31-4581-9243-bc14f316f08a" testId="fbab4ec5-2ac8-5590-7c77-4197239c79ce" testName="Alis.Extension.Math.HighSpeedPriorityQueue.Test.SimplePriorityQueueTest.RemoveNullItem_ShouldWork" computerName="MacBook-Pro-de-Pablo" duration="00:00:00.0000349" startTime="2026-07-10T18:54:55.9457370+01:00" endTime="2026-07-10T18:54:55.9457370+01:00" testType="13cdc9d9-ddb5-4fa4-a97d-d965ccfc6d4b" outcome="Passed" testListId="8c84fa94-04c1-424b-9868-57a2d4851a1d" relativeResultsDirectory="c0866fc2-3e31-4581-9243-bc14f316f08a" />
    <UnitTestResult executionId="bbc0eabc-a073-4d1e-9f40-b37bd5a1bb72" testId="d3a28978-4600-9c3c-739f-02fbf7704d58" testName="Alis.Extension.Math.HighSpeedPriorityQueue.Test.StablePriorityQueueNodeTest.InsertionIndex_SetCorrectly" computerName="MacBook-Pro-de-Pablo" duration="00:00:00.0109814" startTime="2026-07-10T18:54:55.9322660+01:00" endTime="2026-07-10T18:54:55.9322660+01:00" testType="13cdc9d9-ddb5-4fa4-a97d-d965ccfc6d4b" outcome="Passed" testListId="8c84fa94-04c1-424b-9868-57a2d4851a1d" relativeResultsDirectory="bbc0eabc-a073-4d1e-9f40-b37bd5a1bb72" />
    <UnitTestResult executionId="ce110c4c-d3c8-4599-abea-85ae8325d898" testId="1f916da5-82c0-8478-ec59-df36c2c8a033" testName="Alis.Extension.Math.HighSpeedPriorityQueue.Test.FastPriorityQueueRemainingCoverageTests.IsValidQueue_LeftChildViolation_ReturnsFalse" computerName="MacBook-Pro-de-Pablo" duration="00:00:00.0000561" startTime="2026-07-10T18:54:55.9218380+01:00" endTime="2026-07-10T18:54:55.9218380+01:00" testType="13cdc9d9-ddb5-4fa4-a97d-d965ccfc6d4b" outcome="Passed" testListId="8c84fa94-04c1-424b-9868-57a2d4851a1d" relativeResultsDirectory="ce110c4c-d3c8-4599-abea-85ae8325d898" />
    <UnitTestResult executionId="dd824d7d-4c95-4e6d-9876-bd6bfa31413d" testId="9f130a04-389a-09d9-214f-3a7997e0caff" testName="Alis.Extension.Math.HighSpeedPriorityQueue.Test.GenericPriorityQueueTest.Queue_InitializesWithCorrectMaxSize" computerName="MacBook-Pro-de-Pablo" duration="00:00:00.0000236" startTime="2026-07-10T18:54:55.9299350+01:00" endTime="2026-07-10T18:54:55.9299350+01:00" testType="13cdc9d9-ddb5-4fa4-a97d-d965ccfc6d4b" outcome="Passed" testListId="8c84fa94-04c1-424b-9868-57a2d4851a1d" relativeResultsDirectory="dd824d7d-4c95-4e6d-9876-bd6bfa31413d" />
    <UnitTestResult executionId="ff49a22b-a87d-452e-b3c2-2812d2b18abb" testId="4d1feb71-66e1-4162-89d3-3aea621e7d05" testName="Alis.Extension.Math.HighSpeedPriorityQueue.Test.SimplePriorityQueueTest.TryRemove_WhenItemNotInQueue_ShouldReturnFalse" computerName="MacBook-Pro-de-Pablo" duration="00:00:00.0000323" startTime="2026-07-10T18:54:55.9442820+01:00" endTime="2026-07-10T18:54:55.9442820+01:00" testType="13cdc9d9-ddb5-4fa4-a97d-d965ccfc6d4b" outcome="Passed" testListId="8c84fa94-04c1-424b-9868-57a2d4851a1d" relativeResultsDirectory="ff49a22b-a87d-452e-b3c2-2812d2b18abb" />
    <UnitTestResult executionId="c4905086-c6dd-43c4-bef4-84928c102e82" testId="119fd932-00b9-7fbe-12db-0f5b42164ab2" testName="Alis.Extension.Math.HighSpeedPriorityQueue.Test.StablePriorityQueueTest.Contains_ReturnsTrueForEnqueuedNode" computerName="MacBook-Pro-de-Pablo" duration="00:00:00.0000662" startTime="2026-07-10T18:54:55.9402760+01:00" endTime="2026-07-10T18:54:55.9402760+01:00" testType="13cdc9d9-ddb5-4fa4-a97d-d965ccfc6d4b" outcome="Passed" testListId="8c84fa94-04c1-424b-9868-57a2d4851a1d" relativeResultsDirectory="c4905086-c6dd-43c4-bef4-84928c102e82" />
    <UnitTestResult executionId="9f5ebc81-6df6-45b4-bbed-a32273ec1273" testId="587404f9-c231-022e-24d2-7c6e751d3244" testName="Alis.Extension.Math.HighSpeedPriorityQueue.Test.SimplePriorityQueueTest.TryUpdatePriority_WhenItemInQueue_ShouldReturnTrue" computerName="MacBook-Pro-de-Pablo" duration="00:00:00.0001102" startTime="2026-07-10T18:54:55.9440420+01:00" endTime="2026-07-10T18:54:55.9440420+01:00" testType="13cdc9d9-ddb5-4fa4-a97d-d965ccfc6d4b" outcome="Passed" testListId="8c84fa94-04c1-424b-9868-57a2d4851a1d" relativeResultsDirectory="9f5ebc81-6df6-45b4-bbed-a32273ec1273" />
    <UnitTestResult executionId="79431c3f-06ed-4049-9460-71e9f1315740" testId="75874fef-604a-0b22-51db-758a2fa93d53" testName="Alis.Extension.Math.HighSpeedPriorityQueue.Test.FastPriorityQueueNodeTest.UpdatePriority_ChangesNodePriorityAndMaintainsQueueOrder" computerName="MacBook-Pro-de-Pablo" duration="00:00:00.0120350" startTime="2026-07-10T18:54:55.9332920+01:00" endTime="2026-07-10T18:54:55.9332920+01:00" testType="13cdc9d9-ddb5-4fa4-a97d-d965ccfc6d4b" outcome="Passed" testListId="8c84fa94-04c1-424b-9868-57a2d4851a1d" relativeResultsDirectory="79431c3f-06ed-4049-9460-71e9f1315740" />
    <UnitTestResult executionId="ac488e0f-1c72-4a77-93b9-3de4be3a6ce1" testId="08a251ab-e216-83fd-2086-1948f61ff59f" testName="Alis.Extension.Math.HighSpeedPriorityQueue.Test.SimplePriorityQueueTest.Constructor_WithItemEquality_ShouldCreateQueue" computerName="MacBook-Pro-de-Pablo" duration="00:00:00.0000535" startTime="2026-07-10T18:54:55.9458560+01:00" endTime="2026-07-10T18:54:55.9458560+01:00" testType="13cdc9d9-ddb5-4fa4-a97d-d965ccfc6d4b" outcome="Passed" testListId="8c84fa94-04c1-424b-9868-57a2d4851a1d" relativeResultsDirectory="ac488e0f-1c72-4a77-93b9-3de4be3a6ce1" />
    <UnitTestResult executionId="f6dfc061-5bff-4a4f-92e3-903fc5fc3b18" testId="802ee7c7-82c6-ba55-4b65-9deb027b91cb" testName="Alis.Extension.Math.HighSpeedPriorityQueue.Test.SimplePriorityQueueAdvancedTest.Dequeue_WhenEmpty_Throws" computerName="MacBook-Pro-de-Pablo" duration="00:00:00.0001649" startTime="2026-07-10T18:54:55.9394910+01:00" endTime="2026-07-10T18:54:55.9394910+01:00" testType="13cdc9d9-ddb5-4fa4-a97d-d965ccfc6d4b" outcome="Passed" testListId="8c84fa94-04c1-424b-9868-57a2d4851a1d" relativeResultsDirectory="f6dfc061-5bff-4a4f-92e3-903fc5fc3b18" />
    <UnitTestResult executionId="f463f568-4f52-4a80-ba2f-10d2780b36e3" testId="b80985b9-6dd1-f7f9-7587-ae5e07a230a1" testName="Alis.Extension.Math.HighSpeedPriorityQueue.Test.SimplePriorityQueueTest.Remove_ShouldRemoveItemFromQueue" computerName="MacBook-Pro-de-Pablo" duration="00:00:00.0003488" startTime="2026-07-10T18:54:55.9428660+01:00" endTime="2026-07-10T18:54:55.9428660+01:00" testType="13cdc9d9-ddb5-4fa4-a97d-d965ccfc6d4b" outcome="Passed" testListId="8c84fa94-04c1-424b-9868-57a2d4851a1d" relativeResultsDirectory="f463f568-4f52-4a80-ba2f-10d2780b36e3" />
    <UnitTestResult executionId="3ec624fe-ffed-4766-8e8f-95889009c7f2" testId="b0ccc3e8-d22f-4532-1a69-5e84cb121d75" testName="Alis.Extension.Math.HighSpeedPriorityQueue.Test.SimplePriorityQueueTest.GetEnumerator_ShouldReturnAllItems" computerName="MacBook-Pro-de-Pablo" duration="00:00:00.0000785" startTime="2026-07-10T18:54:55.9447780+01:00" endTime="2026-07-10T18:54:55.9447780+01:00" testType="13cdc9d9-ddb5-4fa4-a97d-d965ccfc6d4b" outcome="Passed" testListId="8c84fa94-04c1-424b-9868-57a2d4851a1d" relativeResultsDirectory="3ec624fe-ffed-4766-8e8f-95889009c7f2" />
    <UnitTestResult executionId="f2e390ed-1215-4429-909b-5c5aefec54f3" testId="8a24f351-aeff-d050-c15f-422dfc228a18" testName="Alis.Extension.Math.HighSpeedPriorityQueue.Test.GenericPriorityQueueCoverageTest.CascadeDown_NodesCorrectlyPositioned_Breaks" computerName="MacBook-Pro-de-Pablo" duration="00:00:00.0001310" startTime="2026-07-10T18:54:55.9300550+01:00" endTime="2026-07-10T18:54:55.9300550+01:00" testType="13cdc9d9-ddb5-4fa4-a97d-d965ccfc6d4b" outcome="Passed" testListId="8c84fa94-04c1-424b-9868-57a2d4851a1d" relativeResultsDirectory="f2e390ed-1215-4429-909b-5c5aefec54f3" />
    <UnitTestResult executionId="46ccbab7-16f2-4537-9730-e9dd5fba770f" testId="5b69f70a-07eb-59d0-1419-36031e4a2406" testName="Alis.Extension.Math.HighSpeedPriorityQueue.Test.FastPriorityQueueCoverageTest.Remove_LastNode_DoesNotCorruptQueue" computerName="MacBook-Pro-de-Pablo" duration="00:00:00.0001443" startTime="2026-07-10T18:54:55.9310700+01:00" endTime="2026-07-10T18:54:55.9310700+01:00" testType="13cdc9d9-ddb5-4fa4-a97d-d965ccfc6d4b" outcome="Passed" testListId="8c84fa94-04c1-424b-9868-57a2d4851a1d" relativeResultsDirectory="46ccbab7-16f2-4537-9730-e9dd5fba770f" />
    <UnitTestResult executionId="2c4689e6-77a5-414f-a639-c78b0e8468b2" testId="dbdd93e8-f112-7f15-0e81-7e4723f14871" testName="Alis.Extension.Math.HighSpeedPriorityQueue.Test.StablePriorityQueueTest.UpdatePriority_OnRootNode_SkipsCascadeUp" computerName="MacBook-Pro-de-Pablo" duration="00:00:00.0000474" startTime="2026-07-10T18:54:55.9426790+01:00" endTime="2026-07-10T18:54:55.9426790+01:00" testType="13cdc9d9-ddb5-4fa4-a97d-d965ccfc6d4b" outcome="Passed" testListId="8c84fa94-04c1-424b-9868-57a2d4851a1d" relativeResultsDirectory="2c4689e6-77a5-414f-a639-c78b0e8468b2" />
    <UnitTestResult executionId="35c595c9-1d67-4d94-bded-e3fa6c83d7f8" testId="34d4248b-b7fb-89ef-a9ab-99bfc38321ff" testName="Alis.Extension.Math.HighSpeedPriorityQueue.Test.SimplePriorityQueueTest.GetPriority_ShouldReturnCorrectPriority" computerName="MacBook-Pro-de-Pablo" duration="00:00:00.0000286" startTime="2026-07-10T18:54:55.9459750+01:00" endTime="2026-07-10T18:54:55.9459750+01:00" testType="13cdc9d9-ddb5-4fa4-a97d-d965ccfc6d4b" outcome="Passed" testListId="8c84fa94-04c1-424b-9868-57a2d4851a1d" relativeResultsDirectory="35c595c9-1d67-4d94-bded-e3fa6c83d7f8" />
    <UnitTestResult executionId="b8f42877-d688-4164-8395-3da482a0ccfa" testId="a4749f24-bb9a-b2d8-c9f8-67f252bb18a4" testName="Alis.Extension.Math.HighSpeedPriorityQueue.Test.GenericPriorityQueueTest.Resize_IncreasesMaxSize" computerName="MacBook-Pro-de-Pablo" duration="00:00:00.0000289" startTime="2026-07-10T18:54:55.9292290+01:00" endTime="2026-07-10T18:54:55.9292290+01:00" testType="13cdc9d9-ddb5-4fa4-a97d-d965ccfc6d4b" outcome="Passed" testListId="8c84fa94-04c1-424b-9868-57a2d4851a1d" relativeResultsDirectory="b8f42877-d688-4164-8395-3da482a0ccfa" />
    <UnitTestResult executionId="4d0a745a-28c8-4679-b722-1039a0dd1f8f" testId="e75aa32a-c3b7-b2ac-e87b-8e85fa533066" testName="Alis.Extension.Math.HighSpeedPriorityQueue.Test.StablePriorityQueueAdvancedTest.RemoveAndUpdatePriority_KeepQueueValid" computerName="MacBook-Pro-de-Pablo" duration="00:00:00.0062331" startTime="2026-07-10T18:54:55.9219670+01:00" endTime="2026-07-10T18:54:55.9219670+01:00" testType="13cdc9d9-ddb5-4fa4-a97d-d965ccfc6d4b" outcome="Passed" testListId="8c84fa94-04c1-424b-9868-57a2d4851a1d" relativeResultsDirectory="4d0a745a-28c8-4679-b722-1039a0dd1f8f" />
    <UnitTestResult executionId="7abcf48c-ad2e-49f9-be58-5a22055e3d4b" testId="7b091d6d-bf84-5571-f323-8ba52cbcc020" testName="Alis.Extension.Math.HighSpeedPriorityQueue.Test.GenericPriorityQueueTest.First_ReturnsCorrectNode" computerName="MacBook-Pro-de-Pablo" duration="00:00:00.0001090" startTime="2026-07-10T18:54:55.9260200+01:00" endTime="2026-07-10T18:54:55.9260200+01:00" testType="13cdc9d9-ddb5-4fa4-a97d-d965ccfc6d4b" outcome="Passed" testListId="8c84fa94-04c1-424b-9868-57a2d4851a1d" relativeResultsDirectory="7abcf48c-ad2e-49f9-be58-5a22055e3d4b" />
    <UnitTestResult executionId="49d1330b-f7c8-4c13-8f8b-6030bf55846a" testId="36581b4b-1fe2-391b-cd9b-120d9deffa4b" testName="Alis.Extension.Math.HighSpeedPriorityQueue.Test.StablePriorityQueueTest.Remove_LastNode_TakesO1Path" computerName="MacBook-Pro-de-Pablo" duration="00:00:00.0000626" startTime="2026-07-10T18:54:55.9415910+01:00" endTime="2026-07-10T18:54:55.9415910+01:00" testType="13cdc9d9-ddb5-4fa4-a97d-d965ccfc6d4b" outcome="Passed" testListId="8c84fa94-04c1-424b-9868-57a2d4851a1d" relativeResultsDirectory="49d1330b-f7c8-4c13-8f8b-6030bf55846a" />
    <UnitTestResult executionId="3cf36b36-754d-4c12-9e4a-53ea6ba42f96" testId="c8a65261-69d4-c56f-002a-c3f6e1333d56" testName="Alis.Extension.Math.HighSpeedPriorityQueue.Test.StablePriorityQueueCoverageTest.CascadeUp_MultiLevel_BubblesPastMultipleAncestors" computerName="MacBook-Pro-de-Pablo" duration="00:00:00.0001036" startTime="2026-07-10T18:54:55.9419610+01:00" endTime="2026-07-10T18:54:55.9419610+01:00" testType="13cdc9d9-ddb5-4fa4-a97d-d965ccfc6d4b" outcome="Passed" testListId="8c84fa94-04c1-424b-9868-57a2d4851a1d" relativeResultsDirectory="3cf36b36-754d-4c12-9e4a-53ea6ba42f96" />
    <UnitTestResult executionId="e266e6f4-83a5-4112-a43d-3b25ebd537fc" testId="2ca6d845-3ba6-445b-b3ff-f8ff5d5155c3" testName="Alis.Extension.Math.HighSpeedPriorityQueue.Test.GenericPriorityQueueAdvancedTest.EqualPriorities_AreStableByInsertionOrder" computerName="MacBook-Pro-de-Pablo" duration="00:00:00.0086921" startTime="2026-07-10T18:54:55.9280720+01:00" endTime="2026-07-10T18:54:55.9280720+01:00" testType="13cdc9d9-ddb5-4fa4-a97d-d965ccfc6d4b" outcome="Passed" testListId="8c84fa94-04c1-424b-9868-57a2d4851a1d" relativeResultsDirectory="e266e6f4-83a5-4112-a43d-3b25ebd537fc" />
    <UnitTestResult executionId="cbf124be-434e-43f9-9f7a-5e3fb239128c" testId="a960ccbd-01ba-e966-8dac-1129cf24d208" testName="Alis.Extension.Math.HighSpeedPriorityQueue.Test.SimplePriorityQueueAdvancedTest.UpdatePriority_WhenMissing_Throws" computerName="MacBook-Pro-de-Pablo" duration="00:00:00.0006274" startTime="2026-07-10T18:54:55.9365950+01:00" endTime="2026-07-10T18:54:55.9365950+01:00" testType="13cdc9d9-ddb5-4fa4-a97d-d965ccfc6d4b" outcome="Passed" testListId="8c84fa94-04c1-424b-9868-57a2d4851a1d" relativeResultsDirectory="cbf124be-434e-43f9-9f7a-5e3fb239128c" />
    <UnitTestResult executionId="ae9cf3d1-ad67-43f1-9f15-7bb1216b811a" testId="22a837f9-b720-e692-1818-0a2ef4d66c07" testName="Alis.Extension.Math.HighSpeedPriorityQueue.Test.FastPriorityQueueAdvancedTest.UpdatePriority_CascadesNodeUpAndDown" computerName="MacBook-Pro-de-Pablo" duration="00:00:00.0001189" startTime="2026-07-10T18:54:55.9344720+01:00" endTime="2026-07-10T18:54:55.9344720+01:00" testType="13cdc9d9-ddb5-4fa4-a97d-d965ccfc6d4b" outcome="Passed" testListId="8c84fa94-04c1-424b-9868-57a2d4851a1d" relativeResultsDirectory="ae9cf3d1-ad67-43f1-9f15-7bb1216b811a" />
    <UnitTestResult executionId="cec6f366-8a96-4c47-ad2a-884063526085" testId="7f5088a0-7111-90be-d230-3ab2f2e4a961" testName="Alis.Extension.Math.HighSpeedPriorityQueue.Test.StablePriorityQueueTest.Dequeue_WithManyNodes_TriggersCascadeDownWithRightChild" computerName="MacBook-Pro-de-Pablo" duration="00:00:00.0001981" startTime="2026-07-10T18:54:55.9410750+01:00" endTime="2026-07-10T18:54:55.9410750+01:00" testType="13cdc9d9-ddb5-4fa4-a97d-d965ccfc6d4b" outcome="Passed" testListId="8c84fa94-04c1-424b-9868-57a2d4851a1d" relativeResultsDirectory="cec6f366-8a96-4c47-ad2a-884063526085" />
    <UnitTestResult executionId="d4b7fd77-1bce-4c49-87c7-1fe531cdeb3f" testId="a824ca09-3c3f-a2c6-418c-ea241d4edb00" testName="Alis.Extension.Math.HighSpeedPriorityQueue.Test.SimplePriorityQueueTest.Remove_WhenItemNotInQueue_ShouldThrowInvalidOperationException" computerName="MacBook-Pro-de-Pablo" duration="00:00:00.0000735" startTime="2026-07-10T18:54:55.9482540+01:00" endTime="2026-07-10T18:54:55.9482540+01:00" testType="13cdc9d9-ddb5-4fa4-a97d-d965ccfc6d4b" outcome="Passed" testListId="8c84fa94-04c1-424b-9868-57a2d4851a1d" relativeResultsDirectory="d4b7fd77-1bce-4c49-87c7-1fe531cdeb3f" />
    <UnitTestResult executionId="14381f58-9b90-48c8-a495-08306c77f641" testId="112e33cf-a0e5-6589-0615-5e468f10cb85" testName="Alis.Extension.Math.HighSpeedPriorityQueue.Test.FastPriorityQueueCoverageTest.Dequeue_MultipleLevels_CascadesDownCorrectly" computerName="MacBook-Pro-de-Pablo" duration="00:00:00.0092348" startTime="2026-07-10T18:54:55.9307020+01:00" endTime="2026-07-10T18:54:55.9307020+01:00" testType="13cdc9d9-ddb5-4fa4-a97d-d965ccfc6d4b" outcome="Passed" testListId="8c84fa94-04c1-424b-9868-57a2d4851a1d" relativeResultsDirectory="14381f58-9b90-48c8-a495-08306c77f641" />
    <UnitTestResult executionId="fba234a5-bcd5-488b-a408-a4ebd8550a59" testId="807cf686-ec83-c3bf-6c3d-93b573640f7b" testName="Alis.Extension.Math.HighSpeedPriorityQueue.Test.FixedSizePriorityQueueTest.Enqueue_AddsItemsUntilMaxSize" computerName="MacBook-Pro-de-Pablo" duration="00:00:00.0000317" startTime="2026-07-10T18:54:55.9314350+01:00" endTime="2026-07-10T18:54:55.9314350+01:00" testType="13cdc9d9-ddb5-4fa4-a97d-d965ccfc6d4b" outcome="Passed" testListId="8c84fa94-04c1-424b-9868-57a2d4851a1d" relativeResultsDirectory="fba234a5-bcd5-488b-a408-a4ebd8550a59" />
    <UnitTestResult executionId="71b361b3-a862-4689-ada0-17ace9d84547" testId="d3da2f75-8280-1285-4fc2-c101f202f5a0" testName="Alis.Extension.Math.HighSpeedPriorityQueue.Test.GenericPriorityQueueCoverageTest.Remove_WhereReplacementHasLowerPriority_TriggersCascadeDown" computerName="MacBook-Pro-de-Pablo" duration="00:00:00.0012021" startTime="2026-07-10T18:54:55.9283660+01:00" endTime="2026-07-10T18:54:55.9283660+01:00" testType="13cdc9d9-ddb5-4fa4-a97d-d965ccfc6d4b" outcome="Passed" testListId="8c84fa94-04c1-424b-9868-57a2d4851a1d" relativeResultsDirectory="71b361b3-a862-4689-ada0-17ace9d84547" />
    <UnitTestResult executionId="a2f5793b-3b0f-48ae-b82b-2de1d359e8ab" testId="e0d958ad-c837-154b-5e67-a0674abdaf53" testName="Alis.Extension.Math.HighSpeedPriorityQueue.Test.StablePriorityQueueTest.Clear_ResetsQueue" computerName="MacBook-Pro-de-Pablo" duration="00:00:00.0001492" startTime="2026-07-10T18:54:55.9405890+01:00" endTime="2026-07-10T18:54:55.9405890+01:00" testType="13cdc9d9-ddb5-4fa4-a97d-d965ccfc6d4b" outcome="Passed" testListId="8c84fa94-04c1-424b-9868-57a2d4851a1d" relativeResultsDirectory="a2f5793b-3b0f-48ae-b82b-2de1d359e8ab" />
    <UnitTestResult executionId="6dbe14c8-ce8c-4181-9efa-271b3046f3e9" testId="9604a8c7-1ccb-404e-c376-3ef25216d1b8" testName="Alis.Extension.Math.HighSpeedPriorityQueue.Test.SimplePriorityQueueTest.Dequeue_OnEmptyQueue_ShouldThrowInvalidOperationException" computerName="MacBook-Pro-de-Pablo" duration="00:00:00.0000803" startTime="2026-07-10T18:54:55.9453780+01:00" endTime="2026-07-10T18:54:55.9453780+01:00" testType="13cdc9d9-ddb5-4fa4-a97d-d965ccfc6d4b" outcome="Passed" testListId="8c84fa94-04c1-424b-9868-57a2d4851a1d" relativeResultsDirectory="6dbe14c8-ce8c-4181-9efa-271b3046f3e9" />
    <UnitTestResult executionId="d08bb552-a1f3-4aa2-8422-83787ada8c53" testId="39df800d-0920-249f-552f-21647d186da7" testName="Alis.Extension.Math.HighSpeedPriorityQueue.Test.FastPriorityQueueAdvancedTest.Enumerator_ReturnsAllNodesCurrentlyInQueue" computerName="MacBook-Pro-de-Pablo" duration="00:00:00.0050701" startTime="2026-07-10T18:54:55.9339820+01:00" endTime="2026-07-10T18:54:55.9339820+01:00" testType="13cdc9d9-ddb5-4fa4-a97d-d965ccfc6d4b" outcome="Passed" testListId="8c84fa94-04c1-424b-9868-57a2d4851a1d" relativeResultsDirectory="d08bb552-a1f3-4aa2-8422-83787ada8c53" />
    <UnitTestResult executionId="b804172c-28f1-425a-b4cb-2997baa2c129" testId="cde82ee9-3ad6-8dee-58d7-3a0280a23760" testName="Alis.Extension.Math.HighSpeedPriorityQueue.Test.SimplePriorityQueueAdvancedTest.TryMethods_OnExistingItem_ReturnTrue" computerName="MacBook-Pro-de-Pablo" duration="00:00:00.0057351" startTime="2026-07-10T18:54:55.9423140+01:00" endTime="2026-07-10T18:54:55.9423140+01:00" testType="13cdc9d9-ddb5-4fa4-a97d-d965ccfc6d4b" outcome="Passed" testListId="8c84fa94-04c1-424b-9868-57a2d4851a1d" relativeResultsDirectory="b804172c-28f1-425a-b4cb-2997baa2c129" />
    <UnitTestResult executionId="ba3fb1cd-dbc8-4730-9bc3-6be0d27d2fdc" testId="65d28b40-3486-6428-378c-6fe3e5f3aad5" testName="Alis.Extension.Math.HighSpeedPriorityQueue.Test.GenericPriorityQueueEdgeTests.Resize_ToLargerArray_IncreasesCapacity" computerName="MacBook-Pro-de-Pablo" duration="00:00:00.0001226" startTime="2026-07-10T18:54:55.9272070+01:00" endTime="2026-07-10T18:54:55.9272070+01:00" testType="13cdc9d9-ddb5-4fa4-a97d-d965ccfc6d4b" outcome="Passed" testListId="8c84fa94-04c1-424b-9868-57a2d4851a1d" relativeResultsDirectory="ba3fb1cd-dbc8-4730-9bc3-6be0d27d2fdc" />
    <UnitTestResult executionId="6767f00a-fd9a-440b-8b48-f4d7c0b4243f" testId="4af3bbfe-5a90-3a1a-204d-c784e025ae12" testName="Alis.Extension.Math.HighSpeedPriorityQueue.Test.SimplePriorityQueueTest.First_OnEmptyQueue_ShouldThrowInvalidOperationException" computerName="MacBook-Pro-de-Pablo" duration="00:00:00.0000794" startTime="2026-07-10T18:54:55.9466970+01:00" endTime="2026-07-10T18:54:55.9466970+01:00" testType="13cdc9d9-ddb5-4fa4-a97d-d965ccfc6d4b" outcome="Passed" testListId="8c84fa94-04c1-424b-9868-57a2d4851a1d" relativeResultsDirectory="6767f00a-fd9a-440b-8b48-f4d7c0b4243f" />
    <UnitTestResult executionId="f354522e-173f-45c6-9f60-c92381cd70fe" testId="f0e616f0-0c2d-5250-a748-f49942114e0d" testName="Alis.Extension.Math.HighSpeedPriorityQueue.Test.GenericPriorityQueueCoverageTest.CascadeUp_BubblesPartway_WhenGrandparentHasHigherPriority" computerName="MacBook-Pro-de-Pablo" duration="00:00:00.0001273" startTime="2026-07-10T18:54:55.9288730+01:00" endTime="2026-07-10T18:54:55.9288730+01:00" testType="13cdc9d9-ddb5-4fa4-a97d-d965ccfc6d4b" outcome="Passed" testListId="8c84fa94-04c1-424b-9868-57a2d4851a1d" relativeResultsDirectory="f354522e-173f-45c6-9f60-c92381cd70fe" />
    <UnitTestResult executionId="746ab814-cb90-420d-afca-e7b4c298befb" testId="a69b8d18-5aaf-abb6-82ea-e1fb73996345" testName="Alis.Extension.Math.HighSpeedPriorityQueue.Test.StablePriorityQueueTest.Contains_ReturnsFalseForNotEnqueuedNode" computerName="MacBook-Pro-de-Pablo" duration="00:00:00.0001063" startTime="2026-07-10T18:54:55.9351160+01:00" endTime="2026-07-10T18:54:55.9351160+01:00" testType="13cdc9d9-ddb5-4fa4-a97d-d965ccfc6d4b" outcome="Passed" testListId="8c84fa94-04c1-424b-9868-57a2d4851a1d" relativeResultsDirectory="746ab814-cb90-420d-afca-e7b4c298befb" />
    <UnitTestResult executionId="9957ef6b-eed7-4c83-b666-dc3b4c5d5d36" testId="c7f5323c-b4b0-5b97-b9d6-2827df12775e" testName="Alis.Extension.Math.HighSpeedPriorityQueue.Test.SimplePriorityQueueTest.Constructor_WithPriorityComparer_ShouldCreateQueue" computerName="MacBook-Pro-de-Pablo" duration="00:00:00.0000755" startTime="2026-07-10T18:54:55.9452560+01:00" endTime="2026-07-10T18:54:55.9452560+01:00" testType="13cdc9d9-ddb5-4fa4-a97d-d965ccfc6d4b" outcome="Passed" testListId="8c84fa94-04c1-424b-9868-57a2d4851a1d" relativeResultsDirectory="9957ef6b-eed7-4c83-b666-dc3b4c5d5d36" />
    <UnitTestResult executionId="6d030c28-7f2d-408f-b00a-babf64f734cc" testId="bcc4ce77-0f4c-5db3-e457-137983801004" testName="Alis.Extension.Math.HighSpeedPriorityQueue.Test.FixedSizePriorityQueueTest.Dequeue_ReturnsItemsInPriorityOrder" computerName="MacBook-Pro-de-Pablo" duration="00:00:00.0003760" startTime="2026-07-10T18:54:55.9319580+01:00" endTime="2026-07-10T18:54:55.9319580+01:00" testType="13cdc9d9-ddb5-4fa4-a97d-d965ccfc6d4b" outcome="Passed" testListId="8c84fa94-04c1-424b-9868-57a2d4851a1d" relativeResultsDirectory="6d030c28-7f2d-408f-b00a-babf64f734cc" />
    <UnitTestResult executionId="9f35cf76-c160-4c27-a913-a4f91e275988" testId="6367bae9-9bfc-bac7-8022-60ed21fb52b2" testName="Alis.Extension.Math.HighSpeedPriorityQueue.Test.GenericPriorityQueueNodeTest.Priority_SetAndGet_ReturnsCorrectValue" computerName="MacBook-Pro-de-Pablo" duration="00:00:00.0086950" startTime="2026-07-10T18:54:55.9277860+01:00" endTime="2026-07-10T18:54:55.9277860+01:00" testType="13cdc9d9-ddb5-4fa4-a97d-d965ccfc6d4b" outcome="Passed" testListId="8c84fa94-04c1-424b-9868-57a2d4851a1d" relativeResultsDirectory="9f35cf76-c160-4c27-a913-a4f91e275988" />
    <UnitTestResult executionId="ab8999d0-a64e-45cd-a87f-dcce07339efb" testId="30070115-7dcc-411b-2315-382da9d30055" testName="Alis.Extension.Math.HighSpeedPriorityQueue.Test.SimplePriorityQueueTest.EnqueueEqualPriorities_ShouldMaintainFIFO" computerName="MacBook-Pro-de-Pablo" duration="00:00:00.0000494" startTime="2026-07-10T18:54:55.9465770+01:00" endTime="2026-07-10T18:54:55.9465770+01:00" testType="13cdc9d9-ddb5-4fa4-a97d-d965ccfc6d4b" outcome="Passed" testListId="8c84fa94-04c1-424b-9868-57a2d4851a1d" relativeResultsDirectory="ab8999d0-a64e-45cd-a87f-dcce07339efb" />
    <UnitTestResult executionId="68be3aec-99f2-4229-b252-433a4248a3b1" testId="20f611d7-8bb9-6bd7-f396-d586751fc8fe" testName="Alis.Extension.Math.HighSpeedPriorityQueue.Test.GenericPriorityQueueEdgeTests.Dequeue_SingleItem_ReturnsNodeAndEmptiesQueue" computerName="MacBook-Pro-de-Pablo" duration="00:00:00.0077536" startTime="2026-07-10T18:54:55.9262620+01:00" endTime="2026-07-10T18:54:55.9262620+01:00" testType="13cdc9d9-ddb5-4fa4-a97d-d965ccfc6d4b" outcome="Passed" testListId="8c84fa94-04c1-424b-9868-57a2d4851a1d" relativeResultsDirectory="68be3aec-99f2-4229-b252-433a4248a3b1" />
    <UnitTestResult executionId="7276ff90-a16b-4569-ae74-580b767a3cff" testId="5a31d2e5-a981-1e26-725e-1d38776e0b53" testName="Alis.Extension.Math.HighSpeedPriorityQueue.Test.GenericPriorityQueueTest.Dequeue_DecreasesCount" computerName="MacBook-Pro-de-Pablo" duration="00:00:00.0000323" startTime="2026-07-10T18:54:55.9298130+01:00" endTime="2026-07-10T18:54:55.9298130+01:00" testType="13cdc9d9-ddb5-4fa4-a97d-d965ccfc6d4b" outcome="Passed" testListId="8c84fa94-04c1-424b-9868-57a2d4851a1d" relativeResultsDirectory="7276ff90-a16b-4569-ae74-580b767a3cff" />
    <UnitTestResult executionId="a1cc714d-9b55-4b08-a84a-a6e53e0d6081" testId="5bb22419-5860-e738-99b7-d4e93dfd149a" testName="Alis.Extension.Math.HighSpeedPriorityQueue.Test.SimplePriorityQueueTest.MultipleEnqueuesOfSameItem_ShouldWork" computerName="MacBook-Pro-de-Pablo" duration="00:00:00.0000382" startTime="2026-07-10T18:54:55.9431530+01:00" endTime="2026-07-10T18:54:55.9431530+01:00" testType="13cdc9d9-ddb5-4fa4-a97d-d965ccfc6d4b" outcome="Passed" testListId="8c84fa94-04c1-424b-9868-57a2d4851a1d" relativeResultsDirectory="a1cc714d-9b55-4b08-a84a-a6e53e0d6081" />
    <UnitTestResult executionId="3e14e6a9-a30e-44b6-8385-7644fbd56db2" testId="6214bd6f-af47-3c1e-d6f4-9d77c3e39cd5" testName="Alis.Extension.Math.HighSpeedPriorityQueue.Test.SimplePriorityQueueAdvancedTest.First_WhenEmpty_Throws" computerName="MacBook-Pro-de-Pablo" duration="00:00:00.0001046" startTime="2026-07-10T18:54:55.9441650+01:00" endTime="2026-07-10T18:54:55.9441650+01:00" testType="13cdc9d9-ddb5-4fa4-a97d-d965ccfc6d4b" outcome="Passed" testListId="8c84fa94-04c1-424b-9868-57a2d4851a1d" relativeResultsDirectory="3e14e6a9-a30e-44b6-8385-7644fbd56db2" />
    <UnitTestResult executionId="2dbdea16-c3e5-4429-8988-b98dbf9d0365" testId="8bbb6ed8-264a-8401-0721-d865394ae0cd" testName="Alis.Extension.Math.HighSpeedPriorityQueue.Test.FixedSizePriorityQueueTest.MaxSize_InitiallySet" computerName="MacBook-Pro-de-Pablo" duration="00:00:00.0069360" startTime="2026-07-10T18:54:55.9252820+01:00" endTime="2026-07-10T18:54:55.9252820+01:00" testType="13cdc9d9-ddb5-4fa4-a97d-d965ccfc6d4b" outcome="Passed" testListId="8c84fa94-04c1-424b-9868-57a2d4851a1d" relativeResultsDirectory="2dbdea16-c3e5-4429-8988-b98dbf9d0365" />
    <UnitTestResult executionId="7ba84a14-724c-4de8-b5ef-39687b952d3a" testId="1af417e7-66a1-6d15-5ee0-96b7aa919f0a" testName="Alis.Extension.Math.HighSpeedPriorityQueue.Test.GenericPriorityQueueTest.Contains_ReturnsTrueForEnqueuedNode" computerName="MacBook-Pro-de-Pablo" duration="00:00:00.0000262" startTime="2026-07-10T18:54:55.9304780+01:00" endTime="2026-07-10T18:54:55.9304780+01:00" testType="13cdc9d9-ddb5-4fa4-a97d-d965ccfc6d4b" outcome="Passed" testListId="8c84fa94-04c1-424b-9868-57a2d4851a1d" relativeResultsDirectory="7ba84a14-724c-4de8-b5ef-39687b952d3a" />
    <UnitTestResult executionId="95eb2e6e-8660-4979-9260-7022e85f5183" testId="9c9ce20d-4210-cb57-f27f-2f7b4e6ac92c" testName="Alis.Extension.Math.HighSpeedPriorityQueue.Test.SimplePriorityQueueAdvancedTest.DuplicateItems_RemoveOnlyOneOccurrence" computerName="MacBook-Pro-de-Pablo" duration="00:00:00.0000466" startTime="2026-07-10T18:54:55.9437010+01:00" endTime="2026-07-10T18:54:55.9437010+01:00" testType="13cdc9d9-ddb5-4fa4-a97d-d965ccfc6d4b" outcome="Passed" testListId="8c84fa94-04c1-424b-9868-57a2d4851a1d" relativeResultsDirectory="95eb2e6e-8660-4979-9260-7022e85f5183" />
    <UnitTestResult executionId="b79c70c2-a724-4854-895c-82129d83edd6" testId="7a018779-10c1-18f3-1b53-613548239e67" testName="Alis.Extension.Math.HighSpeedPriorityQueue.Test.SimplePriorityQueueTest.Enqueue_HigherPriority_ShouldBeFirst" computerName="MacBook-Pro-de-Pablo" duration="00:00:00.0000293" startTime="2026-07-10T18:54:55.9456170+01:00" endTime="2026-07-10T18:54:55.9456170+01:00" testType="13cdc9d9-ddb5-4fa4-a97d-d965ccfc6d4b" outcome="Passed" testListId="8c84fa94-04c1-424b-9868-57a2d4851a1d" relativeResultsDirectory="b79c70c2-a724-4854-895c-82129d83edd6" />
    <UnitTestResult executionId="24b79590-eaf3-4aac-9a55-2cec4c372aca" testId="00d32a53-ed5d-0dc4-054d-6caad2ca1d1f" testName="Alis.Extension.Math.HighSpeedPriorityQueue.Test.SimplePriorityQueueAdvancedTest.EnqueueWithoutDuplicates_WithNull_AllowsSingleEntry" computerName="MacBook-Pro-de-Pablo" duration="00:00:00.0002277" startTime="2026-07-10T18:54:55.9427360+01:00" endTime="2026-07-10T18:54:55.9427360+01:00" testType="13cdc9d9-ddb5-4fa4-a97d-d965ccfc6d4b" outcome="Passed" testListId="8c84fa94-04c1-424b-9868-57a2d4851a1d" relativeResultsDirectory="24b79590-eaf3-4aac-9a55-2cec4c372aca" />
    <UnitTestResult executionId="6340b4ac-d904-4339-916d-9db0db8ffada" testId="5ade2d66-ee9c-3687-3856-a157a845e636" testName="Alis.Extension.Math.HighSpeedPriorityQueue.Test.GenericPriorityQueueEdgeTests.UpdatePriority_TriggersOnNodeUpdatedCascadeUp" computerName="MacBook-Pro-de-Pablo" duration="00:00:00.0000518" startTime="2026-07-10T18:54:55.9273240+01:00" endTime="2026-07-10T18:54:55.9273240+01:00" testType="13cdc9d9-ddb5-4fa4-a97d-d965ccfc6d4b" outcome="Passed" testListId="8c84fa94-04c1-424b-9868-57a2d4851a1d" relativeResultsDirectory="6340b4ac-d904-4339-916d-9db0db8ffada" />
    <UnitTestResult executionId="bc912703-8ed5-4b53-9ac4-9b15d65aa708" testId="827a0f04-e668-89e6-84b6-c25afaa58f15" testName="Alis.Extension.Math.HighSpeedPriorityQueue.Test.SimplePriorityQueueAdvancedTest.Remove_WhenMissing_Throws" computerName="MacBook-Pro-de-Pablo" duration="00:00:00.0001197" startTime="2026-07-10T18:54:55.9433380+01:00" endTime="2026-07-10T18:54:55.9433380+01:00" testType="13cdc9d9-ddb5-4fa4-a97d-d965ccfc6d4b" outcome="Passed" testListId="8c84fa94-04c1-424b-9868-57a2d4851a1d" relativeResultsDirectory="bc912703-8ed5-4b53-9ac4-9b15d65aa708" />
    <UnitTestResult executionId="9d4e42f8-27e1-4409-bb92-f1d54b7d4034" testId="950dfceb-67e8-a31a-b21c-80e71b4fe446" testName="Alis.Extension.Math.HighSpeedPriorityQueue.Test.FastPriorityQueueEdgeTests.IsValidQueue_SingleElement_ReturnsTrue" computerName="MacBook-Pro-de-Pablo" duration="00:00:00.0000625" startTime="2026-07-10T18:54:55.9345960+01:00" endTime="2026-07-10T18:54:55.9345970+01:00" testType="13cdc9d9-ddb5-4fa4-a97d-d965ccfc6d4b" outcome="Passed" testListId="8c84fa94-04c1-424b-9868-57a2d4851a1d" relativeResultsDirectory="9d4e42f8-27e1-4409-bb92-f1d54b7d4034" />
    <UnitTestResult executionId="dd6b3f79-4b2f-49ee-b4fb-db89c426cb1c" testId="9c90dcdb-6a98-344a-b4f3-3ae1c73b857b" testName="Alis.Extension.Math.HighSpeedPriorityQueue.Test.StablePriorityQueueTest.Remove_RemovesNodeFromQueue" computerName="MacBook-Pro-de-Pablo" duration="00:00:00.0000429" startTime="2026-07-10T18:54:55.9414130+01:00" endTime="2026-07-10T18:54:55.9414130+01:00" testType="13cdc9d9-ddb5-4fa4-a97d-d965ccfc6d4b" outcome="Passed" testListId="8c84fa94-04c1-424b-9868-57a2d4851a1d" relativeResultsDirectory="dd6b3f79-4b2f-49ee-b4fb-db89c426cb1c" />
    <UnitTestResult executionId="fb4d18a0-8e9b-4a66-a970-7967863e3438" testId="55942ea5-cbc9-404f-eac6-2be246c278a5" testName="Alis.Extension.Math.HighSpeedPriorityQueue.Test.SimplePriorityQueueTest.TryGetPriority_WhenItemNotInQueue_ShouldReturnFalse" computerName="MacBook-Pro-de-Pablo" duration="00:00:00.0000281" startTime="2026-07-10T18:54:55.9454980+01:00" endTime="2026-07-10T18:54:55.9454980+01:00" testType="13cdc9d9-ddb5-4fa4-a97d-d965ccfc6d4b" outcome="Passed" testListId="8c84fa94-04c1-424b-9868-57a2d4851a1d" relativeResultsDirectory="fb4d18a0-8e9b-4a66-a970-7967863e3438" />
    <UnitTestResult executionId="f0e15ae7-94b6-4d1b-9250-592ad5f29195" testId="c86188e3-b733-f8f6-ece8-c6c1c5fb2161" testName="Alis.Extension.Math.HighSpeedPriorityQueue.Test.FastPriorityQueueEdgeTests.Dequeue_NoSwapNeeded_LeavesNodeInPlace" computerName="MacBook-Pro-de-Pablo" duration="00:00:00.0001361" startTime="2026-07-10T18:54:55.9336580+01:00" endTime="2026-07-10T18:54:55.9336580+01:00" testType="13cdc9d9-ddb5-4fa4-a97d-d965ccfc6d4b" outcome="Passed" testListId="8c84fa94-04c1-424b-9868-57a2d4851a1d" relativeResultsDirectory="f0e15ae7-94b6-4d1b-9250-592ad5f29195" />
    <UnitTestResult executionId="024837ff-3a8a-4477-91de-5379c17f7265" testId="5875ecb7-7859-dc76-0806-9247a96e582d" testName="Alis.Extension.Math.HighSpeedPriorityQueue.Test.FastPriorityQueueEdgeTests.Contains_AfterReset_ReturnsFalse" computerName="MacBook-Pro-de-Pablo" duration="00:00:00.0003738" startTime="2026-07-10T18:54:55.9329180+01:00" endTime="2026-07-10T18:54:55.9329180+01:00" testType="13cdc9d9-ddb5-4fa4-a97d-d965ccfc6d4b" outcome="Passed" testListId="8c84fa94-04c1-424b-9868-57a2d4851a1d" relativeResultsDirectory="024837ff-3a8a-4477-91de-5379c17f7265" />
    <UnitTestResult executionId="a362f372-db39-4f03-90c1-7e2c66706d9c" testId="aba52939-79cb-eebe-364a-55f431945df3" testName="Alis.Extension.Math.HighSpeedPriorityQueue.Test.SimplePriorityQueueTest.TryFirst_WhenQueueHasItems_ShouldReturnTrue" computerName="MacBook-Pro-de-Pablo" duration="00:00:00.0000285" startTime="2026-07-10T18:54:55.9464460+01:00" endTime="2026-07-10T18:54:55.9464460+01:00" testType="13cdc9d9-ddb5-4fa4-a97d-d965ccfc6d4b" outcome="Passed" testListId="8c84fa94-04c1-424b-9868-57a2d4851a1d" relativeResultsDirectory="a362f372-db39-4f03-90c1-7e2c66706d9c" />
    <UnitTestResult executionId="f17311eb-674f-4516-889c-13673b5fb19f" testId="2e04b1b0-8bc1-eca0-dac7-961bb00b624c" testName="Alis.Extension.Math.HighSpeedPriorityQueue.Test.GenericPriorityQueueTest.Clear_ResetsQueue" computerName="MacBook-Pro-de-Pablo" duration="00:00:00.0000595" startTime="2026-07-10T18:54:55.9291080+01:00" endTime="2026-07-10T18:54:55.9291080+01:00" testType="13cdc9d9-ddb5-4fa4-a97d-d965ccfc6d4b" outcome="Passed" testListId="8c84fa94-04c1-424b-9868-57a2d4851a1d" relativeResultsDirectory="f17311eb-674f-4516-889c-13673b5fb19f" />
    <UnitTestResult executionId="248eefd4-c31b-4f69-b09c-45d757bff493" testId="ead4228d-b7e4-9169-de6c-1d3e395b3184" testName="Alis.Extension.Math.HighSpeedPriorityQueue.Test.GenericPriorityQueueTest.UpdatePriority_ChangesNodePriority" computerName="MacBook-Pro-de-Pablo" duration="00:00:00.0074090" startTime="2026-07-10T18:54:55.9255220+01:00" endTime="2026-07-10T18:54:55.9255220+01:00" testType="13cdc9d9-ddb5-4fa4-a97d-d965ccfc6d4b" outcome="Passed" testListId="8c84fa94-04c1-424b-9868-57a2d4851a1d" relativeResultsDirectory="248eefd4-c31b-4f69-b09c-45d757bff493" />
    <UnitTestResult executionId="f040d116-ba81-4b2c-93e2-8d0859731982" testId="ea45db7c-b3a3-1b4b-7274-b4521a97a374" testName="Alis.Extension.Math.HighSpeedPriorityQueue.Test.FastPriorityQueueEdgeTests.IsValidQueue_EmptyQueue_ReturnsTrue" computerName="MacBook-Pro-de-Pablo" duration="00:00:00.0000684" startTime="2026-07-10T18:54:55.9327340+01:00" endTime="2026-07-10T18:54:55.9327340+01:00" testType="13cdc9d9-ddb5-4fa4-a97d-d965ccfc6d4b" outcome="Passed" testListId="8c84fa94-04c1-424b-9868-57a2d4851a1d" relativeResultsDirectory="f040d116-ba81-4b2c-93e2-8d0859731982" />
    <UnitTestResult executionId="169544e2-a32e-47eb-975d-dc5c43a1cfa6" testId="28a88129-7df1-906f-c432-6b846942cfb2" testName="Alis.Extension.Math.HighSpeedPriorityQueue.Test.DummyTest.DefaultTest" computerName="MacBook-Pro-de-Pablo" duration="00:00:00.0029814" startTime="2026-07-10T18:54:55.9179120+01:00" endTime="2026-07-10T18:54:55.9179200+01:00" testType="13cdc9d9-ddb5-4fa4-a97d-d965ccfc6d4b" outcome="Passed" testListId="8c84fa94-04c1-424b-9868-57a2d4851a1d" relativeResultsDirectory="169544e2-a32e-47eb-975d-dc5c43a1cfa6" />
    <UnitTestResult executionId="98c6a907-f582-4ee8-a8c1-7af896363a53" testId="44b4d933-0fb9-5078-78a7-8c7ff9fd0f3b" testName="Alis.Extension.Math.HighSpeedPriorityQueue.Test.StablePriorityQueueTest.First_ReturnsCorrectNode" computerName="MacBook-Pro-de-Pablo" duration="00:00:00.0001290" startTime="2026-07-10T18:54:55.9400330+01:00" endTime="2026-07-10T18:54:55.9400330+01:00" testType="13cdc9d9-ddb5-4fa4-a97d-d965ccfc6d4b" outcome="Passed" testListId="8c84fa94-04c1-424b-9868-57a2d4851a1d" relativeResultsDirectory="98c6a907-f582-4ee8-a8c1-7af896363a53" />
    <UnitTestResult executionId="4d1b8429-e798-4415-abf5-7809a39ef058" testId="b1b1b7f5-a012-9777-e288-a549860e57ee" testName="Alis.Extension.Math.HighSpeedPriorityQueue.Test.SimplePriorityQueueAdvancedTest.GetPriority_WhenMissing_Throws" computerName="MacBook-Pro-de-Pablo" duration="00:00:00.0037983" startTime="2026-07-10T18:54:55.9251370+01:00" endTime="2026-07-10T18:54:55.9251370+01:00" testType="13cdc9d9-ddb5-4fa4-a97d-d965ccfc6d4b" outcome="Passed" testListId="8c84fa94-04c1-424b-9868-57a2d4851a1d" relativeResultsDirectory="4d1b8429-e798-4415-abf5-7809a39ef058" />
    <UnitTestResult executionId="9783780f-efac-48cc-9265-387eb79dd618" testId="27d1b3f8-1f76-ae27-7bd6-0bb90e417b90" testName="Alis.Extension.Math.HighSpeedPriorityQueue.Test.GenericPriorityQueueNodeTest.QueueIndex_SetAndGet_ReturnsCorrectValue" computerName="MacBook-Pro-de-Pablo" duration="00:00:00.0000349" startTime="2026-07-10T18:54:55.9280110+01:00" endTime="2026-07-10T18:54:55.9280110+01:00" testType="13cdc9d9-ddb5-4fa4-a97d-d965ccfc6d4b" outcome="Passed" testListId="8c84fa94-04c1-424b-9868-57a2d4851a1d" relativeResultsDirectory="9783780f-efac-48cc-9265-387eb79dd618" />
    <UnitTestResult executionId="e453cc5f-0c59-4fdc-9928-82818915fbd8" testId="a04dbb77-efdb-d679-a28c-cf38a5d836b4" testName="Alis.Extension.Math.HighSpeedPriorityQueue.Test.GenericPriorityQueueTest.Enqueue_WithDecreasingPriority_TriggersMultiLevelCascadeUp" computerName="MacBook-Pro-de-Pablo" duration="00:00:00.0000520" startTime="2026-07-10T18:54:55.9287550+01:00" endTime="2026-07-10T18:54:55.9287550+01:00" testType="13cdc9d9-ddb5-4fa4-a97d-d965ccfc6d4b" outcome="Passed" testListId="8c84fa94-04c1-424b-9868-57a2d4851a1d" relativeResultsDirectory="e453cc5f-0c59-4fdc-9928-82818915fbd8" />
    <UnitTestResult executionId="29fcb908-48a0-4c69-a69b-57ef346b1da6" testId="de6f620b-2dc8-2a89-ce02-76ea29b4e4bb" testName="Alis.Extension.Math.HighSpeedPriorityQueue.Test.FastPriorityQueueEdgeTests.UpdatePriority_CascadesUp_WhenPriorityHigherThanParent" computerName="MacBook-Pro-de-Pablo" duration="00:00:00.0001192" startTime="2026-07-10T18:54:55.9341750+01:00" endTime="2026-07-10T18:54:55.9341750+01:00" testType="13cdc9d9-ddb5-4fa4-a97d-d965ccfc6d4b" outcome="Passed" testListId="8c84fa94-04c1-424b-9868-57a2d4851a1d" relativeResultsDirectory="29fcb908-48a0-4c69-a69b-57ef346b1da6" />
    <UnitTestResult executionId="f63d6fcb-5fcb-4fa0-964a-880f1a136e5e" testId="d6dc1ffe-09dc-4c76-0427-14411269e759" testName="Alis.Extension.Math.HighSpeedPriorityQueue.Test.GenericPriorityQueueTest.Enqueue_SamePriority_RespectsInsertionOrder" computerName="MacBook-Pro-de-Pablo" duration="00:00:00.0001228" startTime="2026-07-10T18:54:55.9261440+01:00" endTime="2026-07-10T18:54:55.9261440+01:00" testType="13cdc9d9-ddb5-4fa4-a97d-d965ccfc6d4b" outcome="Passed" testListId="8c84fa94-04c1-424b-9868-57a2d4851a1d" relativeResultsDirectory="f63d6fcb-5fcb-4fa0-964a-880f1a136e5e" />
    <UnitTestResult executionId="bc84b892-931b-4faf-8578-dd2607d8af69" testId="9299cfcd-f7e7-c72d-02c2-9fe8b6af5f34" testName="Alis.Extension.Math.HighSpeedPriorityQueue.Test.SimplePriorityQueueTest.Clear_ShouldRemoveAllItems" computerName="MacBook-Pro-de-Pablo" duration="00:00:00.0001089" startTime="2026-07-10T18:54:55.9463200+01:00" endTime="2026-07-10T18:54:55.9463200+01:00" testType="13cdc9d9-ddb5-4fa4-a97d-d965ccfc6d4b" outcome="Passed" testListId="8c84fa94-04c1-424b-9868-57a2d4851a1d" relativeResultsDirectory="bc84b892-931b-4faf-8578-dd2607d8af69" />
    <UnitTestResult executionId="628c3d38-0908-4d75-acda-3a0db685f3e0" testId="8c031d39-508e-2722-3754-57d35d357edb" testName="Alis.Extension.Math.HighSpeedPriorityQueue.Test.GenericPriorityQueueTest.Remove_RemovesNodeFromQueue" computerName="MacBook-Pro-de-Pablo" duration="00:00:00.0001120" startTime="2026-07-10T18:54:55.9393640+01:00" endTime="2026-07-10T18:54:55.9393640+01:00" testType="13cdc9d9-ddb5-4fa4-a97d-d965ccfc6d4b" outcome="Passed" testListId="8c84fa94-04c1-424b-9868-57a2d4851a1d" relativeResultsDirectory="628c3d38-0908-4d75-acda-3a0db685f3e0" />
    <UnitTestResult executionId="4e280589-b26a-468e-84c0-6a4f74a2f512" testId="b0ffa891-9dd6-b87c-af7f-6ee558c83e1b" testName="Alis.Extension.Math.HighSpeedPriorityQueue.Test.FastPriorityQueueNodeTest.Constructor_InitializesWithCorrectMaxNodes" computerName="MacBook-Pro-de-Pablo" duration="00:00:00.0000536" startTime="2026-07-10T18:54:55.9348600+01:00" endTime="2026-07-10T18:54:55.9348600+01:00" testType="13cdc9d9-ddb5-4fa4-a97d-d965ccfc6d4b" outcome="Passed" testListId="8c84fa94-04c1-424b-9868-57a2d4851a1d" relativeResultsDirectory="4e280589-b26a-468e-84c0-6a4f74a2f512" />
    <UnitTestResult executionId="fef5e54a-28c6-4f82-ad64-2363e085e1b7" testId="0d1d30ab-67ca-0477-63ca-305814d036eb" testName="Alis.Extension.Math.HighSpeedPriorityQueue.Test.SimplePriorityQueueTest.NullItem_ShouldBeHandledCorrectly" computerName="MacBook-Pro-de-Pablo" duration="00:00:00.0000304" startTime="2026-07-10T18:54:55.9477710+01:00" endTime="2026-07-10T18:54:55.9477710+01:00" testType="13cdc9d9-ddb5-4fa4-a97d-d965ccfc6d4b" outcome="Passed" testListId="8c84fa94-04c1-424b-9868-57a2d4851a1d" relativeResultsDirectory="fef5e54a-28c6-4f82-ad64-2363e085e1b7" />
    <UnitTestResult executionId="cb29b2a6-133e-477b-92c5-fd9b640047da" testId="bdb96f03-b77b-a590-35d7-a7dbfaa2ebb5" testName="Alis.Extension.Math.HighSpeedPriorityQueue.Test.GenericPriorityQueueEdgeTests.Remove_LastNode_DoesNotCorruptQueue" computerName="MacBook-Pro-de-Pablo" duration="00:00:00.0001454" startTime="2026-07-10T18:54:55.9282430+01:00" endTime="2026-07-10T18:54:55.9282430+01:00" testType="13cdc9d9-ddb5-4fa4-a97d-d965ccfc6d4b" outcome="Passed" testListId="8c84fa94-04c1-424b-9868-57a2d4851a1d" relativeResultsDirectory="cb29b2a6-133e-477b-92c5-fd9b640047da" />
    <UnitTestResult executionId="f6cce92e-b280-48fa-acdb-7320d570846c" testId="fd5bd8f5-404a-093a-8d65-a42d920f6f76" testName="Alis.Extension.Math.HighSpeedPriorityQueue.Test.GenericPriorityQueueTest.Contains_ReturnsFalseForNotEnqueuedNode" computerName="MacBook-Pro-de-Pablo" duration="00:00:00.0000254" startTime="2026-07-10T18:54:55.9294700+01:00" endTime="2026-07-10T18:54:55.9294700+01:00" testType="13cdc9d9-ddb5-4fa4-a97d-d965ccfc6d4b" outcome="Passed" testListId="8c84fa94-04c1-424b-9868-57a2d4851a1d" relativeResultsDirectory="f6cce92e-b280-48fa-acdb-7320d570846c" />
    <UnitTestResult executionId="fe639383-2b16-46ce-b26a-3d8140148914" testId="4894bda5-b635-7bf2-ca4d-4f2b32eb3dc5" testName="Alis.Extension.Math.HighSpeedPriorityQueue.Test.StablePriorityQueueTest.ResetNode_SetsQueueIndexToZero" computerName="MacBook-Pro-de-Pablo" duration="00:00:00.0005865" startTime="2026-07-10T18:54:55.9396730+01:00" endTime="2026-07-10T18:54:55.9396730+01:00" testType="13cdc9d9-ddb5-4fa4-a97d-d965ccfc6d4b" outcome="Passed" testListId="8c84fa94-04c1-424b-9868-57a2d4851a1d" relativeResultsDirectory="fe639383-2b16-46ce-b26a-3d8140148914" />
    <UnitTestResult executionId="5f1b75af-2e9c-48c3-82a2-c8fea23cd30e" testId="c2b647ba-a229-d42d-268d-e764721227c6" testName="Alis.Extension.Math.HighSpeedPriorityQueue.Test.GenericPriorityQueueTest.ResetNode_SetsQueueIndexToZero" computerName="MacBook-Pro-de-Pablo" duration="00:00:00.0018316" startTime="2026-07-10T18:54:55.9361740+01:00" endTime="2026-07-10T18:54:55.9361740+01:00" testType="13cdc9d9-ddb5-4fa4-a97d-d965ccfc6d4b" outcome="Passed" testListId="8c84fa94-04c1-424b-9868-57a2d4851a1d" relativeResultsDirectory="5f1b75af-2e9c-48c3-82a2-c8fea23cd30e" />
    <UnitTestResult executionId="96a415b2-0d10-4cb6-9fab-4da65318e921" testId="48481927-9d5f-8cea-0e90-b03bcaffb26a" testName="Alis.Extension.Math.HighSpeedPriorityQueue.Test.SimplePriorityQueueAdvancedTest.TryMethods_OnEmptyQueue_ReturnFalse" computerName="MacBook-Pro-de-Pablo" duration="00:00:00.0002180" startTime="2026-07-10T18:54:55.9445930+01:00" endTime="2026-07-10T18:54:55.9445930+01:00" testType="13cdc9d9-ddb5-4fa4-a97d-d965ccfc6d4b" outcome="Passed" testListId="8c84fa94-04c1-424b-9868-57a2d4851a1d" relativeResultsDirectory="96a415b2-0d10-4cb6-9fab-4da65318e921" />
    <UnitTestResult executionId="1d0d5a65-1ab6-4bfe-9d60-7b8452b8e760" testId="18f59a17-93f8-aefd-adf6-646c4321b0b7" testName="Alis.Extension.Math.HighSpeedPriorityQueue.Test.FastPriorityQueueNodeTest.Clear_ResetsTheQueue" computerName="MacBook-Pro-de-Pablo" duration="00:00:00.0000608" startTime="2026-07-10T18:54:55.9364010+01:00" endTime="2026-07-10T18:54:55.9364010+01:00" testType="13cdc9d9-ddb5-4fa4-a97d-d965ccfc6d4b" outcome="Passed" testListId="8c84fa94-04c1-424b-9868-57a2d4851a1d" relativeResultsDirectory="1d0d5a65-1ab6-4bfe-9d60-7b8452b8e760" />
    <UnitTestResult executionId="b53b05cd-d366-4d94-bcdf-0c25809c153c" testId="d0ae12be-8478-5f55-97e4-15ed5d860411" testName="Alis.Extension.Math.HighSpeedPriorityQueue.Test.GenericPriorityQueueCoverageTest.IsValidQueue_LeftChildViolation_ReturnsFalse" computerName="MacBook-Pro-de-Pablo" duration="00:00:00.0000434" startTime="2026-07-10T18:54:55.9320240+01:00" endTime="2026-07-10T18:54:55.9320240+01:00" testType="13cdc9d9-ddb5-4fa4-a97d-d965ccfc6d4b" outcome="Passed" testListId="8c84fa94-04c1-424b-9868-57a2d4851a1d" relativeResultsDirectory="b53b05cd-d366-4d94-bcdf-0c25809c153c" />
    <UnitTestResult executionId="3dfe2e2f-770a-4133-9a9e-e053d8d0cef0" testId="ddb3ce87-0ba7-9c0b-35ed-a73ce31074b4" testName="Alis.Extension.Math.HighSpeedPriorityQueue.Test.StablePriorityQueueTest.Dequeue_DecreasesCount" computerName="MacBook-Pro-de-Pablo" duration="00:00:00.0018386" startTime="2026-07-10T18:54:55.9326120+01:00" endTime="2026-07-10T18:54:55.9326120+01:00" testType="13cdc9d9-ddb5-4fa4-a97d-d965ccfc6d4b" outcome="Passed" testListId="8c84fa94-04c1-424b-9868-57a2d4851a1d" relativeResultsDirectory="3dfe2e2f-770a-4133-9a9e-e053d8d0cef0" />
    <UnitTestResult executionId="a7ce8fe6-96ee-42f0-ad12-326b7caf1f20" testId="b914c3ef-c179-c5b3-853b-595688193d33" testName="Alis.Extension.Math.HighSpeedPriorityQueue.Test.GenericPriorityQueueEdgeTests.CascadeDown_WhileLoop_PushesNodeDownMultipleLevels" computerName="MacBook-Pro-de-Pablo" duration="00:00:00.0000811" startTime="2026-07-10T18:54:55.9263850+01:00" endTime="2026-07-10T18:54:55.9263850+01:00" testType="13cdc9d9-ddb5-4fa4-a97d-d965ccfc6d4b" outcome="Passed" testListId="8c84fa94-04c1-424b-9868-57a2d4851a1d" relativeResultsDirectory="a7ce8fe6-96ee-42f0-ad12-326b7caf1f20" />
    <UnitTestResult executionId="830f333e-db25-4809-8dfb-81c290a1e587" testId="dd074c4e-5ae6-3a4e-d48a-ecfa90f07e5a" testName="Alis.Extension.Math.HighSpeedPriorityQueue.Test.FastPriorityQueueAdvancedTest.ResetNode_AllowsClearingQueueIndex" computerName="MacBook-Pro-de-Pablo" duration="00:00:00.0000961" startTime="2026-07-10T18:54:55.9356000+01:00" endTime="2026-07-10T18:54:55.9356000+01:00" testType="13cdc9d9-ddb5-4fa4-a97d-d965ccfc6d4b" outcome="Passed" testListId="8c84fa94-04c1-424b-9868-57a2d4851a1d" relativeResultsDirectory="830f333e-db25-4809-8dfb-81c290a1e587" />
    <UnitTestResult executionId="873d4f61-0c33-4585-b592-f5dae9f35585" testId="f34283f7-3919-120b-2cc9-f4341cb90d73" testName="Alis.Extension.Math.HighSpeedPriorityQueue.Test.SimplePriorityQueueTest.IsValidQueue_WhenEmpty_ShouldReturnTrue" computerName="MacBook-Pro-de-Pablo" duration="00:00:00.0000297" startTime="2026-07-10T18:54:55.9472950+01:00" endTime="2026-07-10T18:54:55.9472950+01:00" testType="13cdc9d9-ddb5-4fa4-a97d-d965ccfc6d4b" outcome="Passed" testListId="8c84fa94-04c1-424b-9868-57a2d4851a1d" relativeResultsDirectory="873d4f61-0c33-4585-b592-f5dae9f35585" />
    <UnitTestResult executionId="547a3144-4025-48da-a0df-ae414d0dcd7d" testId="cc60c50f-8186-fd3b-8918-d7e6e21ee891" testName="Alis.Extension.Math.HighSpeedPriorityQueue.Test.GenericPriorityQueueEdgeTests.CascadeUp_WhileLoop_BubblesNodePastMultipleLevels" computerName="MacBook-Pro-de-Pablo" duration="00:00:00.0000599" startTime="2026-07-10T18:54:55.9274390+01:00" endTime="2026-07-10T18:54:55.9274390+01:00" testType="13cdc9d9-ddb5-4fa4-a97d-d965ccfc6d4b" outcome="Passed" testListId="8c84fa94-04c1-424b-9868-57a2d4851a1d" relativeResultsDirectory="547a3144-4025-48da-a0df-ae414d0dcd7d" />
    <UnitTestResult executionId="7b29f131-aa8b-4c4a-86d0-ee4c0f7deb22" testId="ca251d99-0225-6f67-66ff-bff0f0c5da06" testName="Alis.Extension.Math.HighSpeedPriorityQueue.Test.StablePriorityQueueCoverageTest.IsValidQueue_LeftChildViolation_ReturnsFalse" computerName="MacBook-Pro-de-Pablo" duration="00:00:00.0000455" startTime="2026-07-10T18:54:55.9445270+01:00" endTime="2026-07-10T18:54:55.9445270+01:00" testType="13cdc9d9-ddb5-4fa4-a97d-d965ccfc6d4b" outcome="Passed" testListId="8c84fa94-04c1-424b-9868-57a2d4851a1d" relativeResultsDirectory="7b29f131-aa8b-4c4a-86d0-ee4c0f7deb22" />
    <UnitTestResult executionId="9008aa66-59a7-4986-990e-3d5761cfeea5" testId="edea634d-0574-bd45-4d69-76cf3ebd3832" testName="Alis.Extension.Math.HighSpeedPriorityQueue.Test.SimplePriorityQueueAdvancedTest.Enumerator_ReturnsSnapshotOfItems" computerName="MacBook-Pro-de-Pablo" duration="00:00:00.0059365" startTime="2026-07-10T18:54:55.9341100+01:00" endTime="2026-07-10T18:54:55.9341100+01:00" testType="13cdc9d9-ddb5-4fa4-a97d-d965ccfc6d4b" outcome="Passed" testListId="8c84fa94-04c1-424b-9868-57a2d4851a1d" relativeResultsDirectory="9008aa66-59a7-4986-990e-3d5761cfeea5" />
    <UnitTestResult executionId="591320ff-ca8b-4ed5-9fe4-4bec3a708c8b" testId="2d7e19d2-2431-c606-80ec-5dbc51849b84" testName="Alis.Extension.Math.HighSpeedPriorityQueue.Test.SimplePriorityQueueTest.Contains_WhenItemNotInQueue_ShouldReturnFalse" computerName="MacBook-Pro-de-Pablo" duration="00:00:00.0000820" startTime="2026-07-10T18:54:55.9418390+01:00" endTime="2026-07-10T18:54:55.9418390+01:00" testType="13cdc9d9-ddb5-4fa4-a97d-d965ccfc6d4b" outcome="Passed" testListId="8c84fa94-04c1-424b-9868-57a2d4851a1d" relativeResultsDirectory="591320ff-ca8b-4ed5-9fe4-4bec3a708c8b" />
    <UnitTestResult executionId="bcfddc22-72b0-4474-856b-43cad608da2f" testId="16a17000-708b-2124-4a6e-22d3bb9bdd4c" testName="Alis.Extension.Math.HighSpeedPriorityQueue.Test.FastPriorityQueueEdgeTests.Remove_NonLastNode_MaintainsQueueIntegrity" computerName="MacBook-Pro-de-Pablo" duration="00:00:00.0000871" startTime="2026-07-10T18:54:55.9330420+01:00" endTime="2026-07-10T18:54:55.9330420+01:00" testType="13cdc9d9-ddb5-4fa4-a97d-d965ccfc6d4b" outcome="Passed" testListId="8c84fa94-04c1-424b-9868-57a2d4851a1d" relativeResultsDirectory="bcfddc22-72b0-4474-856b-43cad608da2f" />
    <UnitTestResult executionId="b8de52ea-8bb2-40c5-bd86-6048bb20afa1" testId="b5e90ea2-c3f8-b329-628a-ba789a020221" testName="Alis.Extension.Math.HighSpeedPriorityQueue.Test.FastPriorityQueueNodeTest.Contains_ReturnsFalseForNotEnqueuedNode" computerName="MacBook-Pro-de-Pablo" duration="00:00:00.0000269" startTime="2026-07-10T18:54:55.9349890+01:00" endTime="2026-07-10T18:54:55.9349890+01:00" testType="13cdc9d9-ddb5-4fa4-a97d-d965ccfc6d4b" outcome="Passed" testListId="8c84fa94-04c1-424b-9868-57a2d4851a1d" relativeResultsDirectory="b8de52ea-8bb2-40c5-bd86-6048bb20afa1" />
    <UnitTestResult executionId="75571ad1-c382-4808-aebe-f8cd25fafa7a" testId="6b91b651-598f-6d23-5426-ca1115c2c153" testName="Alis.Extension.Math.HighSpeedPriorityQueue.Test.FastPriorityQueueNodeTest.Enqueue_IncreasesCountAndSetsCorrectPriority" computerName="MacBook-Pro-de-Pablo" duration="00:00:00.0000643" startTime="2026-07-10T18:54:55.9335270+01:00" endTime="2026-07-10T18:54:55.9335270+01:00" testType="13cdc9d9-ddb5-4fa4-a97d-d965ccfc6d4b" outcome="Passed" testListId="8c84fa94-04c1-424b-9868-57a2d4851a1d" relativeResultsDirectory="75571ad1-c382-4808-aebe-f8cd25fafa7a" />
    <UnitTestResult executionId="e352baf8-cc32-429b-8d7e-010987d0b29b" testId="00e734b3-fe0c-1ad0-6839-718fb94f918a" testName="Alis.Extension.Math.HighSpeedPriorityQueue.Test.GenericPriorityQueueAdvancedTest.Remove_NonLastAndLastNode_KeepQueueConsistent" computerName="MacBook-Pro-de-Pablo" duration="00:00:00.0000646" startTime="2026-07-10T18:54:55.9318960+01:00" endTime="2026-07-10T18:54:55.9318960+01:00" testType="13cdc9d9-ddb5-4fa4-a97d-d965ccfc6d4b" outcome="Passed" testListId="8c84fa94-04c1-424b-9868-57a2d4851a1d" relativeResultsDirectory="e352baf8-cc32-429b-8d7e-010987d0b29b" />
    <UnitTestResult executionId="784f08d9-f878-4cc5-ad6e-d8b99bd5c557" testId="95652123-09f1-bcf2-f345-9477577691e1" testName="Alis.Extension.Math.HighSpeedPriorityQueue.Test.StablePriorityQueueCoverageTest.GetEnumerator_NonGeneric_ReturnsAllEnqueuedNodes" computerName="MacBook-Pro-de-Pablo" duration="00:00:00.0001302" startTime="2026-07-10T18:54:55.9430910+01:00" endTime="2026-07-10T18:54:55.9430910+01:00" testType="13cdc9d9-ddb5-4fa4-a97d-d965ccfc6d4b" outcome="Passed" testListId="8c84fa94-04c1-424b-9868-57a2d4851a1d" relativeResultsDirectory="784f08d9-f878-4cc5-ad6e-d8b99bd5c557" />
    <UnitTestResult executionId="4fbbb9e6-d030-4179-bb2f-75f7193333fb" testId="506fbfe4-1449-378c-6baf-dc85d433c592" testName="Alis.Extension.Math.HighSpeedPriorityQueue.Test.FastPriorityQueueNodeTest.Resize_IncreasesMaxSizeAndPreservesNodes" computerName="MacBook-Pro-de-Pablo" duration="00:00:00.0001105" startTime="2026-07-10T18:54:55.9358560+01:00" endTime="2026-07-10T18:54:55.9358560+01:00" testType="13cdc9d9-ddb5-4fa4-a97d-d965ccfc6d4b" outcome="Passed" testListId="8c84fa94-04c1-424b-9868-57a2d4851a1d" relativeResultsDirectory="4fbbb9e6-d030-4179-bb2f-75f7193333fb" />
[...]
    <TestEntry testId="119fd932-00b9-7fbe-12db-0f5b42164ab2" executionId="c4905086-c6dd-43c4-bef4-84928c102e82" testListId="8c84fa94-04c1-424b-9868-57a2d4851a1d" />
    <TestEntry testId="587404f9-c231-022e-24d2-7c6e751d3244" executionId="9f5ebc81-6df6-45b4-bbed-a32273ec1273" testListId="8c84fa94-04c1-424b-9868-57a2d4851a1d" />
    <TestEntry testId="75874fef-604a-0b22-51db-758a2fa93d53" executionId="79431c3f-06ed-4049-9460-71e9f1315740" testListId="8c84fa94-04c1-424b-9868-57a2d4851a1d" />
    <TestEntry testId="08a251ab-e216-83fd-2086-1948f61ff59f" executionId="ac488e0f-1c72-4a77-93b9-3de4be3a6ce1" testListId="8c84fa94-04c1-424b-9868-57a2d4851a1d" />
    <TestEntry testId="802ee7c7-82c6-ba55-4b65-9deb027b91cb" executionId="f6dfc061-5bff-4a4f-92e3-903fc5fc3b18" testListId="8c84fa94-04c1-424b-9868-57a2d4851a1d" />
    <TestEntry testId="b80985b9-6dd1-f7f9-7587-ae5e07a230a1" executionId="f463f568-4f52-4a80-ba2f-10d2780b36e3" testListId="8c84fa94-04c1-424b-9868-57a2d4851a1d" />
    <TestEntry testId="b0ccc3e8-d22f-4532-1a69-5e84cb121d75" executionId="3ec624fe-ffed-4766-8e8f-95889009c7f2" testListId="8c84fa94-04c1-424b-9868-57a2d4851a1d" />
    <TestEntry testId="8a24f351-aeff-d050-c15f-422dfc228a18" executionId="f2e390ed-1215-4429-909b-5c5aefec54f3" testListId="8c84fa94-04c1-424b-9868-57a2d4851a1d" />
    <TestEntry testId="5b69f70a-07eb-59d0-1419-36031e4a2406" executionId="46ccbab7-16f2-4537-9730-e9dd5fba770f" testListId="8c84fa94-04c1-424b-9868-57a2d4851a1d" />
    <TestEntry testId="dbdd93e8-f112-7f15-0e81-7e4723f14871" executionId="2c4689e6-77a5-414f-a639-c78b0e8468b2" testListId="8c84fa94-04c1-424b-9868-57a2d4851a1d" />
    <TestEntry testId="34d4248b-b7fb-89ef-a9ab-99bfc38321ff" executionId="35c595c9-1d67-4d94-bded-e3fa6c83d7f8" testListId="8c84fa94-04c1-424b-9868-57a2d4851a1d" />
    <TestEntry testId="a4749f24-bb9a-b2d8-c9f8-67f252bb18a4" executionId="b8f42877-d688-4164-8395-3da482a0ccfa" testListId="8c84fa94-04c1-424b-9868-57a2d4851a1d" />
    <TestEntry testId="e75aa32a-c3b7-b2ac-e87b-8e85fa533066" executionId="4d0a745a-28c8-4679-b722-1039a0dd1f8f" testListId="8c84fa94-04c1-424b-9868-57a2d4851a1d" />
    <TestEntry testId="7b091d6d-bf84-5571-f323-8ba52cbcc020" executionId="7abcf48c-ad2e-49f9-be58-5a22055e3d4b" testListId="8c84fa94-04c1-424b-9868-57a2d4851a1d" />
    <TestEntry testId="36581b4b-1fe2-391b-cd9b-120d9deffa4b" executionId="49d1330b-f7c8-4c13-8f8b-6030bf55846a" testListId="8c84fa94-04c1-424b-9868-57a2d4851a1d" />
    <TestEntry testId="c8a65261-69d4-c56f-002a-c3f6e1333d56" executionId="3cf36b36-754d-4c12-9e4a-53ea6ba42f96" testListId="8c84fa94-04c1-424b-9868-57a2d4851a1d" />
    <TestEntry testId="2ca6d845-3ba6-445b-b3ff-f8ff5d5155c3" executionId="e266e6f4-83a5-4112-a43d-3b25ebd537fc" testListId="8c84fa94-04c1-424b-9868-57a2d4851a1d" />
    <TestEntry testId="a960ccbd-01ba-e966-8dac-1129cf24d208" executionId="cbf124be-434e-43f9-9f7a-5e3fb239128c" testListId="8c84fa94-04c1-424b-9868-57a2d4851a1d" />
    <TestEntry testId="22a837f9-b720-e692-1818-0a2ef4d66c07" executionId="ae9cf3d1-ad67-43f1-9f15-7bb1216b811a" testListId="8c84fa94-04c1-424b-9868-57a2d4851a1d" />
    <TestEntry testId="7f5088a0-7111-90be-d230-3ab2f2e4a961" executionId="cec6f366-8a96-4c47-ad2a-884063526085" testListId="8c84fa94-04c1-424b-9868-57a2d4851a1d" />
    <TestEntry testId="a824ca09-3c3f-a2c6-418c-ea241d4edb00" executionId="d4b7fd77-1bce-4c49-87c7-1fe531cdeb3f" testListId="8c84fa94-04c1-424b-9868-57a2d4851a1d" />
    <TestEntry testId="112e33cf-a0e5-6589-0615-5e468f10cb85" executionId="14381f58-9b90-48c8-a495-08306c77f641" testListId="8c84fa94-04c1-424b-9868-57a2d4851a1d" />
    <TestEntry testId="807cf686-ec83-c3bf-6c3d-93b573640f7b" executionId="fba234a5-bcd5-488b-a408-a4ebd8550a59" testListId="8c84fa94-04c1-424b-9868-57a2d4851a1d" />
    <TestEntry testId="d3da2f75-8280-1285-4fc2-c101f202f5a0" executionId="71b361b3-a862-4689-ada0-17ace9d84547" testListId="8c84fa94-04c1-424b-9868-57a2d4851a1d" />
    <TestEntry testId="e0d958ad-c837-154b-5e67-a0674abdaf53" executionId="a2f5793b-3b0f-48ae-b82b-2de1d359e8ab" testListId="8c84fa94-04c1-424b-9868-57a2d4851a1d" />
    <TestEntry testId="9604a8c7-1ccb-404e-c376-3ef25216d1b8" executionId="6dbe14c8-ce8c-4181-9efa-271b3046f3e9" testListId="8c84fa94-04c1-424b-9868-57a2d4851a1d" />
    <TestEntry testId="39df800d-0920-249f-552f-21647d186da7" executionId="d08bb552-a1f3-4aa2-8422-83787ada8c53" testListId="8c84fa94-04c1-424b-9868-57a2d4851a1d" />
    <TestEntry testId="cde82ee9-3ad6-8dee-58d7-3a0280a23760" executionId="b804172c-28f1-425a-b4cb-2997baa2c129" testListId="8c84fa94-04c1-424b-9868-57a2d4851a1d" />
    <TestEntry testId="65d28b40-3486-6428-378c-6fe3e5f3aad5" executionId="ba3fb1cd-dbc8-4730-9bc3-6be0d27d2fdc" testListId="8c84fa94-04c1-424b-9868-57a2d4851a1d" />
    <TestEntry testId="4af3bbfe-5a90-3a1a-204d-c784e025ae12" executionId="6767f00a-fd9a-440b-8b48-f4d7c0b4243f" testListId="8c84fa94-04c1-424b-9868-57a2d4851a1d" />
    <TestEntry testId="f0e616f0-0c2d-5250-a748-f49942114e0d" executionId="f354522e-173f-45c6-9f60-c92381cd70fe" testListId="8c84fa94-04c1-424b-9868-57a2d4851a1d" />
    <TestEntry testId="a69b8d18-5aaf-abb6-82ea-e1fb73996345" executionId="746ab814-cb90-420d-afca-e7b4c298befb" testListId="8c84fa94-04c1-424b-9868-57a2d4851a1d" />
    <TestEntry testId="c7f5323c-b4b0-5b97-b9d6-2827df12775e" executionId="9957ef6b-eed7-4c83-b666-dc3b4c5d5d36" testListId="8c84fa94-04c1-424b-9868-57a2d4851a1d" />
    <TestEntry testId="bcc4ce77-0f4c-5db3-e457-137983801004" executionId="6d030c28-7f2d-408f-b00a-babf64f734cc" testListId="8c84fa94-04c1-424b-9868-57a2d4851a1d" />
    <TestEntry testId="6367bae9-9bfc-bac7-8022-60ed21fb52b2" executionId="9f35cf76-c160-4c27-a913-a4f91e275988" testListId="8c84fa94-04c1-424b-9868-57a2d4851a1d" />
    <TestEntry testId="30070115-7dcc-411b-2315-382da9d30055" executionId="ab8999d0-a64e-45cd-a87f-dcce07339efb" testListId="8c84fa94-04c1-424b-9868-57a2d4851a1d" />
    <TestEntry testId="20f611d7-8bb9-6bd7-f396-d586751fc8fe" executionId="68be3aec-99f2-4229-b252-433a4248a3b1" testListId="8c84fa94-04c1-424b-9868-57a2d4851a1d" />
    <TestEntry testId="5a31d2e5-a981-1e26-725e-1d38776e0b53" executionId="7276ff90-a16b-4569-ae74-580b767a3cff" testListId="8c84fa94-04c1-424b-9868-57a2d4851a1d" />
    <TestEntry testId="5bb22419-5860-e738-99b7-d4e93dfd149a" executionId="a1cc714d-9b55-4b08-a84a-a6e53e0d6081" testListId="8c84fa94-04c1-424b-9868-57a2d4851a1d" />
    <TestEntry testId="6214bd6f-af47-3c1e-d6f4-9d77c3e39cd5" executionId="3e14e6a9-a30e-44b6-8385-7644fbd56db2" testListId="8c84fa94-04c1-424b-9868-57a2d4851a1d" />
    <TestEntry testId="8bbb6ed8-264a-8401-0721-d865394ae0cd" executionId="2dbdea16-c3e5-4429-8988-b98dbf9d0365" testListId="8c84fa94-04c1-424b-9868-57a2d4851a1d" />
    <TestEntry testId="1af417e7-66a1-6d15-5ee0-96b7aa919f0a" executionId="7ba84a14-724c-4de8-b5ef-39687b952d3a" testListId="8c84fa94-04c1-424b-9868-57a2d4851a1d" />
    <TestEntry testId="9c9ce20d-4210-cb57-f27f-2f7b4e6ac92c" executionId="95eb2e6e-8660-4979-9260-7022e85f5183" testListId="8c84fa94-04c1-424b-9868-57a2d4851a1d" />
    <TestEntry testId="7a018779-10c1-18f3-1b53-613548239e67" executionId="b79c70c2-a724-4854-895c-82129d83edd6" testListId="8c84fa94-04c1-424b-9868-57a2d4851a1d" />
    <TestEntry testId="00d32a53-ed5d-0dc4-054d-6caad2ca1d1f" executionId="24b79590-eaf3-4aac-9a55-2cec4c372aca" testListId="8c84fa94-04c1-424b-9868-57a2d4851a1d" />
    <TestEntry testId="5ade2d66-ee9c-3687-3856-a157a845e636" executionId="6340b4ac-d904-4339-916d-9db0db8ffada" testListId="8c84fa94-04c1-424b-9868-57a2d4851a1d" />
    <TestEntry testId="827a0f04-e668-89e6-84b6-c25afaa58f15" executionId="bc912703-8ed5-4b53-9ac4-9b15d65aa708" testListId="8c84fa94-04c1-424b-9868-57a2d4851a1d" />
    <TestEntry testId="950dfceb-67e8-a31a-b21c-80e71b4fe446" executionId="9d4e42f8-27e1-4409-bb92-f1d54b7d4034" testListId="8c84fa94-04c1-424b-9868-57a2d4851a1d" />
    <TestEntry testId="9c90dcdb-6a98-344a-b4f3-3ae1c73b857b" executionId="dd6b3f79-4b2f-49ee-b4fb-db89c426cb1c" testListId="8c84fa94-04c1-424b-9868-57a2d4851a1d" />
    <TestEntry testId="55942ea5-cbc9-404f-eac6-2be246c278a5" executionId="fb4d18a0-8e9b-4a66-a970-7967863e3438" testListId="8c84fa94-04c1-424b-9868-57a2d4851a1d" />
    <TestEntry testId="c86188e3-b733-f8f6-ece8-c6c1c5fb2161" executionId="f0e15ae7-94b6-4d1b-9250-592ad5f29195" testListId="8c84fa94-04c1-424b-9868-57a2d4851a1d" />
    <TestEntry testId="5875ecb7-7859-dc76-0806-9247a96e582d" executionId="024837ff-3a8a-4477-91de-5379c17f7265" testListId="8c84fa94-04c1-424b-9868-57a2d4851a1d" />
    <TestEntry testId="aba52939-79cb-eebe-364a-55f431945df3" executionId="a362f372-db39-4f03-90c1-7e2c66706d9c" testListId="8c84fa94-04c1-424b-9868-57a2d4851a1d" />
    <TestEntry testId="2e04b1b0-8bc1-eca0-dac7-961bb00b624c" executionId="f17311eb-674f-4516-889c-13673b5fb19f" testListId="8c84fa94-04c1-424b-9868-57a2d4851a1d" />
    <TestEntry testId="ead4228d-b7e4-9169-de6c-1d3e395b3184" executionId="248eefd4-c31b-4f69-b09c-45d757bff493" testListId="8c84fa94-04c1-424b-9868-57a2d4851a1d" />
    <TestEntry testId="ea45db7c-b3a3-1b4b-7274-b4521a97a374" executionId="f040d116-ba81-4b2c-93e2-8d0859731982" testListId="8c84fa94-04c1-424b-9868-57a2d4851a1d" />
    <TestEntry testId="28a88129-7df1-906f-c432-6b846942cfb2" executionId="169544e2-a32e-47eb-975d-dc5c43a1cfa6" testListId="8c84fa94-04c1-424b-9868-57a2d4851a1d" />
    <TestEntry testId="44b4d933-0fb9-5078-78a7-8c7ff9fd0f3b" executionId="98c6a907-f582-4ee8-a8c1-7af896363a53" testListId="8c84fa94-04c1-424b-9868-57a2d4851a1d" />
    <TestEntry testId="b1b1b7f5-a012-9777-e288-a549860e57ee" executionId="4d1b8429-e798-4415-abf5-7809a39ef058" testListId="8c84fa94-04c1-424b-9868-57a2d4851a1d" />
    <TestEntry testId="27d1b3f8-1f76-ae27-7bd6-0bb90e417b90" executionId="9783780f-efac-48cc-9265-387eb79dd618" testListId="8c84fa94-04c1-424b-9868-57a2d4851a1d" />
    <TestEntry testId="a04dbb77-efdb-d679-a28c-cf38a5d836b4" executionId="e453cc5f-0c59-4fdc-9928-82818915fbd8" testListId="8c84fa94-04c1-424b-9868-57a2d4851a1d" />
    <TestEntry testId="de6f620b-2dc8-2a89-ce02-76ea29b4e4bb" executionId="29fcb908-48a0-4c69-a69b-57ef346b1da6" testListId="8c84fa94-04c1-424b-9868-57a2d4851a1d" />
    <TestEntry testId="d6dc1ffe-09dc-4c76-0427-14411269e759" executionId="f63d6fcb-5fcb-4fa0-964a-880f1a136e5e" testListId="8c84fa94-04c1-424b-9868-57a2d4851a1d" />
    <TestEntry testId="9299cfcd-f7e7-c72d-02c2-9fe8b6af5f34" executionId="bc84b892-931b-4faf-8578-dd2607d8af69" testListId="8c84fa94-04c1-424b-9868-57a2d4851a1d" />
    <TestEntry testId="8c031d39-508e-2722-3754-57d35d357edb" executionId="628c3d38-0908-4d75-acda-3a0db685f3e0" testListId="8c84fa94-04c1-424b-9868-57a2d4851a1d" />
    <TestEntry testId="b0ffa891-9dd6-b87c-af7f-6ee558c83e1b" executionId="4e280589-b26a-468e-84c0-6a4f74a2f512" testListId="8c84fa94-04c1-424b-9868-57a2d4851a1d" />
    <TestEntry testId="0d1d30ab-67ca-0477-63ca-305814d036eb" executionId="fef5e54a-28c6-4f82-ad64-2363e085e1b7" testListId="8c84fa94-04c1-424b-9868-57a2d4851a1d" />
    <TestEntry testId="bdb96f03-b77b-a590-35d7-a7dbfaa2ebb5" executionId="cb29b2a6-133e-477b-92c5-fd9b640047da" testListId="8c84fa94-04c1-424b-9868-57a2d4851a1d" />
    <TestEntry testId="fd5bd8f5-404a-093a-8d65-a42d920f6f76" executionId="f6cce92e-b280-48fa-acdb-7320d570846c" testListId="8c84fa94-04c1-424b-9868-57a2d4851a1d" />
    <TestEntry testId="4894bda5-b635-7bf2-ca4d-4f2b32eb3dc5" executionId="fe639383-2b16-46ce-b26a-3d8140148914" testListId="8c84fa94-04c1-424b-9868-57a2d4851a1d" />
    <TestEntry testId="c2b647ba-a229-d42d-268d-e764721227c6" executionId="5f1b75af-2e9c-48c3-82a2-c8fea23cd30e" testListId="8c84fa94-04c1-424b-9868-57a2d4851a1d" />
    <TestEntry testId="48481927-9d5f-8cea-0e90-b03bcaffb26a" executionId="96a415b2-0d10-4cb6-9fab-4da65318e921" testListId="8c84fa94-04c1-424b-9868-57a2d4851a1d" />
    <TestEntry testId="18f59a17-93f8-aefd-adf6-646c4321b0b7" executionId="1d0d5a65-1ab6-4bfe-9d60-7b8452b8e760" testListId="8c84fa94-04c1-424b-9868-57a2d4851a1d" />
    <TestEntry testId="d0ae12be-8478-5f55-97e4-15ed5d860411" executionId="b53b05cd-d366-4d94-bcdf-0c25809c153c" testListId="8c84fa94-04c1-424b-9868-57a2d4851a1d" />
    <TestEntry testId="ddb3ce87-0ba7-9c0b-35ed-a73ce31074b4" executionId="3dfe2e2f-770a-4133-9a9e-e053d8d0cef0" testListId="8c84fa94-04c1-424b-9868-57a2d4851a1d" />
    <TestEntry testId="b914c3ef-c179-c5b3-853b-595688193d33" executionId="a7ce8fe6-96ee-42f0-ad12-326b7caf1f20" testListId="8c84fa94-04c1-424b-9868-57a2d4851a1d" />
    <TestEntry testId="dd074c4e-5ae6-3a4e-d48a-ecfa90f07e5a" executionId="830f333e-db25-4809-8dfb-81c290a1e587" testListId="8c84fa94-04c1-424b-9868-57a2d4851a1d" />
    <TestEntry testId="f34283f7-3919-120b-2cc9-f4341cb90d73" executionId="873d4f61-0c33-4585-b592-f5dae9f35585" testListId="8c84fa94-04c1-424b-9868-57a2d4851a1d" />
    <TestEntry testId="cc60c50f-8186-fd3b-8918-d7e6e21ee891" executionId="547a3144-4025-48da-a0df-ae414d0dcd7d" testListId="8c84fa94-04c1-424b-9868-57a2d4851a1d" />
    <TestEntry testId="ca251d99-0225-6f67-66ff-bff0f0c5da06" executionId="7b29f131-aa8b-4c4a-86d0-ee4c0f7deb22" testListId="8c84fa94-04c1-424b-9868-57a2d4851a1d" />
    <TestEntry testId="edea634d-0574-bd45-4d69-76cf3ebd3832" executionId="9008aa66-59a7-4986-990e-3d5761cfeea5" testListId="8c84fa94-04c1-424b-9868-57a2d4851a1d" />
    <TestEntry testId="2d7e19d2-2431-c606-80ec-5dbc51849b84" executionId="591320ff-ca8b-4ed5-9fe4-4bec3a708c8b" testListId="8c84fa94-04c1-424b-9868-57a2d4851a1d" />
    <TestEntry testId="16a17000-708b-2124-4a6e-22d3bb9bdd4c" executionId="bcfddc22-72b0-4474-856b-43cad608da2f" testListId="8c84fa94-04c1-424b-9868-57a2d4851a1d" />
    <TestEntry testId="b5e90ea2-c3f8-b329-628a-ba789a020221" executionId="b8de52ea-8bb2-40c5-bd86-6048bb20afa1" testListId="8c84fa94-04c1-424b-9868-57a2d4851a1d" />
    <TestEntry testId="6b91b651-598f-6d23-5426-ca1115c2c153" executionId="75571ad1-c382-4808-aebe-f8cd25fafa7a" testListId="8c84fa94-04c1-424b-9868-57a2d4851a1d" />
    <TestEntry testId="00e734b3-fe0c-1ad0-6839-718fb94f918a" executionId="e352baf8-cc32-429b-8d7e-010987d0b29b" testListId="8c84fa94-04c1-424b-9868-57a2d4851a1d" />
    <TestEntry testId="95652123-09f1-bcf2-f345-9477577691e1" executionId="784f08d9-f878-4cc5-ad6e-d8b99bd5c557" testListId="8c84fa94-04c1-424b-9868-57a2d4851a1d" />
    <TestEntry testId="506fbfe4-1449-378c-6baf-dc85d433c592" executionId="4fbbb9e6-d030-4179-bb2f-75f7193333fb" testListId="8c84fa94-04c1-424b-9868-57a2d4851a1d" />
    <TestEntry testId="ed5e03df-6d54-507c-b166-35b94aaaadd1" executionId="5077e47b-f3dd-4c52-aa26-32c2b2642c9c" testListId="8c84fa94-04c1-424b-9868-57a2d4851a1d" />
    <TestEntry testId="6d44cbd7-f57a-0ae9-4d94-dec6c19bb7a3" executionId="7dfa0cc3-dade-4104-8793-1daa7a2f3014" testListId="8c84fa94-04c1-424b-9868-57a2d4851a1d" />
    <TestEntry testId="649e2497-04f1-cdb4-e1bf-af555d95bc96" executionId="b01e66af-84bd-40ab-9620-ceb51b466845" testListId="8c84fa94-04c1-424b-9868-57a2d4851a1d" />
    <TestEntry testId="d1ff4973-823d-5512-45b2-0c6f8041496c" executionId="772a1d8e-79d2-4bab-be25-01dcb874804c" testListId="8c84fa94-04c1-424b-9868-57a2d4851a1d" />
    <TestEntry testId="ecd8cb19-2a1e-35ff-89f9-fac9eef47c32" executionId="0ed2965b-cdc6-4381-846f-17ccba9dc2e5" testListId="8c84fa94-04c1-424b-9868-57a2d4851a1d" />
    <TestEntry testId="0e76ab7b-f42d-6e13-9640-bdd364480b80" executionId="47d85dd5-5312-42a7-8592-e175b1c8ab23" testListId="8c84fa94-04c1-424b-9868-57a2d4851a1d" />
    <TestEntry testId="b1ab52bf-e9cb-56e8-410c-9dec72d437e6" executionId="86ea9397-8ce9-4422-87bf-8a0f4aa8383f" testListId="8c84fa94-04c1-424b-9868-57a2d4851a1d" />
    <TestEntry testId="84a01e11-c69c-45ca-537d-63a94b282768" executionId="ac4b3ce8-5547-4733-8ea8-f72396b343ea" testListId="8c84fa94-04c1-424b-9868-57a2d4851a1d" />
    <TestEntry testId="63fecca3-a851-a071-268f-23bfcf2cfcbb" executionId="445e0194-4819-46ed-9720-c9604da285b8" testListId="8c84fa94-04c1-424b-9868-57a2d4851a1d" />
    <TestEntry testId="06a64975-028f-56d9-9301-4e3ebdf80e6d" executionId="d446937d-13f0-44ce-81e8-c91cc039ee51" testListId="8c84fa94-04c1-424b-9868-57a2d4851a1d" />
    <TestEntry testId="dc7cb2a5-9b31-58bf-6375-c31dfd8339bb" executionId="51b8c40c-5014-4467-b72f-9061aff30dcf" testListId="8c84fa94-04c1-424b-9868-57a2d4851a1d" />
    <TestEntry testId="80dffd1d-2e2b-2ab6-74e7-8cd3f459a5cd" executionId="9564461d-85b3-4752-8c32-b851ac6e2506" testListId="8c84fa94-04c1-424b-9868-57a2d4851a1d" />
    <TestEntry testId="faf7e330-9b14-dcb5-ced4-0ed71a2ed2b6" executionId="0085f78b-4b97-462a-ad8c-2eeb129f6ab6" testListId="8c84fa94-04c1-424b-9868-57a2d4851a1d" />
    <TestEntry testId="dffce439-582e-d858-6aa1-7ad07b06206a" executionId="ecfafbad-e948-4adb-93b5-582fa15e89e5" testListId="8c84fa94-04c1-424b-9868-57a2d4851a1d" />
    <TestEntry testId="197c0655-ed5d-9c92-ae9b-de3f6b3b65ff" executionId="6f15eef4-35fe-4a10-94bb-070e7f25a6e5" testListId="8c84fa94-04c1-424b-9868-57a2d4851a1d" />
    <TestEntry testId="8c85d0a9-8323-7191-3671-8aea446bf08f" executionId="bb10933f-5f3e-4b6c-832e-73bfc259b1de" testListId="8c84fa94-04c1-424b-9868-57a2d4851a1d" />
    <TestEntry testId="bff2f696-8600-b3d6-7ef8-f9dfca24484f" executionId="84b900d8-568b-4f84-b962-0c86ee0a797b" testListId="8c84fa94-04c1-424b-9868-57a2d4851a1d" />
    <TestEntry testId="d3ddb2eb-cd7a-d91d-d532-d7a19ac17596" executionId="3bdf1ada-f99f-4da5-98e3-a8e5e3d2449a" testListId="8c84fa94-04c1-424b-9868-57a2d4851a1d" />
    <TestEntry testId="a877801b-652e-a6cd-ac44-c045922f409d" executionId="cfe468a8-e71c-4eb6-b913-de07ae842ae8" testListId="8c84fa94-04c1-424b-9868-57a2d4851a1d" />
    <TestEntry testId="400ff62e-6ec5-b13b-289a-b7a83aeaff2f" executionId="e96aedad-99fd-42f2-a050-a7d3e346d078" testListId="8c84fa94-04c1-424b-9868-57a2d4851a1d" />
    <TestEntry testId="29ed3065-0f76-9a7b-234f-17fd77a61971" executionId="9d01edc8-914b-4e8c-8ddd-fc0120c849f1" testListId="8c84fa94-04c1-424b-9868-57a2d4851a1d" />
    <TestEntry testId="01fe13c5-5be4-afb3-ce31-45b95c8faf0a" executionId="5c11fa4c-3d9a-4559-a242-91fa25f8d1b6" testListId="8c84fa94-04c1-424b-9868-57a2d4851a1d" />
    <TestEntry testId="5c8bbd3c-3a61-590e-0625-710ca6792872" executionId="4bd1655c-d7ae-4ca1-9347-aea7790f9e20" testListId="8c84fa94-04c1-424b-9868-57a2d4851a1d" />
    <TestEntry testId="deff25f4-baaa-4eb2-5b71-0a2b9bc3c079" executionId="740fab26-d219-42ed-907f-10cad9fcfe81" testListId="8c84fa94-04c1-424b-9868-57a2d4851a1d" />
  </TestEntries>
  <TestLists>
    <TestList name="Resultados sin formato de lista" id="8c84fa94-04c1-424b-9868-57a2d4851a1d" />
    <TestList name="Todos los resultados cargados" id="19431567-8539-422a-85d7-44ee4e166bda" />
  </TestLists>
  <ResultSummary outcome="Completed">
    <Counters total="161" executed="161" passed="161" failed="0" error="0" timeout="0" aborted="0" inconclusive="0" passedButRunAborted="0" notRunnable="0" notExecuted="0" disconnected="0" warning="0" completed="0" inProgress="0" pending="0" />
    <Output>
      <StdOut>[xUnit.net 00:00:00.00] xUnit.net VSTest Adapter v2.5.6+bf9b858c26 (64-bit .NET 8.0.27)
[xUnit.net 00:00:00.03]   Discovering: Alis.Extension.Math.HighSpeedPriorityQueue.Test
[xUnit.net 00:00:00.04]   Discovered:  Alis.Extension.Math.HighSpeedPriorityQueue.Test
[xUnit.net 00:00:00.04]   Starting:    Alis.Extension.Math.HighSpeedPriorityQueue.Test
[xUnit.net 00:00:00.12]   Finished:    Alis.Extension.Math.HighSpeedPriorityQueue.Test
</StdOut>
    </Output>
    <CollectorDataEntries>
      <Collector agentName="MacBook-Pro-de-Pablo" uri="datacollector://microsoft/CoverletCodeCoverage/1.0" collectorDisplayName="XPlat code coverage">
        <UriAttachments>
          <UriAttachment>
            <A href="MacBook-Pro-de-Pablo/coverage.cobertura.xml"></A>
          </UriAttachment>
        </UriAttachments>
      </Collector>
    </CollectorDataEntries>
  </ResultSummary>
</TestRun>