<?xml version="1.0" encoding="utf-8"?>
<TestRun id="681d7b86-e37f-40ee-bfe3-3e3ed8d02222" name="@MacBook-Pro-de-Pablo 2026-07-10 21:37:14" xmlns="http://microsoft.com/schemas/VisualStudio/TeamTest/2010">
  <Times creation="2026-07-10T21:37:15.0102060+01:00" queuing="2026-07-10T21:37:15.0102060+01:00" start="2026-07-10T21:37:13.4773220+01:00" finish="2026-07-10T21:37:15.6743760+01:00" />
  <TestSettings name="default" id="51320cf1-1c19-4622-87d7-5c5f0672389a">
    <Deployment runDeploymentRoot="_MacBook-Pro-de-Pablo_2026-07-10_21_37_14" />
  </TestSettings>
  <Results>
    <UnitTestResult executionId="c7e7d822-607f-4d86-ba8a-f8f1119bf7fa" testId="cd1aa3cd-0b6c-24ee-87de-845cbfb8a5c1" testName="Alis.Extension.Io.FileDialog.Test.FilePickerFilterTest.Constructor_WithEmptyExtensionsArray_ShouldThrowArgumentException" computerName="MacBook-Pro-de-Pablo" duration="00:00:00.0000655" startTime="2026-07-10T21:37:15.2711960+01:00" endTime="2026-07-10T21:37:15.2711960+01:00" testType="13cdc9d9-ddb5-4fa4-a97d-d965ccfc6d4b" outcome="Passed" testListId="8c84fa94-04c1-424b-9868-57a2d4851a1d" relativeResultsDirectory="c7e7d822-607f-4d86-ba8a-f8f1119bf7fa" />
    <UnitTestResult executionId="0d41f034-c07d-4140-aac8-194784b8a9d0" testId="a99bf7ee-e69e-2eee-301e-826c36183670" testName="Alis.Extension.Io.FileDialog.Test.FilePickerPathConverterTest.NormalizePath_WithValidPath_ShouldPreservePath" computerName="MacBook-Pro-de-Pablo" duration="00:00:00.0000209" startTime="2026-07-10T21:37:15.0028420+01:00" endTime="2026-07-10T21:37:15.0028420+01:00" testType="13cdc9d9-ddb5-4fa4-a97d-d965ccfc6d4b" outcome="Passed" testListId="8c84fa94-04c1-424b-9868-57a2d4851a1d" relativeResultsDirectory="0d41f034-c07d-4140-aac8-194784b8a9d0" />
    <UnitTestResult executionId="9a1bcdde-bf4c-4f3c-a468-dd785e7b350a" testId="f1867c35-0942-f7b3-a8dd-c8479fde6ad9" testName="Alis.Extension.Io.FileDialog.Test.FilePickerPathConverterCoverageTest.SplitMultiplePaths_WithCarriageReturnOnly_ShouldReturnEmpty" computerName="MacBook-Pro-de-Pablo" duration="00:00:00.0000265" startTime="2026-07-10T21:37:15.2668580+01:00" endTime="2026-07-10T21:37:15.2668580+01:00" testType="13cdc9d9-ddb5-4fa4-a97d-d965ccfc6d4b" outcome="Passed" testListId="8c84fa94-04c1-424b-9868-57a2d4851a1d" relativeResultsDirectory="9a1bcdde-bf4c-4f3c-a468-dd785e7b350a" />
    <UnitTestResult executionId="f0fe3967-de84-40ce-8774-904b6f6fe626" testId="8a831a48-3905-4e34-df2b-4ea8da281c4c" testName="Alis.Extension.Io.FileDialog.Test.FilePickerExecutorTest.CommandExists_WithCommandContainingSpecialChars_ReturnsFalse" computerName="MacBook-Pro-de-Pablo" duration="00:00:00.0010000" startTime="2026-07-10T21:37:15.1954270+01:00" endTime="2026-07-10T21:37:15.1954270+01:00" testType="13cdc9d9-ddb5-4fa4-a97d-d965ccfc6d4b" outcome="NotExecuted" testListId="8c84fa94-04c1-424b-9868-57a2d4851a1d" relativeResultsDirectory="f0fe3967-de84-40ce-8774-904b6f6fe626">
      <Output>
        <ErrorInfo>
          <Message>Only running in linux mode</Message>
        </ErrorInfo>
      </Output>
    </UnitTestResult>
    <UnitTestResult executionId="b88c1e6f-86a3-4293-a3fe-a94240befacf" testId="c5dae6ae-ea87-a2c8-35a3-4defec867c22" testName="Alis.Extension.Io.FileDialog.Test.FilePickerExecutorTest.CommandExists_WithCommandContainingSpecialCharsOnMac_ReturnsFalse" computerName="MacBook-Pro-de-Pablo" duration="00:00:00.0146951" startTime="2026-07-10T21:37:15.2417940+01:00" endTime="2026-07-10T21:37:15.2417940+01:00" testType="13cdc9d9-ddb5-4fa4-a97d-d965ccfc6d4b" outcome="Passed" testListId="8c84fa94-04c1-424b-9868-57a2d4851a1d" relativeResultsDirectory="b88c1e6f-86a3-4293-a3fe-a94240befacf" />
    <UnitTestResult executionId="3d89e475-6ce7-4da8-a20e-671950aec320" testId="cf21e4be-a1f7-24b8-4549-d1942a277514" testName="Alis.Extension.Io.FileDialog.Test.FilePickerExecutorTest.ExecuteCommand_WithEchoCommandOnMac_ReturnsExpectedOutput" computerName="MacBook-Pro-de-Pablo" duration="00:00:00.0125821" startTime="2026-07-10T21:37:15.2079140+01:00" endTime="2026-07-10T21:37:15.2079140+01:00" testType="13cdc9d9-ddb5-4fa4-a97d-d965ccfc6d4b" outcome="Passed" testListId="8c84fa94-04c1-424b-9868-57a2d4851a1d" relativeResultsDirectory="3d89e475-6ce7-4da8-a20e-671950aec320" />
    <UnitTestResult executionId="2d9fd03b-1ced-4c11-86a7-a2420f387bfd" testId="46ce9e7c-8187-5e19-36d6-d665868f71c8" testName="Alis.Extension.Io.FileDialog.Test.FilePickerOptionsTest.WithFilter_WithNullFilter_ShouldThrowArgumentNullException" computerName="MacBook-Pro-de-Pablo" duration="00:00:00.0001065" startTime="2026-07-10T21:37:15.2649100+01:00" endTime="2026-07-10T21:37:15.2649100+01:00" testType="13cdc9d9-ddb5-4fa4-a97d-d965ccfc6d4b" outcome="Passed" testListId="8c84fa94-04c1-424b-9868-57a2d4851a1d" relativeResultsDirectory="2d9fd03b-1ced-4c11-86a7-a2420f387bfd" />
    <UnitTestResult executionId="4dfbcc7a-2404-4cbf-804a-8beb822b51d7" testId="7664ee85-859d-b99f-b135-00921cb50592" testName="Alis.Extension.Io.FileDialog.Test.FilePickerResultTest.ConstructorWithString_ShouldCreateSuccessfulResult" computerName="MacBook-Pro-de-Pablo" duration="00:00:00.0000349" startTime="2026-07-10T21:37:15.2737740+01:00" endTime="2026-07-10T21:37:15.2737740+01:00" testType="13cdc9d9-ddb5-4fa4-a97d-d965ccfc6d4b" outcome="Passed" testListId="8c84fa94-04c1-424b-9868-57a2d4851a1d" relativeResultsDirectory="4dfbcc7a-2404-4cbf-804a-8beb822b51d7" />
    <UnitTestResult executionId="9617fcae-8afc-4165-8945-2da9de968b56" testId="676e01a0-1c06-d710-2017-93092b252053" testName="Alis.Extension.Io.FileDialog.Test.FilePickerPathConverterTest.SplitMultiplePaths_WithMixedContent_ShouldFilterEmpty" computerName="MacBook-Pro-de-Pablo" duration="00:00:00.0051275" startTime="2026-07-10T21:37:14.9889530+01:00" endTime="2026-07-10T21:37:14.9889530+01:00" testType="13cdc9d9-ddb5-4fa4-a97d-d965ccfc6d4b" outcome="Passed" testListId="8c84fa94-04c1-424b-9868-57a2d4851a1d" relativeResultsDirectory="9617fcae-8afc-4165-8945-2da9de968b56" />
    <UnitTestResult executionId="d6351490-8794-41b1-928c-f6df88ea259a" testId="427b633b-d37d-e09f-8798-8cf839f65f40" testName="Alis.Extension.Io.FileDialog.Test.FilePickerValidatorTest.IsValidDirectoryPath_WithExistingDirectory_ShouldReturnTrue" computerName="MacBook-Pro-de-Pablo" duration="00:00:00.0000335" startTime="2026-07-10T21:37:15.2510350+01:00" endTime="2026-07-10T21:37:15.2510350+01:00" testType="13cdc9d9-ddb5-4fa4-a97d-d965ccfc6d4b" outcome="Passed" testListId="8c84fa94-04c1-424b-9868-57a2d4851a1d" relativeResultsDirectory="d6351490-8794-41b1-928c-f6df88ea259a" />
    <UnitTestResult executionId="4cbdce5e-97f5-4bf0-93bc-1b07e73ad168" testId="35212628-de46-6ff3-c952-7b44938de356" testName="Alis.Extension.Io.FileDialog.Test.FilePickerValidatorTest.ValidateOptions_WithNull_ShouldThrowArgumentNullException" computerName="MacBook-Pro-de-Pablo" duration="00:00:00.0000948" startTime="2026-07-10T21:37:15.2478760+01:00" endTime="2026-07-10T21:37:15.2478760+01:00" testType="13cdc9d9-ddb5-4fa4-a97d-d965ccfc6d4b" outcome="Passed" testListId="8c84fa94-04c1-424b-9868-57a2d4851a1d" relativeResultsDirectory="4cbdce5e-97f5-4bf0-93bc-1b07e73ad168" />
    <UnitTestResult executionId="e7a2e39e-fc99-4a5f-872c-0c5018012b2e" testId="2b83dd8d-e9f7-d9b7-c6af-8e039dd071c8" testName="Alis.Extension.Io.FileDialog.Test.FilePickerExecutorTest.CommandExists_WithLsCommand_ReturnsTrue" computerName="MacBook-Pro-de-Pablo" duration="00:00:00.0010000" startTime="2026-07-10T21:37:15.0345780+01:00" endTime="2026-07-10T21:37:15.0345780+01:00" testType="13cdc9d9-ddb5-4fa4-a97d-d965ccfc6d4b" outcome="NotExecuted" testListId="8c84fa94-04c1-424b-9868-57a2d4851a1d" relativeResultsDirectory="e7a2e39e-fc99-4a5f-872c-0c5018012b2e">
      <Output>
        <ErrorInfo>
          <Message>Only running in linux mode</Message>
        </ErrorInfo>
      </Output>
    </UnitTestResult>
    <UnitTestResult executionId="3fce0c8c-1c06-4bdb-8501-a5626aa13b81" testId="ec011590-dcaf-7f81-ca12-02e391ae5c27" testName="Alis.Extension.Io.FileDialog.Test.FilePickerPathConverterTest.SplitMultiplePaths_WithSinglePath_ShouldReturnSingleElement" computerName="MacBook-Pro-de-Pablo" duration="00:00:00.0003818" startTime="2026-07-10T21:37:15.0033520+01:00" endTime="2026-07-10T21:37:15.0033520+01:00" testType="13cdc9d9-ddb5-4fa4-a97d-d965ccfc6d4b" outcome="Passed" testListId="8c84fa94-04c1-424b-9868-57a2d4851a1d" relativeResultsDirectory="3fce0c8c-1c06-4bdb-8501-a5626aa13b81" />
    <UnitTestResult executionId="e4b5c56e-0ca4-41ea-ac6d-7a8025834a2f" testId="62897cba-41d8-ab81-22f7-308e1404b993" testName="Alis.Extension.Io.FileDialog.Test.FilePickerExecutorTest.ExecuteCommand_WithArgumentsContainingSpaces_ReturnsOutput" computerName="MacBook-Pro-de-Pablo" duration="00:00:00.0010000" startTime="2026-07-10T21:37:15.1947050+01:00" endTime="2026-07-10T21:37:15.1947050+01:00" testType="13cdc9d9-ddb5-4fa4-a97d-d965ccfc6d4b" outcome="NotExecuted" testListId="8c84fa94-04c1-424b-9868-57a2d4851a1d" relativeResultsDirectory="e4b5c56e-0ca4-41ea-ac6d-7a8025834a2f">
      <Output>
        <ErrorInfo>
          <Message>Only running in linux mode</Message>
        </ErrorInfo>
      </Output>
    </UnitTestResult>
    <UnitTestResult executionId="97cf2c4b-b4f4-401a-88c3-fe28b457e9c1" testId="97a4c146-fcc2-1f33-05b3-206ca6a8e5d8" testName="Alis.Extension.Io.FileDialog.Test.FilePickerPathConverterRemainingCoverageTests.SplitMultiplePaths_WhenNormalizePathLoggerThrows_ShouldCatchAndReturnEmpty" computerName="MacBook-Pro-de-Pablo" duration="00:00:00.0000659" startTime="2026-07-10T21:37:15.2701530+01:00" endTime="2026-07-10T21:37:15.2701530+01:00" testType="13cdc9d9-ddb5-4fa4-a97d-d965ccfc6d4b" outcome="Passed" testListId="8c84fa94-04c1-424b-9868-57a2d4851a1d" relativeResultsDirectory="97cf2c4b-b4f4-401a-88c3-fe28b457e9c1" />
    <UnitTestResult executionId="80a5cb23-e7f3-4a6c-ab40-85096a76259e" testId="28c376cc-0e75-1e10-44de-3f20f086ab7e" testName="Alis.Extension.Io.FileDialog.Test.FileDialogTypeTest.FileDialogType_Parse_ShouldBeCaseInsensitive" computerName="MacBook-Pro-de-Pablo" duration="00:00:00.0000295" startTime="2026-07-10T21:37:15.0046560+01:00" endTime="2026-07-10T21:37:15.0046560+01:00" testType="13cdc9d9-ddb5-4fa4-a97d-d965ccfc6d4b" outcome="Passed" testListId="8c84fa94-04c1-424b-9868-57a2d4851a1d" relativeResultsDirectory="80a5cb23-e7f3-4a6c-ab40-85096a76259e" />
    <UnitTestResult executionId="fa7fe69a-ea9f-4464-9565-892300d335ba" testId="afb00302-ae98-566e-afe9-76fcc8dd78a2" testName="Alis.Extension.Io.FileDialog.Test.FilePickerPathConverterTest.GetFileName_WithWhitespace_ShouldReturnNull" computerName="MacBook-Pro-de-Pablo" duration="00:00:00.0001425" startTime="2026-07-10T21:37:14.9891770+01:00" endTime="2026-07-10T21:37:14.9891770+01:00" testType="13cdc9d9-ddb5-4fa4-a97d-d965ccfc6d4b" outcome="Passed" testListId="8c84fa94-04c1-424b-9868-57a2d4851a1d" relativeResultsDirectory="fa7fe69a-ea9f-4464-9565-892300d335ba" />
    <UnitTestResult executionId="d55a4737-d792-4e03-a90b-74643b6d3352" testId="e2be27fb-1de7-e77c-122c-9a3eb01bdf6f" testName="Alis.Extension.Io.FileDialog.Test.FilePickerValidatorTest.IsResultValid_WithSelectFolderAndValidPath_ShouldReturnTrue" computerName="MacBook-Pro-de-Pablo" duration="00:00:00.0000541" startTime="2026-07-10T21:37:15.2501880+01:00" endTime="2026-07-10T21:37:15.2501880+01:00" testType="13cdc9d9-ddb5-4fa4-a97d-d965ccfc6d4b" outcome="Passed" testListId="8c84fa94-04c1-424b-9868-57a2d4851a1d" relativeResultsDirectory="d55a4737-d792-4e03-a90b-74643b6d3352" />
    <UnitTestResult executionId="6a07afb2-faac-4c15-be69-b0e69b76e886" testId="cb7a529f-ec74-af30-63a5-ba49f76a6090" testName="Alis.Extension.Io.FileDialog.Test.FilePickerValidatorCoverageTest.ValidateOptions_WithSelectFolderAndValidPath_ShouldNotThrow" computerName="MacBook-Pro-de-Pablo" duration="00:00:00.0005441" startTime="2026-07-10T21:37:14.9792460+01:00" endTime="2026-07-10T21:37:14.9792460+01:00" testType="13cdc9d9-ddb5-4fa4-a97d-d965ccfc6d4b" outcome="Passed" testListId="8c84fa94-04c1-424b-9868-57a2d4851a1d" relativeResultsDirectory="6a07afb2-faac-4c15-be69-b0e69b76e886" />
    <UnitTestResult executionId="2c65426d-066c-4e59-a6bc-e4801e229f5b" testId="be13ce71-0e02-00b8-77df-2cce58046257" testName="Alis.Extension.Io.FileDialog.Test.FilePickerResultTest.ConstructorWithNullList_ShouldThrowArgumentNullException" computerName="MacBook-Pro-de-Pablo" duration="00:00:00.0000559" startTime="2026-07-10T21:37:15.2733960+01:00" endTime="2026-07-10T21:37:15.2733960+01:00" testType="13cdc9d9-ddb5-4fa4-a97d-d965ccfc6d4b" outcome="Passed" testListId="8c84fa94-04c1-424b-9868-57a2d4851a1d" relativeResultsDirectory="2c65426d-066c-4e59-a6bc-e4801e229f5b" />
    <UnitTestResult executionId="46943e26-d611-4184-bafd-313db8fb2ced" testId="58da59e0-5dda-4a17-48ea-e881b7b318fc" testName="Alis.Extension.Io.FileDialog.Test.FilePickerOptionsTest.IsDirectoryDialog_WithSelectFolderType_ShouldReturnTrue" computerName="MacBook-Pro-de-Pablo" duration="00:00:00.0000227" startTime="2026-07-10T21:37:15.2662660+01:00" endTime="2026-07-10T21:37:15.2662660+01:00" testType="13cdc9d9-ddb5-4fa4-a97d-d965ccfc6d4b" outcome="Passed" testListId="8c84fa94-04c1-424b-9868-57a2d4851a1d" relativeResultsDirectory="46943e26-d611-4184-bafd-313db8fb2ced" />
    <UnitTestResult executionId="39d4fe23-8abe-4432-892f-8835a5da5476" testId="e5771a3e-1bf4-daea-7121-d9640a11addf" testName="Alis.Extension.Io.FileDialog.Test.FilePickerExecutorTest.CommandExists_WithNonExistentCommand_ReturnsFalse" computerName="MacBook-Pro-de-Pablo" duration="00:00:00.0158244" startTime="2026-07-10T21:37:15.0394610+01:00" endTime="2026-07-10T21:37:15.0394610+01:00" testType="13cdc9d9-ddb5-4fa4-a97d-d965ccfc6d4b" outcome="Passed" testListId="8c84fa94-04c1-424b-9868-57a2d4851a1d" relativeResultsDirectory="39d4fe23-8abe-4432-892f-8835a5da5476" />
    <UnitTestResult executionId="11999a94-3b5a-4b62-bf22-a4b0fc66f8cf" testId="99561fbd-7c76-6e49-5978-30ccae59e2ba" testName="Alis.Extension.Io.FileDialog.Test.FilePickerValidatorTest.IsResultValid_WithMultiplePathsNotAllowed_ShouldReturnFalse" computerName="MacBook-Pro-de-Pablo" duration="00:00:00.0000413" startTime="2026-07-10T21:37:15.2485230+01:00" endTime="2026-07-10T21:37:15.2485230+01:00" testType="13cdc9d9-ddb5-4fa4-a97d-d965ccfc6d4b" outcome="Passed" testListId="8c84fa94-04c1-424b-9868-57a2d4851a1d" relativeResultsDirectory="11999a94-3b5a-4b62-bf22-a4b0fc66f8cf" />
    <UnitTestResult executionId="ad4fe932-89ff-4b74-8524-3620997ed0d5" testId="14986553-5dc3-31b6-c901-3973bd870d21" testName="Alis.Extension.Io.FileDialog.Test.FilePickerValidatorTest.ValidateOptions_WithNullTitle_ShouldThrowArgumentException" computerName="MacBook-Pro-de-Pablo" duration="00:00:00.0000761" startTime="2026-07-10T21:37:15.2470760+01:00" endTime="2026-07-10T21:37:15.2470760+01:00" testType="13cdc9d9-ddb5-4fa4-a97d-d965ccfc6d4b" outcome="Passed" testListId="8c84fa94-04c1-424b-9868-57a2d4851a1d" relativeResultsDirectory="ad4fe932-89ff-4b74-8524-3620997ed0d5" />
    <UnitTestResult executionId="f31880e9-4554-4340-991e-5ce154bfdd22" testId="66d8346a-4110-4ce6-20b0-89185f491e8f" testName="Alis.Extension.Io.FileDialog.Test.FilePickerFactoryTest.IsPlatformSupported_ShouldReturnTrueForKnownPlatforms" computerName="MacBook-Pro-de-Pablo" duration="00:00:00.0001234" startTime="2026-07-10T21:37:15.2437710+01:00" endTime="2026-07-10T21:37:15.2437710+01:00" testType="13cdc9d9-ddb5-4fa4-a97d-d965ccfc6d4b" outcome="Passed" testListId="8c84fa94-04c1-424b-9868-57a2d4851a1d" relativeResultsDirectory="f31880e9-4554-4340-991e-5ce154bfdd22" />
    <UnitTestResult executionId="49d349f3-5b6d-45a6-98b0-a2af874d7f4e" testId="8b23a8bd-0036-a829-64e0-079a3bc3b857" testName="Alis.Extension.Io.FileDialog.Test.FilePickerImplementationTest.WindowsFilePicker_PickFolder_WithInvalidOptions_ShouldReturnError" computerName="MacBook-Pro-de-Pablo" duration="00:00:00.0000298" startTime="2026-07-10T21:37:15.2456850+01:00" endTime="2026-07-10T21:37:15.2456850+01:00" testType="13cdc9d9-ddb5-4fa4-a97d-d965ccfc6d4b" outcome="Passed" testListId="8c84fa94-04c1-424b-9868-57a2d4851a1d" relativeResultsDirectory="49d349f3-5b6d-45a6-98b0-a2af874d7f4e" />
    <UnitTestResult executionId="ed7bff57-a5a3-4a69-b9a8-7498bb45884f" testId="ccc24ee8-eb9a-083f-ba3f-1ae400dc131d" testName="Alis.Extension.Io.FileDialog.Test.FilePickerResultTest.ConstructorWithEmptyString_ShouldThrowArgumentException" computerName="MacBook-Pro-de-Pablo" duration="00:00:00.0000532" startTime="2026-07-10T21:37:15.2739090+01:00" endTime="2026-07-10T21:37:15.2739090+01:00" testType="13cdc9d9-ddb5-4fa4-a97d-d965ccfc6d4b" outcome="Passed" testListId="8c84fa94-04c1-424b-9868-57a2d4851a1d" relativeResultsDirectory="ed7bff57-a5a3-4a69-b9a8-7498bb45884f" />
    <UnitTestResult executionId="79821a0d-7d9d-458b-b3fa-133619f89aae" testId="6c59bb9a-6d08-2ae0-3622-4de121a122e6" testName="Alis.Extension.Io.FileDialog.Test.FileDialogTypeTest.FileDialogType_Parse_ShouldReturnCorrectValue" computerName="MacBook-Pro-de-Pablo" duration="00:00:00.0000220" startTime="2026-07-10T21:37:15.0051550+01:00" endTime="2026-07-10T21:37:15.0051550+01:00" testType="13cdc9d9-ddb5-4fa4-a97d-d965ccfc6d4b" outcome="Passed" testListId="8c84fa94-04c1-424b-9868-57a2d4851a1d" relativeResultsDirectory="79821a0d-7d9d-458b-b3fa-133619f89aae" />
    <UnitTestResult executionId="b9b8851b-36c2-47c6-b369-1508484bc633" testId="37480770-bb3a-14fe-b0df-0d0d9c39245e" testName="Alis.Extension.Io.FileDialog.Test.FilePickerResultTest.Result_ShouldBeImmutable" computerName="MacBook-Pro-de-Pablo" duration="00:00:00.0000378" startTime="2026-07-10T21:37:15.2731430+01:00" endTime="2026-07-10T21:37:15.2731430+01:00" testType="13cdc9d9-ddb5-4fa4-a97d-d965ccfc6d4b" outcome="Passed" testListId="8c84fa94-04c1-424b-9868-57a2d4851a1d" relativeResultsDirectory="b9b8851b-36c2-47c6-b369-1508484bc633" />
    <UnitTestResult executionId="d4c69d18-16ae-459c-a0d8-9a7ea188184c" testId="ff7b7a4b-027e-9273-c70d-31efef24864f" testName="Alis.Extension.Io.FileDialog.Test.FilePickerExecutorTest.ExecuteCommand_WithValidCommandAndCustomTimeout_ReturnsOutput" computerName="MacBook-Pro-de-Pablo" duration="00:00:00.0010000" startTime="2026-07-10T21:37:15.0357710+01:00" endTime="2026-07-10T21:37:15.0357710+01:00" testType="13cdc9d9-ddb5-4fa4-a97d-d965ccfc6d4b" outcome="NotExecuted" testListId="8c84fa94-04c1-424b-9868-57a2d4851a1d" relativeResultsDirectory="d4c69d18-16ae-459c-a0d8-9a7ea188184c">
      <Output>
        <ErrorInfo>
          <Message>Only running in linux mode</Message>
        </ErrorInfo>
      </Output>
    </UnitTestResult>
    <UnitTestResult executionId="7f467ba6-fd2e-479c-8c98-37d5b4c2c513" testId="ebe66a22-3a70-441e-74b8-bb0f0a12cd15" testName="Alis.Extension.Io.FileDialog.Test.FilePickerResultTest.ConstructorWithEmptyList_ShouldThrowArgumentException" computerName="MacBook-Pro-de-Pablo" duration="00:00:00.0000609" startTime="2026-07-10T21:37:15.2727630+01:00" endTime="2026-07-10T21:37:15.2727630+01:00" testType="13cdc9d9-ddb5-4fa4-a97d-d965ccfc6d4b" outcome="Passed" testListId="8c84fa94-04c1-424b-9868-57a2d4851a1d" relativeResultsDirectory="7f467ba6-fd2e-479c-8c98-37d5b4c2c513" />
    <UnitTestResult executionId="9bc86ec1-d771-4b6e-8feb-d227847f1a53" testId="4adcaa51-ab03-7b0a-c463-8a0946562ec0" testName="Alis.Extension.Io.FileDialog.Test.FileDialogTypeTest.FileDialogType_ToString_ShouldReturnName" computerName="MacBook-Pro-de-Pablo" duration="00:00:00.0000503" startTime="2026-07-10T21:37:15.0047740+01:00" endTime="2026-07-10T21:37:15.0047740+01:00" testType="13cdc9d9-ddb5-4fa4-a97d-d965ccfc6d4b" outcome="Passed" testListId="8c84fa94-04c1-424b-9868-57a2d4851a1d" relativeResultsDirectory="9bc86ec1-d771-4b6e-8feb-d227847f1a53" />
    <UnitTestResult executionId="c7a078ed-6e83-4849-bb00-da9a0c1f65d7" testId="46a0c6d1-511a-825f-e2ce-689f94113419" testName="Alis.Extension.Io.FileDialog.Test.FilePickerOptionsTest.WithDefaultPath_ShouldSetPath" computerName="MacBook-Pro-de-Pablo" duration="00:00:00.0000368" startTime="2026-07-10T21:37:15.2650410+01:00" endTime="2026-07-10T21:37:15.2650410+01:00" testType="13cdc9d9-ddb5-4fa4-a97d-d965ccfc6d4b" outcome="Passed" testListId="8c84fa94-04c1-424b-9868-57a2d4851a1d" relativeResultsDirectory="c7a078ed-6e83-4849-bb00-da9a0c1f65d7" />
    <UnitTestResult executionId="a7f8fc29-71cc-4aa2-b7b0-f0ccea14e2f4" testId="c51f4ce3-a013-6509-bd55-2d25b9767aac" testName="Alis.Extension.Io.FileDialog.Test.FilePickerImplementationTest.AllPickers_PickFolder_ShouldReturnNonNullResult" computerName="MacBook-Pro-de-Pablo" duration="00:00:00.0000523" startTime="2026-07-10T21:37:15.2452590+01:00" endTime="2026-07-10T21:37:15.2452590+01:00" testType="13cdc9d9-ddb5-4fa4-a97d-d965ccfc6d4b" outcome="Passed" testListId="8c84fa94-04c1-424b-9868-57a2d4851a1d" relativeResultsDirectory="a7f8fc29-71cc-4aa2-b7b0-f0ccea14e2f4" />
    <UnitTestResult executionId="3c867fe2-f603-4277-8c52-8b11c7580c76" testId="64e7e755-6f27-2331-2d59-68565a24763e" testName="Alis.Extension.Io.FileDialog.Test.FilePickerExecutorTest.ExecuteCommand_WithNonExistentCommand_ThrowsInvalidOperationException" computerName="MacBook-Pro-de-Pablo" duration="00:00:00.0010157" startTime="2026-07-10T21:37:15.1952520+01:00" endTime="2026-07-10T21:37:15.1952520+01:00" testType="13cdc9d9-ddb5-4fa4-a97d-d965ccfc6d4b" outcome="Passed" testListId="8c84fa94-04c1-424b-9868-57a2d4851a1d" relativeResultsDirectory="3c867fe2-f603-4277-8c52-8b11c7580c76" />
    <UnitTestResult executionId="8513f5ab-bf91-4415-8fe5-dec5fca5ef89" testId="adf2f9a1-8eb3-0eaf-6753-9dbf1d52932d" testName="Alis.Extension.Io.FileDialog.Test.FilePickerFactoryTest.CreateFilePickerWithOptions_WithEmptyTitle_ShouldThrowArgumentException" computerName="MacBook-Pro-de-Pablo" duration="00:00:00.0004241" startTime="2026-07-10T21:37:15.2423740+01:00" endTime="2026-07-10T21:37:15.2423740+01:00" testType="13cdc9d9-ddb5-4fa4-a97d-d965ccfc6d4b" outcome="Passed" testListId="8c84fa94-04c1-424b-9868-57a2d4851a1d" relativeResultsDirectory="8513f5ab-bf91-4415-8fe5-dec5fca5ef89" />
    <UnitTestResult executionId="1c116c82-3e78-4069-9918-16a98b1a7a1a" testId="e44a37d5-db99-a379-a023-bb8903954983" testName="Alis.Extension.Io.FileDialog.Test.FilePickerPathConverterTest.IsValidPath_WithOnlyWhitespace_NotMustExist_ShouldReturnFalse" computerName="MacBook-Pro-de-Pablo" duration="00:00:00.0000213" startTime="2026-07-10T21:37:15.0025760+01:00" endTime="2026-07-10T21:37:15.0025760+01:00" testType="13cdc9d9-ddb5-4fa4-a97d-d965ccfc6d4b" outcome="Passed" testListId="8c84fa94-04c1-424b-9868-57a2d4851a1d" relativeResultsDirectory="1c116c82-3e78-4069-9918-16a98b1a7a1a" />
    <UnitTestResult executionId="aced6d30-4ebf-46fb-9211-82ff2f4a57a5" testId="33bf555a-7ac0-f045-4fe6-d7a29bb72e65" testName="Alis.Extension.Io.FileDialog.Test.FilePickerOptionsTest.DefaultConstructor_ShouldCreateInstanceWithDefaults" computerName="MacBook-Pro-de-Pablo" duration="00:00:00.0001310" startTime="2026-07-10T21:37:15.2654240+01:00" endTime="2026-07-10T21:37:15.2654240+01:00" testType="13cdc9d9-ddb5-4fa4-a97d-d965ccfc6d4b" outcome="Passed" testListId="8c84fa94-04c1-424b-9868-57a2d4851a1d" relativeResultsDirectory="aced6d30-4ebf-46fb-9211-82ff2f4a57a5" />
    <UnitTestResult executionId="0d8d678f-957c-4d13-8f48-7fc8da21b2cb" testId="cb205362-41b4-1edc-9191-6eace6ae7691" testName="Alis.Extension.Io.FileDialog.Test.FilePickerPathConverterTest.IsValidPath_WithNonexistentPath_MustExist_ShouldReturnFalse" computerName="MacBook-Pro-de-Pablo" duration="00:00:00.0000357" startTime="2026-07-10T21:37:14.9907940+01:00" endTime="2026-07-10T21:37:14.9907940+01:00" testType="13cdc9d9-ddb5-4fa4-a97d-d965ccfc6d4b" outcome="Passed" testListId="8c84fa94-04c1-424b-9868-57a2d4851a1d" relativeResultsDirectory="0d8d678f-957c-4d13-8f48-7fc8da21b2cb" />
    <UnitTestResult executionId="73f71f23-4fb4-4377-90bb-5cdc81075e09" testId="abc4c126-73d0-4e13-f40c-819b7375c99c" testName="Alis.Extension.Io.FileDialog.Test.FilePickerPathConverterTest.GetDirectoryName_WithValidPath_ShouldReturnDirectoryName" computerName="MacBook-Pro-de-Pablo" duration="00:00:00.0033762" startTime="2026-07-10T21:37:15.0029720+01:00" endTime="2026-07-10T21:37:15.0029720+01:00" testType="13cdc9d9-ddb5-4fa4-a97d-d965ccfc6d4b" outcome="Passed" testListId="8c84fa94-04c1-424b-9868-57a2d4851a1d" relativeResultsDirectory="73f71f23-4fb4-4377-90bb-5cdc81075e09" />
    <UnitTestResult executionId="2ed013e0-8b1f-4d15-9988-176e2c54a405" testId="43d18e37-a0f6-ce9d-848c-2365d36bab49" testName="Alis.Extension.Io.FileDialog.Test.FilePickerPathConverterCoverageTest.SplitMultiplePaths_WithSingleNewline_ShouldReturnEmpty" computerName="MacBook-Pro-de-Pablo" duration="00:00:00.0001834" startTime="2026-07-10T21:37:15.2665340+01:00" endTime="2026-07-10T21:37:15.2665340+01:00" testType="13cdc9d9-ddb5-4fa4-a97d-d965ccfc6d4b" outcome="Passed" testListId="8c84fa94-04c1-424b-9868-57a2d4851a1d" relativeResultsDirectory="2ed013e0-8b1f-4d15-9988-176e2c54a405" />
    <UnitTestResult executionId="c233aa81-2340-4bee-9006-ebec6abb0ce4" testId="1a9be503-b26d-0a7a-5cd5-83a54cb359f0" testName="Alis.Extension.Io.FileDialog.Test.FilePickerExecutorTest.ExecuteCommand_WithNullFileName_ThrowsArgumentException" computerName="MacBook-Pro-de-Pablo" duration="00:00:00.0000662" startTime="2026-07-10T21:37:15.0354480+01:00" endTime="2026-07-10T21:37:15.0354480+01:00" testType="13cdc9d9-ddb5-4fa4-a97d-d965ccfc6d4b" outcome="Passed" testListId="8c84fa94-04c1-424b-9868-57a2d4851a1d" relativeResultsDirectory="c233aa81-2340-4bee-9006-ebec6abb0ce4" />
    <UnitTestResult executionId="5f56e9a5-8b23-4163-af7e-b5eb39523671" testId="c35372c8-0475-395b-e417-3946367ddf44" testName="Alis.Extension.Io.FileDialog.Test.FilePickerValidatorCoverageTest.IsResultValid_WithErrorResult_ShouldReturnTrue" computerName="MacBook-Pro-de-Pablo" duration="00:00:00.0001187" startTime="2026-07-10T21:37:14.9788650+01:00" endTime="2026-07-10T21:37:14.9788650+01:00" testType="13cdc9d9-ddb5-4fa4-a97d-d965ccfc6d4b" outcome="Passed" testListId="8c84fa94-04c1-424b-9868-57a2d4851a1d" relativeResultsDirectory="5f56e9a5-8b23-4163-af7e-b5eb39523671" />
    <UnitTestResult executionId="f190f267-5eca-4ca5-81e2-ad37cb12fee5" testId="a73d000d-d361-136c-51a8-7017865eac73" testName="Alis.Extension.Io.FileDialog.Test.FilePickerPathConverterTest.IsValidPath_WithValidPath_ShouldReturnTrue" computerName="MacBook-Pro-de-Pablo" duration="00:00:00.0000744" startTime="2026-07-10T21:37:14.9901420+01:00" endTime="2026-07-10T21:37:14.9901420+01:00" testType="13cdc9d9-ddb5-4fa4-a97d-d965ccfc6d4b" outcome="Passed" testListId="8c84fa94-04c1-424b-9868-57a2d4851a1d" relativeResultsDirectory="f190f267-5eca-4ca5-81e2-ad37cb12fee5" />
    <UnitTestResult executionId="070e6013-3d9e-401b-8a66-c4dea38e0a3c" testId="4ddd0853-c124-93b9-63d4-f8d3c32185e9" testName="Alis.Extension.Io.FileDialog.Test.FilePickerValidatorTest.IsFileExtensionAllowed_WithNoFilters_ShouldReturnTrue" computerName="MacBook-Pro-de-Pablo" duration="00:00:00.0000337" startTime="2026-07-10T21:37:15.2509020+01:00" endTime="2026-07-10T21:37:15.2509020+01:00" testType="13cdc9d9-ddb5-4fa4-a97d-d965ccfc6d4b" outcome="Passed" testListId="8c84fa94-04c1-424b-9868-57a2d4851a1d" relativeResultsDirectory="070e6013-3d9e-401b-8a66-c4dea38e0a3c" />
    <UnitTestResult executionId="5e66e812-a1c8-423b-9dc6-99fc9e7320ed" testId="e31317f4-0b71-966b-dc5c-e63073ee116d" testName="Alis.Extension.Io.FileDialog.Test.FilePickerImplementationTest.LinuxFilePicker_ShouldImplementIFilePicker" computerName="MacBook-Pro-de-Pablo" duration="00:00:00.0000263" startTime="2026-07-10T21:37:15.2463710+01:00" endTime="2026-07-10T21:37:15.2463710+01:00" testType="13cdc9d9-ddb5-4fa4-a97d-d965ccfc6d4b" outcome="Passed" testListId="8c84fa94-04c1-424b-9868-57a2d4851a1d" relativeResultsDirectory="5e66e812-a1c8-423b-9dc6-99fc9e7320ed" />
    <UnitTestResult executionId="fea3702d-a424-451a-be93-b85277c43397" testId="bd6829ad-74d3-cc6d-be20-c6d4b831f0ae" testName="Alis.Extension.Io.FileDialog.Test.FilePickerFactoryTest.CreateFilePicker_OnLinux_ShouldReturnLinuxFilePicker" computerName="MacBook-Pro-de-Pablo" duration="00:00:00.0000335" startTime="2026-07-10T21:37:15.2441770+01:00" endTime="2026-07-10T21:37:15.2441770+01:00" testType="13cdc9d9-ddb5-4fa4-a97d-d965ccfc6d4b" outcome="Passed" testListId="8c84fa94-04c1-424b-9868-57a2d4851a1d" relativeResultsDirectory="fea3702d-a424-451a-be93-b85277c43397" />
    <UnitTestResult executionId="289f08e3-6cdd-43f4-bc89-39d26dfbfe28" testId="a90293ad-e6af-2df9-851c-1a6649f3a44c" testName="Alis.Extension.Io.FileDialog.Test.FilePickerPathConverterCoverageTest.ConvertPathSeparators_WithEmptyString_ShouldReturnEmpty" computerName="MacBook-Pro-de-Pablo" duration="00:00:00.0000198" startTime="2026-07-10T21:37:15.2670080+01:00" endTime="2026-07-10T21:37:15.2670080+01:00" testType="13cdc9d9-ddb5-4fa4-a97d-d965ccfc6d4b" outcome="Passed" testListId="8c84fa94-04c1-424b-9868-57a2d4851a1d" relativeResultsDirectory="289f08e3-6cdd-43f4-bc89-39d26dfbfe28" />
    <UnitTestResult executionId="b58fdb69-b050-436d-9e68-71b0100470cb" testId="fad26cb2-65ec-9fce-20ea-26946b894e53" testName="Alis.Extension.Io.FileDialog.Test.FilePickerValidatorRemainingCoverageTests.IsValidFilePath_WhenLoggerThrowsInsideTry_ShouldCatchAndReturnFalse" computerName="MacBook-Pro-de-Pablo" duration="00:00:00.0000761" startTime="2026-07-10T21:37:15.0228690+01:00" endTime="2026-07-10T21:37:15.0228690+01:00" testType="13cdc9d9-ddb5-4fa4-a97d-d965ccfc6d4b" outcome="Passed" testListId="8c84fa94-04c1-424b-9868-57a2d4851a1d" relativeResultsDirectory="b58fdb69-b050-436d-9e68-71b0100470cb" />
    <UnitTestResult executionId="fd9d69b7-ae36-4831-8c73-7d4c9fe7f43b" testId="00a12044-a2b4-c4f1-76bf-be3266657a03" testName="Alis.Extension.Io.FileDialog.Test.FilePickerResultTest.CreateError_ShouldCreateErrorResult" computerName="MacBook-Pro-de-Pablo" duration="00:00:00.0000494" startTime="2026-07-10T21:37:15.2726320+01:00" endTime="2026-07-10T21:37:15.2726320+01:00" testType="13cdc9d9-ddb5-4fa4-a97d-d965ccfc6d4b" outcome="Passed" testListId="8c84fa94-04c1-424b-9868-57a2d4851a1d" relativeResultsDirectory="fd9d69b7-ae36-4831-8c73-7d4c9fe7f43b" />
    <UnitTestResult executionId="586aec0c-791a-49af-b25c-3068320f3bbe" testId="baa5232e-f99c-bc20-7251-33eed14d49f0" testName="Alis.Extension.Io.FileDialog.Test.FilePickerPathConverterCoverageTest.IsValidPath_WithMustExistFalseAndValidPath_ShouldReturnTrue" computerName="MacBook-Pro-de-Pablo" duration="00:00:00.0000413" startTime="2026-07-10T21:37:15.2686160+01:00" endTime="2026-07-10T21:37:15.2686170+01:00" testType="13cdc9d9-ddb5-4fa4-a97d-d965ccfc6d4b" outcome="Passed" testListId="8c84fa94-04c1-424b-9868-57a2d4851a1d" relativeResultsDirectory="586aec0c-791a-49af-b25c-3068320f3bbe" />
    <UnitTestResult executionId="2dbac325-05a4-4901-8b67-d034b9f6d3f8" testId="304f58b2-4477-5375-574c-7ca09a98787e" testName="Alis.Extension.Io.FileDialog.Test.FilePickerValidatorTest.IsValidFilePath_WithNull_ShouldReturnFalse" computerName="MacBook-Pro-de-Pablo" duration="00:00:00.0000198" startTime="2026-07-10T21:37:15.2483930+01:00" endTime="2026-07-10T21:37:15.2483930+01:00" testType="13cdc9d9-ddb5-4fa4-a97d-d965ccfc6d4b" outcome="Passed" testListId="8c84fa94-04c1-424b-9868-57a2d4851a1d" relativeResultsDirectory="2dbac325-05a4-4901-8b67-d034b9f6d3f8" />
    <UnitTestResult executionId="ae03a931-3d93-4074-b84e-50f82452b2d6" testId="175cb995-74d7-89e0-5d59-4ea03baff03f" testName="Alis.Extension.Io.FileDialog.Test.FilePickerValidatorRemainingCoverageTests.IsResultValid_WithOpenFileAndDisallowedExtension_ShouldReturnFalse" computerName="MacBook-Pro-de-Pablo" duration="00:00:00.0018687" startTime="2026-07-10T21:37:15.0226890+01:00" endTime="2026-07-10T21:37:15.0226890+01:00" testType="13cdc9d9-ddb5-4fa4-a97d-d965ccfc6d4b" outcome="Passed" testListId="8c84fa94-04c1-424b-9868-57a2d4851a1d" relativeResultsDirectory="ae03a931-3d93-4074-b84e-50f82452b2d6" />
    <UnitTestResult executionId="a6ff65f5-93a3-4988-ade8-f45cca406a29" testId="60efe469-da36-047a-ae48-2cee0621d375" testName="Alis.Extension.Io.FileDialog.Test.FilePickerImplementationTest.MacFilePicker_ShouldImplementIFilePicker" computerName="MacBook-Pro-de-Pablo" duration="00:00:00.0000268" startTime="2026-07-10T21:37:15.2454000+01:00" endTime="2026-07-10T21:37:15.2454000+01:00" testType="13cdc9d9-ddb5-4fa4-a97d-d965ccfc6d4b" outcome="Passed" testListId="8c84fa94-04c1-424b-9868-57a2d4851a1d" relativeResultsDirectory="a6ff65f5-93a3-4988-ade8-f45cca406a29" />
    <UnitTestResult executionId="a26d06a6-b397-424b-9024-bed4ea4b9be9" testId="0dbdf425-dbf6-5846-e982-3ed9c42e564b" testName="Alis.Extension.Io.FileDialog.Test.FilePickerExecutorCoverageTest.ExecuteCommand_WithNullArguments_ShouldNotThrow" computerName="MacBook-Pro-de-Pablo" duration="00:00:00.0148364" startTime="2026-07-10T21:37:15.0054250+01:00" endTime="2026-07-10T21:37:15.0054250+01:00" testType="13cdc9d9-ddb5-4fa4-a97d-d965ccfc6d4b" outcome="Passed" testListId="8c84fa94-04c1-424b-9868-57a2d4851a1d" relativeResultsDirectory="a26d06a6-b397-424b-9024-bed4ea4b9be9" />
    <UnitTestResult executionId="5d9c19ec-ae8a-4593-b13f-31d8fe761c88" testId="6b77c360-59b1-4eff-d575-e97ff1a7a605" testName="Alis.Extension.Io.FileDialog.Test.FilePickerResultTest.ConstructorWithPathsWithSpaces_ShouldWork" computerName="MacBook-Pro-de-Pablo" duration="00:00:00.0000194" startTime="2026-07-10T21:37:15.2735240+01:00" endTime="2026-07-10T21:37:15.2735240+01:00" testType="13cdc9d9-ddb5-4fa4-a97d-d965ccfc6d4b" outcome="Passed" testListId="8c84fa94-04c1-424b-9868-57a2d4851a1d" relativeResultsDirectory="5d9c19ec-ae8a-4593-b13f-31d8fe761c88" />
    <UnitTestResult executionId="dfecfab3-4695-4e73-b89f-9b536a109db7" testId="25886001-1dfc-dade-0126-f177296567a3" testName="Alis.Extension.Io.FileDialog.Test.FilePickerResultTest.CreateCancelled_ShouldCreateCancelledResult" computerName="MacBook-Pro-de-Pablo" duration="00:00:00.0000327" startTime="2026-07-10T21:37:15.2732670+01:00" endTime="2026-07-10T21:37:15.2732670+01:00" testType="13cdc9d9-ddb5-4fa4-a97d-d965ccfc6d4b" outcome="Passed" testListId="8c84fa94-04c1-424b-9868-57a2d4851a1d" relativeResultsDirectory="dfecfab3-4695-4e73-b89f-9b536a109db7" />
    <UnitTestResult executionId="089cdf00-1465-40cd-85db-6930016e546f" testId="f5837246-0668-6944-b32d-1c52bef99d2e" testName="Alis.Extension.Io.FileDialog.Test.FilePickerValidatorTest.IsValidFilePath_WithExistingFile_ShouldReturnTrue" computerName="MacBook-Pro-de-Pablo" duration="00:00:00.0001150" startTime="2026-07-10T21:37:15.2475890+01:00" endTime="2026-07-10T21:37:15.2475890+01:00" testType="13cdc9d9-ddb5-4fa4-a97d-d965ccfc6d4b" outcome="Passed" testListId="8c84fa94-04c1-424b-9868-57a2d4851a1d" relativeResultsDirectory="089cdf00-1465-40cd-85db-6930016e546f" />
    <UnitTestResult executionId="f604eb02-66c2-48fe-b787-06f489f33712" testId="2f178481-6121-1ec4-f36b-7a9bc37175cb" testName="Alis.Extension.Io.FileDialog.Test.FilePickerValidatorTest.IsFileExtensionAllowed_WithDisallowedExtension_ShouldReturnFalse" computerName="MacBook-Pro-de-Pablo" duration="00:00:00.0000489" startTime="2026-07-10T21:37:15.2486610+01:00" endTime="2026-07-10T21:37:15.2486610+01:00" testType="13cdc9d9-ddb5-4fa4-a97d-d965ccfc6d4b" outcome="Passed" testListId="8c84fa94-04c1-424b-9868-57a2d4851a1d" relativeResultsDirectory="f604eb02-66c2-48fe-b787-06f489f33712" />
    <UnitTestResult executionId="ec34ab16-3f90-4596-a377-c6f394fe978a" testId="12d45ade-2f9f-b222-a263-ed7f7e5daccc" testName="Alis.Extension.Io.FileDialog.Test.FilePickerExecutorTest.ExecuteCommand_WithValidCommandAndCustomTimeoutOnWindows_ReturnsOutput" computerName="MacBook-Pro-de-Pablo" duration="00:00:00.0010000" startTime="2026-07-10T21:37:15.2084500+01:00" endTime="2026-07-10T21:37:15.2084500+01:00" testType="13cdc9d9-ddb5-4fa4-a97d-d965ccfc6d4b" outcome="NotExecuted" testListId="8c84fa94-04c1-424b-9868-57a2d4851a1d" relativeResultsDirectory="ec34ab16-3f90-4596-a377-c6f394fe978a">
      <Output>
        <ErrorInfo>
          <Message>Only running in windows mode</Message>
        </ErrorInfo>
      </Output>
    </UnitTestResult>
    <UnitTestResult executionId="c51a0658-f794-403b-ab4e-d7489716dba0" testId="e72a13ff-b71a-c20a-adf9-610dff1be687" testName="Alis.Extension.Io.FileDialog.Test.FilePickerPathConverterTest.NormalizePath_WithNewlines_ShouldRemoveNewlines" computerName="MacBook-Pro-de-Pablo" duration="00:00:00.0000289" startTime="2026-07-10T21:37:14.9887260+01:00" endTime="2026-07-10T21:37:14.9887260+01:00" testType="13cdc9d9-ddb5-4fa4-a97d-d965ccfc6d4b" outcome="Passed" testListId="8c84fa94-04c1-424b-9868-57a2d4851a1d" relativeResultsDirectory="c51a0658-f794-403b-ab4e-d7489716dba0" />
    <UnitTestResult executionId="af7a2608-7eaa-40ce-a1e5-ecbc4f6d9bd7" testId="6ab069ef-84b9-4531-58f9-600ecdb7b2ef" testName="Alis.Extension.Io.FileDialog.Test.FilePickerPathConverterTest.GetFileName_WithValidPath_ShouldReturnFileName" computerName="MacBook-Pro-de-Pablo" duration="00:00:00.0000266" startTime="2026-07-10T21:37:14.9904330+01:00" endTime="2026-07-10T21:37:14.9904330+01:00" testType="13cdc9d9-ddb5-4fa4-a97d-d965ccfc6d4b" outcome="Passed" testListId="8c84fa94-04c1-424b-9868-57a2d4851a1d" relativeResultsDirectory="af7a2608-7eaa-40ce-a1e5-ecbc4f6d9bd7" />
    <UnitTestResult executionId="da5e5fc9-10d9-4ece-9e72-9374149d7fcb" testId="989e55bd-827e-1ffe-1fcb-368036f51990" testName="Alis.Extension.Io.FileDialog.Test.FilePickerValidatorTest.IsResultValid_WithNullResult_ShouldReturnFalse" computerName="MacBook-Pro-de-Pablo" duration="00:00:00.0000263" startTime="2026-07-10T21:37:15.2469370+01:00" endTime="2026-07-10T21:37:15.2469370+01:00" testType="13cdc9d9-ddb5-4fa4-a97d-d965ccfc6d4b" outcome="Passed" testListId="8c84fa94-04c1-424b-9868-57a2d4851a1d" relativeResultsDirectory="da5e5fc9-10d9-4ece-9e72-9374149d7fcb" />
    <UnitTestResult executionId="011c9dde-7012-4353-a372-a4db7c269b3c" testId="d536b264-79c3-6cda-bbf1-40c495ee3b2f" testName="Alis.Extension.Io.FileDialog.Test.FilePickerOptionsTest.IsDirectoryDialog_WithOpenFileType_ShouldReturnFalse" computerName="MacBook-Pro-de-Pablo" duration="00:00:00.0000411" startTime="2026-07-10T21:37:15.2658160+01:00" endTime="2026-07-10T21:37:15.2658160+01:00" testType="13cdc9d9-ddb5-4fa4-a97d-d965ccfc6d4b" outcome="Passed" testListId="8c84fa94-04c1-424b-9868-57a2d4851a1d" relativeResultsDirectory="011c9dde-7012-4353-a372-a4db7c269b3c" />
    <UnitTestResult executionId="f084a56d-9966-4069-8d63-d081a098db15" testId="11231374-0a19-c1e1-1c0a-5076870b44ed" testName="Alis.Extension.Io.FileDialog.Test.FilePickerFactoryCoverageTest.GetPlatformName_ShouldBeCurrentPlatform" computerName="MacBook-Pro-de-Pablo" duration="00:00:00.0000206" startTime="2026-07-10T21:37:15.2523700+01:00" endTime="2026-07-10T21:37:15.2523700+01:00" testType="13cdc9d9-ddb5-4fa4-a97d-d965ccfc6d4b" outcome="Passed" testListId="8c84fa94-04c1-424b-9868-57a2d4851a1d" relativeResultsDirectory="f084a56d-9966-4069-8d63-d081a098db15" />
    <UnitTestResult executionId="ba1cbb5f-1526-4d3b-b75d-95f7afd2ef38" testId="d47306d5-7ac5-1fbc-8bdd-78f5201abdbf" testName="Alis.Extension.Io.FileDialog.Test.FilePickerExecutorTest.CommandExists_WithUppercaseCommandOnWindows_ReturnsTrue" computerName="MacBook-Pro-de-Pablo" duration="00:00:00.0010000" startTime="2026-07-10T21:37:15.0351670+01:00" endTime="2026-07-10T21:37:15.0351670+01:00" testType="13cdc9d9-ddb5-4fa4-a97d-d965ccfc6d4b" outcome="NotExecuted" testListId="8c84fa94-04c1-424b-9868-57a2d4851a1d" relativeResultsDirectory="ba1cbb5f-1526-4d3b-b75d-95f7afd2ef38">
      <Output>
        <ErrorInfo>
          <Message>Only running in windows mode</Message>
        </ErrorInfo>
      </Output>
    </UnitTestResult>
    <UnitTestResult executionId="6de05428-0174-4fd9-857e-585602e3c835" testId="69f45414-6840-ff2c-0a1b-9eff0edf97a2" testName="Alis.Extension.Io.FileDialog.Test.FilePickerFactoryTest.GetPlatformName_ShouldReturnNonEmptyString" computerName="MacBook-Pro-de-Pablo" duration="00:00:00.0002274" startTime="2026-07-10T21:37:15.2427620+01:00" endTime="2026-07-10T21:37:15.2427620+01:00" testType="13cdc9d9-ddb5-4fa4-a97d-d965ccfc6d4b" outcome="Passed" testListId="8c84fa94-04c1-424b-9868-57a2d4851a1d" relativeResultsDirectory="6de05428-0174-4fd9-857e-585602e3c835" />
    <UnitTestResult executionId="7379518e-3a90-4dbc-8cdf-93ce671e218a" testId="8ffdbc0d-5915-f804-420f-5462ffce66f6" testName="Alis.Extension.Io.FileDialog.Test.FilePickerExecutorRemainingCoverageTests.ExecuteCommand_WhenLoggerThrowsInsideTry_ShouldLogErrorAndRethrow" computerName="MacBook-Pro-de-Pablo" duration="00:00:00.0002420" startTime="2026-07-10T21:37:15.2526290+01:00" endTime="2026-07-10T21:37:15.2526290+01:00" testType="13cdc9d9-ddb5-4fa4-a97d-d965ccfc6d4b" outcome="Passed" testListId="8c84fa94-04c1-424b-9868-57a2d4851a1d" relativeResultsDirectory="7379518e-3a90-4dbc-8cdf-93ce671e218a" />
    <UnitTestResult executionId="68136d26-269b-46e8-9c8c-e47a9f5da87c" testId="6a42b53b-1c90-5fb8-fff0-efdd8cae519b" testName="Alis.Extension.Io.FileDialog.Test.FilePickerImplementationTest.AllPickers_PickFile_ShouldReturnNonNullResult" computerName="MacBook-Pro-de-Pablo" duration="00:00:00.0000532" startTime="2026-07-10T21:37:15.2462340+01:00" endTime="2026-07-10T21:37:15.2462340+01:00" testType="13cdc9d9-ddb5-4fa4-a97d-d965ccfc6d4b" outcome="Passed" testListId="8c84fa94-04c1-424b-9868-57a2d4851a1d" relativeResultsDirectory="68136d26-269b-46e8-9c8c-e47a9f5da87c" />
    <UnitTestResult executionId="353a6b14-c569-40a2-a14a-b6e6dd9851d2" testId="22fd6229-6fc7-8475-7bd4-f85a309a3db7" testName="Alis.Extension.Io.FileDialog.Test.FilePickerFactoryTest.CreateFilePickerWithOptions_WithValidOptions_ShouldReturnValidInstance" computerName="MacBook-Pro-de-Pablo" duration="00:00:00.0001245" startTime="2026-07-10T21:37:15.2439090+01:00" endTime="2026-07-10T21:37:15.2439090+01:00" testType="13cdc9d9-ddb5-4fa4-a97d-d965ccfc6d4b" outcome="Passed" testListId="8c84fa94-04c1-424b-9868-57a2d4851a1d" relativeResultsDirectory="353a6b14-c569-40a2-a14a-b6e6dd9851d2" />
    <UnitTestResult executionId="54387fbc-a6b9-4a6d-ab5c-0509bccbca60" testId="13ff502b-c7bc-d3f0-2d1c-19539508def0" testName="Alis.Extension.Io.FileDialog.Test.FilePickerValidatorTest.IsResultValid_WithNonExistentFolderPath_ShouldReturnFalse" computerName="MacBook-Pro-de-Pablo" duration="00:00:00.0000448" startTime="2026-07-10T21:37:15.2506340+01:00" endTime="2026-07-10T21:37:15.2506340+01:00" testType="13cdc9d9-ddb5-4fa4-a97d-d965ccfc6d4b" outcome="Passed" testListId="8c84fa94-04c1-424b-9868-57a2d4851a1d" relativeResultsDirectory="54387fbc-a6b9-4a6d-ab5c-0509bccbca60" />
    <UnitTestResult executionId="cefefe1b-2aac-4d4b-9c75-e17231e4a42e" testId="2b2e822a-8e91-c32e-108f-2a8ef500c519" testName="Alis.Extension.Io.FileDialog.Test.FilePickerFilterTest.Constructor_WithNullExtensions_ShouldThrowArgumentException" computerName="MacBook-Pro-de-Pablo" duration="00:00:00.0000557" startTime="2026-07-10T21:37:15.2708100+01:00" endTime="2026-07-10T21:37:15.2708100+01:00" testType="13cdc9d9-ddb5-4fa4-a97d-d965ccfc6d4b" outcome="Passed" testListId="8c84fa94-04c1-424b-9868-57a2d4851a1d" relativeResultsDirectory="cefefe1b-2aac-4d4b-9c75-e17231e4a42e" />
    <UnitTestResult executionId="89bab9f3-aac3-47cd-a6bc-c628814db52d" testId="fb822d39-f0f6-ffca-2daa-011d5f5f3ecb" testName="Alis.Extension.Io.FileDialog.Test.FilePickerExecutorTest.CommandExists_WithCommandContainingSpecialCharsOnWindows_ReturnsFalse" computerName="MacBook-Pro-de-Pablo" duration="00:00:00.0010000" startTime="2026-07-10T21:37:15.0361970+01:00" endTime="2026-07-10T21:37:15.0361970+01:00" testType="13cdc9d9-ddb5-4fa4-a97d-d965ccfc6d4b" outcome="NotExecuted" testListId="8c84fa94-04c1-424b-9868-57a2d4851a1d" relativeResultsDirectory="89bab9f3-aac3-47cd-a6bc-c628814db52d">
      <Output>
        <ErrorInfo>
          <Message>Only running in windows mode</Message>
        </ErrorInfo>
      </Output>
    </UnitTestResult>
    <UnitTestResult executionId="cbc2a104-f206-45ea-bc89-6b225d8e99af" testId="80421c04-9ec4-7bd4-ebff-da5761e24929" testName="Alis.Extension.Io.FileDialog.Test.FilePickerValidatorTest.IsValidDirectoryPath_WithNullCharInPath_ShouldReturnFalse" computerName="MacBook-Pro-de-Pablo" duration="00:00:00.0000599" startTime="2026-07-10T21:37:15.2489140+01:00" endTime="2026-07-10T21:37:15.2489140+01:00" testType="13cdc9d9-ddb5-4fa4-a97d-d965ccfc6d4b" outcome="Passed" testListId="8c84fa94-04c1-424b-9868-57a2d4851a1d" relativeResultsDirectory="cbc2a104-f206-45ea-bc89-6b225d8e99af" />
    <UnitTestResult executionId="5cb8fa19-852e-438d-b78d-631892394c95" testId="900acd2d-2681-baa3-189a-3c46cd211c8c" testName="Alis.Extension.Io.FileDialog.Test.FilePickerValidatorTest.IsResultValid_WithSaveFileAndValidPath_ShouldReturnTrue" computerName="MacBook-Pro-de-Pablo" duration="00:00:00.0001175" startTime="2026-07-10T21:37:15.2494290+01:00" endTime="2026-07-10T21:37:15.2494290+01:00" testType="13cdc9d9-ddb5-4fa4-a97d-d965ccfc6d4b" outcome="Passed" testListId="8c84fa94-04c1-424b-9868-57a2d4851a1d" relativeResultsDirectory="5cb8fa19-852e-438d-b78d-631892394c95" />
    <UnitTestResult executionId="d2d1761d-1fbe-4a89-abeb-91acd1a9dad8" testId="f08d5bfc-0b4d-3ed8-43fa-bfb522bd2890" testName="Alis.Extension.Io.FileDialog.Test.FileDialogTypeTest.FileDialogType_AllValues_ShouldBeDistinct" computerName="MacBook-Pro-de-Pablo" duration="00:00:00.0007251" startTime="2026-07-10T21:37:15.0045300+01:00" endTime="2026-07-10T21:37:15.0045300+01:00" testType="13cdc9d9-ddb5-4fa4-a97d-d965ccfc6d4b" outcome="Passed" testListId="8c84fa94-04c1-424b-9868-57a2d4851a1d" relativeResultsDirectory="d2d1761d-1fbe-4a89-abeb-91acd1a9dad8" />
    <UnitTestResult executionId="54f7ff35-21eb-4ec4-ad20-9d76499e3b26" testId="169eee6f-ef11-b19a-dcc1-01db136433cd" testName="Alis.Extension.Io.FileDialog.Test.FilePickerFactoryCoverageTest.CreateFilePicker_ShouldReturnMacFilePicker_OnMac" computerName="MacBook-Pro-de-Pablo" duration="00:00:00.0000200" startTime="2026-07-10T21:37:15.2522460+01:00" endTime="2026-07-10T21:37:15.2522460+01:00" testType="13cdc9d9-ddb5-4fa4-a97d-d965ccfc6d4b" outcome="Passed" testListId="8c84fa94-04c1-424b-9868-57a2d4851a1d" relativeResultsDirectory="54f7ff35-21eb-4ec4-ad20-9d76499e3b26" />
    <UnitTestResult executionId="6916f2d5-1dd2-4462-920a-77dfa950441c" testId="49084a03-7c65-b7c2-652b-261776d373a2" testName="Alis.Extension.Io.FileDialog.Test.FilePickerValidatorTest.IsFileExtensionAllowed_WithAllowedExtension_ShouldReturnTrue" computerName="MacBook-Pro-de-Pablo" duration="00:00:00.0000479" startTime="2026-07-10T21:37:15.2498100+01:00" endTime="2026-07-10T21:37:15.2498100+01:00" testType="13cdc9d9-ddb5-4fa4-a97d-d965ccfc6d4b" outcome="Passed" testListId="8c84fa94-04c1-424b-9868-57a2d4851a1d" relativeResultsDirectory="6916f2d5-1dd2-4462-920a-77dfa950441c" />
    <UnitTestResult executionId="5b391a5e-c23a-41dc-87cd-07187e040778" testId="e2c8cb83-1707-0e27-3533-b7ab412bcf58" testName="Alis.Extension.Io.FileDialog.Test.FilePickerExecutorRemainingCoverageTests.CommandExists_WhenLoggerThrowsInsideTry_ShouldLogWarningAndReturnFalse" computerName="MacBook-Pro-de-Pablo" duration="00:00:00.0163809" startTime="2026-07-10T21:37:15.2638830+01:00" endTime="2026-07-10T21:37:15.2638830+01:00" testType="13cdc9d9-ddb5-4fa4-a97d-d965ccfc6d4b" outcome="Passed" testListId="8c84fa94-04c1-424b-9868-57a2d4851a1d" relativeResultsDirectory="5b391a5e-c23a-41dc-87cd-07187e040778" />
    <UnitTestResult executionId="e0146f6a-63a4-4c29-a8a6-03a9452073f6" testId="b7e98254-459f-3a30-cdfd-6d58dc8aa1ab" testName="Alis.Extension.Io.FileDialog.Test.FilePickerValidatorTest.IsFileExtensionAllowed_WithEmptyPath_ShouldReturnFalse" computerName="MacBook-Pro-de-Pablo" duration="00:00:00.0000447" startTime="2026-07-10T21:37:15.2480020+01:00" endTime="2026-07-10T21:37:15.2480030+01:00" testType="13cdc9d9-ddb5-4fa4-a97d-d965ccfc6d4b" outcome="Passed" testListId="8c84fa94-04c1-424b-9868-57a2d4851a1d" relativeResultsDirectory="e0146f6a-63a4-4c29-a8a6-03a9452073f6" />
    <UnitTestResult executionId="d85a09cf-ea94-4b31-9540-b576a151d821" testId="230361fe-8936-9d4d-8ffd-c1cdb1460844" testName="Alis.Extension.Io.FileDialog.Test.FilePickerValidatorRemainingCoverageTests.IsFileExtensionAllowed_WhenLoggerThrowsInsideTry_ShouldCatchAndReturnFalse" computerName="MacBook-Pro-de-Pablo" duration="00:00:00.0000786" startTime="2026-07-10T21:37:15.0233530+01:00" endTime="2026-07-10T21:37:15.0233530+01:00" testType="13cdc9d9-ddb5-4fa4-a97d-d965ccfc6d4b" outcome="Passed" testListId="8c84fa94-04c1-424b-9868-57a2d4851a1d" relativeResultsDirectory="d85a09cf-ea94-4b31-9540-b576a151d821" />
    <UnitTestResult executionId="9f3991fe-9b2c-4425-b322-a350fe44c368" testId="bdd1a06b-0aa1-469a-d29e-8dd06caeb8f7" testName="Alis.Extension.Io.FileDialog.Test.FilePickerPathConverterTest.GetDirectoryName_WithNull_ShouldReturnNull" computerName="MacBook-Pro-de-Pablo" duration="00:00:00.0001129" startTime="2026-07-10T21:37:14.9905530+01:00" endTime="2026-07-10T21:37:14.9905530+01:00" testType="13cdc9d9-ddb5-4fa4-a97d-d965ccfc6d4b" outcome="Passed" testListId="8c84fa94-04c1-424b-9868-57a2d4851a1d" relativeResultsDirectory="9f3991fe-9b2c-4425-b322-a350fe44c368" />
    <UnitTestResult executionId="96479b02-5f40-42ef-9bf3-abbfc37f276d" testId="9d7e8edc-4342-460b-7625-65ae77c9eadc" testName="Alis.Extension.Io.FileDialog.Test.FilePickerValidatorTest.IsFileExtensionAllowed_WithNoExtension_ShouldReturnFalse" computerName="MacBook-Pro-de-Pablo" duration="00:00:00.0000487" startTime="2026-07-10T21:37:15.2511630+01:00" endTime="2026-07-10T21:37:15.2511630+01:00" testType="13cdc9d9-ddb5-4fa4-a97d-d965ccfc6d4b" outcome="Passed" testListId="8c84fa94-04c1-424b-9868-57a2d4851a1d" relativeResultsDirectory="96479b02-5f40-42ef-9bf3-abbfc37f276d" />
    <UnitTestResult executionId="754589c1-b5cc-4e6a-bf9d-d34914329de0" testId="eb8b803c-3a21-6d36-1f03-a98aea69aa7d" testName="Alis.Extension.Io.FileDialog.Test.FilePickerExecutorTest.ExecuteCommand_WithWhitespaceFileName_ThrowsArgumentException" computerName="MacBook-Pro-de-Pablo" duration="00:00:00.0002581" startTime="2026-07-10T21:37:15.0347350+01:00" endTime="2026-07-10T21:37:15.0347350+01:00" testType="13cdc9d9-ddb5-4fa4-a97d-d965ccfc6d4b" outcome="Passed" testListId="8c84fa94-04c1-424b-9868-57a2d4851a1d" relativeResultsDirectory="754589c1-b5cc-4e6a-bf9d-d34914329de0" />
    <UnitTestResult executionId="e0cd455d-6035-4412-9f54-384c621adf4a" testId="0f2c09dc-fb0a-7e3d-d23f-9a73b3ccc967" testName="Alis.Extension.Io.FileDialog.Test.FilePickerImplementationTest.WindowsFilePicker_PickFile_WithInvalidOptions_ShouldReturnError" computerName="MacBook-Pro-de-Pablo" duration="00:00:00.0000606" startTime="2026-07-10T21:37:15.2451260+01:00" endTime="2026-07-10T21:37:15.2451260+01:00" testType="13cdc9d9-ddb5-4fa4-a97d-d965ccfc6d4b" outcome="Passed" testListId="8c84fa94-04c1-424b-9868-57a2d4851a1d" relativeResultsDirectory="e0cd455d-6035-4412-9f54-384c621adf4a" />
    <UnitTestResult executionId="56ad766b-5608-4ba5-b080-c36d747abf87" testId="aa90816d-f3b1-7573-6637-30b2853f275a" testName="Alis.Extension.Io.FileDialog.Test.FilePickerResultTest.CreateError_WithEmptyMessage_ShouldThrowArgumentException" computerName="MacBook-Pro-de-Pablo" duration="00:00:00.0000522" startTime="2026-07-10T21:37:15.2740420+01:00" endTime="2026-07-10T21:37:15.2740420+01:00" testType="13cdc9d9-ddb5-4fa4-a97d-d965ccfc6d4b" outcome="Passed" testListId="8c84fa94-04c1-424b-9868-57a2d4851a1d" relativeResultsDirectory="56ad766b-5608-4ba5-b080-c36d747abf87" />
    <UnitTestResult executionId="7d9395a2-594b-49d5-8db9-2e5ec1415fa2" testId="9763a3fc-6054-8f22-3215-f6044ae21f9f" testName="Alis.Extension.Io.FileDialog.Test.FilePickerFactoryTest.CreateFilePicker_OnWindows_ShouldReturnWindowsFilePicker" computerName="MacBook-Pro-de-Pablo" duration="00:00:00.0000310" startTime="2026-07-10T21:37:15.2434960+01:00" endTime="2026-07-10T21:37:15.2434960+01:00" testType="13cdc9d9-ddb5-4fa4-a97d-d965ccfc6d4b" outcome="Passed" testListId="8c84fa94-04c1-424b-9868-57a2d4851a1d" relativeResultsDirectory="7d9395a2-594b-49d5-8db9-2e5ec1415fa2" />
    <UnitTestResult executionId="cdefddbd-96d5-41fe-a01d-c5acc551e3f8" testId="d5ff9b77-9c04-f908-3111-bc1f9abe2ed3" testName="Alis.Extension.Io.FileDialog.Test.FilePickerFactoryCoverageTest.CreateFilePickerWithOptions_WithAllowMultiple_ShouldReturnValidInstance" computerName="MacBook-Pro-de-Pablo" duration="00:00:00.0000552" startTime="2026-07-10T21:37:15.2517440+01:00" endTime="2026-07-10T21:37:15.2517440+01:00" testType="13cdc9d9-ddb5-4fa4-a97d-d965ccfc6d4b" outcome="Passed" testListId="8c84fa94-04c1-424b-9868-57a2d4851a1d" relativeResultsDirectory="cdefddbd-96d5-41fe-a01d-c5acc551e3f8" />
    <UnitTestResult executionId="a525b3f0-ff02-41e9-b016-8e5fe3de3f10" testId="6f18efc9-6aa9-38bd-9ca0-a1e94c71dd33" testName="Alis.Extension.Io.FileDialog.Test.FilePickerPathConverterCoverageTest.IsValidPath_WithNullCharAndMustExistTrue_ShouldReturnFalse" computerName="MacBook-Pro-de-Pablo" duration="00:00:00.0000827" startTime="2026-07-10T21:37:15.2684540+01:00" endTime="2026-07-10T21:37:15.2684550+01:00" testType="13cdc9d9-ddb5-4fa4-a97d-d965ccfc6d4b" outcome="Passed" testListId="8c84fa94-04c1-424b-9868-57a2d4851a1d" relativeResultsDirectory="a525b3f0-ff02-41e9-b016-8e5fe3de3f10" />
    <UnitTestResult executionId="022a33a4-de41-4620-a052-c31f764ea225" testId="553fca17-7811-be40-939d-6c4734032d04" testName="Alis.Extension.Io.FileDialog.Test.FilePickerOptionsTest.WithFilter_ShouldReturnOptions" computerName="MacBook-Pro-de-Pablo" duration="00:00:00.0000438" startTime="2026-07-10T21:37:15.2661380+01:00" endTime="2026-07-10T21:37:15.2661380+01:00" testType="13cdc9d9-ddb5-4fa4-a97d-d965ccfc6d4b" outcome="Passed" testListId="8c84fa94-04c1-424b-9868-57a2d4851a1d" relativeResultsDirectory="022a33a4-de41-4620-a052-c31f764ea225" />
    <UnitTestResult executionId="b7b0b7b2-2b65-4879-90db-676a91d6daa9" testId="de023911-1b7a-ab18-e3e7-2b30833371f1" testName="Alis.Extension.Io.FileDialog.Test.FilePickerPathConverterRemainingCoverageTests.IsValidPath_WithMustExistFalseAndLoggerThrowsInsideTry_ShouldCatchAndReturnFalse" computerName="MacBook-Pro-de-Pablo" duration="00:00:00.0000635" startTime="2026-07-10T21:37:15.2700120+01:00" endTime="2026-07-10T21:37:15.2700120+01:00" testType="13cdc9d9-ddb5-4fa4-a97d-d965ccfc6d4b" outcome="Passed" testListId="8c84fa94-04c1-424b-9868-57a2d4851a1d" relativeResultsDirectory="b7b0b7b2-2b65-4879-90db-676a91d6daa9" />
    <UnitTestResult executionId="f9aa3bee-4040-4d5b-8805-78afd14651dd" testId="6fb91382-85b6-facb-a350-e1511cd9c21b" testName="Alis.Extension.Io.FileDialog.Test.FileDialogTypeTest.SaveFile_ShouldHaveValueOne" computerName="MacBook-Pro-de-Pablo" duration="00:00:00.0000159" startTime="2026-07-10T21:37:15.0052820+01:00" endTime="2026-07-10T21:37:15.0052820+01:00" testType="13cdc9d9-ddb5-4fa4-a97d-d965ccfc6d4b" outcome="Passed" testListId="8c84fa94-04c1-424b-9868-57a2d4851a1d" relativeResultsDirectory="f9aa3bee-4040-4d5b-8805-78afd14651dd" />
    <UnitTestResult executionId="414155b3-0861-4860-80bc-ae8d82773fe2" testId="0d9a2731-ff42-7293-0978-a9b55c878866" testName="Alis.Extension.Io.FileDialog.Test.FilePickerFilterTest.GetUtiFormat_ShouldReturnCorrectFormat" computerName="MacBook-Pro-de-Pablo" duration="00:00:00.0000563" startTime="2026-07-10T21:37:15.2705560+01:00" endTime="2026-07-10T21:37:15.2705560+01:00" testType="13cdc9d9-ddb5-4fa4-a97d-d965ccfc6d4b" outcome="Passed" testListId="8c84fa94-04c1-424b-9868-57a2d4851a1d" relativeResultsDirectory="414155b3-0861-4860-80bc-ae8d82773fe2" />
    <UnitTestResult executionId="029b43a9-477b-4b59-b22b-4469a7033dfd" testId="e546d99a-0bb0-ea76-f531-b21e0f0d2a28" testName="Alis.Extension.Io.FileDialog.Test.FilePickerExecutorTest.ExecuteCommand_WithEmptyFileName_ThrowsArgumentException" computerName="MacBook-Pro-de-Pablo" duration="00:00:00.0000939" startTime="2026-07-10T21:37:15.0350170+01:00" endTime="2026-07-10T21:37:15.0350170+01:00" testType="13cdc9d9-ddb5-4fa4-a97d-d965ccfc6d4b" outcome="Passed" testListId="8c84fa94-04c1-424b-9868-57a2d4851a1d" relativeResultsDirectory="029b43a9-477b-4b59-b22b-4469a7033dfd" />
    <UnitTestResult executionId="c630b48a-2295-4603-a74f-7f9eeaf154b7" testId="ebf45c47-8175-856b-104e-0cd0e2310b96" testName="Alis.Extension.Io.FileDialog.Test.FileDialogTypeTest.FileDialogType_Parse_WithInvalidValue_ShouldThrowArgumentException" computerName="MacBook-Pro-de-Pablo" duration="00:00:00.0004956" startTime="2026-07-10T21:37:15.0041430+01:00" endTime="2026-07-10T21:37:15.0041430+01:00" testType="13cdc9d9-ddb5-4fa4-a97d-d965ccfc6d4b" outcome="Passed" testListId="8c84fa94-04c1-424b-9868-57a2d4851a1d" relativeResultsDirectory="c630b48a-2295-4603-a74f-7f9eeaf154b7" />
    <UnitTestResult executionId="34edcd11-bc2e-4dca-90ca-9f4a41961262" testId="37f5e1c7-f8ac-d148-285c-a299bd771f41" testName="Alis.Extension.Io.FileDialog.Test.FilePickerPathConverterTest.IsValidPath_WithNull_ShouldReturnFalse" computerName="MacBook-Pro-de-Pablo" duration="00:00:00.0000416" startTime="2026-07-10T21:37:14.9884890+01:00" endTime="2026-07-10T21:37:14.9884890+01:00" testType="13cdc9d9-ddb5-4fa4-a97d-d965ccfc6d4b" outcome="Passed" testListId="8c84fa94-04c1-424b-9868-57a2d4851a1d" relativeResultsDirectory="34edcd11-bc2e-4dca-90ca-9f4a41961262" />
    <UnitTestResult executionId="05a6d372-8d89-4aef-999f-aaa88e90f3f0" testId="8bbc52e3-020c-13c5-53b5-8d54d23270bc" testName="Alis.Extension.Io.FileDialog.Test.FilePickerPathConverterTest.NormalizePath_WithWhitespace_ShouldRemoveWhitespace" computerName="MacBook-Pro-de-Pablo" duration="00:00:00.0003623" startTime="2026-07-10T21:37:14.9886120+01:00" endTime="2026-07-10T21:37:14.9886120+01:00" testType="13cdc9d9-ddb5-4fa4-a97d-d965ccfc6d4b" outcome="Passed" testListId="8c84fa94-04c1-424b-9868-57a2d4851a1d" relativeResultsDirectory="05a6d372-8d89-4aef-999f-aaa88e90f3f0" />
    <UnitTestResult executionId="06456f00-6af5-428d-9ab8-273731687f51" testId="4f6ee521-ecac-f62a-5f99-f42193421aed" testName="Alis.Extension.Io.FileDialog.Test.FilePickerValidatorCoverageTest.IsResultValid_WithSuccessfulResultAndNonExistentPath_ShouldReturnFalse" computerName="MacBook-Pro-de-Pablo" duration="00:00:00.0000376" startTime="2026-07-10T21:37:14.9791260+01:00" endTime="2026-07-10T21:37:14.9791260+01:00" testType="13cdc9d9-ddb5-4fa4-a97d-d965ccfc6d4b" outcome="Passed" testListId="8c84fa94-04c1-424b-9868-57a2d4851a1d" relativeResultsDirectory="06456f00-6af5-428d-9ab8-273731687f51" />
    <UnitTestResult executionId="31d8419d-1209-4d96-a85e-44d56398f64b" testId="aa75ff46-9963-bff7-4f4a-f2ea9dc536b7" testName="Alis.Extension.Io.FileDialog.Test.FilePickerValidatorCoverageTest.IsFileExtensionAllowed_WithPathHavingNoExtensionAndNoFilters_ShouldReturnTrue" computerName="MacBook-Pro-de-Pablo" duration="00:00:00.0000344" startTime="2026-07-10T21:37:14.9751990+01:00" endTime="2026-07-10T21:37:14.9752000+01:00" testType="13cdc9d9-ddb5-4fa4-a97d-d965ccfc6d4b" outcome="Passed" testListId="8c84fa94-04c1-424b-9868-57a2d4851a1d" relativeResultsDirectory="31d8419d-1209-4d96-a85e-44d56398f64b" />
    <UnitTestResult executionId="e43d3ba3-2166-4fb9-b101-0bd7c3670d3b" testId="98969c69-d7b5-ff74-8a57-bffffee4e978" testName="Alis.Extension.Io.FileDialog.Test.FilePickerImplementationTest.MacFilePicker_PickFile_WithInvalidOptions_ShouldReturnError" computerName="MacBook-Pro-de-Pablo" duration="00:00:00.0000293" startTime="2026-07-10T21:37:15.2459760+01:00" endTime="2026-07-10T21:37:15.2459760+01:00" testType="13cdc9d9-ddb5-4fa4-a97d-d965ccfc6d4b" outcome="Passed" testListId="8c84fa94-04c1-424b-9868-57a2d4851a1d" relativeResultsDirectory="e43d3ba3-2166-4fb9-b101-0bd7c3670d3b" />
    <UnitTestResult executionId="43da1220-44bd-44dd-b063-f8d643217e09" testId="1865e09a-9148-76e5-fc86-f239f6d0dbe9" testName="Alis.Extension.Io.FileDialog.Test.FilePickerImplementationTest.LinuxFilePicker_PickFiles_WithInvalidOptions_ShouldReturnError" computerName="MacBook-Pro-de-Pablo" duration="00:00:00.0000301" startTime="2026-07-10T21:37:15.2458280+01:00" endTime="2026-07-10T21:37:15.2458280+01:00" testType="13cdc9d9-ddb5-4fa4-a97d-d965ccfc6d4b" outcome="Passed" testListId="8c84fa94-04c1-424b-9868-57a2d4851a1d" relativeResultsDirectory="43da1220-44bd-44dd-b063-f8d643217e09" />
    <UnitTestResult executionId="bf500a2a-c23a-498d-9440-a5dd2aeca2da" testId="f509ea9c-40c9-a6f5-9272-1e079d0bea47" testName="Alis.Extension.Io.FileDialog.Test.FilePickerPathConverterRemainingCoverageTests.ConvertPathSeparators_WhenLoggerThrowsInsideTry_ShouldCatchAndReturnOriginal" computerName="MacBook-Pro-de-Pablo" duration="00:00:00.0002032" startTime="2026-07-10T21:37:15.2693050+01:00" endTime="2026-07-10T21:37:15.2693050+01:00" testType="13cdc9d9-ddb5-4fa4-a97d-d965ccfc6d4b" outcome="Passed" testListId="8c84fa94-04c1-424b-9868-57a2d4851a1d" relativeResultsDirectory="bf500a2a-c23a-498d-9440-a5dd2aeca2da" />
    <UnitTestResult executionId="c48f5cfa-c0ab-4316-bf57-e120dd04e318" testId="c45dff3b-b2cf-a819-26e8-cfe6d6bde340" testName="Alis.Extension.Io.FileDialog.Test.FilePickerOptionsTest.WithMultipleSelection_ShouldReturnOptions" computerName="MacBook-Pro-de-Pablo" duration="00:00:00.0000696" startTime="2026-07-10T21:37:15.2651670+01:00" endTime="2026-07-10T21:37:15.2651670+01:00" testType="13cdc9d9-ddb5-4fa4-a97d-d965ccfc6d4b" outcome="Passed" testListId="8c84fa94-04c1-424b-9868-57a2d4851a1d" relativeResultsDirectory="c48f5cfa-c0ab-4316-bf57-e120dd04e318" />
    <UnitTestResult executionId="bc849679-fb91-4835-822f-7ecbb1aed9f5" testId="47e4c72c-1ba9-a886-949e-8843ba74b2a6" testName="Alis.Extension.Io.FileDialog.Test.FilePickerValidatorCoverageTest.IsResultValid_WithSelectFolderAndNonExistentPath_ShouldReturnFalse" computerName="MacBook-Pro-de-Pablo" duration="00:00:00.0002254" startTime="2026-07-10T21:37:14.9754720+01:00" endTime="2026-07-10T21:37:14.9754720+01:00" testType="13cdc9d9-ddb5-4fa4-a97d-d965ccfc6d4b" outcome="Passed" testListId="8c84fa94-04c1-424b-9868-57a2d4851a1d" relativeResultsDirectory="bc849679-fb91-4835-822f-7ecbb1aed9f5" />
    <UnitTestResult executionId="ee30c7bf-e06d-4cab-9728-341535cf4911" testId="e9156ab9-ac5e-d732-d43e-0a1206b38384" testName="Alis.Extension.Io.FileDialog.Test.FileDialogTypeTest.FileDialogType_ShouldHaveThreeValues" computerName="MacBook-Pro-de-Pablo" duration="00:00:00.0001685" startTime="2026-07-10T21:37:15.0042700+01:00" endTime="2026-07-10T21:37:15.0042700+01:00" testType="13cdc9d9-ddb5-4fa4-a97d-d965ccfc6d4b" outcome="Passed" testListId="8c84fa94-04c1-424b-9868-57a2d4851a1d" relativeResultsDirectory="ee30c7bf-e06d-4cab-9728-341535cf4911" />
    <UnitTestResult executionId="37f4c180-9b6d-45a7-900f-da9affb97877" testId="c32ba751-d666-133a-1b32-998b36188c0a" testName="Alis.Extension.Io.FileDialog.Test.FilePickerValidatorTest.ValidateOptions_WithInvalidDefaultPath_ShouldThrowArgumentException" computerName="MacBook-Pro-de-Pablo" duration="00:00:00.0000816" startTime="2026-07-10T21:37:15.2491780+01:00" endTime="2026-07-10T21:37:15.2491780+01:00" testType="13cdc9d9-ddb5-4fa4-a97d-d965ccfc6d4b" outcome="Passed" testListId="8c84fa94-04c1-424b-9868-57a2d4851a1d" relativeResultsDirectory="37f4c180-9b6d-45a7-900f-da9affb97877" />
    <UnitTestResult executionId="db1320a4-2d6d-4a1c-98a8-f6437bcc620b" testId="8b9c51b0-f9af-9829-3bb0-99fe1d86ded0" testName="Alis.Extension.Io.FileDialog.Test.FilePickerImplementationTest.MacFilePicker_PickFolder_WithInvalidOptions_ShouldReturnError" computerName="MacBook-Pro-de-Pablo" duration="00:00:00.0000305" startTime="2026-07-10T21:37:15.2449870+01:00" endTime="2026-07-10T21:37:15.2449870+01:00" testType="13cdc9d9-ddb5-4fa4-a97d-d965ccfc6d4b" outcome="Passed" testListId="8c84fa94-04c1-424b-9868-57a2d4851a1d" relativeResultsDirectory="db1320a4-2d6d-4a1c-98a8-f6437bcc620b" />
    <UnitTestResult executionId="40c27b12-8886-4983-a8b9-e979d58176e1" testId="104e714e-ab02-f606-615e-65365a87090b" testName="Alis.Extension.Io.FileDialog.Test.FilePickerImplementationTest.MacFilePicker_PickFiles_WithInvalidOptions_ShouldReturnError" computerName="MacBook-Pro-de-Pablo" duration="00:00:00.0000487" startTime="2026-07-10T21:37:15.2444460+01:00" endTime="2026-07-10T21:37:15.2444460+01:00" testType="13cdc9d9-ddb5-4fa4-a97d-d965ccfc6d4b" outcome="Passed" testListId="8c84fa94-04c1-424b-9868-57a2d4851a1d" relativeResultsDirectory="40c27b12-8886-4983-a8b9-e979d58176e1" />
    <UnitTestResult executionId="f5365aac-ea9d-47a4-89a4-63911eafc154" testId="7af02492-97e1-aef6-1ad1-bc4b8333d869" testName="Alis.Extension.Io.FileDialog.Test.FilePickerExecutorTest.ExecuteCommand_WithTimeoutOnMac_KillsProcessAndReturnsNull" computerName="MacBook-Pro-de-Pablo" duration="00:00:00.1159423" startTime="2026-07-10T21:37:15.1941850+01:00" endTime="2026-07-10T21:37:15.1941850+01:00" testType="13cdc9d9-ddb5-4fa4-a97d-d965ccfc6d4b" outcome="Passed" testListId="8c84fa94-04c1-424b-9868-57a2d4851a1d" relativeResultsDirectory="f5365aac-ea9d-47a4-89a4-63911eafc154" />
    <UnitTestResult executionId="20eebb99-3602-4003-b2cc-fa86315cdbf1" testId="3fe68e22-0774-10cf-e353-19932236c51b" testName="Alis.Extension.Io.FileDialog.Test.FilePickerExecutorTest.ExecuteCommand_WithLsCommandOnMac_ReturnsOutput" computerName="MacBook-Pro-de-Pablo" duration="00:00:00.0112686" startTime="2026-07-10T21:37:15.0647000+01:00" endTime="2026-07-10T21:37:15.0647000+01:00" testType="13cdc9d9-ddb5-4fa4-a97d-d965ccfc6d4b" outcome="Passed" testListId="8c84fa94-04c1-424b-9868-57a2d4851a1d" relativeResultsDirectory="20eebb99-3602-4003-b2cc-fa86315cdbf1" />
    <UnitTestResult executionId="741eeb00-a48f-493e-a930-27397d2d6013" testId="45e44e93-beea-19f6-c95d-d84d59d18fd2" testName="Alis.Extension.Io.FileDialog.Test.FileDialogTypeTest.FileDialogType_DefaultValue_ShouldBeOpenFile" computerName="MacBook-Pro-de-Pablo" duration="00:00:00.0000220" startTime="2026-07-10T21:37:15.0044000+01:00" endTime="2026-07-10T21:37:15.0044000+01:00" testType="13cdc9d9-ddb5-4fa4-a97d-d965ccfc6d4b" outcome="Passed" testListId="8c84fa94-04c1-424b-9868-57a2d4851a1d" relativeResultsDirectory="741eeb00-a48f-493e-a930-27397d2d6013" />
    <UnitTestResult executionId="f08bca49-f8b4-4f38-970d-d28e82f93586" testId="c852aae9-68dd-c55f-b359-7f626b4eea5f" testName="Alis.Extension.Io.FileDialog.Test.FilePickerExecutorTest.ExecuteCommand_WithEchoCommand_ReturnsExpectedOutput" computerName="MacBook-Pro-de-Pablo" duration="00:00:00.0010000" startTime="2026-07-10T21:37:15.0353180+01:00" endTime="2026-07-10T21:37:15.0353180+01:00" testType="13cdc9d9-ddb5-4fa4-a97d-d965ccfc6d4b" outcome="NotExecuted" testListId="8c84fa94-04c1-424b-9868-57a2d4851a1d" relativeResultsDirectory="f08bca49-f8b4-4f38-970d-d28e82f93586">
      <Output>
        <ErrorInfo>
          <Message>Only running in linux mode</Message>
        </ErrorInfo>
      </Output>
    </UnitTestResult>
    <UnitTestResult executionId="2741b93b-adb2-47e9-9b72-8636b578d44b" testId="ef43cdb5-dcd5-e05a-c044-916f9e2aa6ca" testName="Alis.Extension.Io.FileDialog.Test.FilePickerFactoryCoverageTest.IsPlatformSupported_ShouldReturnBoolean" computerName="MacBook-Pro-de-Pablo" duration="00:00:00.0000604" startTime="2026-07-10T21:37:15.2521240+01:00" endTime="2026-07-10T21:37:15.2521240+01:00" testType="13cdc9d9-ddb5-4fa4-a97d-d965ccfc6d4b" outcome="Passed" testListId="8c84fa94-04c1-424b-9868-57a2d4851a1d" relativeResultsDirectory="2741b93b-adb2-47e9-9b72-8636b578d44b" />
    <UnitTestResult executionId="2168dab0-6721-412a-aaa3-74f8c7470b2b" testId="a3368cd8-c2fc-eddd-c2c5-1a572fa060d5" testName="Alis.Extension.Io.FileDialog.Test.FilePickerValidatorTest.IsFileExtensionAllowed_WithDotOnlyPath_ShouldReturnFalse" computerName="MacBook-Pro-de-Pablo" duration="00:00:00.0000418" startTime="2026-07-10T21:37:15.2512930+01:00" endTime="2026-07-10T21:37:15.2512930+01:00" testType="13cdc9d9-ddb5-4fa4-a97d-d965ccfc6d4b" outcome="Passed" testListId="8c84fa94-04c1-424b-9868-57a2d4851a1d" relativeResultsDirectory="2168dab0-6721-412a-aaa3-74f8c7470b2b" />
    <UnitTestResult executionId="b3585dd0-ae9d-4cbb-9619-126c9099e087" testId="e649a830-1873-9278-c91a-ba71a78f8111" testName="Alis.Extension.Io.FileDialog.Test.FilePickerValidatorTest.ValidateOptions_WithValidOptions_ShouldNotThrow" computerName="MacBook-Pro-de-Pablo" duration="00:00:00.0000239" startTime="2026-07-10T21:37:15.2481290+01:00" endTime="2026-07-10T21:37:15.2481290+01:00" testType="13cdc9d9-ddb5-4fa4-a97d-d965ccfc6d4b" outcome="Passed" testListId="8c84fa94-04c1-424b-9868-57a2d4851a1d" relativeResultsDirectory="b3585dd0-ae9d-4cbb-9619-126c9099e087" />
    <UnitTestResult executionId="14f84c6e-da96-44a0-be74-8a1d8cb4f391" testId="81446b2a-6162-fabb-6104-31b37ab04be8" testName="Alis.Extension.Io.FileDialog.Test.FilePickerResultTest.CreateError_WithNullMessage_ShouldThrowArgumentException" computerName="MacBook-Pro-de-Pablo" duration="00:00:00.0000877" startTime="2026-07-10T21:37:15.2722580+01:00" endTime="2026-07-10T21:37:15.2722580+01:00" testType="13cdc9d9-ddb5-4fa4-a97d-d965ccfc6d4b" outcome="Passed" testListId="8c84fa94-04c1-424b-9868-57a2d4851a1d" relativeResultsDirectory="14f84c6e-da96-44a0-be74-8a1d8cb4f391" />
    <UnitTestResult executionId="abd1204d-0bcd-4198-bd25-a87071f71759" testId="0aa57d8e-68f2-f64b-a4b1-75914bb489df" testName="Alis.Extension.Io.FileDialog.Test.FilePickerValidatorTest.IsFileExtensionAllowed_WithNullOptions_ShouldReturnTrue" computerName="MacBook-Pro-de-Pablo" duration="00:00:00.0000258" startTime="2026-07-10T21:37:15.2507720+01:00" endTime="2026-07-10T21:37:15.2507720+01:00" testType="13cdc9d9-ddb5-4fa4-a97d-d965ccfc6d4b" outcome="Passed" testListId="8c84fa94-04c1-424b-9868-57a2d4851a1d" relativeResultsDirectory="abd1204d-0bcd-4198-bd25-a87071f71759" />
    <UnitTestResult executionId="5055f41b-b363-4313-a3b2-ba8c0c68eb6e" testId="818c3cd8-bb95-3ab7-ea41-07ffb04e5296" testName="Alis.Extension.Io.FileDialog.Test.FilePickerValidatorTest.ValidateOptions_WithAllowDirectoriesOnOpenFile_ShouldThrowArgumentException" computerName="MacBook-Pro-de-Pablo" duration="00:00:00.0000879" startTime="2026-07-10T21:37:15.2496820+01:00" endTime="2026-07-10T21:37:15.2496820+01:00" testType="13cdc9d9-ddb5-4fa4-a97d-d965ccfc6d4b" outcome="Passed" testListId="8c84fa94-04c1-424b-9868-57a2d4851a1d" relativeResultsDirectory="5055f41b-b363-4313-a3b2-ba8c0c68eb6e" />
    <UnitTestResult executionId="cf398818-2e61-43ca-9a07-017beaccbca3" testId="5cdb3ac4-6b38-b995-3ccd-bab5db70d393" testName="Alis.Extension.Io.FileDialog.Test.FilePickerPathConverterTest.SplitMultiplePaths_WithNull_ShouldReturnEmptyArray" computerName="MacBook-Pro-de-Pablo" duration="00:00:00.0007258" startTime="2026-07-10T21:37:14.9890660+01:00" endTime="2026-07-10T21:37:14.9890660+01:00" testType="13cdc9d9-ddb5-4fa4-a97d-d965ccfc6d4b" outcome="Passed" testListId="8c84fa94-04c1-424b-9868-57a2d4851a1d" relativeResultsDirectory="cf398818-2e61-43ca-9a07-017beaccbca3" />
    <UnitTestResult executionId="8666abf1-c507-4771-8ae0-527193cf5d29" testId="32386850-3814-1039-bffa-65cd18841aa4" testName="Alis.Extension.Io.FileDialog.Test.FilePickerPathConverterTest.GetFileName_WithNull_ShouldReturnNull" computerName="MacBook-Pro-de-Pablo" duration="00:00:00.0000275" startTime="2026-07-10T21:37:14.9903090+01:00" endTime="2026-07-10T21:37:14.9903090+01:00" testType="13cdc9d9-ddb5-4fa4-a97d-d965ccfc6d4b" outcome="Passed" testListId="8c84fa94-04c1-424b-9868-57a2d4851a1d" relativeResultsDirectory="8666abf1-c507-4771-8ae0-527193cf5d29" />
    <UnitTestResult executionId="8611d11b-5381-4a51-b79c-3839ea72e07e" testId="5cca2745-3193-fc0f-2560-42f8ee5a1f3b" testName="Alis.Extension.Io.FileDialog.Test.FilePickerValidatorTest.IsValidDirectoryPath_WithNull_ShouldReturnFalse" computerName="MacBook-Pro-de-Pablo" duration="00:00:00.0000223" startTime="2026-07-10T21:37:15.2504790+01:00" endTime="2026-07-10T21:37:15.2504790+01:00" testType="13cdc9d9-ddb5-4fa4-a97d-d965ccfc6d4b" outcome="Passed" testListId="8c84fa94-04c1-424b-9868-57a2d4851a1d" relativeResultsDirectory="8611d11b-5381-4a51-b79c-3839ea72e07e" />
    <UnitTestResult executionId="76b6ee31-841a-416c-a975-ed6fdb818304" testId="5be8cb2e-6d73-7bac-c379-adb9734a58bc" testName="Alis.Extension.Io.FileDialog.Test.FilePickerFactoryTest.CreateFilePickerWithOptions_WithNullOptions_ShouldThrowArgumentNullException" computerName="MacBook-Pro-de-Pablo" duration="00:00:00.0001346" startTime="2026-07-10T21:37:15.2425280+01:00" endTime="2026-07-10T21:37:15.2425280+01:00" testType="13cdc9d9-ddb5-4fa4-a97d-d965ccfc6d4b" outcome="Passed" testListId="8c84fa94-04c1-424b-9868-57a2d4851a1d" relativeResultsDirectory="76b6ee31-841a-416c-a975-ed6fdb818304" />
    <UnitTestResult executionId="1fe30580-9fc6-4162-8176-24105d04d278" testId="f0572872-0913-a569-d1c0-9f502123fdd0" testName="Alis.Extension.Io.FileDialog.Test.FilePickerPathConverterCoverageTest.NormalizePath_WithOnlyNewline_ShouldReturnNull" computerName="MacBook-Pro-de-Pablo" duration="00:00:00.0000310" startTime="2026-07-10T21:37:15.2666680+01:00" endTime="2026-07-10T21:37:15.2666680+01:00" testType="13cdc9d9-ddb5-4fa4-a97d-d965ccfc6d4b" outcome="Passed" testListId="8c84fa94-04c1-424b-9868-57a2d4851a1d" relativeResultsDirectory="1fe30580-9fc6-4162-8176-24105d04d278" />
    <UnitTestResult executionId="dde19e51-54f9-4a33-8d55-b26d550a9bf5" testId="3b0a9855-2d03-b3ce-9bc3-0e31217cd748" testName="Alis.Extension.Io.FileDialog.Test.FilePickerFactoryCoverageTest.CreateFilePickerWithOptions_WithSaveFileDialogType_ShouldReturnValidInstance" computerName="MacBook-Pro-de-Pablo" duration="00:00:00.0000484" startTime="2026-07-10T21:37:15.2519970+01:00" endTime="2026-07-10T21:37:15.2519970+01:00" testType="13cdc9d9-ddb5-4fa4-a97d-d965ccfc6d4b" outcome="Passed" testListId="8c84fa94-04c1-424b-9868-57a2d4851a1d" relativeResultsDirectory="dde19e51-54f9-4a33-8d55-b26d550a9bf5" />
    <UnitTestResult executionId="25541c3e-87ae-40da-af09-b2520ad8976d" testId="9775d49b-be98-9d74-b032-cab37e91c9f6" testName="Alis.Extension.Io.FileDialog.Test.FilePickerPathConverterRemainingCoverageTests.SplitMultiplePaths_WhenLoggerThrowsAfterProcessing_ShouldCatchAndReturnEmpty" computerName="MacBook-Pro-de-Pablo" duration="00:00:00.0000671" startTime="2026-07-10T21:37:15.2694330+01:00" endTime="2026-07-10T21:37:15.2694330+01:00" testType="13cdc9d9-ddb5-4fa4-a97d-d965ccfc6d4b" outcome="Passed" testListId="8c84fa94-04c1-424b-9868-57a2d4851a1d" relativeResultsDirectory="25541c3e-87ae-40da-af09-b2520ad8976d" />
    <UnitTestResult executionId="31d3f826-625e-41f4-bc05-378e50d88c89" testId="927dfc43-04a7-fa0d-0c0d-84b3ef54b7a9" testName="Alis.Extension.Io.FileDialog.Test.FilePickerValidatorTest.IsFileExtensionAllowed_IsCaseInsensitive_ShouldReturnTrue" computerName="MacBook-Pro-de-Pablo" duration="00:00:00.0000434" startTime="2026-07-10T21:37:15.2490460+01:00" endTime="2026-07-10T21:37:15.2490460+01:00" testType="13cdc9d9-ddb5-4fa4-a97d-d965ccfc6d4b" outcome="Passed" testListId="8c84fa94-04c1-424b-9868-57a2d4851a1d" relativeResultsDirectory="31d3f826-625e-41f4-bc05-378e50d88c89" />
    <UnitTestResult executionId="2f7eabbf-41c2-4f6b-9a46-c84616bd9596" testId="b96c9561-b880-2087-6e02-c4daddf9986b" testName="Alis.Extension.Io.FileDialog.Test.FilePickerResultTest.ConstructorWithList_ShouldCreateSuccessfulResult" computerName="MacBook-Pro-de-Pablo" duration="00:00:00.0000499" startTime="2026-07-10T21:37:15.2728970+01:00" endTime="2026-07-10T21:37:15.2728970+01:00" testType="13cdc9d9-ddb5-4fa4-a97d-d965ccfc6d4b" outcome="Passed" testListId="8c84fa94-04c1-424b-9868-57a2d4851a1d" relativeResultsDirectory="2f7eabbf-41c2-4f6b-9a46-c84616bd9596" />
    <UnitTestResult executionId="37141544-2e96-4d99-8642-f9839b5ab984" testId="3c37e06d-773e-bc7b-fb58-55ce62f1008d" testName="Alis.Extension.Io.FileDialog.Test.FilePickerPathConverterTest.SplitMultiplePaths_WithMultiplePaths_ShouldReturnMultipleElements" computerName="MacBook-Pro-de-Pablo" duration="00:00:00.0000759" startTime="2026-07-10T21:37:14.9909140+01:00" endTime="2026-07-10T21:37:14.9909140+01:00" testType="13cdc9d9-ddb5-4fa4-a97d-d965ccfc6d4b" outcome="Passed" testListId="8c84fa94-04c1-424b-9868-57a2d4851a1d" relativeResultsDirectory="37141544-2e96-4d99-8642-f9839b5ab984" />
    <UnitTestResult executionId="43e67b7a-ecfe-4f27-b101-e9ae8d35ba1b" testId="24826eb4-1628-76e3-5fbe-b85f62f49235" testName="Alis.Extension.Io.FileDialog.Test.FilePickerExecutorTest.ExecuteCommand_WithTimeoutOnWindows_KillsProcessAndReturnsNull" computerName="MacBook-Pro-de-Pablo" duration="00:00:00.0010000" startTime="2026-07-10T21:37:15.1945320+01:00" endTime="2026-07-10T21:37:15.1945320+01:00" testType="13cdc9d9-ddb5-4fa4-a97d-d965ccfc6d4b" outcome="NotExecuted" testListId="8c84fa94-04c1-424b-9868-57a2d4851a1d" relativeResultsDirectory="43e67b7a-ecfe-4f27-b101-e9ae8d35ba1b">
      <Output>
        <ErrorInfo>
          <Message>Only running in windows mode</Message>
        </ErrorInfo>
      </Output>
    </UnitTestResult>
    <UnitTestResult executionId="3f05d32d-5230-4309-8347-d286323bcd8f" testId="579c4d84-afa6-d9ec-2ea3-ffe42e072a31" testName="Alis.Extension.Io.FileDialog.Test.FilePickerValidatorTest.IsFileExtensionAllowed_WithNullPath_ShouldReturnFalse" computerName="MacBook-Pro-de-Pablo" duration="00:00:00.0000424" startTime="2026-07-10T21:37:15.2514210+01:00" endTime="2026-07-10T21:37:15.2514210+01:00" testType="13cdc9d9-ddb5-4fa4-a97d-d965ccfc6d4b" outcome="Passed" testListId="8c84fa94-04c1-424b-9868-57a2d4851a1d" relativeResultsDirectory="3f05d32d-5230-4309-8347-d286323bcd8f" />
    <UnitTestResult executionId="8f4f1c2b-2829-4499-b426-90183304183c" testId="9f4375a5-c8a8-878b-056c-5f179ace9faa" testName="Alis.Extension.Io.FileDialog.Test.FilePickerValidatorTest.IsResultValid_WithCancelledResult_ShouldReturnTrue" computerName="MacBook-Pro-de-Pablo" duration="00:00:00.0000703" startTime="2026-07-10T21:37:15.2499470+01:00" endTime="2026-07-10T21:37:15.2499470+01:00" testType="13cdc9d9-ddb5-4fa4-a97d-d965ccfc6d4b" outcome="Passed" testListId="8c84fa94-04c1-424b-9868-57a2d4851a1d" relativeResultsDirectory="8f4f1c2b-2829-4499-b426-90183304183c" />
    <UnitTestResult executionId="fb1e85e1-2a9e-4fe1-a804-8b85c8e26f13" testId="6dbcf279-3f01-516d-f209-26f545d56bec" testName="Alis.Extension.Io.FileDialog.Test.FilePickerFilterTest.Constructor_WithDotsInExtensions_ShouldRemoveDots" computerName="MacBook-Pro-de-Pablo" duration="00:00:00.0000370" startTime="2026-07-10T21:37:15.2714640+01:00" endTime="2026-07-10T21:37:15.2714640+01:00" testType="13cdc9d9-ddb5-4fa4-a97d-d965ccfc6d4b" outcome="Passed" testListId="8c84fa94-04c1-424b-9868-57a2d4851a1d" relativeResultsDirectory="fb1e85e1-2a9e-4fe1-a804-8b85c8e26f13" />
    <UnitTestResult executionId="0428e4ec-2f09-4e33-a66b-1594f922a834" testId="299e13bc-85a6-aba5-c7dc-a0e285e4d820" testName="Alis.Extension.Io.FileDialog.Test.FilePickerFactoryTest.CreateFilePicker_ShouldReturnValidInstance" computerName="MacBook-Pro-de-Pablo" duration="00:00:00.0000267" startTime="2026-07-10T21:37:15.2440470+01:00" endTime="2026-07-10T21:37:15.2440470+01:00" testType="13cdc9d9-ddb5-4fa4-a97d-d965ccfc6d4b" outcome="Passed" testListId="8c84fa94-04c1-424b-9868-57a2d4851a1d" relativeResultsDirectory="0428e4ec-2f09-4e33-a66b-1594f922a834" />
    <UnitTestResult executionId="78d23dd8-f0f7-4199-b222-95671a7541b5" testId="b6a37da7-76b1-8af2-2599-7a2b5e6dd0ed" testName="Alis.Extension.Io.FileDialog.Test.FilePickerExecutorTest.ExecuteCommand_WithLsCommand_ReturnsOutput" computerName="MacBook-Pro-de-Pablo" duration="00:00:00.0010000" startTime="2026-07-10T21:37:15.0341940+01:00" endTime="2026-07-10T21:37:15.0341940+01:00" testType="13cdc9d9-ddb5-4fa4-a97d-d965ccfc6d4b" outcome="NotExecuted" testListId="8c84fa94-04c1-424b-9868-57a2d4851a1d" relativeResultsDirectory="78d23dd8-f0f7-4199-b222-95671a7541b5">
      <Output>
        <ErrorInfo>
          <Message>Only running in linux mode</Message>
        </ErrorInfo>
      </Output>
    </UnitTestResult>
[...]
Se ha omitido la prueba 'Alis.Extension.Io.FileDialog.Test.FilePickerExecutorTest.CommandExists_WithCommandContainingSpecialChars_ReturnsFalse' en la serie de pruebas.
[xUnit.net 00:00:00.31]       Only running in windows mode
[10/7/2026 20:37:15] [Warning] [Alis.Core.Aspect.Logging] File not found or cannot execute: nonexistent_cmd_xyz789 - An error occurred trying to start process 'nonexistent_cmd_xyz789' with working directory '/Users/pabllopf/repositorios/Alis/1_Presentation/Extension/Io/FileDialog/test/bin/Debug/lib'. No such file or directory
[10/7/2026 20:37:15] [Trace] [Alis.Core.Aspect.Logging] Checking if command exists: abc123random_nonexistent_cmd
[10/7/2026 20:37:15] [Trace] [Alis.Core.Aspect.Logging] Executing command: sh with arguments: -c which abc123random_nonexistent_cmd
[10/7/2026 20:37:15] [Trace] [Alis.Core.Aspect.Logging] Starting process: sh
[xUnit.net 00:00:00.33]       Only running in linux mode
[10/7/2026 20:37:15] [Trace] [Alis.Core.Aspect.Logging] Process sh exited with code: 1
[10/7/2026 20:37:15] [Warning] [Alis.Core.Aspect.Logging] Command error: usage: which [-as] program ...
[10/7/2026 20:37:15] [Trace] [Alis.Core.Aspect.Logging] Command 'abc123random_nonexistent_cmd' exists: False
[10/7/2026 20:37:15] [Trace] [Alis.Core.Aspect.Logging] Checking if command exists: cmd@#$%
[10/7/2026 20:37:15] [Trace] [Alis.Core.Aspect.Logging] Executing command: sh with arguments: -c which cmd@#$%
[10/7/2026 20:37:15] [Trace] [Alis.Core.Aspect.Logging] Starting process: sh
[10/7/2026 20:37:15] [Trace] [Alis.Core.Aspect.Logging] Process sh exited with code: 1
[10/7/2026 20:37:15] [Warning] [Alis.Core.Aspect.Logging] Command error: usage: which [-as] program ...
[10/7/2026 20:37:15] [Trace] [Alis.Core.Aspect.Logging] Command 'cmd@#$%' exists: False
[10/7/2026 20:37:15] [Trace] [Alis.Core.Aspect.Logging] Creating FilePicker with custom options...
[10/7/2026 20:37:15] [Trace] [Alis.Core.Aspect.Logging] Validating FilePickerOptions...
[10/7/2026 20:37:15] [Warning] [Alis.Core.Aspect.Logging] FilePickerOptions Title is null or empty.
[10/7/2026 20:37:15] [Trace] [Alis.Core.Aspect.Logging] Creating FilePicker with custom options...
[10/7/2026 20:37:15] [Warning] [Alis.Core.Aspect.Logging] FilePickerOptions is null.
[10/7/2026 20:37:15] [Trace] [Alis.Core.Aspect.Logging] Getting current platform name...
[10/7/2026 20:37:15] [Trace] [Alis.Core.Aspect.Logging] Creating FilePicker for the current operating system...
[10/7/2026 20:37:15] [Info] [Alis.Core.Aspect.Logging] Creating MacFilePicker.
[10/7/2026 20:37:15] [Trace] [Alis.Core.Aspect.Logging] Getting current platform name...
[10/7/2026 20:37:15] [Trace] [Alis.Core.Aspect.Logging] Checking if current platform is supported...
[10/7/2026 20:37:15] [Trace] [Alis.Core.Aspect.Logging] Getting current platform name...
[10/7/2026 20:37:15] [Info] [Alis.Core.Aspect.Logging] Platform macOS is supported.
[10/7/2026 20:37:15] [Trace] [Alis.Core.Aspect.Logging] Creating FilePicker with custom options...
[10/7/2026 20:37:15] [Trace] [Alis.Core.Aspect.Logging] Validating FilePickerOptions...
[10/7/2026 20:37:15] [Trace] [Alis.Core.Aspect.Logging] FilePickerOptions validation passed.
[10/7/2026 20:37:15] [Trace] [Alis.Core.Aspect.Logging] Creating FilePicker for the current operating system...
[10/7/2026 20:37:15] [Info] [Alis.Core.Aspect.Logging] Creating MacFilePicker.
[10/7/2026 20:37:15] [Trace] [Alis.Core.Aspect.Logging] Creating FilePicker for the current operating system...
[10/7/2026 20:37:15] [Info] [Alis.Core.Aspect.Logging] Creating MacFilePicker.
Se ha omitido la prueba 'Alis.Extension.Io.FileDialog.Test.FilePickerExecutorTest.ExecuteCommand_WithValidCommandAndCustomTimeoutOnWindows_ReturnsOutput' en la serie de pruebas.
Se ha omitido la prueba 'Alis.Extension.Io.FileDialog.Test.FilePickerExecutorTest.ExecuteCommand_WithTimeout_KillsProcessAndReturnsNull' en la serie de pruebas.
[10/7/2026 20:37:15] [Trace] [Alis.Core.Aspect.Logging] Validating FilePickerOptions...
[10/7/2026 20:37:15] [Warning] [Alis.Core.Aspect.Logging] AllowDirectories can only be true for SelectFolder dialog type.
[10/7/2026 20:37:15] [Trace] [Alis.Core.Aspect.Logging] Validating directory path: /nonexistent/directory/path
[10/7/2026 20:37:15] [Warning] [Alis.Core.Aspect.Logging] Directory does not exist: /nonexistent/directory/path
[10/7/2026 20:37:15] [Trace] [Alis.Core.Aspect.Logging] Validating FilePickerResult...
[10/7/2026 20:37:15] [Warning] [Alis.Core.Aspect.Logging] Result is null.
[10/7/2026 20:37:15] [Trace] [Alis.Core.Aspect.Logging] Validating FilePickerOptions...
[10/7/2026 20:37:15] [Warning] [Alis.Core.Aspect.Logging] FilePickerOptions Title is null or empty.
[10/7/2026 20:37:15] [Trace] [Alis.Core.Aspect.Logging] Validating FilePickerResult...
[10/7/2026 20:37:15] [Trace] [Alis.Core.Aspect.Logging] Validating file path: /var/folders/qh/4_2js33j177d_5fb4gh1ysjh0000gn/T/tmpBZsqNz.tmp
[10/7/2026 20:37:15] [Trace] [Alis.Core.Aspect.Logging] Validating file extension for: /var/folders/qh/4_2js33j177d_5fb4gh1ysjh0000gn/T/tmpBZsqNz.tmp
[10/7/2026 20:37:15] [Trace] [Alis.Core.Aspect.Logging] No filters specified, all extensions allowed.
[10/7/2026 20:37:15] [Trace] [Alis.Core.Aspect.Logging] Validating FilePickerOptions...
[10/7/2026 20:37:15] [Warning] [Alis.Core.Aspect.Logging] SaveFile dialog cannot allow multiple selections.
[10/7/2026 20:37:15] [Trace] [Alis.Core.Aspect.Logging] Validating file path: /var/folders/qh/4_2js33j177d_5fb4gh1ysjh0000gn/T/tmpucia8m.tmp
[10/7/2026 20:37:15] [Trace] [Alis.Core.Aspect.Logging] Validating FilePickerResult...
[10/7/2026 20:37:15] [Trace] [Alis.Core.Aspect.Logging] Validating file path: /nonexistent/test-file.txt
[10/7/2026 20:37:15] [Warning] [Alis.Core.Aspect.Logging] File does not exist: /nonexistent/test-file.txt
[10/7/2026 20:37:15] [Trace] [Alis.Core.Aspect.Logging] Validating FilePickerOptions...
[10/7/2026 20:37:15] [Warning] [Alis.Core.Aspect.Logging] FilePickerOptions is null.
[10/7/2026 20:37:15] [Trace] [Alis.Core.Aspect.Logging] Validating file extension for: 
[10/7/2026 20:37:15] [Warning] [Alis.Core.Aspect.Logging] File path is null or empty.
[10/7/2026 20:37:15] [Trace] [Alis.Core.Aspect.Logging] Validating FilePickerOptions...
[10/7/2026 20:37:15] [Trace] [Alis.Core.Aspect.Logging] FilePickerOptions validation passed.
[10/7/2026 20:37:15] [Trace] [Alis.Core.Aspect.Logging] Validating file path: /nonexistent/file/path.txt
[10/7/2026 20:37:15] [Warning] [Alis.Core.Aspect.Logging] File does not exist: /nonexistent/file/path.txt
[10/7/2026 20:37:15] [Trace] [Alis.Core.Aspect.Logging] Validating file path: 
[10/7/2026 20:37:15] [Warning] [Alis.Core.Aspect.Logging] File path is null or empty.
[10/7/2026 20:37:15] [Trace] [Alis.Core.Aspect.Logging] Validating FilePickerResult...
[10/7/2026 20:37:15] [Warning] [Alis.Core.Aspect.Logging] Result has multiple paths but AllowMultiple is false.
[10/7/2026 20:37:15] [Trace] [Alis.Core.Aspect.Logging] Validating file extension for: /path/file.pdf
[10/7/2026 20:37:15] [Warning] [Alis.Core.Aspect.Logging] File extension 'pdf' is not allowed for path: /path/file.pdf
[10/7/2026 20:37:15] [Trace] [Alis.Core.Aspect.Logging] Validating directory path: test\u0000dir
[10/7/2026 20:37:15] [Warning] [Alis.Core.Aspect.Logging] Directory does not exist: test\u0000dir
[10/7/2026 20:37:15] [Trace] [Alis.Core.Aspect.Logging] Validating file extension for: /path/file.TXT
[10/7/2026 20:37:15] [Trace] [Alis.Core.Aspect.Logging] Validating FilePickerOptions...
[10/7/2026 20:37:15] [Warning] [Alis.Core.Aspect.Logging] Default path does not exist: /nonexistent/path/that/does/not/exist
[10/7/2026 20:37:15] [Trace] [Alis.Core.Aspect.Logging] Validating file path: test\u0000file.txt
[10/7/2026 20:37:15] [Warning] [Alis.Core.Aspect.Logging] File does not exist: test\u0000file.txt
[10/7/2026 20:37:15] [Trace] [Alis.Core.Aspect.Logging] Validating FilePickerResult...
[10/7/2026 20:37:15] [Trace] [Alis.Core.Aspect.Logging] Validating FilePickerOptions...
[10/7/2026 20:37:15] [Warning] [Alis.Core.Aspect.Logging] FilePickerOptions Title is null or empty.
[10/7/2026 20:37:15] [Trace] [Alis.Core.Aspect.Logging] Validating FilePickerOptions...
[10/7/2026 20:37:15] [Warning] [Alis.Core.Aspect.Logging] AllowDirectories can only be true for SelectFolder dialog type.
[10/7/2026 20:37:15] [Trace] [Alis.Core.Aspect.Logging] Validating file extension for: /path/file.txt
[10/7/2026 20:37:15] [Trace] [Alis.Core.Aspect.Logging] Validating FilePickerResult...
[10/7/2026 20:37:15] [Trace] [Alis.Core.Aspect.Logging] Result indicates failure.
[10/7/2026 20:37:15] [Trace] [Alis.Core.Aspect.Logging] Validating FilePickerResult...
[10/7/2026 20:37:15] [Trace] [Alis.Core.Aspect.Logging] Validating directory path: /var/folders/qh/4_2js33j177d_5fb4gh1ysjh0000gn/T/
[10/7/2026 20:37:15] [Trace] [Alis.Core.Aspect.Logging] Validating directory path: 
[10/7/2026 20:37:15] [Warning] [Alis.Core.Aspect.Logging] Directory path is null or empty.
[10/7/2026 20:37:15] [Trace] [Alis.Core.Aspect.Logging] Validating FilePickerResult...
[10/7/2026 20:37:15] [Trace] [Alis.Core.Aspect.Logging] Validating directory path: /nonexistent/folder
[10/7/2026 20:37:15] [Warning] [Alis.Core.Aspect.Logging] Directory does not exist: /nonexistent/folder
[10/7/2026 20:37:15] [Trace] [Alis.Core.Aspect.Logging] Validating file extension for: file.txt
[10/7/2026 20:37:15] [Trace] [Alis.Core.Aspect.Logging] No filters specified, all extensions allowed.
[10/7/2026 20:37:15] [Trace] [Alis.Core.Aspect.Logging] Validating file extension for: /path/file.txt
[10/7/2026 20:37:15] [Trace] [Alis.Core.Aspect.Logging] No filters specified, all extensions allowed.
[10/7/2026 20:37:15] [Trace] [Alis.Core.Aspect.Logging] Validating directory path: /var/folders/qh/4_2js33j177d_5fb4gh1ysjh0000gn/T/
[10/7/2026 20:37:15] [Trace] [Alis.Core.Aspect.Logging] Validating file extension for: /path/README
[10/7/2026 20:37:15] [Warning] [Alis.Core.Aspect.Logging] Cannot determine extension for: /path/README
[10/7/2026 20:37:15] [Trace] [Alis.Core.Aspect.Logging] Validating file extension for: /path/file.
[10/7/2026 20:37:15] [Warning] [Alis.Core.Aspect.Logging] Cannot determine extension for: /path/file.
[10/7/2026 20:37:15] [Trace] [Alis.Core.Aspect.Logging] Validating file extension for: 
[10/7/2026 20:37:15] [Warning] [Alis.Core.Aspect.Logging] File path is null or empty.
[10/7/2026 20:37:15] [Trace] [Alis.Core.Aspect.Logging] Creating FilePicker with custom options...
[10/7/2026 20:37:15] [Trace] [Alis.Core.Aspect.Logging] Validating FilePickerOptions...
[10/7/2026 20:37:15] [Trace] [Alis.Core.Aspect.Logging] FilePickerOptions validation passed.
[10/7/2026 20:37:15] [Trace] [Alis.Core.Aspect.Logging] Creating FilePicker for the current operating system...
[10/7/2026 20:37:15] [Info] [Alis.Core.Aspect.Logging] Creating MacFilePicker.
[10/7/2026 20:37:15] [Trace] [Alis.Core.Aspect.Logging] Creating FilePicker with custom options...
[10/7/2026 20:37:15] [Trace] [Alis.Core.Aspect.Logging] Validating FilePickerOptions...
[10/7/2026 20:37:15] [Trace] [Alis.Core.Aspect.Logging] FilePickerOptions validation passed.
[10/7/2026 20:37:15] [Trace] [Alis.Core.Aspect.Logging] Creating FilePicker for the current operating system...
[10/7/2026 20:37:15] [Info] [Alis.Core.Aspect.Logging] Creating MacFilePicker.
[10/7/2026 20:37:15] [Trace] [Alis.Core.Aspect.Logging] Creating FilePicker with custom options...
[10/7/2026 20:37:15] [Trace] [Alis.Core.Aspect.Logging] Validating FilePickerOptions...
[10/7/2026 20:37:15] [Trace] [Alis.Core.Aspect.Logging] FilePickerOptions validation passed.
[10/7/2026 20:37:15] [Trace] [Alis.Core.Aspect.Logging] Creating FilePicker for the current operating system...
[10/7/2026 20:37:15] [Info] [Alis.Core.Aspect.Logging] Creating MacFilePicker.
[10/7/2026 20:37:15] [Trace] [Alis.Core.Aspect.Logging] Checking if current platform is supported...
[10/7/2026 20:37:15] [Trace] [Alis.Core.Aspect.Logging] Getting current platform name...
[10/7/2026 20:37:15] [Info] [Alis.Core.Aspect.Logging] Platform macOS is supported.
[10/7/2026 20:37:15] [Trace] [Alis.Core.Aspect.Logging] Creating FilePicker for the current operating system...
[10/7/2026 20:37:15] [Info] [Alis.Core.Aspect.Logging] Creating MacFilePicker.
[10/7/2026 20:37:15] [Trace] [Alis.Core.Aspect.Logging] Getting current platform name...
[10/7/2026 20:37:15] [Trace] [Alis.Core.Aspect.Logging] Creating FilePicker with custom options...
[10/7/2026 20:37:15] [Trace] [Alis.Core.Aspect.Logging] Validating FilePickerOptions...
[10/7/2026 20:37:15] [Trace] [Alis.Core.Aspect.Logging] FilePickerOptions validation passed.
[10/7/2026 20:37:15] [Trace] [Alis.Core.Aspect.Logging] Creating FilePicker for the current operating system...
[10/7/2026 20:37:15] [Info] [Alis.Core.Aspect.Logging] Creating MacFilePicker.
[10/7/2026 20:37:15] [Trace] [Alis.Core.Aspect.Logging] Splitting multiple paths from dialog output.
[10/7/2026 20:37:15] [Warning] [Alis.Core.Aspect.Logging] Paths string is null or empty.
[10/7/2026 20:37:15] [Trace] [Alis.Core.Aspect.Logging] Normalizing path: 
[10/7/2026 20:37:15] [Trace] [Alis.Core.Aspect.Logging] Path is null or whitespace, returning null.
[10/7/2026 20:37:15] [Trace] [Alis.Core.Aspect.Logging] Splitting multiple paths from dialog output.
[10/7/2026 20:37:15] [Warning] [Alis.Core.Aspect.Logging] Paths string is null or empty.
[10/7/2026 20:37:15] [Trace] [Alis.Core.Aspect.Logging] Converting path separators for: 
[10/7/2026 20:37:15] [Trace] [Alis.Core.Aspect.Logging] Validating path: /path/with\u0000null (mustExist: True)
[10/7/2026 20:37:15] [Trace] [Alis.Core.Aspect.Logging] Validating path: /valid/path.txt (mustExist: False)
[10/7/2026 20:37:15] [Trace] [Alis.Core.Aspect.Logging] Getting directory name from path: relative/path/file.txt
[10/7/2026 20:37:15] [Trace] [Alis.Core.Aspect.Logging] Directory name: relative/path
[10/7/2026 20:37:15] [Trace] [Alis.Core.Aspect.Logging] Converting path separators for: /path/to/file.txt
[10/7/2026 20:37:15] [Trace] [Alis.Core.Aspect.Logging] Path separators converted to: /path/to/file.txt
[10/7/2026 20:37:15] [Trace] [Alis.Core.Aspect.Logging] Normalizing path:   /path/to/file.txt  
[10/7/2026 20:37:15] [Trace] [Alis.Core.Aspect.Logging] Path normalized to: /path/to/file.txt
[10/7/2026 20:37:15] [Trace] [Alis.Core.Aspect.Logging] Splitting multiple paths from dialog output.
[10/7/2026 20:37:15] [Trace] [Alis.Core.Aspect.Logging] Normalizing path: /path/first.txt
[10/7/2026 20:37:15] [Trace] [Alis.Core.Aspect.Logging] Path normalized to: /path/first.txt
[10/7/2026 20:37:15] [Trace] [Alis.Core.Aspect.Logging] Normalizing path: /path/second.txt
[10/7/2026 20:37:15] [Trace] [Alis.Core.Aspect.Logging] Path normalized to: /path/second.txt
[10/7/2026 20:37:15] [Trace] [Alis.Core.Aspect.Logging] Split 2 path(s) from dialog output.
[xUnit.net 00:00:00.38]   Finished:    Alis.Extension.Io.FileDialog.Test
</StdOut>
    </Output>
    <RunInfos>
      <RunInfo computerName="MacBook-Pro-de-Pablo" outcome="Warning" timestamp="2026-07-10T21:37:15.0340090+01:00">
        <Text>[xUnit.net 00:00:00.14]     Alis.Extension.Io.FileDialog.Test.FilePickerExecutorTest.ExecuteCommand_WithLsCommand_ReturnsOutput [SKIP]</Text>
      </RunInfo>
      <RunInfo computerName="MacBook-Pro-de-Pablo" outcome="Warning" timestamp="2026-07-10T21:37:15.0346970+01:00">
        <Text>[xUnit.net 00:00:00.14]     Alis.Extension.Io.FileDialog.Test.FilePickerExecutorTest.CommandExists_WithLsCommand_ReturnsTrue [SKIP]</Text>
      </RunInfo>
      <RunInfo computerName="MacBook-Pro-de-Pablo" outcome="Warning" timestamp="2026-07-10T21:37:15.0352210+01:00">
        <Text>[xUnit.net 00:00:00.14]     Alis.Extension.Io.FileDialog.Test.FilePickerExecutorTest.CommandExists_WithUppercaseCommandOnWindows_ReturnsTrue [SKIP]</Text>
      </RunInfo>
      <RunInfo computerName="MacBook-Pro-de-Pablo" outcome="Warning" timestamp="2026-07-10T21:37:15.0353770+01:00">
        <Text>[xUnit.net 00:00:00.14]     Alis.Extension.Io.FileDialog.Test.FilePickerExecutorTest.ExecuteCommand_WithEchoCommand_ReturnsExpectedOutput [SKIP]</Text>
      </RunInfo>
      <RunInfo computerName="MacBook-Pro-de-Pablo" outcome="Warning" timestamp="2026-07-10T21:37:15.0362710+01:00">
        <Text>[xUnit.net 00:00:00.14]     Alis.Extension.Io.FileDialog.Test.FilePickerExecutorTest.ExecuteCommand_WithValidCommandAndCustomTimeout_ReturnsOutput [SKIP]</Text>
      </RunInfo>
      <RunInfo computerName="MacBook-Pro-de-Pablo" outcome="Warning" timestamp="2026-07-10T21:37:15.0362780+01:00">
        <Text>[xUnit.net 00:00:00.14]     Alis.Extension.Io.FileDialog.Test.FilePickerExecutorTest.CommandExists_WithDirCommandOnWindows_ReturnsTrue [SKIP]</Text>
      </RunInfo>
      <RunInfo computerName="MacBook-Pro-de-Pablo" outcome="Warning" timestamp="2026-07-10T21:37:15.0362830+01:00">
        <Text>[xUnit.net 00:00:00.14]     Alis.Extension.Io.FileDialog.Test.FilePickerExecutorTest.ExecuteCommand_WithEchoCommandOnWindows_ReturnsExpectedOutput [SKIP]</Text>
      </RunInfo>
      <RunInfo computerName="MacBook-Pro-de-Pablo" outcome="Warning" timestamp="2026-07-10T21:37:15.0362880+01:00">
        <Text>[xUnit.net 00:00:00.14]     Alis.Extension.Io.FileDialog.Test.FilePickerExecutorTest.CommandExists_WithCommandContainingSpecialCharsOnWindows_ReturnsFalse [SKIP]</Text>
      </RunInfo>
      <RunInfo computerName="MacBook-Pro-de-Pablo" outcome="Warning" timestamp="2026-07-10T21:37:15.0537790+01:00">
        <Text>[xUnit.net 00:00:00.16]     Alis.Extension.Io.FileDialog.Test.FilePickerExecutorTest.CommandExists_WithUppercaseCommand_ReturnsTrue [SKIP]</Text>
      </RunInfo>
      <RunInfo computerName="MacBook-Pro-de-Pablo" outcome="Warning" timestamp="2026-07-10T21:37:15.0539150+01:00">
        <Text>[xUnit.net 00:00:00.16]     Alis.Extension.Io.FileDialog.Test.FilePickerExecutorTest.ExecuteCommand_WithLongArguments_ReturnsOutput [SKIP]</Text>
      </RunInfo>
      <RunInfo computerName="MacBook-Pro-de-Pablo" outcome="Warning" timestamp="2026-07-10T21:37:15.1946770+01:00">
        <Text>[xUnit.net 00:00:00.30]     Alis.Extension.Io.FileDialog.Test.FilePickerExecutorTest.ExecuteCommand_WithTimeoutOnWindows_KillsProcessAndReturnsNull [SKIP]</Text>
      </RunInfo>
      <RunInfo computerName="MacBook-Pro-de-Pablo" outcome="Warning" timestamp="2026-07-10T21:37:15.1947590+01:00">
        <Text>[xUnit.net 00:00:00.30]     Alis.Extension.Io.FileDialog.Test.FilePickerExecutorTest.ExecuteCommand_WithArgumentsContainingSpaces_ReturnsOutput [SKIP]</Text>
      </RunInfo>
      <RunInfo computerName="MacBook-Pro-de-Pablo" outcome="Warning" timestamp="2026-07-10T21:37:15.1954860+01:00">
        <Text>[xUnit.net 00:00:00.30]     Alis.Extension.Io.FileDialog.Test.FilePickerExecutorTest.CommandExists_WithCommandContainingSpecialChars_ReturnsFalse [SKIP]</Text>
      </RunInfo>
      <RunInfo computerName="MacBook-Pro-de-Pablo" outcome="Warning" timestamp="2026-07-10T21:37:15.2090630+01:00">
        <Text>[xUnit.net 00:00:00.31]     Alis.Extension.Io.FileDialog.Test.FilePickerExecutorTest.ExecuteCommand_WithValidCommandAndCustomTimeoutOnWindows_ReturnsOutput [SKIP]</Text>
      </RunInfo>
      <RunInfo computerName="MacBook-Pro-de-Pablo" outcome="Warning" timestamp="2026-07-10T21:37:15.2220390+01:00">
        <Text>[xUnit.net 00:00:00.32]     Alis.Extension.Io.FileDialog.Test.FilePickerExecutorTest.ExecuteCommand_WithTimeout_KillsProcessAndReturnsNull [SKIP]</Text>
      </RunInfo>
    </RunInfos>
    <CollectorDataEntries>
      <Collector agentName="MacBook-Pro-de-Pablo" uri="datacollector://microsoft/CoverletCodeCoverage/1.0" collectorDisplayName="XPlat code coverage">
        <UriAttachments>
          <UriAttachment>
            <A href="MacBook-Pro-de-Pablo/coverage.cobertura.xml"></A>
          </UriAttachment>
        </UriAttachments>
      </Collector>
    </CollectorDataEntries>
  </ResultSummary>
</TestRun>