<?xml version="1.0" encoding="utf-8"?>
<coverage line-rate="0.9983" branch-rate="1" version="1.9" timestamp="1783670159" lines-covered="1850" lines-valid="1853" branches-covered="565" branches-valid="565">
  <sources>
    <source>/Users/pabllopf/repositorios/Alis/6_Ideation/Math/src/</source>
  </sources>
  <packages>
    <package name="Alis.Core.Aspect.Math" line-rate="0.9983" branch-rate="1" complexity="884">
      <classes>
        <class name="Alis.Core.Aspect.Math.CustomMathF" filename="CustomMathF.cs" line-rate="1" branch-rate="1" complexity="60">
          <methods>
            <method name="Sqrt" signature="(System.Single)" line-rate="1" branch-rate="1" complexity="8">
              <lines>
                <line number="61" hits="9" branch="False" />
                <line number="62" hits="9" branch="True" condition-coverage="100% (2/2)">
                  <conditions>
                    <condition number="11" type="jump" coverage="100%" />
                  </conditions>
                </line>
                <line number="63" hits="1" branch="False" />
                <line number="64" hits="1" branch="False" />
                <line number="67" hits="8" branch="True" condition-coverage="100% (4/4)">
                  <conditions>
                    <condition number="33" type="jump" coverage="100%" />
                    <condition number="55" type="jump" coverage="100%" />
                  </conditions>
                </line>
                <line number="68" hits="2" branch="False" />
                <line number="69" hits="2" branch="False" />
                <line number="72" hits="6" branch="False" />
                <line number="76" hits="103" branch="False" />
                <line number="77" hits="103" branch="False" />
                <line number="78" hits="103" branch="False" />
                <line number="79" hits="206" branch="True" condition-coverage="100% (2/2)">
                  <conditions>
                    <condition number="103" type="jump" coverage="100%" />
                  </conditions>
                </line>
                <line number="81" hits="6" branch="False" />
                <line number="82" hits="9" branch="False" />
              </lines>
            </method>
            <method name="Abs" signature="(System.Single)" line-rate="1" branch-rate="1" complexity="2">
              <lines>
                <line number="89" hits="177" branch="True" condition-coverage="100% (2/2)">
                  <conditions>
                    <condition number="6" type="jump" coverage="100%" />
                  </conditions>
                </line>
              </lines>
            </method>
            <method name="Cos" signature="(System.Single)" line-rate="1" branch-rate="1" complexity="6">
              <lines>
                <line number="100" hits="16" branch="False" />
                <line number="101" hits="16" branch="True" condition-coverage="100% (4/4)">
                  <conditions>
                    <condition number="7" type="jump" coverage="100%" />
                    <condition number="20" type="jump" coverage="100%" />
                  </conditions>
                </line>
                <line number="102" hits="2" branch="False" />
                <line number="103" hits="2" branch="False" />
                <line number="106" hits="14" branch="False" />
                <line number="108" hits="14" branch="False" />
                <line number="109" hits="14" branch="False" />
                <line number="111" hits="308" branch="True" condition-coverage="100% (2/2)">
                  <conditions>
                    <condition number="102" type="jump" coverage="100%" />
                  </conditions>
                </line>
                <line number="112" hits="140" branch="False" />
                <line number="113" hits="140" branch="False" />
                <line number="114" hits="140" branch="False" />
                <line number="115" hits="140" branch="False" />
                <line number="117" hits="14" branch="False" />
                <line number="118" hits="16" branch="False" />
              </lines>
            </method>
            <method name="Sin" signature="(System.Single)" line-rate="1" branch-rate="1" complexity="10">
              <lines>
                <line number="130" hits="16" branch="False" />
                <line number="131" hits="16" branch="True" condition-coverage="100% (4/4)">
                  <conditions>
                    <condition number="7" type="jump" coverage="100%" />
                    <condition number="20" type="jump" coverage="100%" />
                  </conditions>
                </line>
                <line number="132" hits="1" branch="False" />
                <line number="133" hits="1" branch="False" />
                <line number="136" hits="15" branch="False" />
                <line number="138" hits="15" branch="True" condition-coverage="100% (2/2)">
                  <conditions>
                    <condition number="52" type="jump" coverage="100%" />
                  </conditions>
                </line>
                <line number="139" hits="2" branch="False" />
                <line number="140" hits="2" branch="False" />
                <line number="141" hits="2" branch="False" />
                <line number="142" hits="13" branch="True" condition-coverage="100% (2/2)">
                  <conditions>
                    <condition number="79" type="jump" coverage="100%" />
                  </conditions>
                </line>
                <line number="143" hits="1" branch="False" />
                <line number="144" hits="1" branch="False" />
                <line number="145" hits="1" branch="False" />
                <line number="147" hits="15" branch="False" />
                <line number="148" hits="15" branch="False" />
                <line number="150" hits="330" branch="True" condition-coverage="100% (2/2)">
                  <conditions>
                    <condition number="146" type="jump" coverage="100%" />
                  </conditions>
                </line>
                <line number="151" hits="150" branch="False" />
                <line number="152" hits="150" branch="False" />
                <line number="153" hits="150" branch="False" />
                <line number="154" hits="150" branch="False" />
                <line number="156" hits="15" branch="False" />
                <line number="157" hits="16" branch="False" />
              </lines>
            </method>
            <method name="Acos" signature="(System.Single)" line-rate="1" branch-rate="1" complexity="14">
              <lines>
                <line number="169" hits="13" branch="False" />
                <line number="170" hits="13" branch="True" condition-coverage="100% (6/6)">
                  <conditions>
                    <condition number="7" type="jump" coverage="100%" />
                    <condition number="15" type="jump" coverage="100%" />
                    <condition number="28" type="jump" coverage="100%" />
                  </conditions>
                </line>
                <line number="171" hits="3" branch="False" />
                <line number="172" hits="3" branch="False" />
                <line number="176" hits="11" branch="True" condition-coverage="100% (2/2)">
                  <conditions>
                    <condition number="58" type="jump" coverage="100%" />
                  </conditions>
                </line>
                <line number="177" hits="10" branch="True" condition-coverage="100% (2/2)">
                  <conditions>
                    <condition number="87" type="jump" coverage="100%" />
                  </conditions>
                </line>
                <line number="179" hits="8" branch="False" />
                <line number="180" hits="8" branch="False" />
                <line number="181" hits="8" branch="False" />
                <line number="183" hits="130" branch="True" condition-coverage="100% (2/2)">
                  <conditions>
                    <condition number="195" type="jump" coverage="100%" />
                  </conditions>
                </line>
                <line number="184" hits="60" branch="False" />
                <line number="185" hits="60" branch="False" />
                <line number="187" hits="60" branch="True" condition-coverage="100% (2/2)">
                  <conditions>
                    <condition number="137" type="jump" coverage="100%" />
                  </conditions>
                </line>
                <line number="188" hits="3" branch="False" />
                <line number="189" hits="3" branch="False" />
                <line number="192" hits="57" branch="False" />
                <line number="193" hits="57" branch="False" />
                <line number="195" hits="8" branch="False" />
                <line number="196" hits="13" branch="False" />
              </lines>
            </method>
            <method name="Max" signature="(System.Int32,System.Int32)" line-rate="1" branch-rate="1" complexity="2">
              <lines>
                <line number="204" hits="4" branch="True" condition-coverage="100% (2/2)">
                  <conditions>
                    <condition number="2" type="jump" coverage="100%" />
                  </conditions>
                </line>
              </lines>
            </method>
            <method name="Min" signature="(System.Int32,System.Int32)" line-rate="1" branch-rate="1" complexity="2">
              <lines>
                <line number="212" hits="4" branch="True" condition-coverage="100% (2/2)">
                  <conditions>
                    <condition number="2" type="jump" coverage="100%" />
                  </conditions>
                </line>
              </lines>
            </method>
            <method name="Max" signature="(System.Single,System.Single)" line-rate="1" branch-rate="1" complexity="2">
              <lines>
                <line number="220" hits="4" branch="True" condition-coverage="100% (2/2)">
                  <conditions>
                    <condition number="2" type="jump" coverage="100%" />
                  </conditions>
                </line>
              </lines>
            </method>
            <method name="Min" signature="(System.Single,System.Single)" line-rate="1" branch-rate="1" complexity="2">
              <lines>
                <line number="228" hits="4" branch="True" condition-coverage="100% (2/2)">
                  <conditions>
                    <condition number="2" type="jump" coverage="100%" />
                  </conditions>
                </line>
              </lines>
            </method>
            <method name="Clamp" signature="(System.Single,System.Single,System.Single)" line-rate="1" branch-rate="1" complexity="4">
              <lines>
                <line number="238" hits="10" branch="False" />
                <line number="239" hits="10" branch="True" condition-coverage="100% (2/2)">
                  <conditions>
                    <condition number="7" type="jump" coverage="100%" />
                  </conditions>
                </line>
                <line number="240" hits="3" branch="False" />
                <line number="241" hits="3" branch="False" />
                <line number="244" hits="7" branch="True" condition-coverage="100% (2/2)">
                  <conditions>
                    <condition number="20" type="jump" coverage="100%" />
                  </conditions>
                </line>
                <line number="245" hits="2" branch="False" />
                <line number="246" hits="2" branch="False" />
                <line number="249" hits="5" branch="False" />
                <line number="250" hits="10" branch="False" />
              </lines>
            </method>
            <method name="Tan" signature="(System.Single)" line-rate="1" branch-rate="1" complexity="8">
              <lines>
                <line number="262" hits="9" branch="False" />
                <line number="263" hits="9" branch="True" condition-coverage="100% (4/4)">
                  <conditions>
                    <condition number="7" type="jump" coverage="100%" />
                    <condition number="20" type="jump" coverage="100%" />
                  </conditions>
                </line>
                <line number="264" hits="2" branch="False" />
                <line number="265" hits="2" branch="False" />
                <line number="268" hits="7" branch="False" />
                <line number="270" hits="7" branch="True" condition-coverage="100% (4/4)">
                  <conditions>
                    <condition number="57" type="jump" coverage="100%" />
                    <condition number="83" type="jump" coverage="100%" />
                  </conditions>
                </line>
                <line number="271" hits="3" branch="False" />
                <line number="272" hits="3" branch="False" />
                <line number="275" hits="4" branch="False" />
                <line number="276" hits="9" branch="False" />
              </lines>
            </method>
          </methods>
          <lines>
            <line number="61" hits="9" branch="False" />
            <line number="62" hits="9" branch="True" condition-coverage="100% (2/2)">
              <conditions>
                <condition number="11" type="jump" coverage="100%" />
              </conditions>
            </line>
            <line number="63" hits="1" branch="False" />
            <line number="64" hits="1" branch="False" />
            <line number="67" hits="8" branch="True" condition-coverage="100% (4/4)">
              <conditions>
                <condition number="33" type="jump" coverage="100%" />
                <condition number="55" type="jump" coverage="100%" />
              </conditions>
            </line>
            <line number="68" hits="2" branch="False" />
            <line number="69" hits="2" branch="False" />
            <line number="72" hits="6" branch="False" />
            <line number="76" hits="103" branch="False" />
            <line number="77" hits="103" branch="False" />
            <line number="78" hits="103" branch="False" />
            <line number="79" hits="206" branch="True" condition-coverage="100% (2/2)">
              <conditions>
                <condition number="103" type="jump" coverage="100%" />
              </conditions>
            </line>
            <line number="81" hits="6" branch="False" />
            <line number="82" hits="9" branch="False" />
            <line number="89" hits="177" branch="True" condition-coverage="100% (2/2)">
              <conditions>
                <condition number="6" type="jump" coverage="100%" />
              </conditions>
            </line>
            <line number="100" hits="16" branch="False" />
            <line number="101" hits="16" branch="True" condition-coverage="100% (4/4)">
              <conditions>
                <condition number="7" type="jump" coverage="100%" />
                <condition number="20" type="jump" coverage="100%" />
              </conditions>
            </line>
            <line number="102" hits="2" branch="False" />
            <line number="103" hits="2" branch="False" />
            <line number="106" hits="14" branch="False" />
            <line number="108" hits="14" branch="False" />
            <line number="109" hits="14" branch="False" />
            <line number="111" hits="308" branch="True" condition-coverage="100% (2/2)">
              <conditions>
                <condition number="102" type="jump" coverage="100%" />
              </conditions>
            </line>
            <line number="112" hits="140" branch="False" />
            <line number="113" hits="140" branch="False" />
            <line number="114" hits="140" branch="False" />
            <line number="115" hits="140" branch="False" />
            <line number="117" hits="14" branch="False" />
            <line number="118" hits="16" branch="False" />
            <line number="130" hits="16" branch="False" />
            <line number="131" hits="16" branch="True" condition-coverage="100% (4/4)">
              <conditions>
                <condition number="7" type="jump" coverage="100%" />
                <condition number="20" type="jump" coverage="100%" />
              </conditions>
            </line>
            <line number="132" hits="1" branch="False" />
            <line number="133" hits="1" branch="False" />
            <line number="136" hits="15" branch="False" />
            <line number="138" hits="15" branch="True" condition-coverage="100% (2/2)">
              <conditions>
                <condition number="52" type="jump" coverage="100%" />
              </conditions>
            </line>
            <line number="139" hits="2" branch="False" />
            <line number="140" hits="2" branch="False" />
            <line number="141" hits="2" branch="False" />
            <line number="142" hits="13" branch="True" condition-coverage="100% (2/2)">
              <conditions>
                <condition number="79" type="jump" coverage="100%" />
              </conditions>
            </line>
            <line number="143" hits="1" branch="False" />
            <line number="144" hits="1" branch="False" />
            <line number="145" hits="1" branch="False" />
            <line number="147" hits="15" branch="False" />
            <line number="148" hits="15" branch="False" />
            <line number="150" hits="330" branch="True" condition-coverage="100% (2/2)">
              <conditions>
                <condition number="146" type="jump" coverage="100%" />
              </conditions>
            </line>
            <line number="151" hits="150" branch="False" />
            <line number="152" hits="150" branch="False" />
            <line number="153" hits="150" branch="False" />
            <line number="154" hits="150" branch="False" />
            <line number="156" hits="15" branch="False" />
            <line number="157" hits="16" branch="False" />
            <line number="169" hits="13" branch="False" />
            <line number="170" hits="13" branch="True" condition-coverage="100% (6/6)">
              <conditions>
                <condition number="7" type="jump" coverage="100%" />
                <condition number="15" type="jump" coverage="100%" />
                <condition number="28" type="jump" coverage="100%" />
              </conditions>
            </line>
            <line number="171" hits="3" branch="False" />
            <line number="172" hits="3" branch="False" />
            <line number="176" hits="11" branch="True" condition-coverage="100% (2/2)">
              <conditions>
                <condition number="58" type="jump" coverage="100%" />
              </conditions>
            </line>
            <line number="177" hits="10" branch="True" condition-coverage="100% (2/2)">
              <conditions>
                <condition number="87" type="jump" coverage="100%" />
              </conditions>
            </line>
            <line number="179" hits="8" branch="False" />
            <line number="180" hits="8" branch="False" />
            <line number="181" hits="8" branch="False" />
            <line number="183" hits="130" branch="True" condition-coverage="100% (2/2)">
              <conditions>
                <condition number="195" type="jump" coverage="100%" />
              </conditions>
            </line>
            <line number="184" hits="60" branch="False" />
            <line number="185" hits="60" branch="False" />
            <line number="187" hits="60" branch="True" condition-coverage="100% (2/2)">
              <conditions>
                <condition number="137" type="jump" coverage="100%" />
              </conditions>
            </line>
            <line number="188" hits="3" branch="False" />
            <line number="189" hits="3" branch="False" />
            <line number="192" hits="57" branch="False" />
            <line number="193" hits="57" branch="False" />
            <line number="195" hits="8" branch="False" />
            <line number="196" hits="13" branch="False" />
            <line number="204" hits="4" branch="True" condition-coverage="100% (2/2)">
              <conditions>
                <condition number="2" type="jump" coverage="100%" />
              </conditions>
            </line>
            <line number="212" hits="4" branch="True" condition-coverage="100% (2/2)">
              <conditions>
                <condition number="2" type="jump" coverage="100%" />
              </conditions>
            </line>
            <line number="220" hits="4" branch="True" condition-coverage="100% (2/2)">
              <conditions>
                <condition number="2" type="jump" coverage="100%" />
              </conditions>
            </line>
            <line number="228" hits="4" branch="True" condition-coverage="100% (2/2)">
              <conditions>
                <condition number="2" type="jump" coverage="100%" />
              </conditions>
            </line>
            <line number="238" hits="10" branch="False" />
            <line number="239" hits="10" branch="True" condition-coverage="100% (2/2)">
              <conditions>
                <condition number="7" type="jump" coverage="100%" />
              </conditions>
            </line>
            <line number="240" hits="3" branch="False" />
            <line number="241" hits="3" branch="False" />
            <line number="244" hits="7" branch="True" condition-coverage="100% (2/2)">
              <conditions>
                <condition number="20" type="jump" coverage="100%" />
              </conditions>
            </line>
            <line number="245" hits="2" branch="False" />
            <line number="246" hits="2" branch="False" />
            <line number="249" hits="5" branch="False" />
            <line number="250" hits="10" branch="False" />
            <line number="262" hits="9" branch="False" />
            <line number="263" hits="9" branch="True" condition-coverage="100% (4/4)">
              <conditions>
                <condition number="7" type="jump" coverage="100%" />
                <condition number="20" type="jump" coverage="100%" />
              </conditions>
            </line>
            <line number="264" hits="2" branch="False" />
            <line number="265" hits="2" branch="False" />
            <line number="268" hits="7" branch="False" />
            <line number="270" hits="7" branch="True" condition-coverage="100% (4/4)">
              <conditions>
                <condition number="57" type="jump" coverage="100%" />
                <condition number="83" type="jump" coverage="100%" />
              </conditions>
            </line>
            <line number="271" hits="3" branch="False" />
            <line number="272" hits="3" branch="False" />
            <line number="275" hits="4" branch="False" />
            <line number="276" hits="9" branch="False" />
          </lines>
        </class>
        <class name="Alis.Core.Aspect.Math.HashCode" filename="HashCode.cs" line-rate="1" branch-rate="1" complexity="173">
          <methods>
            <method name="GenerateGlobalSeed" signature="()" line-rate="1" branch-rate="1" complexity="1">
              <lines>
                <line number="93" hits="1" branch="False" />
                <line number="94" hits="1" branch="False" />
                <line number="95" hits="1" branch="False" />
                <line number="96" hits="1" branch="False" />
                <line number="97" hits="1" branch="False" />
                <line number="98" hits="1" branch="False" />
              </lines>
            </method>
            <method name="Combine" signature="(T1)" line-rate="1" branch-rate="1" complexity="4">
              <lines>
                <line number="107" hits="3" branch="False" />
                <line number="110" hits="3" branch="True" condition-coverage="100% (4/4)">
                  <conditions>
                    <condition number="17" type="jump" coverage="100%" />
                    <condition number="33" type="jump" coverage="100%" />
                  </conditions>
                </line>
                <line number="112" hits="3" branch="False" />
                <line number="113" hits="3" branch="False" />
                <line number="115" hits="3" branch="False" />
                <line number="117" hits="3" branch="False" />
                <line number="118" hits="3" branch="False" />
                <line number="119" hits="3" branch="False" />
              </lines>
            </method>
            <method name="Combine" signature="(T1,T2)" line-rate="1" branch-rate="1" complexity="8">
              <lines>
                <line number="130" hits="7" branch="False" />
                <line number="131" hits="7" branch="True" condition-coverage="100% (4/4)">
                  <conditions>
                    <condition number="17" type="jump" coverage="100%" />
                    <condition number="33" type="jump" coverage="100%" />
                  </conditions>
                </line>
                <line number="132" hits="7" branch="True" condition-coverage="100% (4/4)">
                  <conditions>
                    <condition number="68" type="jump" coverage="100%" />
                    <condition number="86" type="jump" coverage="100%" />
                  </conditions>
                </line>
                <line number="134" hits="7" branch="False" />
                <line number="135" hits="7" branch="False" />
                <line number="137" hits="7" branch="False" />
                <line number="138" hits="7" branch="False" />
                <line number="140" hits="7" branch="False" />
                <line number="141" hits="7" branch="False" />
                <line number="142" hits="7" branch="False" />
              </lines>
            </method>
            <method name="Combine" signature="(T1,T2,T3)" line-rate="1" branch-rate="1" complexity="12">
              <lines>
                <line number="155" hits="5" branch="False" />
                <line number="156" hits="5" branch="True" condition-coverage="100% (4/4)">
                  <conditions>
                    <condition number="18" type="jump" coverage="100%" />
                    <condition number="36" type="jump" coverage="100%" />
                  </conditions>
                </line>
                <line number="157" hits="5" branch="True" condition-coverage="100% (4/4)">
                  <conditions>
                    <condition number="71" type="jump" coverage="100%" />
                    <condition number="89" type="jump" coverage="100%" />
                  </conditions>
                </line>
                <line number="158" hits="5" branch="True" condition-coverage="100% (4/4)">
                  <conditions>
                    <condition number="124" type="jump" coverage="100%" />
                    <condition number="142" type="jump" coverage="100%" />
                  </conditions>
                </line>
                <line number="160" hits="5" branch="False" />
                <line number="161" hits="5" branch="False" />
                <line number="163" hits="5" branch="False" />
                <line number="164" hits="5" branch="False" />
                <line number="165" hits="5" branch="False" />
                <line number="167" hits="5" branch="False" />
                <line number="168" hits="5" branch="False" />
                <line number="169" hits="5" branch="False" />
              </lines>
            </method>
            <method name="Combine" signature="(T1,T2,T3,T4)" line-rate="1" branch-rate="1" complexity="16">
              <lines>
                <line number="184" hits="4" branch="False" />
                <line number="185" hits="4" branch="True" condition-coverage="100% (4/4)">
                  <conditions>
                    <condition number="18" type="jump" coverage="100%" />
                    <condition number="36" type="jump" coverage="100%" />
                  </conditions>
                </line>
                <line number="186" hits="4" branch="True" condition-coverage="100% (4/4)">
                  <conditions>
                    <condition number="71" type="jump" coverage="100%" />
                    <condition number="89" type="jump" coverage="100%" />
                  </conditions>
                </line>
                <line number="187" hits="4" branch="True" condition-coverage="100% (4/4)">
                  <conditions>
                    <condition number="124" type="jump" coverage="100%" />
                    <condition number="142" type="jump" coverage="100%" />
                  </conditions>
                </line>
                <line number="188" hits="4" branch="True" condition-coverage="100% (4/4)">
                  <conditions>
                    <condition number="177" type="jump" coverage="100%" />
                    <condition number="195" type="jump" coverage="100%" />
                  </conditions>
                </line>
                <line number="190" hits="4" branch="False" />
                <line number="192" hits="4" branch="False" />
                <line number="193" hits="4" branch="False" />
                <line number="194" hits="4" branch="False" />
                <line number="195" hits="4" branch="False" />
                <line number="197" hits="4" branch="False" />
                <line number="198" hits="4" branch="False" />
                <line number="200" hits="4" branch="False" />
                <line number="201" hits="4" branch="False" />
                <line number="202" hits="4" branch="False" />
              </lines>
            </method>
            <method name="Combine" signature="(T1,T2,T3,T4,T5)" line-rate="1" branch-rate="1" complexity="20">
              <lines>
                <line number="219" hits="3" branch="False" />
                <line number="220" hits="3" branch="True" condition-coverage="100% (4/4)">
                  <conditions>
                    <condition number="18" type="jump" coverage="100%" />
                    <condition number="36" type="jump" coverage="100%" />
                  </conditions>
                </line>
                <line number="221" hits="3" branch="True" condition-coverage="100% (4/4)">
                  <conditions>
                    <condition number="71" type="jump" coverage="100%" />
                    <condition number="89" type="jump" coverage="100%" />
                  </conditions>
                </line>
                <line number="222" hits="3" branch="True" condition-coverage="100% (4/4)">
                  <conditions>
                    <condition number="124" type="jump" coverage="100%" />
                    <condition number="142" type="jump" coverage="100%" />
                  </conditions>
                </line>
                <line number="223" hits="3" branch="True" condition-coverage="100% (4/4)">
                  <conditions>
                    <condition number="177" type="jump" coverage="100%" />
                    <condition number="195" type="jump" coverage="100%" />
                  </conditions>
                </line>
                <line number="224" hits="3" branch="True" condition-coverage="100% (4/4)">
                  <conditions>
                    <condition number="230" type="jump" coverage="100%" />
                    <condition number="248" type="jump" coverage="100%" />
                  </conditions>
                </line>
                <line number="226" hits="3" branch="False" />
                <line number="228" hits="3" branch="False" />
                <line number="229" hits="3" branch="False" />
                <line number="230" hits="3" branch="False" />
                <line number="231" hits="3" branch="False" />
                <line number="233" hits="3" branch="False" />
                <line number="234" hits="3" branch="False" />
                <line number="236" hits="3" branch="False" />
                <line number="238" hits="3" branch="False" />
                <line number="239" hits="3" branch="False" />
                <line number="240" hits="3" branch="False" />
              </lines>
            </method>
            <method name="Combine" signature="(T1,T2,T3,T4,T5,T6)" line-rate="1" branch-rate="1" complexity="24">
              <lines>
                <line number="259" hits="3" branch="False" />
                <line number="260" hits="3" branch="True" condition-coverage="100% (4/4)">
                  <conditions>
                    <condition number="18" type="jump" coverage="100%" />
                    <condition number="36" type="jump" coverage="100%" />
                  </conditions>
                </line>
                <line number="261" hits="3" branch="True" condition-coverage="100% (4/4)">
                  <conditions>
                    <condition number="71" type="jump" coverage="100%" />
                    <condition number="89" type="jump" coverage="100%" />
                  </conditions>
                </line>
                <line number="262" hits="3" branch="True" condition-coverage="100% (4/4)">
                  <conditions>
                    <condition number="124" type="jump" coverage="100%" />
                    <condition number="142" type="jump" coverage="100%" />
                  </conditions>
                </line>
                <line number="263" hits="3" branch="True" condition-coverage="100% (4/4)">
                  <conditions>
                    <condition number="177" type="jump" coverage="100%" />
                    <condition number="195" type="jump" coverage="100%" />
                  </conditions>
                </line>
                <line number="264" hits="3" branch="True" condition-coverage="100% (4/4)">
                  <conditions>
                    <condition number="230" type="jump" coverage="100%" />
                    <condition number="248" type="jump" coverage="100%" />
                  </conditions>
                </line>
                <line number="265" hits="3" branch="True" condition-coverage="100% (4/4)">
                  <conditions>
                    <condition number="284" type="jump" coverage="100%" />
                    <condition number="302" type="jump" coverage="100%" />
                  </conditions>
                </line>
                <line number="267" hits="3" branch="False" />
                <line number="269" hits="3" branch="False" />
                <line number="270" hits="3" branch="False" />
                <line number="271" hits="3" branch="False" />
                <line number="272" hits="3" branch="False" />
                <line number="274" hits="3" branch="False" />
                <line number="275" hits="3" branch="False" />
                <line number="277" hits="3" branch="False" />
                <line number="278" hits="3" branch="False" />
                <line number="280" hits="3" branch="False" />
                <line number="281" hits="3" branch="False" />
                <line number="282" hits="3" branch="False" />
              </lines>
            </method>
            <method name="Combine" signature="(T1,T2,T3,T4,T5,T6,T7)" line-rate="1" branch-rate="1" complexity="28">
              <lines>
                <line number="303" hits="3" branch="False" />
                <line number="304" hits="3" branch="True" condition-coverage="100% (4/4)">
                  <conditions>
                    <condition number="18" type="jump" coverage="100%" />
                    <condition number="36" type="jump" coverage="100%" />
                  </conditions>
                </line>
                <line number="305" hits="3" branch="True" condition-coverage="100% (4/4)">
                  <conditions>
                    <condition number="71" type="jump" coverage="100%" />
                    <condition number="89" type="jump" coverage="100%" />
                  </conditions>
                </line>
                <line number="306" hits="3" branch="True" condition-coverage="100% (4/4)">
                  <conditions>
                    <condition number="124" type="jump" coverage="100%" />
                    <condition number="142" type="jump" coverage="100%" />
                  </conditions>
                </line>
                <line number="307" hits="3" branch="True" condition-coverage="100% (4/4)">
                  <conditions>
                    <condition number="177" type="jump" coverage="100%" />
                    <condition number="195" type="jump" coverage="100%" />
                  </conditions>
                </line>
                <line number="308" hits="3" branch="True" condition-coverage="100% (4/4)">
                  <conditions>
                    <condition number="230" type="jump" coverage="100%" />
                    <condition number="248" type="jump" coverage="100%" />
                  </conditions>
                </line>
                <line number="309" hits="3" branch="True" condition-coverage="100% (4/4)">
                  <conditions>
                    <condition number="284" type="jump" coverage="100%" />
                    <condition number="302" type="jump" coverage="100%" />
                  </conditions>
                </line>
                <line number="310" hits="3" branch="True" condition-coverage="100% (4/4)">
                  <conditions>
                    <condition number="338" type="jump" coverage="100%" />
                    <condition number="356" type="jump" coverage="100%" />
                  </conditions>
                </line>
                <line number="312" hits="3" branch="False" />
                <line number="314" hits="3" branch="False" />
                <line number="315" hits="3" branch="False" />
                <line number="316" hits="3" branch="False" />
                <line number="317" hits="3" branch="False" />
                <line number="319" hits="3" branch="False" />
                <line number="320" hits="3" branch="False" />
                <line number="322" hits="3" branch="False" />
                <line number="323" hits="3" branch="False" />
                <line number="324" hits="3" branch="False" />
                <line number="326" hits="3" branch="False" />
                <line number="327" hits="3" branch="False" />
                <line number="328" hits="3" branch="False" />
              </lines>
            </method>
            <method name="Combine" signature="(T1,T2,T3,T4,T5,T6,T7,T8)" line-rate="1" branch-rate="1" complexity="32">
              <lines>
                <line number="351" hits="3" branch="False" />
                <line number="352" hits="3" branch="True" condition-coverage="100% (4/4)">
                  <conditions>
                    <condition number="18" type="jump" coverage="100%" />
                    <condition number="36" type="jump" coverage="100%" />
                  </conditions>
                </line>
                <line number="353" hits="3" branch="True" condition-coverage="100% (4/4)">
                  <conditions>
                    <condition number="71" type="jump" coverage="100%" />
                    <condition number="89" type="jump" coverage="100%" />
                  </conditions>
                </line>
                <line number="354" hits="3" branch="True" condition-coverage="100% (4/4)">
                  <conditions>
                    <condition number="124" type="jump" coverage="100%" />
                    <condition number="142" type="jump" coverage="100%" />
                  </conditions>
                </line>
                <line number="355" hits="3" branch="True" condition-coverage="100% (4/4)">
                  <conditions>
                    <condition number="177" type="jump" coverage="100%" />
                    <condition number="195" type="jump" coverage="100%" />
                  </conditions>
                </line>
                <line number="356" hits="3" branch="True" condition-coverage="100% (4/4)">
                  <conditions>
                    <condition number="230" type="jump" coverage="100%" />
                    <condition number="248" type="jump" coverage="100%" />
                  </conditions>
                </line>
                <line number="357" hits="3" branch="True" condition-coverage="100% (4/4)">
                  <conditions>
                    <condition number="284" type="jump" coverage="100%" />
                    <condition number="302" type="jump" coverage="100%" />
                  </conditions>
                </line>
                <line number="358" hits="3" branch="True" condition-coverage="100% (4/4)">
                  <conditions>
                    <condition number="338" type="jump" coverage="100%" />
                    <condition number="356" type="jump" coverage="100%" />
                  </conditions>
                </line>
                <line number="359" hits="3" branch="True" condition-coverage="100% (4/4)">
                  <conditions>
                    <condition number="392" type="jump" coverage="100%" />
                    <condition number="410" type="jump" coverage="100%" />
                  </conditions>
                </line>
                <line number="361" hits="3" branch="False" />
                <line number="363" hits="3" branch="False" />
                <line number="364" hits="3" branch="False" />
                <line number="365" hits="3" branch="False" />
                <line number="366" hits="3" branch="False" />
                <line number="368" hits="3" branch="False" />
                <line number="369" hits="3" branch="False" />
                <line number="370" hits="3" branch="False" />
                <line number="371" hits="3" branch="False" />
                <line number="373" hits="3" branch="False" />
                <line number="374" hits="3" branch="False" />
                <line number="376" hits="3" branch="False" />
                <line number="377" hits="3" branch="False" />
                <line number="378" hits="3" branch="False" />
              </lines>
            </method>
            <method name="Initialize" signature="(System.UInt32&amp;,System.UInt32&amp;,System.UInt32&amp;,System.UInt32&amp;)" line-rate="1" branch-rate="1" complexity="1">
              <lines>
                <line number="388" hits="172" branch="False" />
                <line number="389" hits="172" branch="False" />
                <line number="390" hits="172" branch="False" />
                <line number="391" hits="172" branch="False" />
                <line number="392" hits="172" branch="False" />
                <line number="393" hits="172" branch="False" />
              </lines>
            </method>
            <method name="Round" signature="(System.UInt32,System.UInt32)" line-rate="1" branch-rate="1" complexity="1">
              <lines>
                <line number="401" hits="1676" branch="False" />
              </lines>
            </method>
            <method name="QueueRound" signature="(System.UInt32,System.UInt32)" line-rate="1" branch-rate="1" complexity="1">
              <lines>
                <line number="409" hits="1582" branch="False" />
              </lines>
            </method>
            <method name="MixState" signature="(System.UInt32,System.UInt32,System.UInt32,System.UInt32)" line-rate="1" branch-rate="1" complexity="1">
              <lines>
                <line number="419" hits="172" branch="False" />
              </lines>
            </method>
            <method name="RotateLeft" signature="(System.UInt32,System.Int32)" line-rate="1" branch-rate="1" complexity="1">
              <lines>
                <line number="428" hits="3955" branch="False" />
              </lines>
            </method>
            <method name="MixEmptyState" signature="()" line-rate="1" branch-rate="1" complexity="1">
              <lines>
                <line number="434" hits="504" branch="False" />
              </lines>
            </method>
            <method name="MixFinal" signature="(System.UInt32)" line-rate="1" branch-rate="1" complexity="1">
              <lines>
                <line number="442" hits="676" branch="False" />
                <line number="443" hits="676" branch="False" />
                <line number="444" hits="676" branch="False" />
                <line number="445" hits="676" branch="False" />
                <line number="446" hits="676" branch="False" />
                <line number="447" hits="676" branch="False" />
                <line number="448" hits="676" branch="False" />
                <line number="449" hits="676" branch="False" />
              </lines>
            </method>
            <method name="Add" signature="(T)" line-rate="1" branch-rate="1" complexity="4">
              <lines>
                <line number="457" hits="3132" branch="False" />
                <line number="458" hits="3132" branch="True" condition-coverage="100% (4/4)">
                  <conditions>
                    <condition number="18" type="jump" coverage="100%" />
                    <condition number="34" type="jump" coverage="100%" />
                  </conditions>
                </line>
                <line number="459" hits="3132" branch="False" />
              </lines>
            </method>
            <method name="Add" signature="(System.Int32)" line-rate="1" branch-rate="1" complexity="8">
              <lines>
                <line number="466" hits="3132" branch="False" />
                <line number="475" hits="3132" branch="False" />
                <line number="477" hits="3132" branch="False" />
                <line number="478" hits="3132" branch="False" />
                <line number="482" hits="3132" branch="True" condition-coverage="100% (2/2)">
                  <conditions>
                    <condition number="33" type="jump" coverage="100%" />
                  </conditions>
                </line>
                <line number="483" hits="926" branch="False" />
                <line number="484" hits="926" branch="False" />
                <line number="485" hits="926" branch="False" />
                <line number="486" hits="2206" branch="True" condition-coverage="100% (2/2)">
                  <conditions>
                    <condition number="57" type="jump" coverage="100%" />
                  </conditions>
                </line>
                <line number="487" hits="922" branch="False" />
                <line number="488" hits="922" branch="False" />
                <line number="489" hits="922" branch="False" />
                <line number="490" hits="1284" branch="True" condition-coverage="100% (2/2)">
                  <conditions>
                    <condition number="81" type="jump" coverage="100%" />
                  </conditions>
                </line>
                <line number="491" hits="884" branch="False" />
                <line number="492" hits="884" branch="False" />
                <line number="493" hits="884" branch="False" />
                <line number="495" hits="400" branch="False" />
                <line number="496" hits="400" branch="True" condition-coverage="100% (2/2)">
                  <conditions>
                    <condition number="106" type="jump" coverage="100%" />
                  </conditions>
                </line>
                <line number="497" hits="156" branch="False" />
                <line number="498" hits="156" branch="False" />
                <line number="499" hits="156" branch="False" />
                <line number="501" hits="400" branch="False" />
                <line number="502" hits="400" branch="False" />
                <line number="503" hits="400" branch="False" />
                <line number="504" hits="400" branch="False" />
                <line number="505" hits="400" branch="False" />
                <line number="506" hits="3132" branch="False" />
              </lines>
            </method>
            <method name="ToHashCode" signature="()" line-rate="1" branch-rate="1" complexity="8">
              <lines>
                <line number="513" hits="645" branch="False" />
                <line number="514" hits="645" branch="False" />
                <line number="516" hits="645" branch="False" />
                <line number="520" hits="645" branch="True" condition-coverage="100% (2/2)">
                  <conditions>
                    <condition number="14" type="jump" coverage="100%" />
                  </conditions>
                </line>
                <line number="524" hits="645" branch="False" />
                <line number="528" hits="645" branch="True" condition-coverage="100% (2/2)">
                  <conditions>
                    <condition number="65" type="jump" coverage="100%" />
                  </conditions>
                </line>
                <line number="529" hits="526" branch="False" />
                <line number="530" hits="526" branch="False" />
                <line number="531" hits="526" branch="True" condition-coverage="100% (2/2)">
                  <conditions>
                    <condition number="89" type="jump" coverage="100%" />
                  </conditions>
                </line>
                <line number="532" hits="522" branch="False" />
                <line number="533" hits="522" branch="False" />
                <line number="534" hits="522" branch="True" condition-coverage="100% (2/2)">
                  <conditions>
                    <condition number="113" type="jump" coverage="100%" />
                  </conditions>
                </line>
                <line number="535" hits="484" branch="False" />
                <line number="536" hits="484" branch="False" />
                <line number="537" hits="484" branch="False" />
                <line number="538" hits="522" branch="False" />
                <line number="539" hits="526" branch="False" />
                <line number="541" hits="645" branch="False" />
                <line number="542" hits="645" branch="False" />
                <line number="543" hits="645" branch="False" />
              </lines>
            </method>
            <method name=".cctor" signature="()" line-rate="1" branch-rate="1" complexity="1">
              <lines>
                <line number="46" hits="1" branch="False" />
              </lines>
            </method>
          </methods>
          <lines>
            <line number="93" hits="1" branch="False" />
            <line number="94" hits="1" branch="False" />
            <line number="95" hits="1" branch="False" />
            <line number="96" hits="1" branch="False" />
            <line number="97" hits="1" branch="False" />
            <line number="98" hits="1" branch="False" />
            <line number="107" hits="3" branch="False" />
            <line number="110" hits="3" branch="True" condition-coverage="100% (4/4)">
              <conditions>
                <condition number="17" type="jump" coverage="100%" />
                <condition number="33" type="jump" coverage="100%" />
              </conditions>
            </line>
            <line number="112" hits="3" branch="False" />
            <line number="113" hits="3" branch="False" />
            <line number="115" hits="3" branch="False" />
            <line number="117" hits="3" branch="False" />
            <line number="118" hits="3" branch="False" />
            <line number="119" hits="3" branch="False" />
            <line number="130" hits="7" branch="False" />
            <line number="131" hits="7" branch="True" condition-coverage="100% (4/4)">
              <conditions>
                <condition number="17" type="jump" coverage="100%" />
                <condition number="33" type="jump" coverage="100%" />
              </conditions>
            </line>
            <line number="132" hits="7" branch="True" condition-coverage="100% (4/4)">
              <conditions>
                <condition number="68" type="jump" coverage="100%" />
                <condition number="86" type="jump" coverage="100%" />
              </conditions>
            </line>
            <line number="134" hits="7" branch="False" />
            <line number="135" hits="7" branch="False" />
            <line number="137" hits="7" branch="False" />
            <line number="138" hits="7" branch="False" />
            <line number="140" hits="7" branch="False" />
            <line number="141" hits="7" branch="False" />
            <line number="142" hits="7" branch="False" />
            <line number="155" hits="5" branch="False" />
            <line number="156" hits="5" branch="True" condition-coverage="100% (4/4)">
              <conditions>
                <condition number="18" type="jump" coverage="100%" />
                <condition number="36" type="jump" coverage="100%" />
              </conditions>
            </line>
            <line number="157" hits="5" branch="True" condition-coverage="100% (4/4)">
              <conditions>
                <condition number="71" type="jump" coverage="100%" />
                <condition number="89" type="jump" coverage="100%" />
              </conditions>
            </line>
            <line number="158" hits="5" branch="True" condition-coverage="100% (4/4)">
              <conditions>
                <condition number="124" type="jump" coverage="100%" />
                <condition number="142" type="jump" coverage="100%" />
              </conditions>
            </line>
            <line number="160" hits="5" branch="False" />
            <line number="161" hits="5" branch="False" />
            <line number="163" hits="5" branch="False" />
            <line number="164" hits="5" branch="False" />
            <line number="165" hits="5" branch="False" />
            <line number="167" hits="5" branch="False" />
            <line number="168" hits="5" branch="False" />
            <line number="169" hits="5" branch="False" />
            <line number="184" hits="4" branch="False" />
            <line number="185" hits="4" branch="True" condition-coverage="100% (4/4)">
              <conditions>
                <condition number="18" type="jump" coverage="100%" />
                <condition number="36" type="jump" coverage="100%" />
              </conditions>
            </line>
            <line number="186" hits="4" branch="True" condition-coverage="100% (4/4)">
              <conditions>
                <condition number="71" type="jump" coverage="100%" />
                <condition number="89" type="jump" coverage="100%" />
              </conditions>
            </line>
            <line number="187" hits="4" branch="True" condition-coverage="100% (4/4)">
              <conditions>
                <condition number="124" type="jump" coverage="100%" />
                <condition number="142" type="jump" coverage="100%" />
              </conditions>
            </line>
            <line number="188" hits="4" branch="True" condition-coverage="100% (4/4)">
              <conditions>
                <condition number="177" type="jump" coverage="100%" />
                <condition number="195" type="jump" coverage="100%" />
              </conditions>
            </line>
            <line number="190" hits="4" branch="False" />
            <line number="192" hits="4" branch="False" />
            <line number="193" hits="4" branch="False" />
            <line number="194" hits="4" branch="False" />
            <line number="195" hits="4" branch="False" />
            <line number="197" hits="4" branch="False" />
            <line number="198" hits="4" branch="False" />
            <line number="200" hits="4" branch="False" />
            <line number="201" hits="4" branch="False" />
            <line number="202" hits="4" branch="False" />
            <line number="219" hits="3" branch="False" />
            <line number="220" hits="3" branch="True" condition-coverage="100% (4/4)">
              <conditions>
                <condition number="18" type="jump" coverage="100%" />
                <condition number="36" type="jump" coverage="100%" />
              </conditions>
            </line>
            <line number="221" hits="3" branch="True" condition-coverage="100% (4/4)">
              <conditions>
                <condition number="71" type="jump" coverage="100%" />
                <condition number="89" type="jump" coverage="100%" />
              </conditions>
            </line>
            <line number="222" hits="3" branch="True" condition-coverage="100% (4/4)">
              <conditions>
                <condition number="124" type="jump" coverage="100%" />
                <condition number="142" type="jump" coverage="100%" />
              </conditions>
            </line>
            <line number="223" hits="3" branch="True" condition-coverage="100% (4/4)">
              <conditions>
                <condition number="177" type="jump" coverage="100%" />
                <condition number="195" type="jump" coverage="100%" />
              </conditions>
            </line>
            <line number="224" hits="3" branch="True" condition-coverage="100% (4/4)">
              <conditions>
                <condition number="230" type="jump" coverage="100%" />
                <condition number="248" type="jump" coverage="100%" />
              </conditions>
            </line>
            <line number="226" hits="3" branch="False" />
            <line number="228" hits="3" branch="False" />
            <line number="229" hits="3" branch="False" />
            <line number="230" hits="3" branch="False" />
            <line number="231" hits="3" branch="False" />
            <line number="233" hits="3" branch="False" />
            <line number="234" hits="3" branch="False" />
            <line number="236" hits="3" branch="False" />
            <line number="238" hits="3" branch="False" />
            <line number="239" hits="3" branch="False" />
            <line number="240" hits="3" branch="False" />
            <line number="259" hits="3" branch="False" />
            <line number="260" hits="3" branch="True" condition-coverage="100% (4/4)">
              <conditions>
                <condition number="18" type="jump" coverage="100%" />
                <condition number="36" type="jump" coverage="100%" />
              </conditions>
            </line>
            <line number="261" hits="3" branch="True" condition-coverage="100% (4/4)">
              <conditions>
                <condition number="71" type="jump" coverage="100%" />
                <condition number="89" type="jump" coverage="100%" />
              </conditions>
            </line>
            <line number="262" hits="3" branch="True" condition-coverage="100% (4/4)">
              <conditions>
                <condition number="124" type="jump" coverage="100%" />
                <condition number="142" type="jump" coverage="100%" />
              </conditions>
            </line>
            <line number="263" hits="3" branch="True" condition-coverage="100% (4/4)">
              <conditions>
                <condition number="177" type="jump" coverage="100%" />
                <condition number="195" type="jump" coverage="100%" />
              </conditions>
            </line>
            <line number="264" hits="3" branch="True" condition-coverage="100% (4/4)">
              <conditions>
                <condition number="230" type="jump" coverage="100%" />
                <condition number="248" type="jump" coverage="100%" />
              </conditions>
            </line>
            <line number="265" hits="3" branch="True" condition-coverage="100% (4/4)">
              <conditions>
                <condition number="284" type="jump" coverage="100%" />
                <condition number="302" type="jump" coverage="100%" />
              </conditions>
            </line>
            <line number="267" hits="3" branch="False" />
            <line number="269" hits="3" branch="False" />
            <line number="270" hits="3" branch="False" />
            <line number="271" hits="3" branch="False" />
            <line number="272" hits="3" branch="False" />
            <line number="274" hits="3" branch="False" />
            <line number="275" hits="3" branch="False" />
            <line number="277" hits="3" branch="False" />
            <line number="278" hits="3" branch="False" />
            <line number="280" hits="3" branch="False" />
            <line number="281" hits="3" branch="False" />
            <line number="282" hits="3" branch="False" />
            <line number="303" hits="3" branch="False" />
            <line number="304" hits="3" branch="True" condition-coverage="100% (4/4)">
              <conditions>
                <condition number="18" type="jump" coverage="100%" />
                <condition number="36" type="jump" coverage="100%" />
              </conditions>
            </line>
            <line number="305" hits="3" branch="True" condition-coverage="100% (4/4)">
              <conditions>
                <condition number="71" type="jump" coverage="100%" />
                <condition number="89" type="jump" coverage="100%" />
              </conditions>
            </line>
            <line number="306" hits="3" branch="True" condition-coverage="100% (4/4)">
              <conditions>
                <condition number="124" type="jump" coverage="100%" />
                <condition number="142" type="jump" coverage="100%" />
              </conditions>
            </line>
            <line number="307" hits="3" branch="True" condition-coverage="100% (4/4)">
              <conditions>
                <condition number="177" type="jump" coverage="100%" />
                <condition number="195" type="jump" coverage="100%" />
              </conditions>
            </line>
            <line number="308" hits="3" branch="True" condition-coverage="100% (4/4)">
              <conditions>
                <condition number="230" type="jump" coverage="100%" />
                <condition number="248" type="jump" coverage="100%" />
              </conditions>
            </line>
            <line number="309" hits="3" branch="True" condition-coverage="100% (4/4)">
              <conditions>
                <condition number="284" type="jump" coverage="100%" />
                <condition number="302" type="jump" coverage="100%" />
              </conditions>
            </line>
            <line number="310" hits="3" branch="True" condition-coverage="100% (4/4)">
              <conditions>
                <condition number="338" type="jump" coverage="100%" />
                <condition number="356" type="jump" coverage="100%" />
              </conditions>
            </line>
            <line number="312" hits="3" branch="False" />
            <line number="314" hits="3" branch="False" />
            <line number="315" hits="3" branch="False" />
            <line number="316" hits="3" branch="False" />
            <line number="317" hits="3" branch="False" />
            <line number="319" hits="3" branch="False" />
            <line number="320" hits="3" branch="False" />
            <line number="322" hits="3" branch="False" />
            <line number="323" hits="3" branch="False" />
            <line number="324" hits="3" branch="False" />
            <line number="326" hits="3" branch="False" />
            <line number="327" hits="3" branch="False" />
            <line number="328" hits="3" branch="False" />
            <line number="351" hits="3" branch="False" />
            <line number="352" hits="3" branch="True" condition-coverage="100% (4/4)">
              <conditions>
                <condition number="18" type="jump" coverage="100%" />
                <condition number="36" type="jump" coverage="100%" />
              </conditions>
            </line>
            <line number="353" hits="3" branch="True" condition-coverage="100% (4/4)">
              <conditions>
                <condition number="71" type="jump" coverage="100%" />
                <condition number="89" type="jump" coverage="100%" />
              </conditions>
            </line>
            <line number="354" hits="3" branch="True" condition-coverage="100% (4/4)">
              <conditions>
                <condition number="124" type="jump" coverage="100%" />
                <condition number="142" type="jump" coverage="100%" />
              </conditions>
            </line>
            <line number="355" hits="3" branch="True" condition-coverage="100% (4/4)">
              <conditions>
                <condition number="177" type="jump" coverage="100%" />
                <condition number="195" type="jump" coverage="100%" />
              </conditions>
            </line>
            <line number="356" hits="3" branch="True" condition-coverage="100% (4/4)">
              <conditions>
                <condition number="230" type="jump" coverage="100%" />
                <condition number="248" type="jump" coverage="100%" />
              </conditions>
            </line>
            <line number="357" hits="3" branch="True" condition-coverage="100% (4/4)">
              <conditions>
                <condition number="284" type="jump" coverage="100%" />
                <condition number="302" type="jump" coverage="100%" />
              </conditions>
            </line>
            <line number="358" hits="3" branch="True" condition-coverage="100% (4/4)">
              <conditions>
                <condition number="338" type="jump" coverage="100%" />
                <condition number="356" type="jump" coverage="100%" />
              </conditions>
            </line>
            <line number="359" hits="3" branch="True" condition-coverage="100% (4/4)">
              <conditions>
                <condition number="392" type="jump" coverage="100%" />
                <condition number="410" type="jump" coverage="100%" />
              </conditions>
            </line>
            <line number="361" hits="3" branch="False" />
            <line number="363" hits="3" branch="False" />
            <line number="364" hits="3" branch="False" />
            <line number="365" hits="3" branch="False" />
            <line number="366" hits="3" branch="False" />
            <line number="368" hits="3" branch="False" />
            <line number="369" hits="3" branch="False" />
            <line number="370" hits="3" branch="False" />
            <line number="371" hits="3" branch="False" />
            <line number="373" hits="3" branch="False" />
            <line number="374" hits="3" branch="False" />
            <line number="376" hits="3" branch="False" />
            <line number="377" hits="3" branch="False" />
            <line number="378" hits="3" branch="False" />
            <line number="388" hits="172" branch="False" />
            <line number="389" hits="172" branch="False" />
            <line number="390" hits="172" branch="False" />
            <line number="391" hits="172" branch="False" />
            <line number="392" hits="172" branch="False" />
            <line number="393" hits="172" branch="False" />
            <line number="401" hits="1676" branch="False" />
            <line number="409" hits="1582" branch="False" />
            <line number="419" hits="172" branch="False" />
            <line number="428" hits="3955" branch="False" />
            <line number="434" hits="504" branch="False" />
            <line number="442" hits="676" branch="False" />
            <line number="443" hits="676" branch="False" />
            <line number="444" hits="676" branch="False" />
            <line number="445" hits="676" branch="False" />
            <line number="446" hits="676" branch="False" />
            <line number="447" hits="676" branch="False" />
            <line number="448" hits="676" branch="False" />
            <line number="449" hits="676" branch="False" />
            <line number="457" hits="3132" branch="False" />
            <line number="458" hits="3132" branch="True" condition-coverage="100% (4/4)">
              <conditions>
                <condition number="18" type="jump" coverage="100%" />
                <condition number="34" type="jump" coverage="100%" />
              </conditions>
            </line>
            <line number="459" hits="3132" branch="False" />
            <line number="466" hits="3132" branch="False" />
            <line number="475" hits="3132" branch="False" />
            <line number="477" hits="3132" branch="False" />
            <line number="478" hits="3132" branch="False" />
            <line number="482" hits="3132" branch="True" condition-coverage="100% (2/2)">
              <conditions>
                <condition number="33" type="jump" coverage="100%" />
              </conditions>
            </line>
            <line number="483" hits="926" branch="False" />
            <line number="484" hits="926" branch="False" />
            <line number="485" hits="926" branch="False" />
            <line number="486" hits="2206" branch="True" condition-coverage="100% (2/2)">
              <conditions>
                <condition number="57" type="jump" coverage="100%" />
              </conditions>
            </line>
            <line number="487" hits="922" branch="False" />
            <line number="488" hits="922" branch="False" />
            <line number="489" hits="922" branch="False" />
            <line number="490" hits="1284" branch="True" condition-coverage="100% (2/2)">
              <conditions>
                <condition number="81" type="jump" coverage="100%" />
              </conditions>
            </line>
            <line number="491" hits="884" branch="False" />
            <line number="492" hits="884" branch="False" />
            <line number="493" hits="884" branch="False" />
            <line number="495" hits="400" branch="False" />
            <line number="496" hits="400" branch="True" condition-coverage="100% (2/2)">
              <conditions>
                <condition number="106" type="jump" coverage="100%" />
              </conditions>
            </line>
            <line number="497" hits="156" branch="False" />
            <line number="498" hits="156" branch="False" />
            <line number="499" hits="156" branch="False" />
            <line number="501" hits="400" branch="False" />
            <line number="502" hits="400" branch="False" />
            <line number="503" hits="400" branch="False" />
            <line number="504" hits="400" branch="False" />
            <line number="505" hits="400" branch="False" />
            <line number="506" hits="3132" branch="False" />
            <line number="513" hits="645" branch="False" />
            <line number="514" hits="645" branch="False" />
            <line number="516" hits="645" branch="False" />
            <line number="520" hits="645" branch="True" condition-coverage="100% (2/2)">
              <conditions>
                <condition number="14" type="jump" coverage="100%" />
              </conditions>
            </line>
            <line number="524" hits="645" branch="False" />
            <line number="528" hits="645" branch="True" condition-coverage="100% (2/2)">
              <conditions>
                <condition number="65" type="jump" coverage="100%" />
              </conditions>
            </line>
            <line number="529" hits="526" branch="False" />
            <line number="530" hits="526" branch="False" />
            <line number="531" hits="526" branch="True" condition-coverage="100% (2/2)">
              <conditions>
                <condition number="89" type="jump" coverage="100%" />
              </conditions>
            </line>
            <line number="532" hits="522" branch="False" />
            <line number="533" hits="522" branch="False" />
            <line number="534" hits="522" branch="True" condition-coverage="100% (2/2)">
              <conditions>
                <condition number="113" type="jump" coverage="100%" />
              </conditions>
            </line>
            <line number="535" hits="484" branch="False" />
            <line number="536" hits="484" branch="False" />
            <line number="537" hits="484" branch="False" />
            <line number="538" hits="522" branch="False" />
            <line number="539" hits="526" branch="False" />
            <line number="541" hits="645" branch="False" />
            <line number="542" hits="645" branch="False" />
            <line number="543" hits="645" branch="False" />
            <line number="46" hits="1" branch="False" />
          </lines>
        </class>
        <class name="Alis.Core.Aspect.Math.Vector.Vector2F" filename="Vector/Vector2F.cs" line-rate="1" branch-rate="1" complexity="84">
          <methods>
            <method name="get_X" signature="()" line-rate="1" branch-rate="1" complexity="1">
              <lines>
                <line number="71" hits="1055" branch="False" />
              </lines>
            </method>
            <method name="get_Y" signature="()" line-rate="1" branch-rate="1" complexity="1">
              <lines>
                <line number="74" hits="1030" branch="False" />
              </lines>
            </method>
            <method name="get_Zero" signature="()" line-rate="1" branch-rate="1" complexity="1">
              <lines>
                <line number="93" hits="16" branch="False" />
              </lines>
            </method>
            <method name="get_One" signature="()" line-rate="1" branch-rate="1" complexity="1">
              <lines>
                <line number="97" hits="3" branch="False" />
              </lines>
            </method>
            <method name="get_UnitX" signature="()" line-rate="1" branch-rate="1" complexity="1">
              <lines>
                <line number="101" hits="2" branch="False" />
              </lines>
            </method>
            <method name="get_UnitY" signature="()" line-rate="1" branch-rate="1" complexity="1">
              <lines>
                <line number="105" hits="2" branch="False" />
              </lines>
            </method>
            <method name="op_Addition" signature="(Alis.Core.Aspect.Math.Vector.Vector2F,Alis.Core.Aspect.Math.Vector.Vector2F)" line-rate="1" branch-rate="1" complexity="1">
              <lines>
                <line number="111" hits="21" branch="False" />
                <line number="112" hits="21" branch="False" />
                <line number="113" hits="21" branch="False" />
                <line number="114" hits="21" branch="False" />
              </lines>
            </method>
            <method name="op_Division" signature="(Alis.Core.Aspect.Math.Vector.Vector2F,Alis.Core.Aspect.Math.Vector.Vector2F)" line-rate="1" branch-rate="1" complexity="1">
              <lines>
                <line number="120" hits="13" branch="False" />
                <line number="121" hits="13" branch="False" />
                <line number="122" hits="13" branch="False" />
                <line number="123" hits="13" branch="False" />
              </lines>
            </method>
            <method name="op_Division" signature="(Alis.Core.Aspect.Math.Vector.Vector2F,System.Single)" line-rate="1" branch-rate="1" complexity="1">
              <lines>
                <line number="129" hits="9" branch="False" />
              </lines>
            </method>
            <method name="op_Equality" signature="(Alis.Core.Aspect.Math.Vector.Vector2F,Alis.Core.Aspect.Math.Vector.Vector2F)" line-rate="1" branch-rate="1" complexity="2">
              <lines>
                <line number="135" hits="27" branch="True" condition-coverage="100% (2/2)">
                  <conditions>
                    <condition number="25" type="jump" coverage="100%" />
                  </conditions>
                </line>
                <line number="136" hits="27" branch="False" />
              </lines>
            </method>
            <method name="op_Inequality" signature="(Alis.Core.Aspect.Math.Vector.Vector2F,Alis.Core.Aspect.Math.Vector.Vector2F)" line-rate="1" branch-rate="1" complexity="1">
              <lines>
                <line number="142" hits="8" branch="False" />
              </lines>
            </method>
            <method name="op_Multiply" signature="(Alis.Core.Aspect.Math.Vector.Vector2F,Alis.Core.Aspect.Math.Vector.Vector2F)" line-rate="1" branch-rate="1" complexity="1">
              <lines>
                <line number="148" hits="54" branch="False" />
                <line number="149" hits="54" branch="False" />
                <line number="150" hits="54" branch="False" />
                <line number="151" hits="54" branch="False" />
              </lines>
            </method>
            <method name="op_Multiply" signature="(Alis.Core.Aspect.Math.Vector.Vector2F,System.Single)" line-rate="1" branch-rate="1" complexity="1">
              <lines>
                <line number="157" hits="48" branch="False" />
              </lines>
            </method>
            <method name="op_Multiply" signature="(System.Single,Alis.Core.Aspect.Math.Vector.Vector2F)" line-rate="1" branch-rate="1" complexity="1">
              <lines>
                <line number="163" hits="3" branch="False" />
              </lines>
            </method>
            <method name="op_Subtraction" signature="(Alis.Core.Aspect.Math.Vector.Vector2F,Alis.Core.Aspect.Math.Vector.Vector2F)" line-rate="1" branch-rate="1" complexity="1">
              <lines>
                <line number="169" hits="17" branch="False" />
                <line number="170" hits="17" branch="False" />
                <line number="171" hits="17" branch="False" />
                <line number="172" hits="17" branch="False" />
              </lines>
            </method>
            <method name="op_UnaryNegation" signature="(Alis.Core.Aspect.Math.Vector.Vector2F)" line-rate="1" branch-rate="1" complexity="1">
              <lines>
                <line number="177" hits="7" branch="False" />
              </lines>
            </method>
            <method name="Abs" signature="(Alis.Core.Aspect.Math.Vector.Vector2F)" line-rate="1" branch-rate="1" complexity="1">
              <lines>
                <line number="182" hits="1" branch="False" />
                <line number="183" hits="1" branch="False" />
                <line number="184" hits="1" branch="False" />
                <line number="185" hits="1" branch="False" />
              </lines>
            </method>
            <method name="Add" signature="(Alis.Core.Aspect.Math.Vector.Vector2F,Alis.Core.Aspect.Math.Vector.Vector2F)" line-rate="1" branch-rate="1" complexity="1">
              <lines>
                <line number="191" hits="2" branch="False" />
              </lines>
            </method>
            <method name="Clamp" signature="(Alis.Core.Aspect.Math.Vector.Vector2F,Alis.Core.Aspect.Math.Vector.Vector2F,Alis.Core.Aspect.Math.Vector.Vector2F)" line-rate="1" branch-rate="1" complexity="1">
              <lines>
                <line number="199" hits="1" branch="False" />
              </lines>
            </method>
[...]
            <line number="695" hits="1" branch="False" />
            <line number="699" hits="26" branch="True" condition-coverage="100% (2/2)">
              <conditions>
                <condition number="22" type="jump" coverage="100%" />
              </conditions>
            </line>
            <line number="700" hits="26" branch="True" condition-coverage="100% (2/2)">
              <conditions>
                <condition number="45" type="jump" coverage="100%" />
              </conditions>
            </line>
            <line number="701" hits="20" branch="False" />
            <line number="702" hits="20" branch="False" />
            <line number="705" hits="18" branch="True" condition-coverage="100% (2/2)">
              <conditions>
                <condition number="116" type="jump" coverage="100%" />
              </conditions>
            </line>
            <line number="706" hits="8" branch="False" />
            <line number="707" hits="8" branch="True" condition-coverage="100% (2/2)">
              <conditions>
                <condition number="94" type="jump" coverage="100%" />
              </conditions>
            </line>
            <line number="708" hits="5" branch="False" />
            <line number="709" hits="5" branch="False" />
            <line number="711" hits="3" branch="False" />
            <line number="713" hits="1" branch="False" />
            <line number="714" hits="27" branch="False" />
            <line number="725" hits="3" branch="False" />
            <line number="733" hits="2" branch="False" />
            <line number="734" hits="2" branch="True" condition-coverage="100% (2/2)">
              <conditions>
                <condition number="12" type="jump" coverage="100%" />
              </conditions>
            </line>
            <line number="735" hits="1" branch="False" />
            <line number="736" hits="1" branch="False" />
            <line number="739" hits="1" branch="False" />
            <line number="740" hits="2" branch="False" />
            <line number="749" hits="2" branch="False" />
            <line number="750" hits="2" branch="True" condition-coverage="100% (4/4)">
              <conditions>
                <condition number="7" type="jump" coverage="100%" />
                <condition number="18" type="jump" coverage="100%" />
              </conditions>
            </line>
            <line number="751" hits="1" branch="False" />
            <line number="752" hits="1" branch="False" />
            <line number="756" hits="1" branch="False" />
            <line number="757" hits="2" branch="False" />
            <line number="766" hits="2" branch="False" />
            <line number="777" hits="8" branch="False" />
            <line number="778" hits="8" branch="True" condition-coverage="100% (4/4)">
              <conditions>
                <condition number="2" type="jump" coverage="100%" />
                <condition number="13" type="jump" coverage="100%" />
              </conditions>
            </line>
            <line number="779" hits="1" branch="False" />
            <line number="780" hits="1" branch="False" />
            <line number="784" hits="7" branch="True" condition-coverage="100% (2/2)">
              <conditions>
                <condition number="22" type="jump" coverage="100%" />
              </conditions>
            </line>
            <line number="785" hits="7" branch="True" condition-coverage="100% (2/2)">
              <conditions>
                <condition number="45" type="jump" coverage="100%" />
              </conditions>
            </line>
            <line number="786" hits="4" branch="False" />
            <line number="787" hits="4" branch="False" />
            <line number="790" hits="10" branch="True" condition-coverage="100% (2/2)">
              <conditions>
                <condition number="121" type="jump" coverage="100%" />
              </conditions>
            </line>
            <line number="791" hits="4" branch="False" />
            <line number="792" hits="4" branch="True" condition-coverage="100% (2/2)">
              <conditions>
                <condition number="94" type="jump" coverage="100%" />
              </conditions>
            </line>
            <line number="793" hits="2" branch="False" />
            <line number="794" hits="2" branch="False" />
            <line number="796" hits="2" branch="False" />
            <line number="798" hits="1" branch="False" />
            <line number="799" hits="8" branch="False" />
            <line number="805" hits="1" branch="False" />
            <line number="807" hits="1" branch="False" />
            <line number="819" hits="1" branch="False" />
            <line number="825" hits="2" branch="False" />
            <line number="826" hits="2" branch="True" condition-coverage="100% (2/2)">
              <conditions>
                <condition number="12" type="jump" coverage="100%" />
              </conditions>
            </line>
            <line number="827" hits="1" branch="False" />
            <line number="828" hits="1" branch="False" />
            <line number="829" hits="1" branch="False" />
            <line number="830" hits="2" branch="False" />
            <line number="838" hits="1" branch="False" />
            <line number="839" hits="1" branch="True" condition-coverage="100% (2/2)">
              <conditions>
                <condition number="12" type="jump" coverage="100%" />
              </conditions>
            </line>
            <line number="840" hits="1" branch="False" />
            <line number="842" hits="1" branch="False" />
            <line number="846" hits="1" branch="False" />
            <line number="847" hits="1" branch="False" />
            <line number="854" hits="1" branch="False" />
            <line number="855" hits="1" branch="True" condition-coverage="100% (2/2)">
              <conditions>
                <condition number="12" type="jump" coverage="100%" />
              </conditions>
            </line>
            <line number="856" hits="1" branch="False" />
            <line number="857" hits="1" branch="False" />
            <line number="858" hits="1" branch="False" />
            <line number="859" hits="1" branch="False" />
            <line number="868" hits="1" branch="False" />
            <line number="872" hits="1" branch="True" condition-coverage="100% (2/2)">
              <conditions>
                <condition number="7" type="jump" coverage="100%" />
              </conditions>
            </line>
            <line number="873" hits="1" branch="False" />
            <line number="874" hits="1" branch="False" />
            <line number="875" hits="1" branch="False" />
            <line number="876" hits="1" branch="False" />
            <line number="883" hits="1" branch="False" />
            <line number="884" hits="1" branch="False" />
            <line number="885" hits="1" branch="False" />
            <line number="906" hits="1" branch="False" />
            <line number="907" hits="1" branch="False" />
            <line number="909" hits="1" branch="False" />
            <line number="910" hits="1" branch="False" />
            <line number="912" hits="1" branch="False" />
            <line number="913" hits="6" branch="True" condition-coverage="100% (2/2)">
              <conditions>
                <condition number="87" type="jump" coverage="100%" />
              </conditions>
            </line>
            <line number="914" hits="2" branch="False" />
            <line number="915" hits="2" branch="False" />
            <line number="916" hits="2" branch="False" />
            <line number="917" hits="1" branch="False" />
            <line number="924" hits="4" branch="False" />
            <line number="925" hits="4" branch="True" condition-coverage="100% (2/2)">
              <conditions>
                <condition number="12" type="jump" coverage="100%" />
              </conditions>
            </line>
            <line number="926" hits="1" branch="False" />
            <line number="927" hits="1" branch="False" />
            <line number="930" hits="3" branch="False" />
            <line number="931" hits="3" branch="False" />
            <line number="932" hits="3" branch="False" />
            <line number="933" hits="21" branch="True" condition-coverage="100% (2/2)">
              <conditions>
                <condition number="107" type="jump" coverage="100%" />
              </conditions>
            </line>
            <line number="934" hits="6" branch="False" />
            <line number="935" hits="6" branch="True" condition-coverage="100% (2/2)">
              <conditions>
                <condition number="49" type="jump" coverage="100%" />
              </conditions>
            </line>
            <line number="936" hits="6" branch="False" />
            <line number="937" hits="6" branch="False" />
            <line number="938" hits="6" branch="False" />
            <line number="939" hits="6" branch="False" />
            <line number="940" hits="6" branch="False" />
            <line number="942" hits="3" branch="False" />
            <line number="944" hits="3" branch="False" />
            <line number="945" hits="4" branch="False" />
            <line number="948" hits="1" branch="False" />
            <line number="64" hits="91" branch="False" />
            <line number="65" hits="91" branch="False" />
            <line number="66" hits="91" branch="False" />
            <line number="67" hits="91" branch="False" />
            <line number="68" hits="91" branch="False" />
            <line number="74" hits="91" branch="False" />
            <line number="75" hits="91" branch="False" />
            <line number="76" hits="91" branch="False" />
          </lines>
        </class>
        <class name="Alis.Core.Aspect.Math.Collections.FastImmutableArray`1/Builder/&lt;GetEnumerator&gt;d__64" filename="Collections/FastImmutableArray.cs" line-rate="1" branch-rate="1" complexity="2">
          <methods>
            <method name="MoveNext" signature="()" line-rate="1" branch-rate="1" complexity="2">
              <lines>
                <line number="892" hits="3" branch="False" />
                <line number="893" hits="16" branch="True" condition-coverage="100% (2/2)">
                  <conditions>
                    <condition number="119" type="jump" coverage="100%" />
                  </conditions>
                </line>
                <line number="894" hits="5" branch="False" />
                <line number="895" hits="5" branch="False" />
                <line number="896" hits="5" branch="False" />
                <line number="897" hits="3" branch="False" />
              </lines>
            </method>
          </methods>
          <lines>
            <line number="892" hits="3" branch="False" />
            <line number="893" hits="16" branch="True" condition-coverage="100% (2/2)">
              <conditions>
                <condition number="119" type="jump" coverage="100%" />
              </conditions>
            </line>
            <line number="894" hits="5" branch="False" />
            <line number="895" hits="5" branch="False" />
            <line number="896" hits="5" branch="False" />
            <line number="897" hits="3" branch="False" />
          </lines>
        </class>
        <class name="Alis.Core.Aspect.Math.Collections.FastImmutableArray`1/Enumerator" filename="Collections/FastImmutableArray.cs" line-rate="1" branch-rate="1" complexity="3">
          <methods>
            <method name="get_Current" signature="()" line-rate="1" branch-rate="1" complexity="1">
              <lines>
                <line number="1303" hits="5" branch="False" />
              </lines>
            </method>
            <method name="MoveNext" signature="()" line-rate="1" branch-rate="1" complexity="1">
              <lines>
                <line number="1309" hits="6" branch="False" />
              </lines>
            </method>
            <method name=".ctor" signature="(T[])" line-rate="1" branch-rate="1" complexity="1">
              <lines>
                <line number="1293" hits="1" branch="False" />
                <line number="1294" hits="1" branch="False" />
                <line number="1295" hits="1" branch="False" />
                <line number="1296" hits="1" branch="False" />
              </lines>
            </method>
          </methods>
          <lines>
            <line number="1303" hits="5" branch="False" />
            <line number="1309" hits="6" branch="False" />
            <line number="1293" hits="1" branch="False" />
            <line number="1294" hits="1" branch="False" />
            <line number="1295" hits="1" branch="False" />
            <line number="1296" hits="1" branch="False" />
          </lines>
        </class>
        <class name="Alis.Core.Aspect.Math.Collections.FastImmutableArray`1/EnumeratorObject" filename="Collections/FastImmutableArray.cs" line-rate="1" branch-rate="1" complexity="11">
          <methods>
            <method name="get_Current" signature="()" line-rate="1" branch-rate="1" complexity="2">
              <lines>
                <line number="1353" hits="364" branch="False" />
                <line number="1354" hits="364" branch="True" condition-coverage="100% (2/2)">
                  <conditions>
                    <condition number="19" type="jump" coverage="100%" />
                  </conditions>
                </line>
                <line number="1355" hits="363" branch="False" />
                <line number="1356" hits="363" branch="False" />
                <line number="1359" hits="1" branch="False" />
                <line number="1360" hits="363" branch="False" />
              </lines>
            </method>
            <method name="System.Collections.IEnumerator.get_Current" signature="()" line-rate="1" branch-rate="1" complexity="1">
              <lines>
                <line number="1366" hits="5" branch="False" />
              </lines>
            </method>
            <method name="MoveNext" signature="()" line-rate="1" branch-rate="1" complexity="2">
              <lines>
                <line number="1373" hits="427" branch="False" />
                <line number="1374" hits="427" branch="False" />
                <line number="1375" hits="427" branch="False" />
                <line number="1377" hits="427" branch="True" condition-coverage="100% (2/2)">
                  <conditions>
                    <condition number="28" type="jump" coverage="100%" />
                  </conditions>
                </line>
                <line number="1378" hits="426" branch="False" />
                <line number="1379" hits="426" branch="False" />
                <line number="1380" hits="426" branch="False" />
                <line number="1383" hits="1" branch="False" />
                <line number="1384" hits="427" branch="False" />
              </lines>
            </method>
            <method name="System.Collections.IEnumerator.Reset" signature="()" line-rate="1" branch-rate="1" complexity="1">
              <lines>
                <line number="1390" hits="2" branch="False" />
                <line number="1391" hits="2" branch="False" />
                <line number="1392" hits="2" branch="False" />
              </lines>
            </method>
            <method name="Dispose" signature="()" line-rate="1" branch-rate="1" complexity="1">
              <lines>
                <line number="1398" hits="68" branch="False" />
                <line number="1399" hits="68" branch="False" />
              </lines>
            </method>
            <method name="Create" signature="(T[])" line-rate="1" branch-rate="1" complexity="2">
              <lines>
                <line number="1407" hits="71" branch="False" />
                <line number="1408" hits="71" branch="True" condition-coverage="100% (2/2)">
                  <conditions>
                    <condition number="8" type="jump" coverage="100%" />
                  </conditions>
                </line>
                <line number="1409" hits="70" branch="False" />
                <line number="1410" hits="70" branch="False" />
                <line number="1413" hits="1" branch="False" />
                <line number="1414" hits="71" branch="False" />
              </lines>
            </method>
            <method name=".ctor" signature="(T[])" line-rate="1" branch-rate="1" complexity="1">
              <lines>
                <line number="1341" hits="71" branch="False" />
                <line number="1342" hits="71" branch="False" />
                <line number="1343" hits="71" branch="False" />
                <line number="1344" hits="71" branch="False" />
                <line number="1345" hits="71" branch="False" />
              </lines>
            </method>
            <method name=".cctor" signature="()" line-rate="1" branch-rate="1" complexity="1">
              <lines>
                <line number="1321" hits="1" branch="False" />
                <line number="1322" hits="1" branch="False" />
              </lines>
            </method>
          </methods>
          <lines>
            <line number="1353" hits="364" branch="False" />
            <line number="1354" hits="364" branch="True" condition-coverage="100% (2/2)">
              <conditions>
                <condition number="19" type="jump" coverage="100%" />
              </conditions>
            </line>
            <line number="1355" hits="363" branch="False" />
            <line number="1356" hits="363" branch="False" />
            <line number="1359" hits="1" branch="False" />
            <line number="1360" hits="363" branch="False" />
            <line number="1366" hits="5" branch="False" />
            <line number="1373" hits="427" branch="False" />
            <line number="1374" hits="427" branch="False" />
            <line number="1375" hits="427" branch="False" />
            <line number="1377" hits="427" branch="True" condition-coverage="100% (2/2)">
              <conditions>
                <condition number="28" type="jump" coverage="100%" />
              </conditions>
            </line>
            <line number="1378" hits="426" branch="False" />
            <line number="1379" hits="426" branch="False" />
            <line number="1380" hits="426" branch="False" />
            <line number="1383" hits="1" branch="False" />
            <line number="1384" hits="427" branch="False" />
            <line number="1390" hits="2" branch="False" />
            <line number="1391" hits="2" branch="False" />
            <line number="1392" hits="2" branch="False" />
            <line number="1398" hits="68" branch="False" />
            <line number="1399" hits="68" branch="False" />
            <line number="1407" hits="71" branch="False" />
            <line number="1408" hits="71" branch="True" condition-coverage="100% (2/2)">
              <conditions>
                <condition number="8" type="jump" coverage="100%" />
              </conditions>
            </line>
            <line number="1409" hits="70" branch="False" />
            <line number="1410" hits="70" branch="False" />
            <line number="1413" hits="1" branch="False" />
            <line number="1414" hits="71" branch="False" />
            <line number="1341" hits="71" branch="False" />
            <line number="1342" hits="71" branch="False" />
            <line number="1343" hits="71" branch="False" />
            <line number="1344" hits="71" branch="False" />
            <line number="1345" hits="71" branch="False" />
            <line number="1321" hits="1" branch="False" />
            <line number="1322" hits="1" branch="False" />
          </lines>
        </class>
      </classes>
    </package>
  </packages>
</coverage>