<?xml version="1.0" encoding="utf-8"?>
<TestRun id="5a2c775f-30b7-4eb2-8215-922256b276a7" name="@MacBook-Pro-de-Pablo 2026-08-15 23:43:55" xmlns="http://microsoft.com/schemas/VisualStudio/TeamTest/2010">
  <Times creation="2026-08-15T23:43:55.2708110+01:00" queuing="2026-08-15T23:43:55.2708110+01:00" start="2026-08-15T23:43:52.3312120+01:00" finish="2026-08-15T23:43:55.8917460+01:00" />
  <TestSettings name="default" id="adfeffc1-4769-4f69-a746-fb9d93c0156b">
    <Deployment runDeploymentRoot="_MacBook-Pro-de-Pablo_2026-08-15_23_43_55" />
  </TestSettings>
  <Results>
    <UnitTestResult executionId="020504a6-1324-45d3-a5da-8620807e632f" testId="ff48b5e5-a91f-067f-c1c0-d31f7b5a5a50" testName="Alis.Test.Core.Ecs.Systems.Manager.Graphic.GraphicManagerEventProcessingTest.ProcessKeyEventForComponent_WithOnReleaseKey_CallsOnReleaseKey" computerName="MacBook-Pro-de-Pablo" duration="00:00:00.0004031" startTime="2026-08-15T23:43:55.2991690+01:00" endTime="2026-08-15T23:43:55.2991690+01:00" testType="13cdc9d9-ddb5-4fa4-a97d-d965ccfc6d4b" outcome="Passed" testListId="8c84fa94-04c1-424b-9868-57a2d4851a1d" relativeResultsDirectory="020504a6-1324-45d3-a5da-8620807e632f" />
    <UnitTestResult executionId="ac2f1b72-c76b-4bf3-9677-e04b045d92f0" testId="cd472826-3d1f-02c1-0c6e-5beb38495956" testName="Alis.Test.Core.Ecs.Systems.Scope.ContextTest.Context_DefaultConstructor_ShouldCreateGraphicManager" computerName="MacBook-Pro-de-Pablo" duration="00:00:00.0002256" startTime="2026-08-15T23:43:55.2627100+01:00" endTime="2026-08-15T23:43:55.2627100+01:00" testType="13cdc9d9-ddb5-4fa4-a97d-d965ccfc6d4b" outcome="Passed" testListId="8c84fa94-04c1-424b-9868-57a2d4851a1d" relativeResultsDirectory="ac2f1b72-c76b-4bf3-9677-e04b045d92f0" />
    <UnitTestResult executionId="1294bf3c-e26a-4a76-b1c5-0ea7368118ff" testId="0beab7f5-4bf3-99df-d14b-0b42488becc8" testName="Alis.Test.GraphicManagerTest.Constructor_CreatesGraphicManager_WithContext" computerName="MacBook-Pro-de-Pablo" duration="00:00:00.0000470" startTime="2026-08-15T23:43:55.2399710+01:00" endTime="2026-08-15T23:43:55.2399710+01:00" testType="13cdc9d9-ddb5-4fa4-a97d-d965ccfc6d4b" outcome="Passed" testListId="8c84fa94-04c1-424b-9868-57a2d4851a1d" relativeResultsDirectory="1294bf3c-e26a-4a76-b1c5-0ea7368118ff" />
    <UnitTestResult executionId="654ab2c5-7909-42b0-ab0a-87cf41d4884c" testId="dde1fbde-7ba7-717b-a9b0-b69f6d9949a9" testName="Alis.Test.Core.Ecs.Systems.Manager.Graphic.GraphicManagerKeyTests.ComputeHeldKeys_WithCommonKey_ReturnsIt" computerName="MacBook-Pro-de-Pablo" duration="00:00:00.0000529" startTime="2026-08-15T23:43:55.2705880+01:00" endTime="2026-08-15T23:43:55.2705890+01:00" testType="13cdc9d9-ddb5-4fa4-a97d-d965ccfc6d4b" outcome="Passed" testListId="8c84fa94-04c1-424b-9868-57a2d4851a1d" relativeResultsDirectory="654ab2c5-7909-42b0-ab0a-87cf41d4884c" />
    <UnitTestResult executionId="ac72032b-ca92-4ab2-af8d-eb260caac7df" testId="535a4509-abc6-83ac-0245-b1a17af300d0" testName="Alis.Test.Core.Ecs.Systems.Manager.Graphic.GraphicManagerTests.Constructor_WithContext_SetsContext" computerName="MacBook-Pro-de-Pablo" duration="00:00:00.0000374" startTime="2026-08-15T23:43:55.2954510+01:00" endTime="2026-08-15T23:43:55.2954510+01:00" testType="13cdc9d9-ddb5-4fa4-a97d-d965ccfc6d4b" outcome="Passed" testListId="8c84fa94-04c1-424b-9868-57a2d4851a1d" relativeResultsDirectory="ac72032b-ca92-4ab2-af8d-eb260caac7df" />
    <UnitTestResult executionId="cfe2cb11-d5fe-4348-bbc0-044003b89055" testId="78ca9e3d-8919-852b-31e5-dab44f348f34" testName="Alis.Test.Core.Ecs.Systems.Manager.Graphic.GraphicManagerTests.Renderer_GetSet_ReturnsExpectedValue" computerName="MacBook-Pro-de-Pablo" duration="00:00:00.0000613" startTime="2026-08-15T23:43:55.2940190+01:00" endTime="2026-08-15T23:43:55.2940190+01:00" testType="13cdc9d9-ddb5-4fa4-a97d-d965ccfc6d4b" outcome="Passed" testListId="8c84fa94-04c1-424b-9868-57a2d4851a1d" relativeResultsDirectory="cfe2cb11-d5fe-4348-bbc0-044003b89055" />
    <UnitTestResult executionId="0eafb8f3-8b82-45a9-a921-f8e1a2439bba" testId="29ccfc2c-67a3-31ac-9020-65195fbb5c25" testName="Alis.Test.Core.Ecs.Systems.Manager.Graphic.GraphicManagerTest.ComputeReleasedKeys_AllKeysStillHeld_ReturnsEmpty" computerName="MacBook-Pro-de-Pablo" duration="00:00:00.0000476" startTime="2026-08-15T23:43:55.2699610+01:00" endTime="2026-08-15T23:43:55.2699610+01:00" testType="13cdc9d9-ddb5-4fa4-a97d-d965ccfc6d4b" outcome="Passed" testListId="8c84fa94-04c1-424b-9868-57a2d4851a1d" relativeResultsDirectory="0eafb8f3-8b82-45a9-a921-f8e1a2439bba" />
    <UnitTestResult executionId="87fa1098-0dbf-4f29-a9dd-1623b304faf1" testId="24a93dfe-738c-1f1c-2475-090148365b37" testName="Alis.Test.Core.Ecs.Systems.Manager.Graphic.GraphicManagerLifecycleTest.OnInit_PreviewModeEnabled_ReturnsEarly" computerName="MacBook-Pro-de-Pablo" duration="00:00:00.0001237" startTime="2026-08-15T23:43:55.2638840+01:00" endTime="2026-08-15T23:43:55.2638840+01:00" testType="13cdc9d9-ddb5-4fa4-a97d-d965ccfc6d4b" outcome="Passed" testListId="8c84fa94-04c1-424b-9868-57a2d4851a1d" relativeResultsDirectory="87fa1098-0dbf-4f29-a9dd-1623b304faf1" />
    <UnitTestResult executionId="dec830ec-0f20-4bce-b027-7b22a7395fbd" testId="3f27e440-94fc-fcd8-5547-6d8faea787d1" testName="Alis.Test.GraphicManagerBootstrapTests.Bootstrap_AllStepsSucceeded" computerName="MacBook-Pro-de-Pablo" duration="00:00:00.0003785" startTime="2026-08-15T23:43:55.3017310+01:00" endTime="2026-08-15T23:43:55.3017310+01:00" testType="13cdc9d9-ddb5-4fa4-a97d-d965ccfc6d4b" outcome="Passed" testListId="8c84fa94-04c1-424b-9868-57a2d4851a1d" relativeResultsDirectory="dec830ec-0f20-4bce-b027-7b22a7395fbd" />
    <UnitTestResult executionId="897eb968-5184-42d1-9e1d-204a487cf450" testId="58d710e8-7974-db68-9185-efdfb0adda5d" testName="Alis.Test.Core.Ecs.Systems.Manager.Graphic.GraphicManagerKeyTests.AllKeys_ContainsExpectedKeys" computerName="MacBook-Pro-de-Pablo" duration="00:00:00.0009191" startTime="2026-08-15T23:43:55.2721530+01:00" endTime="2026-08-15T23:43:55.2721530+01:00" testType="13cdc9d9-ddb5-4fa4-a97d-d965ccfc6d4b" outcome="Passed" testListId="8c84fa94-04c1-424b-9868-57a2d4851a1d" relativeResultsDirectory="897eb968-5184-42d1-9e1d-204a487cf450" />
    <UnitTestResult executionId="bc1b8c30-e045-4ddd-8a04-a833e06173c9" testId="77b721e0-68c7-39bb-faeb-9c0beb9c811c" testName="Alis.Test.GraphicManagerTest.GraphicManager_HasExpectedProperties" computerName="MacBook-Pro-de-Pablo" duration="00:00:00.0003913" startTime="2026-08-15T23:43:55.2397700+01:00" endTime="2026-08-15T23:43:55.2397700+01:00" testType="13cdc9d9-ddb5-4fa4-a97d-d965ccfc6d4b" outcome="Passed" testListId="8c84fa94-04c1-424b-9868-57a2d4851a1d" relativeResultsDirectory="bc1b8c30-e045-4ddd-8a04-a833e06173c9" />
    <UnitTestResult executionId="28a1cef7-b234-43e6-af63-b22f168634a4" testId="d28d216e-e53a-cb5d-cae3-e0e70f667534" testName="Alis.Test.Core.Ecs.Systems.Manager.Graphic.GraphicManagerTest.UpdateKeyTimestamps_PressedKeys_DoesNotThrow" computerName="MacBook-Pro-de-Pablo" duration="00:00:00.0001024" startTime="2026-08-15T23:43:55.2689900+01:00" endTime="2026-08-15T23:43:55.2689900+01:00" testType="13cdc9d9-ddb5-4fa4-a97d-d965ccfc6d4b" outcome="Passed" testListId="8c84fa94-04c1-424b-9868-57a2d4851a1d" relativeResultsDirectory="28a1cef7-b234-43e6-af63-b22f168634a4" />
    <UnitTestResult executionId="eabf3b63-2450-485e-a68f-787b5ce023d6" testId="22d257c1-3ea4-9136-cb7e-8d83146cf261" testName="Alis.Test.Core.Ecs.Systems.Manager.Graphic.GraphicManagerKeyTests.ComputeHeldKeys_WithNoCommonKeys_ReturnsEmpty" computerName="MacBook-Pro-de-Pablo" duration="00:00:00.0000385" startTime="2026-08-15T23:43:55.2707610+01:00" endTime="2026-08-15T23:43:55.2707610+01:00" testType="13cdc9d9-ddb5-4fa4-a97d-d965ccfc6d4b" outcome="Passed" testListId="8c84fa94-04c1-424b-9868-57a2d4851a1d" relativeResultsDirectory="eabf3b63-2450-485e-a68f-787b5ce023d6" />
    <UnitTestResult executionId="172aa6cc-0ee8-48d6-baef-545013ef187e" testId="a982e9a7-4e0c-8dc2-53e8-e47b6824300b" testName="Alis.Test.Core.Ecs.Systems.Manager.Graphic.GraphicManagerTest.ComputePressedKeys_NoNewKeys_ReturnsEmpty" computerName="MacBook-Pro-de-Pablo" duration="00:00:00.0000377" startTime="2026-08-15T23:43:55.2687520+01:00" endTime="2026-08-15T23:43:55.2687520+01:00" testType="13cdc9d9-ddb5-4fa4-a97d-d965ccfc6d4b" outcome="Passed" testListId="8c84fa94-04c1-424b-9868-57a2d4851a1d" relativeResultsDirectory="172aa6cc-0ee8-48d6-baef-545013ef187e" />
    <UnitTestResult executionId="6ddb5123-910c-476f-8f46-da53867c49cf" testId="cd40dae8-2094-fa0e-368b-ef60fa4a24ab" testName="Alis.Test.Core.Ecs.Systems.Manager.Graphic.GraphicManagerTest.UpdateKeyTimestamps_EmptySets_DoesNotThrow" computerName="MacBook-Pro-de-Pablo" duration="00:00:00.0001084" startTime="2026-08-15T23:43:55.2662310+01:00" endTime="2026-08-15T23:43:55.2662310+01:00" testType="13cdc9d9-ddb5-4fa4-a97d-d965ccfc6d4b" outcome="Passed" testListId="8c84fa94-04c1-424b-9868-57a2d4851a1d" relativeResultsDirectory="6ddb5123-910c-476f-8f46-da53867c49cf" />
    <UnitTestResult executionId="7813ea6b-9d5a-4d60-b4b4-17901d2f58de" testId="9d29319c-f7a7-418c-fe37-e3e9e4d8a886" testName="Alis.Test.Core.Ecs.Systems.Manager.Graphic.GraphicManagerTest.ProcessKeyEventForComponent_NoMatchingInterface_DoesNotThrow" computerName="MacBook-Pro-de-Pablo" duration="00:00:00.0004495" startTime="2026-08-15T23:43:55.2654880+01:00" endTime="2026-08-15T23:43:55.2654880+01:00" testType="13cdc9d9-ddb5-4fa4-a97d-d965ccfc6d4b" outcome="Passed" testListId="8c84fa94-04c1-424b-9868-57a2d4851a1d" relativeResultsDirectory="7813ea6b-9d5a-4d60-b4b4-17901d2f58de" />
    <UnitTestResult executionId="c63a78d7-d5cf-4d3a-b559-aafd7d4320f3" testId="066f0383-eff9-bc68-78fe-c50e4bffeda9" testName="Alis.Test.Core.Ecs.Systems.Manager.Graphic.GraphicManagerTest.ProcessKeyEventForComponent_EmptyKeys_DoesNotThrow" computerName="MacBook-Pro-de-Pablo" duration="00:00:00.0001032" startTime="2026-08-15T23:43:55.2681130+01:00" endTime="2026-08-15T23:43:55.2681130+01:00" testType="13cdc9d9-ddb5-4fa4-a97d-d965ccfc6d4b" outcome="Passed" testListId="8c84fa94-04c1-424b-9868-57a2d4851a1d" relativeResultsDirectory="c63a78d7-d5cf-4d3a-b559-aafd7d4320f3" />
    <UnitTestResult executionId="03120011-b1ef-47a9-a13d-d450ae77479d" testId="0ce658a2-1ac1-c0e1-288f-b3de61db831e" testName="Alis.Test.GraphicManagerTest.GraphicManager_Properties_AreAccessible" computerName="MacBook-Pro-de-Pablo" duration="00:00:00.0000964" startTime="2026-08-15T23:43:55.2402190+01:00" endTime="2026-08-15T23:43:55.2402190+01:00" testType="13cdc9d9-ddb5-4fa4-a97d-d965ccfc6d4b" outcome="Passed" testListId="8c84fa94-04c1-424b-9868-57a2d4851a1d" relativeResultsDirectory="03120011-b1ef-47a9-a13d-d450ae77479d" />
    <UnitTestResult executionId="a14a3fc8-1e29-4929-b7fb-767d9dbd37f9" testId="7395bffa-643a-65a1-0949-2af44830d39a" testName="Alis.Test.Core.Ecs.Systems.Manager.Graphic.GraphicManagerRemainingPathsTest.ProcessKeyEventComponents_WithEmptyWorld_DoesNotThrow" computerName="MacBook-Pro-de-Pablo" duration="00:00:00.0000850" startTime="2026-08-15T23:43:55.3078200+01:00" endTime="2026-08-15T23:43:55.3078200+01:00" testType="13cdc9d9-ddb5-4fa4-a97d-d965ccfc6d4b" outcome="Passed" testListId="8c84fa94-04c1-424b-9868-57a2d4851a1d" relativeResultsDirectory="a14a3fc8-1e29-4929-b7fb-767d9dbd37f9" />
    <UnitTestResult executionId="ebf2fa85-4686-471e-af2e-5cffa3090568" testId="7dbd08b9-d10a-afc3-2b88-7b7059d8adde" testName="Alis.Test.Core.Ecs.Systems.Manager.Graphic.GraphicManagerEventProcessingTest.OnBeforeDraw_DoesNotThrow" computerName="MacBook-Pro-de-Pablo" duration="00:00:00.0000455" startTime="2026-08-15T23:43:55.2993950+01:00" endTime="2026-08-15T23:43:55.2993950+01:00" testType="13cdc9d9-ddb5-4fa4-a97d-d965ccfc6d4b" outcome="Passed" testListId="8c84fa94-04c1-424b-9868-57a2d4851a1d" relativeResultsDirectory="ebf2fa85-4686-471e-af2e-5cffa3090568" />
    <UnitTestResult executionId="adb2547c-17c4-4c56-928b-6ecb51b7bcca" testId="e45d0c87-cb84-b538-0bac-78dd8dae0e91" testName="Alis.Test.Core.Ecs.Systems.Manager.Graphic.GraphicManagerPreviewCoverageTests.RenderPreview_WithCamera_Executes" computerName="MacBook-Pro-de-Pablo" duration="00:00:00.0000916" startTime="2026-08-15T23:43:55.2591730+01:00" endTime="2026-08-15T23:43:55.2591730+01:00" testType="13cdc9d9-ddb5-4fa4-a97d-d965ccfc6d4b" outcome="Passed" testListId="8c84fa94-04c1-424b-9868-57a2d4851a1d" relativeResultsDirectory="adb2547c-17c4-4c56-928b-6ecb51b7bcca" />
    <UnitTestResult executionId="02d92b2a-d251-47a7-bcd6-7fabac256c91" testId="4dc0f057-be1b-59e0-7563-270f0def9734" testName="Alis.Test.Core.Ecs.Systems.Manager.Graphic.GraphicManagerKeyTests.ComputeReleasedKeys_WithAllKeysStillPresent_ReturnsEmpty" computerName="MacBook-Pro-de-Pablo" duration="00:00:00.0000360" startTime="2026-08-15T23:43:55.2709310+01:00" endTime="2026-08-15T23:43:55.2709310+01:00" testType="13cdc9d9-ddb5-4fa4-a97d-d965ccfc6d4b" outcome="Passed" testListId="8c84fa94-04c1-424b-9868-57a2d4851a1d" relativeResultsDirectory="02d92b2a-d251-47a7-bcd6-7fabac256c91" />
    <UnitTestResult executionId="bb9bd892-73fd-41d3-aace-49fb1ad76cdc" testId="f07661f3-80ac-1940-ad2b-4717eabce047" testName="Alis.Test.Core.Ecs.Systems.Manager.Graphic.GraphicManagerTests.OnBeforeDraw_DoesNotThrow" computerName="MacBook-Pro-de-Pablo" duration="00:00:00.0000376" startTime="2026-08-15T23:43:55.2944180+01:00" endTime="2026-08-15T23:43:55.2944180+01:00" testType="13cdc9d9-ddb5-4fa4-a97d-d965ccfc6d4b" outcome="Passed" testListId="8c84fa94-04c1-424b-9868-57a2d4851a1d" relativeResultsDirectory="bb9bd892-73fd-41d3-aace-49fb1ad76cdc" />
    <UnitTestResult executionId="9f1ca64b-da58-42e8-9024-2228c11607f4" testId="55c751b8-2e41-0c6f-8681-2764240d9cec" testName="Alis.Test.Core.Ecs.Systems.Manager.Graphic.GraphicManagerTest.ComputePressedKeys_NewKeysOnly_ReturnsAll" computerName="MacBook-Pro-de-Pablo" duration="00:00:00.0011251" startTime="2026-08-15T23:43:55.2674960+01:00" endTime="2026-08-15T23:43:55.2674960+01:00" testType="13cdc9d9-ddb5-4fa4-a97d-d965ccfc6d4b" outcome="Passed" testListId="8c84fa94-04c1-424b-9868-57a2d4851a1d" relativeResultsDirectory="9f1ca64b-da58-42e8-9024-2228c11607f4" />
    <UnitTestResult executionId="934e30fe-ef86-4188-a2c8-72b7b0224245" testId="1b46dc36-4c96-1320-ba7b-fb1e963b7c27" testName="Alis.Test.Core.Ecs.Systems.Manager.Graphic.GraphicManagerTest.ComputeHeldKeys_BothEmpty_ReturnsEmpty" computerName="MacBook-Pro-de-Pablo" duration="00:00:00.0003147" startTime="2026-08-15T23:43:55.2646350+01:00" endTime="2026-08-15T23:43:55.2646350+01:00" testType="13cdc9d9-ddb5-4fa4-a97d-d965ccfc6d4b" outcome="Passed" testListId="8c84fa94-04c1-424b-9868-57a2d4851a1d" relativeResultsDirectory="934e30fe-ef86-4188-a2c8-72b7b0224245" />
    <UnitTestResult executionId="2760e67e-ba4a-40c6-a3e1-9f192ca3f2fa" testId="ab700a14-bb3b-62a4-2703-24ae32c29d23" testName="Alis.Test.Core.Ecs.Systems.Manager.Graphic.GraphicManagerEventProcessingTest.OnStart_DoesNotThrow" computerName="MacBook-Pro-de-Pablo" duration="00:00:00.0000399" startTime="2026-08-15T23:43:55.3003710+01:00" endTime="2026-08-15T23:43:55.3003710+01:00" testType="13cdc9d9-ddb5-4fa4-a97d-d965ccfc6d4b" outcome="Passed" testListId="8c84fa94-04c1-424b-9868-57a2d4851a1d" relativeResultsDirectory="2760e67e-ba4a-40c6-a3e1-9f192ca3f2fa" />
    <UnitTestResult executionId="4036c919-7210-4977-ae44-442f54fdf95b" testId="c5c1dff6-7480-0f1f-0f0a-1f55901f40a9" testName="Alis.Test.Core.Ecs.Systems.Manager.Graphic.GraphicManagerTest.ProcessKeyEventForComponent_KeysProvidedNoInterface_DoesNotThrow" computerName="MacBook-Pro-de-Pablo" duration="00:00:00.0001249" startTime="2026-08-15T23:43:55.2657570+01:00" endTime="2026-08-15T23:43:55.2657570+01:00" testType="13cdc9d9-ddb5-4fa4-a97d-d965ccfc6d4b" outcome="Passed" testListId="8c84fa94-04c1-424b-9868-57a2d4851a1d" relativeResultsDirectory="4036c919-7210-4977-ae44-442f54fdf95b" />
    <UnitTestResult executionId="bfcc957b-b51f-4f62-a9be-e1a4af9c3fac" testId="009c4402-33bc-b27e-cb47-792a349017e6" testName="Alis.Test.Core.Ecs.Systems.Manager.Graphic.GraphicManagerTest.ComputeHeldKeys_NoOverlap_ReturnsEmpty" computerName="MacBook-Pro-de-Pablo" duration="00:00:00.0001166" startTime="2026-08-15T23:43:55.2648980+01:00" endTime="2026-08-15T23:43:55.2648980+01:00" testType="13cdc9d9-ddb5-4fa4-a97d-d965ccfc6d4b" outcome="Passed" testListId="8c84fa94-04c1-424b-9868-57a2d4851a1d" relativeResultsDirectory="bfcc957b-b51f-4f62-a9be-e1a4af9c3fac" />
    <UnitTestResult executionId="32a5c57e-1412-4283-8f49-d4ddd353e722" testId="3ca7ba01-0566-d266-f3d8-7a3394fcc7ab" testName="Alis.Test.GraphicManagerBootstrapTests.Bootstrap_InitCustomWindow_Completed" computerName="MacBook-Pro-de-Pablo" duration="00:00:00.0000200" startTime="2026-08-15T23:43:55.3019030+01:00" endTime="2026-08-15T23:43:55.3019030+01:00" testType="13cdc9d9-ddb5-4fa4-a97d-d965ccfc6d4b" outcome="Passed" testListId="8c84fa94-04c1-424b-9868-57a2d4851a1d" relativeResultsDirectory="32a5c57e-1412-4283-8f49-d4ddd353e722" />
    <UnitTestResult executionId="71d56c00-bed9-422e-b2cc-6e6b9991d5eb" testId="ea205240-832e-6d89-cca7-d2d88fe96235" testName="Alis.Test.Core.Ecs.Systems.Manager.Graphic.GraphicManagerTests.BuildNewKeys_WithNullPlatform_DoesNotThrow" computerName="MacBook-Pro-de-Pablo" duration="00:00:00.0000346" startTime="2026-08-15T23:43:55.2956220+01:00" endTime="2026-08-15T23:43:55.2956220+01:00" testType="13cdc9d9-ddb5-4fa4-a97d-d965ccfc6d4b" outcome="Passed" testListId="8c84fa94-04c1-424b-9868-57a2d4851a1d" relativeResultsDirectory="71d56c00-bed9-422e-b2cc-6e6b9991d5eb" />
    <UnitTestResult executionId="daaaf069-e5ee-4310-b68d-b8d932cc4d8d" testId="c7d36c32-4dc5-ac3a-ba48-dd6bbb86745e" testName="Alis.Test.Core.Ecs.Systems.Manager.Graphic.GraphicManagerTest.UpdateKeyTimestamps_ReleasedKeys_DoesNotThrow" computerName="MacBook-Pro-de-Pablo" duration="00:00:00.0001070" startTime="2026-08-15T23:43:55.2694190+01:00" endTime="2026-08-15T23:43:55.2694190+01:00" testType="13cdc9d9-ddb5-4fa4-a97d-d965ccfc6d4b" outcome="Passed" testListId="8c84fa94-04c1-424b-9868-57a2d4851a1d" relativeResultsDirectory="daaaf069-e5ee-4310-b68d-b8d932cc4d8d" />
    <UnitTestResult executionId="17b899e3-85d7-4c88-a736-bc96d8c8c101" testId="f48f1f90-57a2-73d4-9db6-8f5a96eb5b10" testName="Alis.Test.Core.Ecs.Systems.Manager.Graphic.GraphicManagerTest.ComputeHeldKeys_OverlappingKeys_ReturnsIntersection" computerName="MacBook-Pro-de-Pablo" duration="00:00:00.0000776" startTime="2026-08-15T23:43:55.2678710+01:00" endTime="2026-08-15T23:43:55.2678710+01:00" testType="13cdc9d9-ddb5-4fa4-a97d-d965ccfc6d4b" outcome="Passed" testListId="8c84fa94-04c1-424b-9868-57a2d4851a1d" relativeResultsDirectory="17b899e3-85d7-4c88-a736-bc96d8c8c101" />
    <UnitTestResult executionId="44f15210-3d8f-4546-9d52-3001bbbd6561" testId="477281a9-4e91-0e3b-c471-419ec0b63ee5" testName="Alis.Test.Core.Ecs.Systems.Manager.Graphic.GraphicManagerLifecycleTest.OnStart_DoesNotThrow" computerName="MacBook-Pro-de-Pablo" duration="00:00:00.0001777" startTime="2026-08-15T23:43:55.2630710+01:00" endTime="2026-08-15T23:43:55.2630710+01:00" testType="13cdc9d9-ddb5-4fa4-a97d-d965ccfc6d4b" outcome="Passed" testListId="8c84fa94-04c1-424b-9868-57a2d4851a1d" relativeResultsDirectory="44f15210-3d8f-4546-9d52-3001bbbd6561" />
    <UnitTestResult executionId="3543afde-2e9c-420f-9d26-f47affd5b07f" testId="1d0b9a26-ea74-f698-bc08-c4fcf9380a1c" testName="Alis.Test.GraphicManagerBootstrapTests.Bootstrap_InitDefaultWindow_Completed" computerName="MacBook-Pro-de-Pablo" duration="00:00:00.0000416" startTime="2026-08-15T23:43:55.3010420+01:00" endTime="2026-08-15T23:43:55.3010420+01:00" testType="13cdc9d9-ddb5-4fa4-a97d-d965ccfc6d4b" outcome="Passed" testListId="8c84fa94-04c1-424b-9868-57a2d4851a1d" relativeResultsDirectory="3543afde-2e9c-420f-9d26-f47affd5b07f" />
    <UnitTestResult executionId="2a7994b0-926b-46b0-b478-839cd7128128" testId="c81b4c16-86a4-38d4-5f34-8e909c3bfde5" testName="Alis.Test.Core.Ecs.Systems.Manager.Graphic.GraphicManagerTest.KeyStateComputation_EndToEnd_Consistent" computerName="MacBook-Pro-de-Pablo" duration="00:00:00.0000933" startTime="2026-08-15T23:43:55.2659900+01:00" endTime="2026-08-15T23:43:55.2659900+01:00" testType="13cdc9d9-ddb5-4fa4-a97d-d965ccfc6d4b" outcome="Passed" testListId="8c84fa94-04c1-424b-9868-57a2d4851a1d" relativeResultsDirectory="2a7994b0-926b-46b0-b478-839cd7128128" />
    <UnitTestResult executionId="1bcd08a6-2e9c-4a4d-8663-2d485643ee93" testId="cf804ea4-fda1-31dd-1805-d7e099a5a958" testName="Alis.Test.Core.Ecs.Systems.Manager.Graphic.GraphicManagerTest.ComputeReleasedKeys_NoNewKeys_ReturnsAll" computerName="MacBook-Pro-de-Pablo" duration="00:00:00.0000538" startTime="2026-08-15T23:43:55.2683070+01:00" endTime="2026-08-15T23:43:55.2683070+01:00" testType="13cdc9d9-ddb5-4fa4-a97d-d965ccfc6d4b" outcome="Passed" testListId="8c84fa94-04c1-424b-9868-57a2d4851a1d" relativeResultsDirectory="1bcd08a6-2e9c-4a4d-8663-2d485643ee93" />
    <UnitTestResult executionId="60f9daba-718b-4228-9198-d474a41d7a3a" testId="285af082-4e15-eed7-b0d4-e8ef446b5555" testName="Alis.Test.Core.Ecs.Systems.Manager.Graphic.GraphicManagerTest.ComputePressedKeys_KeysAlreadyHeld_NotIncluded" computerName="MacBook-Pro-de-Pablo" duration="00:00:00.0001356" startTime="2026-08-15T23:43:55.2685760+01:00" endTime="2026-08-15T23:43:55.2685760+01:00" testType="13cdc9d9-ddb5-4fa4-a97d-d965ccfc6d4b" outcome="Passed" testListId="8c84fa94-04c1-424b-9868-57a2d4851a1d" relativeResultsDirectory="60f9daba-718b-4228-9198-d474a41d7a3a" />
    <UnitTestResult executionId="e78b30ca-77b7-4032-a66c-7fd3a33fd934" testId="0aa47e7a-2693-733d-d24f-9be532d8754d" testName="Alis.Test.Core.Ecs.Systems.Manager.Graphic.GraphicManagerTests.ProcessKeyEventForComponent_IOnPressKey_InvokesOnPressKey" computerName="MacBook-Pro-de-Pablo" duration="00:00:00.0001572" startTime="2026-08-15T23:43:55.2950880+01:00" endTime="2026-08-15T23:43:55.2950880+01:00" testType="13cdc9d9-ddb5-4fa4-a97d-d965ccfc6d4b" outcome="Passed" testListId="8c84fa94-04c1-424b-9868-57a2d4851a1d" relativeResultsDirectory="e78b30ca-77b7-4032-a66c-7fd3a33fd934" />
    <UnitTestResult executionId="41a1daae-4bd8-438a-995d-d3ac30679142" testId="41404af4-ba5b-fcff-caba-eea384f277cc" testName="Alis.Test.Core.Ecs.Systems.Manager.Graphic.GraphicManagerEventProcessingTest.OnInit_WithPreviewMode_DoesNotThrow" computerName="MacBook-Pro-de-Pablo" duration="00:00:00.0000724" startTime="2026-08-15T23:43:55.3005880+01:00" endTime="2026-08-15T23:43:55.3005880+01:00" testType="13cdc9d9-ddb5-4fa4-a97d-d965ccfc6d4b" outcome="Passed" testListId="8c84fa94-04c1-424b-9868-57a2d4851a1d" relativeResultsDirectory="41a1daae-4bd8-438a-995d-d3ac30679142" />
    <UnitTestResult executionId="e121bbbd-2d51-4688-ac3e-5dcc56433d86" testId="544b1a2d-3121-0f56-3154-c80fd0f9ef8e" testName="Alis.Test.Core.Ecs.Systems.Manager.Graphic.GraphicManagerKeyTests.ComputePressedKeys_WithExistingKey_DoesNotReturnIt" computerName="MacBook-Pro-de-Pablo" duration="00:00:00.0000624" startTime="2026-08-15T23:43:55.2702170+01:00" endTime="2026-08-15T23:43:55.2702170+01:00" testType="13cdc9d9-ddb5-4fa4-a97d-d965ccfc6d4b" outcome="Passed" testListId="8c84fa94-04c1-424b-9868-57a2d4851a1d" relativeResultsDirectory="e121bbbd-2d51-4688-ac3e-5dcc56433d86" />
    <UnitTestResult executionId="6d983962-9c39-43ef-893c-0a9db66294f0" testId="ce26bf64-1937-6795-0c13-fe93756f2e40" testName="Alis.Test.Core.Ecs.Systems.Manager.Graphic.GraphicManagerRemainingCoverageTests.ComputeHeldKeys_WithCommonKeys_ReturnsThem" computerName="MacBook-Pro-de-Pablo" duration="00:00:00.0001596" startTime="2026-08-15T23:43:55.2622900+01:00" endTime="2026-08-15T23:43:55.2622900+01:00" testType="13cdc9d9-ddb5-4fa4-a97d-d965ccfc6d4b" outcome="Passed" testListId="8c84fa94-04c1-424b-9868-57a2d4851a1d" relativeResultsDirectory="6d983962-9c39-43ef-893c-0a9db66294f0" />
    <UnitTestResult executionId="9f058fb9-54cc-47cb-a750-da6f4b27ab82" testId="a78f0746-9435-0b74-7584-6f0bc87a21b7" testName="Alis.Test.Core.Ecs.Systems.Manager.Graphic.GraphicManagerRemainingCoverageTests.ComputeReleasedKeys_WithRemovedKeys_ReturnsThem" computerName="MacBook-Pro-de-Pablo" duration="00:00:00.0014812" startTime="2026-08-15T23:43:55.2609290+01:00" endTime="2026-08-15T23:43:55.2609290+01:00" testType="13cdc9d9-ddb5-4fa4-a97d-d965ccfc6d4b" outcome="Passed" testListId="8c84fa94-04c1-424b-9868-57a2d4851a1d" relativeResultsDirectory="9f058fb9-54cc-47cb-a750-da6f4b27ab82" />
    <UnitTestResult executionId="6db99bf6-1f92-4837-be20-a1405e60cb7e" testId="91a5f3ac-2977-14bb-c4c1-a7c617cb0dda" testName="Alis.Test.Core.Ecs.Systems.Manager.Graphic.GraphicManagerTest.UpdateKeyTimestamps_PressedAndReleased_DoesNotThrow" computerName="MacBook-Pro-de-Pablo" duration="00:00:00.0001049" startTime="2026-08-15T23:43:55.2696580+01:00" endTime="2026-08-15T23:43:55.2696580+01:00" testType="13cdc9d9-ddb5-4fa4-a97d-d965ccfc6d4b" outcome="Passed" testListId="8c84fa94-04c1-424b-9868-57a2d4851a1d" relativeResultsDirectory="6db99bf6-1f92-4837-be20-a1405e60cb7e" />
    <UnitTestResult executionId="8643f0be-39e3-4e96-9c35-25b90223ae9d" testId="e9feb57b-89fa-5c55-10bd-bd56b0de9ff9" testName="Alis.Test.Core.Ecs.Systems.Manager.Graphic.GraphicManagerPreviewCoverageTests.OnInit_InPreviewMode_SkipsInitialization" computerName="MacBook-Pro-de-Pablo" duration="00:00:00.0001722" startTime="2026-08-15T23:43:55.2422230+01:00" endTime="2026-08-15T23:43:55.2422230+01:00" testType="13cdc9d9-ddb5-4fa4-a97d-d965ccfc6d4b" outcome="Passed" testListId="8c84fa94-04c1-424b-9868-57a2d4851a1d" relativeResultsDirectory="8643f0be-39e3-4e96-9c35-25b90223ae9d" />
    <UnitTestResult executionId="a3648321-22f1-48a9-aec0-756f7e11888f" testId="9ab7d6ff-4b82-f9b5-f4c1-0efe1c392d28" testName="Alis.Test.Core.Ecs.Systems.Manager.Graphic.GraphicManagerTests.OnStart_DoesNotThrow" computerName="MacBook-Pro-de-Pablo" duration="00:00:00.0000374" startTime="2026-08-15T23:43:55.2952720+01:00" endTime="2026-08-15T23:43:55.2952720+01:00" testType="13cdc9d9-ddb5-4fa4-a97d-d965ccfc6d4b" outcome="Passed" testListId="8c84fa94-04c1-424b-9868-57a2d4851a1d" relativeResultsDirectory="a3648321-22f1-48a9-aec0-756f7e11888f" />
    <UnitTestResult executionId="9c2d32da-6e29-4875-ab16-348b6f314da1" testId="a58b2425-45c6-71c4-64cc-d677b8d74d09" testName="Alis.Test.Core.Ecs.Systems.Manager.Graphic.GraphicManagerRemainingPathsTest.RenderSprites_WithAnimatorAndInvisibleSprite_DoesNotThrow" computerName="MacBook-Pro-de-Pablo" duration="00:00:00.0018975" startTime="2026-08-15T23:43:55.3075150+01:00" endTime="2026-08-15T23:43:55.3075150+01:00" testType="13cdc9d9-ddb5-4fa4-a97d-d965ccfc6d4b" outcome="Passed" testListId="8c84fa94-04c1-424b-9868-57a2d4851a1d" relativeResultsDirectory="9c2d32da-6e29-4875-ab16-348b6f314da1" />
    <UnitTestResult executionId="0f37ca42-5c9a-4daa-8dad-07330e344dc8" testId="c5971d97-a588-c72c-ee01-cddc4a2127c7" testName="Alis.Test.Core.Ecs.Systems.Manager.Graphic.GraphicManagerKeyTests.ComputePressedKeys_WithNewKey_ReturnsPressed" computerName="MacBook-Pro-de-Pablo" duration="00:00:00.0000360" startTime="2026-08-15T23:43:55.2711000+01:00" endTime="2026-08-15T23:43:55.2711000+01:00" testType="13cdc9d9-ddb5-4fa4-a97d-d965ccfc6d4b" outcome="Passed" testListId="8c84fa94-04c1-424b-9868-57a2d4851a1d" relativeResultsDirectory="0f37ca42-5c9a-4daa-8dad-07330e344dc8" />
    <UnitTestResult executionId="74c5a32b-953f-450e-b4a7-1bbebd17a61e" testId="09f4e854-dedd-3151-7c0e-23c11208e3c1" testName="Alis.Test.Core.Ecs.Systems.Manager.Graphic.GraphicManagerEventProcessingTest.ProcessKeyEventForComponent_WithOnPressKey_CallsOnPressKey" computerName="MacBook-Pro-de-Pablo" duration="00:00:00.0002449" startTime="2026-08-15T23:43:55.2997950+01:00" endTime="2026-08-15T23:43:55.2997950+01:00" testType="13cdc9d9-ddb5-4fa4-a97d-d965ccfc6d4b" outcome="Passed" testListId="8c84fa94-04c1-424b-9868-57a2d4851a1d" relativeResultsDirectory="74c5a32b-953f-450e-b4a7-1bbebd17a61e" />
    <UnitTestResult executionId="83ca5cd1-41fc-4228-af56-887ce7958276" testId="96920e11-aae2-3b1b-76bb-8894b884d043" testName="Alis.Test.Core.Ecs.Systems.Manager.Graphic.GraphicManagerTests.UpdateKeyTimestamps_PressedThenReleased_DoesNotThrow" computerName="MacBook-Pro-de-Pablo" duration="00:00:00.0000695" startTime="2026-08-15T23:43:55.2942380+01:00" endTime="2026-08-15T23:43:55.2942380+01:00" testType="13cdc9d9-ddb5-4fa4-a97d-d965ccfc6d4b" outcome="Passed" testListId="8c84fa94-04c1-424b-9868-57a2d4851a1d" relativeResultsDirectory="83ca5cd1-41fc-4228-af56-887ce7958276" />
    <UnitTestResult executionId="fafef3ee-ae67-473e-a142-54116f23c489" testId="923eb3d7-8156-2f60-e877-bb77d4876023" testName="Alis.Test.Core.Ecs.Systems.Manager.Graphic.GraphicManagerPreviewCoverageTests.RenderBoxColliders_WithDebugDisabled_SkipsRender" computerName="MacBook-Pro-de-Pablo" duration="00:00:00.0001495" startTime="2026-08-15T23:43:55.2589220+01:00" endTime="2026-08-15T23:43:55.2589220+01:00" testType="13cdc9d9-ddb5-4fa4-a97d-d965ccfc6d4b" outcome="Passed" testListId="8c84fa94-04c1-424b-9868-57a2d4851a1d" relativeResultsDirectory="fafef3ee-ae67-473e-a142-54116f23c489" />
    <UnitTestResult executionId="928b16c9-2b03-48bf-97ab-972c7f32e050" testId="a2c32c4e-4ccc-5299-b5da-e3f5d5cb6ba3" testName="Alis.Test.GraphicManagerTest.GraphicManager_ImplementsIManagerInterface" computerName="MacBook-Pro-de-Pablo" duration="00:00:00.0000945" startTime="2026-08-15T23:43:55.2404600+01:00" endTime="2026-08-15T23:43:55.2404600+01:00" testType="13cdc9d9-ddb5-4fa4-a97d-d965ccfc6d4b" outcome="Passed" testListId="8c84fa94-04c1-424b-9868-57a2d4851a1d" relativeResultsDirectory="928b16c9-2b03-48bf-97ab-972c7f32e050" />
    <UnitTestResult executionId="0e6f4110-56c1-415b-8891-a7982ac75d1f" testId="d1ebd63b-3352-91b1-d75e-436065b5de10" testName="Alis.Test.GraphicManagerBootstrapTests.Bootstrap_Draw_Completed" computerName="MacBook-Pro-de-Pablo" duration="00:00:00.0000192" startTime="2026-08-15T23:43:55.3012080+01:00" endTime="2026-08-15T23:43:55.3012080+01:00" testType="13cdc9d9-ddb5-4fa4-a97d-d965ccfc6d4b" outcome="Passed" testListId="8c84fa94-04c1-424b-9868-57a2d4851a1d" relativeResultsDirectory="0e6f4110-56c1-415b-8891-a7982ac75d1f" />
    <UnitTestResult executionId="16c36d8a-6046-49cb-9fe8-8f6f0ceea7f4" testId="0878836b-3b9f-1427-bc9c-3b371d4fa7c2" testName="Alis.Test.Core.Ecs.Systems.Manager.Graphic.GraphicManagerTests.ProcessKeyEventForComponent_IOnReleaseKey_InvokesOnReleaseKey" computerName="MacBook-Pro-de-Pablo" duration="00:00:00.0207065" startTime="2026-08-15T23:43:55.2930930+01:00" endTime="2026-08-15T23:43:55.2930930+01:00" testType="13cdc9d9-ddb5-4fa4-a97d-d965ccfc6d4b" outcome="Passed" testListId="8c84fa94-04c1-424b-9868-57a2d4851a1d" relativeResultsDirectory="16c36d8a-6046-49cb-9fe8-8f6f0ceea7f4" />
    <UnitTestResult executionId="346fa153-1428-45b0-acfd-8d4e65748daa" testId="56492a09-70c3-1aee-d71b-b81fab6709f5" testName="Alis.Test.Core.Ecs.Systems.Manager.Graphic.GraphicManagerEventProcessingTest.ProcessKeyEventForComponent_WithOnHoldKey_CallsOnHoldKey" computerName="MacBook-Pro-de-Pablo" duration="00:00:00.0002129" startTime="2026-08-15T23:43:55.3001710+01:00" endTime="2026-08-15T23:43:55.3001710+01:00" testType="13cdc9d9-ddb5-4fa4-a97d-d965ccfc6d4b" outcome="Passed" testListId="8c84fa94-04c1-424b-9868-57a2d4851a1d" relativeResultsDirectory="346fa153-1428-45b0-acfd-8d4e65748daa" />
    <UnitTestResult executionId="e75a106e-d103-429b-b687-ef937a00bc14" testId="ab40645a-1ca7-774b-d504-a9c4c20ab6d3" testName="Alis.Test.Core.Ecs.Systems.Manager.Graphic.GraphicManagerTests.ProcessKeyEventForComponent_IOnHoldKey_InvokesOnHoldKey" computerName="MacBook-Pro-de-Pablo" duration="00:00:00.0002602" startTime="2026-08-15T23:43:55.2937910+01:00" endTime="2026-08-15T23:43:55.2937910+01:00" testType="13cdc9d9-ddb5-4fa4-a97d-d965ccfc6d4b" outcome="Passed" testListId="8c84fa94-04c1-424b-9868-57a2d4851a1d" relativeResultsDirectory="e75a106e-d103-429b-b687-ef937a00bc14" />
    <UnitTestResult executionId="e871d2b6-23da-4884-8b97-460bc9afeb2f" testId="bd089d71-12c6-c9c0-b59a-ec06969860ef" testName="Alis.Test.Core.Ecs.Systems.Manager.Graphic.GraphicManagerEventProcessingTest.OnDraw_WithPreviewMode_ThrowsException" computerName="MacBook-Pro-de-Pablo" duration="00:00:00.0005380" startTime="2026-08-15T23:43:55.2985120+01:00" endTime="2026-08-15T23:43:55.2985120+01:00" testType="13cdc9d9-ddb5-4fa4-a97d-d965ccfc6d4b" outcome="Passed" testListId="8c84fa94-04c1-424b-9868-57a2d4851a1d" relativeResultsDirectory="e871d2b6-23da-4884-8b97-460bc9afeb2f" />
    <UnitTestResult executionId="a4d7a310-c0eb-404f-ad47-52bfd158798f" testId="d8cffb01-1662-81e5-9bc3-356777d7ea59" testName="Alis.Test.Core.Ecs.Systems.Manager.Graphic.GraphicManagerTests.ProcessKeyEventForComponent_MultipleInterfaces_InvokesAll" computerName="MacBook-Pro-de-Pablo" duration="00:00:00.0002141" startTime="2026-08-15T23:43:55.2947770+01:00" endTime="2026-08-15T23:43:55.2947770+01:00" testType="13cdc9d9-ddb5-4fa4-a97d-d965ccfc6d4b" outcome="Passed" testListId="8c84fa94-04c1-424b-9868-57a2d4851a1d" relativeResultsDirectory="a4d7a310-c0eb-404f-ad47-52bfd158798f" />
    <UnitTestResult executionId="d9caa507-8320-4603-ae52-86c95351d55a" testId="5b89064b-81b5-b892-3c21-915fb351b92d" testName="Alis.Test.GraphicManagerTest.GraphicManager_InheritsFromAManager" computerName="MacBook-Pro-de-Pablo" duration="00:00:00.0000393" startTime="2026-08-15T23:43:55.2408970+01:00" endTime="2026-08-15T23:43:55.2408970+01:00" testType="13cdc9d9-ddb5-4fa4-a97d-d965ccfc6d4b" outcome="Passed" testListId="8c84fa94-04c1-424b-9868-57a2d4851a1d" relativeResultsDirectory="d9caa507-8320-4603-ae52-86c95351d55a" />
    <UnitTestResult executionId="a311c230-b15d-4d8a-8825-8d65905ee6b7" testId="69609195-15f8-e463-236c-fae46028d12b" testName="Alis.Test.Core.Ecs.Systems.Manager.Graphic.GraphicManagerTests.OnInit_PreviewMode_ReturnsEarly" computerName="MacBook-Pro-de-Pablo" duration="00:00:00.0002432" startTime="2026-08-15T23:43:55.2976580+01:00" endTime="2026-08-15T23:43:55.2976580+01:00" testType="13cdc9d9-ddb5-4fa4-a97d-d965ccfc6d4b" outcome="Passed" testListId="8c84fa94-04c1-424b-9868-57a2d4851a1d" relativeResultsDirectory="a311c230-b15d-4d8a-8825-8d65905ee6b7" />
    <UnitTestResult executionId="dcb05c29-b51c-478e-bef1-2449ace1185c" testId="65e1d5c8-1645-8473-a178-b333aa7df2ce" testName="Alis.Test.Core.Ecs.Systems.Manager.Graphic.GraphicManagerRemainingPathsTest.RenderSprites_WithInvisibleSprite_DoesNotThrow" computerName="MacBook-Pro-de-Pablo" duration="00:00:00.0001778" startTime="2026-08-15T23:43:55.3081670+01:00" endTime="2026-08-15T23:43:55.3081670+01:00" testType="13cdc9d9-ddb5-4fa4-a97d-d965ccfc6d4b" outcome="Passed" testListId="8c84fa94-04c1-424b-9868-57a2d4851a1d" relativeResultsDirectory="dcb05c29-b51c-478e-bef1-2449ace1185c" />
    <UnitTestResult executionId="684449c2-5bbf-4d37-ad3f-2a6ecca8bd64" testId="fb06a585-5c35-cbea-606e-55e8da073ef1" testName="Alis.Test.Core.Ecs.Systems.Manager.Graphic.GraphicManagerRemainingPathsTest.RenderBoxColliders_WithDebugDisabled_DoesNotThrow" computerName="MacBook-Pro-de-Pablo" duration="00:00:00.0007808" startTime="2026-08-15T23:43:55.3054080+01:00" endTime="2026-08-15T23:43:55.3054080+01:00" testType="13cdc9d9-ddb5-4fa4-a97d-d965ccfc6d4b" outcome="Passed" testListId="8c84fa94-04c1-424b-9868-57a2d4851a1d" relativeResultsDirectory="684449c2-5bbf-4d37-ad3f-2a6ecca8bd64" />
    <UnitTestResult executionId="6df80287-f994-4e10-8298-835d540119c6" testId="004d3769-94fd-7ebd-6a85-d8befe595f84" testName="Alis.Test.Core.Ecs.Systems.Manager.Graphic.GraphicManagerRemainingCoverageTests.UpdateKeyTimestamps_SetsPressedAndRemovesReleased" computerName="MacBook-Pro-de-Pablo" duration="00:00:00.0006720" startTime="2026-08-15T23:43:55.2619800+01:00" endTime="2026-08-15T23:43:55.2619800+01:00" testType="13cdc9d9-ddb5-4fa4-a97d-d965ccfc6d4b" outcome="Passed" testListId="8c84fa94-04c1-424b-9868-57a2d4851a1d" relativeResultsDirectory="6df80287-f994-4e10-8298-835d540119c6" />
    <UnitTestResult executionId="8978606a-faab-4f9b-8dc9-74dd09642f3e" testId="d45ef39e-ecb5-692b-7f0f-8ad3dc6966ac" testName="Alis.Test.GraphicManagerTest.GraphicManager_RendererProperty_IsAccessible" computerName="MacBook-Pro-de-Pablo" duration="00:00:00.0046831" startTime="2026-08-15T23:43:55.2389860+01:00" endTime="2026-08-15T23:43:55.2389860+01:00" testType="13cdc9d9-ddb5-4fa4-a97d-d965ccfc6d4b" outcome="Passed" testListId="8c84fa94-04c1-424b-9868-57a2d4851a1d" relativeResultsDirectory="8978606a-faab-4f9b-8dc9-74dd09642f3e" />
    <UnitTestResult executionId="f6c15b3e-a655-4ca2-8898-54e926ffcffb" testId="515b6584-3ccc-8851-f737-ca4b4fb87c71" testName="Alis.Test.Core.Ecs.Systems.Manager.Graphic.GraphicManagerRemainingCoverageTests.ComputePressedKeys_WithNewKeys_ReturnsPressed" computerName="MacBook-Pro-de-Pablo" duration="00:00:00.0000670" startTime="2026-08-15T23:43:55.2611640+01:00" endTime="2026-08-15T23:43:55.2611640+01:00" testType="13cdc9d9-ddb5-4fa4-a97d-d965ccfc6d4b" outcome="Passed" testListId="8c84fa94-04c1-424b-9868-57a2d4851a1d" relativeResultsDirectory="f6c15b3e-a655-4ca2-8898-54e926ffcffb" />
    <UnitTestResult executionId="db0f3930-9fa2-4eec-afc8-3d142c8661f2" testId="7b73e110-adbb-2cf3-4921-dfa1a3d05415" testName="Alis.Test.Core.Ecs.Systems.Manager.Graphic.GraphicManagerTest.ComputeReleasedKeys_KeysNoLongerPressed_ReturnsReleased" computerName="MacBook-Pro-de-Pablo" duration="00:00:00.0000491" startTime="2026-08-15T23:43:55.2691780+01:00" endTime="2026-08-15T23:43:55.2691780+01:00" testType="13cdc9d9-ddb5-4fa4-a97d-d965ccfc6d4b" outcome="Passed" testListId="8c84fa94-04c1-424b-9868-57a2d4851a1d" relativeResultsDirectory="db0f3930-9fa2-4eec-afc8-3d142c8661f2" />
    <UnitTestResult executionId="d93b78c1-d178-4ddb-80a0-0f6c6ebf5682" testId="264c979a-25e6-4b3d-29c3-23ce26c209f4" testName="Alis.Test.GraphicManagerTest.GraphicManager_DefaultState_IsValid" computerName="MacBook-Pro-de-Pablo" duration="00:00:00.0001077" startTime="2026-08-15T23:43:55.2407150+01:00" endTime="2026-08-15T23:43:55.2407150+01:00" testType="13cdc9d9-ddb5-4fa4-a97d-d965ccfc6d4b" outcome="Passed" testListId="8c84fa94-04c1-424b-9868-57a2d4851a1d" relativeResultsDirectory="d93b78c1-d178-4ddb-80a0-0f6c6ebf5682" />
    <UnitTestResult executionId="0307d449-6770-4e50-9d0e-05ae11a82a23" testId="2e3d2e31-7a8d-12e6-758f-7920f801bbba" testName="Alis.Test.Core.Ecs.Systems.Manager.Graphic.GraphicManagerTests.ProcessKeyEventForComponent_NoMatchingInterface_DoesNotThrow" computerName="MacBook-Pro-de-Pablo" duration="00:00:00.0010476" startTime="2026-08-15T23:43:55.2971630+01:00" endTime="2026-08-15T23:43:55.2971630+01:00" testType="13cdc9d9-ddb5-4fa4-a97d-d965ccfc6d4b" outcome="Passed" testListId="8c84fa94-04c1-424b-9868-57a2d4851a1d" relativeResultsDirectory="0307d449-6770-4e50-9d0e-05ae11a82a23" />
    <UnitTestResult executionId="3e0be9a4-efa5-4720-86f1-13ce25b1e53c" testId="c46eab19-a0ca-6941-5811-9412d19b12b6" testName="Alis.Test.GraphicManagerTest.GraphicManager_Context_IsSetCorrectly" computerName="MacBook-Pro-de-Pablo" duration="00:00:00.0012853" startTime="2026-08-15T23:43:55.2297370+01:00" endTime="2026-08-15T23:43:55.2297450+01:00" testType="13cdc9d9-ddb5-4fa4-a97d-d965ccfc6d4b" outcome="Passed" testListId="8c84fa94-04c1-424b-9868-57a2d4851a1d" relativeResultsDirectory="3e0be9a4-efa5-4720-86f1-13ce25b1e53c" />
    <UnitTestResult executionId="1727c641-6947-43a1-9e83-910dd9d21b77" testId="02a95445-f5b3-1c78-5ac9-bdeb6a229e49" testName="Alis.Test.Core.Ecs.Systems.Manager.Graphic.GraphicManagerPreviewCoverageTests.RenderPreview_WithEmptyWorld_Executes" computerName="MacBook-Pro-de-Pablo" duration="00:00:00.0003033" startTime="2026-08-15T23:43:55.2585600+01:00" endTime="2026-08-15T23:43:55.2585600+01:00" testType="13cdc9d9-ddb5-4fa4-a97d-d965ccfc6d4b" outcome="Passed" testListId="8c84fa94-04c1-424b-9868-57a2d4851a1d" relativeResultsDirectory="1727c641-6947-43a1-9e83-910dd9d21b77" />
    <UnitTestResult executionId="4642b3e9-5f58-4cd8-8e2c-12ab89c79459" testId="6625d5f2-f8fe-df9b-a5aa-64933561621a" testName="Alis.Test.Core.Ecs.Systems.Manager.Graphic.GraphicManagerRemainingPathsTest.ProcessKeyEventComponents_WithInfoAndPressComponent_InvokesHandler" computerName="MacBook-Pro-de-Pablo" duration="00:00:00.0022736" startTime="2026-08-15T23:43:55.3043960+01:00" endTime="2026-08-15T23:43:55.3043960+01:00" testType="13cdc9d9-ddb5-4fa4-a97d-d965ccfc6d4b" outcome="Passed" testListId="8c84fa94-04c1-424b-9868-57a2d4851a1d" relativeResultsDirectory="4642b3e9-5f58-4cd8-8e2c-12ab89c79459" />
    <UnitTestResult executionId="12d5bed7-e1e9-4b98-b036-c6a7ae46411e" testId="7db03bd9-7301-f7fb-0209-472cfb1649e2" testName="Alis.Test.Core.Ecs.Systems.Manager.Graphic.GraphicManagerLifecycleTest.OnBeforeDraw_DoesNotThrow" computerName="MacBook-Pro-de-Pablo" duration="00:00:00.0000896" startTime="2026-08-15T23:43:55.2641180+01:00" endTime="2026-08-15T23:43:55.2641180+01:00" testType="13cdc9d9-ddb5-4fa4-a97d-d965ccfc6d4b" outcome="Passed" testListId="8c84fa94-04c1-424b-9868-57a2d4851a1d" relativeResultsDirectory="12d5bed7-e1e9-4b98-b036-c6a7ae46411e" />
    <UnitTestResult executionId="4a8bdbb0-97e6-402e-b26c-8d0d9ac73d6a" testId="cc0d1439-7bc7-ebd0-1eb8-8b7c21ba6bd5" testName="Alis.Test.Core.Ecs.Systems.Manager.Graphic.GraphicManagerKeyTests.ComputeReleasedKeys_WithRemovedKey_ReturnsIt" computerName="MacBook-Pro-de-Pablo" duration="00:00:00.0000465" startTime="2026-08-15T23:43:55.2704010+01:00" endTime="2026-08-15T23:43:55.2704010+01:00" testType="13cdc9d9-ddb5-4fa4-a97d-d965ccfc6d4b" outcome="Passed" testListId="8c84fa94-04c1-424b-9868-57a2d4851a1d" relativeResultsDirectory="4a8bdbb0-97e6-402e-b26c-8d0d9ac73d6a" />
  </Results>
  <TestDefinitions>
    <UnitTest name="Alis.Test.Core.Ecs.Systems.Manager.Graphic.GraphicManagerKeyTests.ComputePressedKeys_WithExistingKey_DoesNotReturnIt" storage="/users/pabllopf/repositorios/alis/2_application/alis/test/bin/debug/lib/alis.test.dll" id="544b1a2d-3121-0f56-3154-c80fd0f9ef8e">
      <Execution id="e121bbbd-2d51-4688-ac3e-5dcc56433d86" />
      <TestMethod codeBase="/Users/pabllopf/repositorios/Alis/2_Application/Alis/test/bin/Debug/lib/Alis.Test.dll" adapterTypeName="executor://xunit/VsTestRunner2/netcoreapp" className="Alis.Test.Core.Ecs.Systems.Manager.Graphic.GraphicManagerKeyTests" name="ComputePressedKeys_WithExistingKey_DoesNotReturnIt" />
    </UnitTest>
    <UnitTest name="Alis.Test.GraphicManagerBootstrapTests.Bootstrap_InitDefaultWindow_Completed" storage="/users/pabllopf/repositorios/alis/2_application/alis/test/bin/debug/lib/alis.test.dll" id="1d0b9a26-ea74-f698-bc08-c4fcf9380a1c">
      <Execution id="3543afde-2e9c-420f-9d26-f47affd5b07f" />
      <TestMethod codeBase="/Users/pabllopf/repositorios/Alis/2_Application/Alis/test/bin/Debug/lib/Alis.Test.dll" adapterTypeName="executor://xunit/VsTestRunner2/netcoreapp" className="Alis.Test.GraphicManagerBootstrapTests" name="Bootstrap_InitDefaultWindow_Completed" />
    </UnitTest>
    <UnitTest name="Alis.Test.Core.Ecs.Systems.Manager.Graphic.GraphicManagerRemainingCoverageTests.ComputePressedKeys_WithNewKeys_ReturnsPressed" storage="/users/pabllopf/repositorios/alis/2_application/alis/test/bin/debug/lib/alis.test.dll" id="515b6584-3ccc-8851-f737-ca4b4fb87c71">
      <Execution id="f6c15b3e-a655-4ca2-8898-54e926ffcffb" />
      <TestMethod codeBase="/Users/pabllopf/repositorios/Alis/2_Application/Alis/test/bin/Debug/lib/Alis.Test.dll" adapterTypeName="executor://xunit/VsTestRunner2/netcoreapp" className="Alis.Test.Core.Ecs.Systems.Manager.Graphic.GraphicManagerRemainingCoverageTests" name="ComputePressedKeys_WithNewKeys_ReturnsPressed" />
    </UnitTest>
    <UnitTest name="Alis.Test.Core.Ecs.Systems.Manager.Graphic.GraphicManagerTests.ProcessKeyEventForComponent_IOnReleaseKey_InvokesOnReleaseKey" storage="/users/pabllopf/repositorios/alis/2_application/alis/test/bin/debug/lib/alis.test.dll" id="0878836b-3b9f-1427-bc9c-3b371d4fa7c2">
      <Execution id="16c36d8a-6046-49cb-9fe8-8f6f0ceea7f4" />
      <TestMethod codeBase="/Users/pabllopf/repositorios/Alis/2_Application/Alis/test/bin/Debug/lib/Alis.Test.dll" adapterTypeName="executor://xunit/VsTestRunner2/netcoreapp" className="Alis.Test.Core.Ecs.Systems.Manager.Graphic.GraphicManagerTests" name="ProcessKeyEventForComponent_IOnReleaseKey_InvokesOnReleaseKey" />
    </UnitTest>
    <UnitTest name="Alis.Test.Core.Ecs.Systems.Manager.Graphic.GraphicManagerEventProcessingTest.OnStart_DoesNotThrow" storage="/users/pabllopf/repositorios/alis/2_application/alis/test/bin/debug/lib/alis.test.dll" id="ab700a14-bb3b-62a4-2703-24ae32c29d23">
      <Execution id="2760e67e-ba4a-40c6-a3e1-9f192ca3f2fa" />
      <TestMethod codeBase="/Users/pabllopf/repositorios/Alis/2_Application/Alis/test/bin/Debug/lib/Alis.Test.dll" adapterTypeName="executor://xunit/VsTestRunner2/netcoreapp" className="Alis.Test.Core.Ecs.Systems.Manager.Graphic.GraphicManagerEventProcessingTest" name="OnStart_DoesNotThrow" />
    </UnitTest>
    <UnitTest name="Alis.Test.Core.Ecs.Systems.Manager.Graphic.GraphicManagerTest.UpdateKeyTimestamps_ReleasedKeys_DoesNotThrow" storage="/users/pabllopf/repositorios/alis/2_application/alis/test/bin/debug/lib/alis.test.dll" id="c7d36c32-4dc5-ac3a-ba48-dd6bbb86745e">
      <Execution id="daaaf069-e5ee-4310-b68d-b8d932cc4d8d" />
      <TestMethod codeBase="/Users/pabllopf/repositorios/Alis/2_Application/Alis/test/bin/Debug/lib/Alis.Test.dll" adapterTypeName="executor://xunit/VsTestRunner2/netcoreapp" className="Alis.Test.Core.Ecs.Systems.Manager.Graphic.GraphicManagerTest" name="UpdateKeyTimestamps_ReleasedKeys_DoesNotThrow" />
    </UnitTest>
    <UnitTest name="Alis.Test.GraphicManagerBootstrapTests.Bootstrap_InitCustomWindow_Completed" storage="/users/pabllopf/repositorios/alis/2_application/alis/test/bin/debug/lib/alis.test.dll" id="3ca7ba01-0566-d266-f3d8-7a3394fcc7ab">
      <Execution id="32a5c57e-1412-4283-8f49-d4ddd353e722" />
      <TestMethod codeBase="/Users/pabllopf/repositorios/Alis/2_Application/Alis/test/bin/Debug/lib/Alis.Test.dll" adapterTypeName="executor://xunit/VsTestRunner2/netcoreapp" className="Alis.Test.GraphicManagerBootstrapTests" name="Bootstrap_InitCustomWindow_Completed" />
    </UnitTest>
    <UnitTest name="Alis.Test.Core.Ecs.Systems.Manager.Graphic.GraphicManagerTest.ComputeHeldKeys_NoOverlap_ReturnsEmpty" storage="/users/pabllopf/repositorios/alis/2_application/alis/test/bin/debug/lib/alis.test.dll" id="009c4402-33bc-b27e-cb47-792a349017e6">
      <Execution id="bfcc957b-b51f-4f62-a9be-e1a4af9c3fac" />
      <TestMethod codeBase="/Users/pabllopf/repositorios/Alis/2_Application/Alis/test/bin/Debug/lib/Alis.Test.dll" adapterTypeName="executor://xunit/VsTestRunner2/netcoreapp" className="Alis.Test.Core.Ecs.Systems.Manager.Graphic.GraphicManagerTest" name="ComputeHeldKeys_NoOverlap_ReturnsEmpty" />
    </UnitTest>
    <UnitTest name="Alis.Test.Core.Ecs.Systems.Manager.Graphic.GraphicManagerTest.ComputePressedKeys_KeysAlreadyHeld_NotIncluded" storage="/users/pabllopf/repositorios/alis/2_application/alis/test/bin/debug/lib/alis.test.dll" id="285af082-4e15-eed7-b0d4-e8ef446b5555">
      <Execution id="60f9daba-718b-4228-9198-d474a41d7a3a" />
      <TestMethod codeBase="/Users/pabllopf/repositorios/Alis/2_Application/Alis/test/bin/Debug/lib/Alis.Test.dll" adapterTypeName="executor://xunit/VsTestRunner2/netcoreapp" className="Alis.Test.Core.Ecs.Systems.Manager.Graphic.GraphicManagerTest" name="ComputePressedKeys_KeysAlreadyHeld_NotIncluded" />
    </UnitTest>
    <UnitTest name="Alis.Test.GraphicManagerBootstrapTests.Bootstrap_Draw_Completed" storage="/users/pabllopf/repositorios/alis/2_application/alis/test/bin/debug/lib/alis.test.dll" id="d1ebd63b-3352-91b1-d75e-436065b5de10">
      <Execution id="0e6f4110-56c1-415b-8891-a7982ac75d1f" />
      <TestMethod codeBase="/Users/pabllopf/repositorios/Alis/2_Application/Alis/test/bin/Debug/lib/Alis.Test.dll" adapterTypeName="executor://xunit/VsTestRunner2/netcoreapp" className="Alis.Test.GraphicManagerBootstrapTests" name="Bootstrap_Draw_Completed" />
    </UnitTest>
    <UnitTest name="Alis.Test.Core.Ecs.Systems.Manager.Graphic.GraphicManagerTests.ProcessKeyEventForComponent_MultipleInterfaces_InvokesAll" storage="/users/pabllopf/repositorios/alis/2_application/alis/test/bin/debug/lib/alis.test.dll" id="d8cffb01-1662-81e5-9bc3-356777d7ea59">
      <Execution id="a4d7a310-c0eb-404f-ad47-52bfd158798f" />
      <TestMethod codeBase="/Users/pabllopf/repositorios/Alis/2_Application/Alis/test/bin/Debug/lib/Alis.Test.dll" adapterTypeName="executor://xunit/VsTestRunner2/netcoreapp" className="Alis.Test.Core.Ecs.Systems.Manager.Graphic.GraphicManagerTests" name="ProcessKeyEventForComponent_MultipleInterfaces_InvokesAll" />
    </UnitTest>
    <UnitTest name="Alis.Test.Core.Ecs.Systems.Manager.Graphic.GraphicManagerTest.UpdateKeyTimestamps_EmptySets_DoesNotThrow" storage="/users/pabllopf/repositorios/alis/2_application/alis/test/bin/debug/lib/alis.test.dll" id="cd40dae8-2094-fa0e-368b-ef60fa4a24ab">
      <Execution id="6ddb5123-910c-476f-8f46-da53867c49cf" />
      <TestMethod codeBase="/Users/pabllopf/repositorios/Alis/2_Application/Alis/test/bin/Debug/lib/Alis.Test.dll" adapterTypeName="executor://xunit/VsTestRunner2/netcoreapp" className="Alis.Test.Core.Ecs.Systems.Manager.Graphic.GraphicManagerTest" name="UpdateKeyTimestamps_EmptySets_DoesNotThrow" />
    </UnitTest>
    <UnitTest name="Alis.Test.Core.Ecs.Systems.Scope.ContextTest.Context_DefaultConstructor_ShouldCreateGraphicManager" storage="/users/pabllopf/repositorios/alis/2_application/alis/test/bin/debug/lib/alis.test.dll" id="cd472826-3d1f-02c1-0c6e-5beb38495956">
      <Execution id="ac2f1b72-c76b-4bf3-9677-e04b045d92f0" />
      <TestMethod codeBase="/Users/pabllopf/repositorios/Alis/2_Application/Alis/test/bin/Debug/lib/Alis.Test.dll" adapterTypeName="executor://xunit/VsTestRunner2/netcoreapp" className="Alis.Test.Core.Ecs.Systems.Scope.ContextTest" name="Context_DefaultConstructor_ShouldCreateGraphicManager" />
    </UnitTest>
    <UnitTest name="Alis.Test.GraphicManagerTest.GraphicManager_RendererProperty_IsAccessible" storage="/users/pabllopf/repositorios/alis/2_application/alis/test/bin/debug/lib/alis.test.dll" id="d45ef39e-ecb5-692b-7f0f-8ad3dc6966ac">
      <Execution id="8978606a-faab-4f9b-8dc9-74dd09642f3e" />
      <TestMethod codeBase="/Users/pabllopf/repositorios/Alis/2_Application/Alis/test/bin/Debug/lib/Alis.Test.dll" adapterTypeName="executor://xunit/VsTestRunner2/netcoreapp" className="Alis.Test.GraphicManagerTest" name="GraphicManager_RendererProperty_IsAccessible" />
    </UnitTest>
    <UnitTest name="Alis.Test.Core.Ecs.Systems.Manager.Graphic.GraphicManagerTests.OnInit_PreviewMode_ReturnsEarly" storage="/users/pabllopf/repositorios/alis/2_application/alis/test/bin/debug/lib/alis.test.dll" id="69609195-15f8-e463-236c-fae46028d12b">
      <Execution id="a311c230-b15d-4d8a-8825-8d65905ee6b7" />
      <TestMethod codeBase="/Users/pabllopf/repositorios/Alis/2_Application/Alis/test/bin/Debug/lib/Alis.Test.dll" adapterTypeName="executor://xunit/VsTestRunner2/netcoreapp" className="Alis.Test.Core.Ecs.Systems.Manager.Graphic.GraphicManagerTests" name="OnInit_PreviewMode_ReturnsEarly" />
    </UnitTest>
    <UnitTest name="Alis.Test.Core.Ecs.Systems.Manager.Graphic.GraphicManagerRemainingCoverageTests.ComputeHeldKeys_WithCommonKeys_ReturnsThem" storage="/users/pabllopf/repositorios/alis/2_application/alis/test/bin/debug/lib/alis.test.dll" id="ce26bf64-1937-6795-0c13-fe93756f2e40">
      <Execution id="6d983962-9c39-43ef-893c-0a9db66294f0" />
      <TestMethod codeBase="/Users/pabllopf/repositorios/Alis/2_Application/Alis/test/bin/Debug/lib/Alis.Test.dll" adapterTypeName="executor://xunit/VsTestRunner2/netcoreapp" className="Alis.Test.Core.Ecs.Systems.Manager.Graphic.GraphicManagerRemainingCoverageTests" name="ComputeHeldKeys_WithCommonKeys_ReturnsThem" />
    </UnitTest>
    <UnitTest name="Alis.Test.GraphicManagerTest.GraphicManager_Properties_AreAccessible" storage="/users/pabllopf/repositorios/alis/2_application/alis/test/bin/debug/lib/alis.test.dll" id="0ce658a2-1ac1-c0e1-288f-b3de61db831e">
      <Execution id="03120011-b1ef-47a9-a13d-d450ae77479d" />
      <TestMethod codeBase="/Users/pabllopf/repositorios/Alis/2_Application/Alis/test/bin/Debug/lib/Alis.Test.dll" adapterTypeName="executor://xunit/VsTestRunner2/netcoreapp" className="Alis.Test.GraphicManagerTest" name="GraphicManager_Properties_AreAccessible" />
    </UnitTest>
    <UnitTest name="Alis.Test.Core.Ecs.Systems.Manager.Graphic.GraphicManagerTest.ComputeReleasedKeys_AllKeysStillHeld_ReturnsEmpty" storage="/users/pabllopf/repositorios/alis/2_application/alis/test/bin/debug/lib/alis.test.dll" id="29ccfc2c-67a3-31ac-9020-65195fbb5c25">
      <Execution id="0eafb8f3-8b82-45a9-a921-f8e1a2439bba" />
      <TestMethod codeBase="/Users/pabllopf/repositorios/Alis/2_Application/Alis/test/bin/Debug/lib/Alis.Test.dll" adapterTypeName="executor://xunit/VsTestRunner2/netcoreapp" className="Alis.Test.Core.Ecs.Systems.Manager.Graphic.GraphicManagerTest" name="ComputeReleasedKeys_AllKeysStillHeld_ReturnsEmpty" />
    </UnitTest>
    <UnitTest name="Alis.Test.Core.Ecs.Systems.Manager.Graphic.GraphicManagerTest.UpdateKeyTimestamps_PressedKeys_DoesNotThrow" storage="/users/pabllopf/repositorios/alis/2_application/alis/test/bin/debug/lib/alis.test.dll" id="d28d216e-e53a-cb5d-cae3-e0e70f667534">
      <Execution id="28a1cef7-b234-43e6-af63-b22f168634a4" />
      <TestMethod codeBase="/Users/pabllopf/repositorios/Alis/2_Application/Alis/test/bin/Debug/lib/Alis.Test.dll" adapterTypeName="executor://xunit/VsTestRunner2/netcoreapp" className="Alis.Test.Core.Ecs.Systems.Manager.Graphic.GraphicManagerTest" name="UpdateKeyTimestamps_PressedKeys_DoesNotThrow" />
    </UnitTest>
    <UnitTest name="Alis.Test.Core.Ecs.Systems.Manager.Graphic.GraphicManagerTests.ProcessKeyEventForComponent_NoMatchingInterface_DoesNotThrow" storage="/users/pabllopf/repositorios/alis/2_application/alis/test/bin/debug/lib/alis.test.dll" id="2e3d2e31-7a8d-12e6-758f-7920f801bbba">
      <Execution id="0307d449-6770-4e50-9d0e-05ae11a82a23" />
      <TestMethod codeBase="/Users/pabllopf/repositorios/Alis/2_Application/Alis/test/bin/Debug/lib/Alis.Test.dll" adapterTypeName="executor://xunit/VsTestRunner2/netcoreapp" className="Alis.Test.Core.Ecs.Systems.Manager.Graphic.GraphicManagerTests" name="ProcessKeyEventForComponent_NoMatchingInterface_DoesNotThrow" />
    </UnitTest>
    <UnitTest name="Alis.Test.Core.Ecs.Systems.Manager.Graphic.GraphicManagerTest.ProcessKeyEventForComponent_KeysProvidedNoInterface_DoesNotThrow" storage="/users/pabllopf/repositorios/alis/2_application/alis/test/bin/debug/lib/alis.test.dll" id="c5c1dff6-7480-0f1f-0f0a-1f55901f40a9">
      <Execution id="4036c919-7210-4977-ae44-442f54fdf95b" />
      <TestMethod codeBase="/Users/pabllopf/repositorios/Alis/2_Application/Alis/test/bin/Debug/lib/Alis.Test.dll" adapterTypeName="executor://xunit/VsTestRunner2/netcoreapp" className="Alis.Test.Core.Ecs.Systems.Manager.Graphic.GraphicManagerTest" name="ProcessKeyEventForComponent_KeysProvidedNoInterface_DoesNotThrow" />
    </UnitTest>
    <UnitTest name="Alis.Test.Core.Ecs.Systems.Manager.Graphic.GraphicManagerKeyTests.ComputeReleasedKeys_WithAllKeysStillPresent_ReturnsEmpty" storage="/users/pabllopf/repositorios/alis/2_application/alis/test/bin/debug/lib/alis.test.dll" id="4dc0f057-be1b-59e0-7563-270f0def9734">
      <Execution id="02d92b2a-d251-47a7-bcd6-7fabac256c91" />
      <TestMethod codeBase="/Users/pabllopf/repositorios/Alis/2_Application/Alis/test/bin/Debug/lib/Alis.Test.dll" adapterTypeName="executor://xunit/VsTestRunner2/netcoreapp" className="Alis.Test.Core.Ecs.Systems.Manager.Graphic.GraphicManagerKeyTests" name="ComputeReleasedKeys_WithAllKeysStillPresent_ReturnsEmpty" />
    </UnitTest>
    <UnitTest name="Alis.Test.Core.Ecs.Systems.Manager.Graphic.GraphicManagerTest.ProcessKeyEventForComponent_NoMatchingInterface_DoesNotThrow" storage="/users/pabllopf/repositorios/alis/2_application/alis/test/bin/debug/lib/alis.test.dll" id="9d29319c-f7a7-418c-fe37-e3e9e4d8a886">
      <Execution id="7813ea6b-9d5a-4d60-b4b4-17901d2f58de" />
      <TestMethod codeBase="/Users/pabllopf/repositorios/Alis/2_Application/Alis/test/bin/Debug/lib/Alis.Test.dll" adapterTypeName="executor://xunit/VsTestRunner2/netcoreapp" className="Alis.Test.Core.Ecs.Systems.Manager.Graphic.GraphicManagerTest" name="ProcessKeyEventForComponent_NoMatchingInterface_DoesNotThrow" />
    </UnitTest>
    <UnitTest name="Alis.Test.Core.Ecs.Systems.Manager.Graphic.GraphicManagerTests.OnStart_DoesNotThrow" storage="/users/pabllopf/repositorios/alis/2_application/alis/test/bin/debug/lib/alis.test.dll" id="9ab7d6ff-4b82-f9b5-f4c1-0efe1c392d28">
      <Execution id="a3648321-22f1-48a9-aec0-756f7e11888f" />
      <TestMethod codeBase="/Users/pabllopf/repositorios/Alis/2_Application/Alis/test/bin/Debug/lib/Alis.Test.dll" adapterTypeName="executor://xunit/VsTestRunner2/netcoreapp" className="Alis.Test.Core.Ecs.Systems.Manager.Graphic.GraphicManagerTests" name="OnStart_DoesNotThrow" />
    </UnitTest>
    <UnitTest name="Alis.Test.Core.Ecs.Systems.Manager.Graphic.GraphicManagerRemainingCoverageTests.ComputeReleasedKeys_WithRemovedKeys_ReturnsThem" storage="/users/pabllopf/repositorios/alis/2_application/alis/test/bin/debug/lib/alis.test.dll" id="a78f0746-9435-0b74-7584-6f0bc87a21b7">
      <Execution id="9f058fb9-54cc-47cb-a750-da6f4b27ab82" />
      <TestMethod codeBase="/Users/pabllopf/repositorios/Alis/2_Application/Alis/test/bin/Debug/lib/Alis.Test.dll" adapterTypeName="executor://xunit/VsTestRunner2/netcoreapp" className="Alis.Test.Core.Ecs.Systems.Manager.Graphic.GraphicManagerRemainingCoverageTests" name="ComputeReleasedKeys_WithRemovedKeys_ReturnsThem" />
    </UnitTest>
    <UnitTest name="Alis.Test.Core.Ecs.Systems.Manager.Graphic.GraphicManagerTest.ComputeReleasedKeys_NoNewKeys_ReturnsAll" storage="/users/pabllopf/repositorios/alis/2_application/alis/test/bin/debug/lib/alis.test.dll" id="cf804ea4-fda1-31dd-1805-d7e099a5a958">
      <Execution id="1bcd08a6-2e9c-4a4d-8663-2d485643ee93" />
      <TestMethod codeBase="/Users/pabllopf/repositorios/Alis/2_Application/Alis/test/bin/Debug/lib/Alis.Test.dll" adapterTypeName="executor://xunit/VsTestRunner2/netcoreapp" className="Alis.Test.Core.Ecs.Systems.Manager.Graphic.GraphicManagerTest" name="ComputeReleasedKeys_NoNewKeys_ReturnsAll" />
    </UnitTest>
    <UnitTest name="Alis.Test.Core.Ecs.Systems.Manager.Graphic.GraphicManagerRemainingCoverageTests.UpdateKeyTimestamps_SetsPressedAndRemovesReleased" storage="/users/pabllopf/repositorios/alis/2_application/alis/test/bin/debug/lib/alis.test.dll" id="004d3769-94fd-7ebd-6a85-d8befe595f84">
      <Execution id="6df80287-f994-4e10-8298-835d540119c6" />
      <TestMethod codeBase="/Users/pabllopf/repositorios/Alis/2_Application/Alis/test/bin/Debug/lib/Alis.Test.dll" adapterTypeName="executor://xunit/VsTestRunner2/netcoreapp" className="Alis.Test.Core.Ecs.Systems.Manager.Graphic.GraphicManagerRemainingCoverageTests" name="UpdateKeyTimestamps_SetsPressedAndRemovesReleased" />
    </UnitTest>
    <UnitTest name="Alis.Test.Core.Ecs.Systems.Manager.Graphic.GraphicManagerTests.OnBeforeDraw_DoesNotThrow" storage="/users/pabllopf/repositorios/alis/2_application/alis/test/bin/debug/lib/alis.test.dll" id="f07661f3-80ac-1940-ad2b-4717eabce047">
      <Execution id="bb9bd892-73fd-41d3-aace-49fb1ad76cdc" />
      <TestMethod codeBase="/Users/pabllopf/repositorios/Alis/2_Application/Alis/test/bin/Debug/lib/Alis.Test.dll" adapterTypeName="executor://xunit/VsTestRunner2/netcoreapp" className="Alis.Test.Core.Ecs.Systems.Manager.Graphic.GraphicManagerTests" name="OnBeforeDraw_DoesNotThrow" />
    </UnitTest>
    <UnitTest name="Alis.Test.Core.Ecs.Systems.Manager.Graphic.GraphicManagerRemainingPathsTest.ProcessKeyEventComponents_WithInfoAndPressComponent_InvokesHandler" storage="/users/pabllopf/repositorios/alis/2_application/alis/test/bin/debug/lib/alis.test.dll" id="6625d5f2-f8fe-df9b-a5aa-64933561621a">
      <Execution id="4642b3e9-5f58-4cd8-8e2c-12ab89c79459" />
      <TestMethod codeBase="/Users/pabllopf/repositorios/Alis/2_Application/Alis/test/bin/Debug/lib/Alis.Test.dll" adapterTypeName="executor://xunit/VsTestRunner2/netcoreapp" className="Alis.Test.Core.Ecs.Systems.Manager.Graphic.GraphicManagerRemainingPathsTest" name="ProcessKeyEventComponents_WithInfoAndPressComponent_InvokesHandler" />
    </UnitTest>
    <UnitTest name="Alis.Test.Core.Ecs.Systems.Manager.Graphic.GraphicManagerEventProcessingTest.OnInit_WithPreviewMode_DoesNotThrow" storage="/users/pabllopf/repositorios/alis/2_application/alis/test/bin/debug/lib/alis.test.dll" id="41404af4-ba5b-fcff-caba-eea384f277cc">
      <Execution id="41a1daae-4bd8-438a-995d-d3ac30679142" />
      <TestMethod codeBase="/Users/pabllopf/repositorios/Alis/2_Application/Alis/test/bin/Debug/lib/Alis.Test.dll" adapterTypeName="executor://xunit/VsTestRunner2/netcoreapp" className="Alis.Test.Core.Ecs.Systems.Manager.Graphic.GraphicManagerEventProcessingTest" name="OnInit_WithPreviewMode_DoesNotThrow" />
    </UnitTest>
    <UnitTest name="Alis.Test.Core.Ecs.Systems.Manager.Graphic.GraphicManagerRemainingPathsTest.RenderBoxColliders_WithDebugDisabled_DoesNotThrow" storage="/users/pabllopf/repositorios/alis/2_application/alis/test/bin/debug/lib/alis.test.dll" id="fb06a585-5c35-cbea-606e-55e8da073ef1">
      <Execution id="684449c2-5bbf-4d37-ad3f-2a6ecca8bd64" />
      <TestMethod codeBase="/Users/pabllopf/repositorios/Alis/2_Application/Alis/test/bin/Debug/lib/Alis.Test.dll" adapterTypeName="executor://xunit/VsTestRunner2/netcoreapp" className="Alis.Test.Core.Ecs.Systems.Manager.Graphic.GraphicManagerRemainingPathsTest" name="RenderBoxColliders_WithDebugDisabled_DoesNotThrow" />
    </UnitTest>
    <UnitTest name="Alis.Test.GraphicManagerTest.GraphicManager_Context_IsSetCorrectly" storage="/users/pabllopf/repositorios/alis/2_application/alis/test/bin/debug/lib/alis.test.dll" id="c46eab19-a0ca-6941-5811-9412d19b12b6">
      <Execution id="3e0be9a4-efa5-4720-86f1-13ce25b1e53c" />
      <TestMethod codeBase="/Users/pabllopf/repositorios/Alis/2_Application/Alis/test/bin/Debug/lib/Alis.Test.dll" adapterTypeName="executor://xunit/VsTestRunner2/netcoreapp" className="Alis.Test.GraphicManagerTest" name="GraphicManager_Context_IsSetCorrectly" />
    </UnitTest>
    <UnitTest name="Alis.Test.Core.Ecs.Systems.Manager.Graphic.GraphicManagerPreviewCoverageTests.RenderBoxColliders_WithDebugDisabled_SkipsRender" storage="/users/pabllopf/repositorios/alis/2_application/alis/test/bin/debug/lib/alis.test.dll" id="923eb3d7-8156-2f60-e877-bb77d4876023">
      <Execution id="fafef3ee-ae67-473e-a142-54116f23c489" />
      <TestMethod codeBase="/Users/pabllopf/repositorios/Alis/2_Application/Alis/test/bin/Debug/lib/Alis.Test.dll" adapterTypeName="executor://xunit/VsTestRunner2/netcoreapp" className="Alis.Test.Core.Ecs.Systems.Manager.Graphic.GraphicManagerPreviewCoverageTests" name="RenderBoxColliders_WithDebugDisabled_SkipsRender" />
    </UnitTest>
    <UnitTest name="Alis.Test.Core.Ecs.Systems.Manager.Graphic.GraphicManagerTests.ProcessKeyEventForComponent_IOnHoldKey_InvokesOnHoldKey" storage="/users/pabllopf/repositorios/alis/2_application/alis/test/bin/debug/lib/alis.test.dll" id="ab40645a-1ca7-774b-d504-a9c4c20ab6d3">
      <Execution id="e75a106e-d103-429b-b687-ef937a00bc14" />
      <TestMethod codeBase="/Users/pabllopf/repositorios/Alis/2_Application/Alis/test/bin/Debug/lib/Alis.Test.dll" adapterTypeName="executor://xunit/VsTestRunner2/netcoreapp" className="Alis.Test.Core.Ecs.Systems.Manager.Graphic.GraphicManagerTests" name="ProcessKeyEventForComponent_IOnHoldKey_InvokesOnHoldKey" />
    </UnitTest>
    <UnitTest name="Alis.Test.Core.Ecs.Systems.Manager.Graphic.GraphicManagerRemainingPathsTest.ProcessKeyEventComponents_WithEmptyWorld_DoesNotThrow" storage="/users/pabllopf/repositorios/alis/2_application/alis/test/bin/debug/lib/alis.test.dll" id="7395bffa-643a-65a1-0949-2af44830d39a">
      <Execution id="a14a3fc8-1e29-4929-b7fb-767d9dbd37f9" />
      <TestMethod codeBase="/Users/pabllopf/repositorios/Alis/2_Application/Alis/test/bin/Debug/lib/Alis.Test.dll" adapterTypeName="executor://xunit/VsTestRunner2/netcoreapp" className="Alis.Test.Core.Ecs.Systems.Manager.Graphic.GraphicManagerRemainingPathsTest" name="ProcessKeyEventComponents_WithEmptyWorld_DoesNotThrow" />
    </UnitTest>
    <UnitTest name="Alis.Test.Core.Ecs.Systems.Manager.Graphic.GraphicManagerTest.ComputePressedKeys_NoNewKeys_ReturnsEmpty" storage="/users/pabllopf/repositorios/alis/2_application/alis/test/bin/debug/lib/alis.test.dll" id="a982e9a7-4e0c-8dc2-53e8-e47b6824300b">
      <Execution id="172aa6cc-0ee8-48d6-baef-545013ef187e" />
      <TestMethod codeBase="/Users/pabllopf/repositorios/Alis/2_Application/Alis/test/bin/Debug/lib/Alis.Test.dll" adapterTypeName="executor://xunit/VsTestRunner2/netcoreapp" className="Alis.Test.Core.Ecs.Systems.Manager.Graphic.GraphicManagerTest" name="ComputePressedKeys_NoNewKeys_ReturnsEmpty" />
    </UnitTest>
    <UnitTest name="Alis.Test.Core.Ecs.Systems.Manager.Graphic.GraphicManagerEventProcessingTest.ProcessKeyEventForComponent_WithOnHoldKey_CallsOnHoldKey" storage="/users/pabllopf/repositorios/alis/2_application/alis/test/bin/debug/lib/alis.test.dll" id="56492a09-70c3-1aee-d71b-b81fab6709f5">
      <Execution id="346fa153-1428-45b0-acfd-8d4e65748daa" />
      <TestMethod codeBase="/Users/pabllopf/repositorios/Alis/2_Application/Alis/test/bin/Debug/lib/Alis.Test.dll" adapterTypeName="executor://xunit/VsTestRunner2/netcoreapp" className="Alis.Test.Core.Ecs.Systems.Manager.Graphic.GraphicManagerEventProcessingTest" name="ProcessKeyEventForComponent_WithOnHoldKey_CallsOnHoldKey" />
    </UnitTest>
    <UnitTest name="Alis.Test.Core.Ecs.Systems.Manager.Graphic.GraphicManagerKeyTests.ComputePressedKeys_WithNewKey_ReturnsPressed" storage="/users/pabllopf/repositorios/alis/2_application/alis/test/bin/debug/lib/alis.test.dll" id="c5971d97-a588-c72c-ee01-cddc4a2127c7">
      <Execution id="0f37ca42-5c9a-4daa-8dad-07330e344dc8" />
      <TestMethod codeBase="/Users/pabllopf/repositorios/Alis/2_Application/Alis/test/bin/Debug/lib/Alis.Test.dll" adapterTypeName="executor://xunit/VsTestRunner2/netcoreapp" className="Alis.Test.Core.Ecs.Systems.Manager.Graphic.GraphicManagerKeyTests" name="ComputePressedKeys_WithNewKey_ReturnsPressed" />
    </UnitTest>
    <UnitTest name="Alis.Test.GraphicManagerTest.GraphicManager_HasExpectedProperties" storage="/users/pabllopf/repositorios/alis/2_application/alis/test/bin/debug/lib/alis.test.dll" id="77b721e0-68c7-39bb-faeb-9c0beb9c811c">
      <Execution id="bc1b8c30-e045-4ddd-8a04-a833e06173c9" />
      <TestMethod codeBase="/Users/pabllopf/repositorios/Alis/2_Application/Alis/test/bin/Debug/lib/Alis.Test.dll" adapterTypeName="executor://xunit/VsTestRunner2/netcoreapp" className="Alis.Test.GraphicManagerTest" name="GraphicManager_HasExpectedProperties" />
    </UnitTest>
    <UnitTest name="Alis.Test.Core.Ecs.Systems.Manager.Graphic.GraphicManagerTest.UpdateKeyTimestamps_PressedAndReleased_DoesNotThrow" storage="/users/pabllopf/repositorios/alis/2_application/alis/test/bin/debug/lib/alis.test.dll" id="91a5f3ac-2977-14bb-c4c1-a7c617cb0dda">
      <Execution id="6db99bf6-1f92-4837-be20-a1405e60cb7e" />
      <TestMethod codeBase="/Users/pabllopf/repositorios/Alis/2_Application/Alis/test/bin/Debug/lib/Alis.Test.dll" adapterTypeName="executor://xunit/VsTestRunner2/netcoreapp" className="Alis.Test.Core.Ecs.Systems.Manager.Graphic.GraphicManagerTest" name="UpdateKeyTimestamps_PressedAndReleased_DoesNotThrow" />
    </UnitTest>
    <UnitTest name="Alis.Test.Core.Ecs.Systems.Manager.Graphic.GraphicManagerLifecycleTest.OnStart_DoesNotThrow" storage="/users/pabllopf/repositorios/alis/2_application/alis/test/bin/debug/lib/alis.test.dll" id="477281a9-4e91-0e3b-c471-419ec0b63ee5">
      <Execution id="44f15210-3d8f-4546-9d52-3001bbbd6561" />
      <TestMethod codeBase="/Users/pabllopf/repositorios/Alis/2_Application/Alis/test/bin/Debug/lib/Alis.Test.dll" adapterTypeName="executor://xunit/VsTestRunner2/netcoreapp" className="Alis.Test.Core.Ecs.Systems.Manager.Graphic.GraphicManagerLifecycleTest" name="OnStart_DoesNotThrow" />
    </UnitTest>
    <UnitTest name="Alis.Test.Core.Ecs.Systems.Manager.Graphic.GraphicManagerTest.KeyStateComputation_EndToEnd_Consistent" storage="/users/pabllopf/repositorios/alis/2_application/alis/test/bin/debug/lib/alis.test.dll" id="c81b4c16-86a4-38d4-5f34-8e909c3bfde5">
      <Execution id="2a7994b0-926b-46b0-b478-839cd7128128" />
      <TestMethod codeBase="/Users/pabllopf/repositorios/Alis/2_Application/Alis/test/bin/Debug/lib/Alis.Test.dll" adapterTypeName="executor://xunit/VsTestRunner2/netcoreapp" className="Alis.Test.Core.Ecs.Systems.Manager.Graphic.GraphicManagerTest" name="KeyStateComputation_EndToEnd_Consistent" />
    </UnitTest>
    <UnitTest name="Alis.Test.GraphicManagerTest.GraphicManager_ImplementsIManagerInterface" storage="/users/pabllopf/repositorios/alis/2_application/alis/test/bin/debug/lib/alis.test.dll" id="a2c32c4e-4ccc-5299-b5da-e3f5d5cb6ba3">
      <Execution id="928b16c9-2b03-48bf-97ab-972c7f32e050" />
      <TestMethod codeBase="/Users/pabllopf/repositorios/Alis/2_Application/Alis/test/bin/Debug/lib/Alis.Test.dll" adapterTypeName="executor://xunit/VsTestRunner2/netcoreapp" className="Alis.Test.GraphicManagerTest" name="GraphicManager_ImplementsIManagerInterface" />
    </UnitTest>
    <UnitTest name="Alis.Test.Core.Ecs.Systems.Manager.Graphic.GraphicManagerTests.Constructor_WithContext_SetsContext" storage="/users/pabllopf/repositorios/alis/2_application/alis/test/bin/debug/lib/alis.test.dll" id="535a4509-abc6-83ac-0245-b1a17af300d0">
      <Execution id="ac72032b-ca92-4ab2-af8d-eb260caac7df" />
      <TestMethod codeBase="/Users/pabllopf/repositorios/Alis/2_Application/Alis/test/bin/Debug/lib/Alis.Test.dll" adapterTypeName="executor://xunit/VsTestRunner2/netcoreapp" className="Alis.Test.Core.Ecs.Systems.Manager.Graphic.GraphicManagerTests" name="Constructor_WithContext_SetsContext" />
    </UnitTest>
    <UnitTest name="Alis.Test.Core.Ecs.Systems.Manager.Graphic.GraphicManagerTests.Renderer_GetSet_ReturnsExpectedValue" storage="/users/pabllopf/repositorios/alis/2_application/alis/test/bin/debug/lib/alis.test.dll" id="78ca9e3d-8919-852b-31e5-dab44f348f34">
      <Execution id="cfe2cb11-d5fe-4348-bbc0-044003b89055" />
      <TestMethod codeBase="/Users/pabllopf/repositorios/Alis/2_Application/Alis/test/bin/Debug/lib/Alis.Test.dll" adapterTypeName="executor://xunit/VsTestRunner2/netcoreapp" className="Alis.Test.Core.Ecs.Systems.Manager.Graphic.GraphicManagerTests" name="Renderer_GetSet_ReturnsExpectedValue" />
    </UnitTest>
    <UnitTest name="Alis.Test.Core.Ecs.Systems.Manager.Graphic.GraphicManagerKeyTests.ComputeHeldKeys_WithCommonKey_ReturnsIt" storage="/users/pabllopf/repositorios/alis/2_application/alis/test/bin/debug/lib/alis.test.dll" id="dde1fbde-7ba7-717b-a9b0-b69f6d9949a9">
      <Execution id="654ab2c5-7909-42b0-ab0a-87cf41d4884c" />
      <TestMethod codeBase="/Users/pabllopf/repositorios/Alis/2_Application/Alis/test/bin/Debug/lib/Alis.Test.dll" adapterTypeName="executor://xunit/VsTestRunner2/netcoreapp" className="Alis.Test.Core.Ecs.Systems.Manager.Graphic.GraphicManagerKeyTests" name="ComputeHeldKeys_WithCommonKey_ReturnsIt" />
    </UnitTest>
    <UnitTest name="Alis.Test.Core.Ecs.Systems.Manager.Graphic.GraphicManagerPreviewCoverageTests.OnInit_InPreviewMode_SkipsInitialization" storage="/users/pabllopf/repositorios/alis/2_application/alis/test/bin/debug/lib/alis.test.dll" id="e9feb57b-89fa-5c55-10bd-bd56b0de9ff9">
      <Execution id="8643f0be-39e3-4e96-9c35-25b90223ae9d" />
      <TestMethod codeBase="/Users/pabllopf/repositorios/Alis/2_Application/Alis/test/bin/Debug/lib/Alis.Test.dll" adapterTypeName="executor://xunit/VsTestRunner2/netcoreapp" className="Alis.Test.Core.Ecs.Systems.Manager.Graphic.GraphicManagerPreviewCoverageTests" name="OnInit_InPreviewMode_SkipsInitialization" />
    </UnitTest>
    <UnitTest name="Alis.Test.Core.Ecs.Systems.Manager.Graphic.GraphicManagerEventProcessingTest.ProcessKeyEventForComponent_WithOnReleaseKey_CallsOnReleaseKey" storage="/users/pabllopf/repositorios/alis/2_application/alis/test/bin/debug/lib/alis.test.dll" id="ff48b5e5-a91f-067f-c1c0-d31f7b5a5a50">
      <Execution id="020504a6-1324-45d3-a5da-8620807e632f" />
      <TestMethod codeBase="/Users/pabllopf/repositorios/Alis/2_Application/Alis/test/bin/Debug/lib/Alis.Test.dll" adapterTypeName="executor://xunit/VsTestRunner2/netcoreapp" className="Alis.Test.Core.Ecs.Systems.Manager.Graphic.GraphicManagerEventProcessingTest" name="ProcessKeyEventForComponent_WithOnReleaseKey_CallsOnReleaseKey" />
    </UnitTest>
    <UnitTest name="Alis.Test.Core.Ecs.Systems.Manager.Graphic.GraphicManagerPreviewCoverageTests.RenderPreview_WithCamera_Executes" storage="/users/pabllopf/repositorios/alis/2_application/alis/test/bin/debug/lib/alis.test.dll" id="e45d0c87-cb84-b538-0bac-78dd8dae0e91">
      <Execution id="adb2547c-17c4-4c56-928b-6ecb51b7bcca" />
      <TestMethod codeBase="/Users/pabllopf/repositorios/Alis/2_Application/Alis/test/bin/Debug/lib/Alis.Test.dll" adapterTypeName="executor://xunit/VsTestRunner2/netcoreapp" className="Alis.Test.Core.Ecs.Systems.Manager.Graphic.GraphicManagerPreviewCoverageTests" name="RenderPreview_WithCamera_Executes" />
    </UnitTest>
    <UnitTest name="Alis.Test.Core.Ecs.Systems.Manager.Graphic.GraphicManagerKeyTests.ComputeHeldKeys_WithNoCommonKeys_ReturnsEmpty" storage="/users/pabllopf/repositorios/alis/2_application/alis/test/bin/debug/lib/alis.test.dll" id="22d257c1-3ea4-9136-cb7e-8d83146cf261">
      <Execution id="eabf3b63-2450-485e-a68f-787b5ce023d6" />
      <TestMethod codeBase="/Users/pabllopf/repositorios/Alis/2_Application/Alis/test/bin/Debug/lib/Alis.Test.dll" adapterTypeName="executor://xunit/VsTestRunner2/netcoreapp" className="Alis.Test.Core.Ecs.Systems.Manager.Graphic.GraphicManagerKeyTests" name="ComputeHeldKeys_WithNoCommonKeys_ReturnsEmpty" />
    </UnitTest>
    <UnitTest name="Alis.Test.Core.Ecs.Systems.Manager.Graphic.GraphicManagerRemainingPathsTest.RenderSprites_WithAnimatorAndInvisibleSprite_DoesNotThrow" storage="/users/pabllopf/repositorios/alis/2_application/alis/test/bin/debug/lib/alis.test.dll" id="a58b2425-45c6-71c4-64cc-d677b8d74d09">
      <Execution id="9c2d32da-6e29-4875-ab16-348b6f314da1" />
      <TestMethod codeBase="/Users/pabllopf/repositorios/Alis/2_Application/Alis/test/bin/Debug/lib/Alis.Test.dll" adapterTypeName="executor://xunit/VsTestRunner2/netcoreapp" className="Alis.Test.Core.Ecs.Systems.Manager.Graphic.GraphicManagerRemainingPathsTest" name="RenderSprites_WithAnimatorAndInvisibleSprite_DoesNotThrow" />
    </UnitTest>
    <UnitTest name="Alis.Test.Core.Ecs.Systems.Manager.Graphic.GraphicManagerRemainingPathsTest.RenderSprites_WithInvisibleSprite_DoesNotThrow" storage="/users/pabllopf/repositorios/alis/2_application/alis/test/bin/debug/lib/alis.test.dll" id="65e1d5c8-1645-8473-a178-b333aa7df2ce">
      <Execution id="dcb05c29-b51c-478e-bef1-2449ace1185c" />
      <TestMethod codeBase="/Users/pabllopf/repositorios/Alis/2_Application/Alis/test/bin/Debug/lib/Alis.Test.dll" adapterTypeName="executor://xunit/VsTestRunner2/netcoreapp" className="Alis.Test.Core.Ecs.Systems.Manager.Graphic.GraphicManagerRemainingPathsTest" name="RenderSprites_WithInvisibleSprite_DoesNotThrow" />
    </UnitTest>
    <UnitTest name="Alis.Test.GraphicManagerTest.GraphicManager_InheritsFromAManager" storage="/users/pabllopf/repositorios/alis/2_application/alis/test/bin/debug/lib/alis.test.dll" id="5b89064b-81b5-b892-3c21-915fb351b92d">
      <Execution id="d9caa507-8320-4603-ae52-86c95351d55a" />
      <TestMethod codeBase="/Users/pabllopf/repositorios/Alis/2_Application/Alis/test/bin/Debug/lib/Alis.Test.dll" adapterTypeName="executor://xunit/VsTestRunner2/netcoreapp" className="Alis.Test.GraphicManagerTest" name="GraphicManager_InheritsFromAManager" />
    </UnitTest>
    <UnitTest name="Alis.Test.Core.Ecs.Systems.Manager.Graphic.GraphicManagerEventProcessingTest.OnBeforeDraw_DoesNotThrow" storage="/users/pabllopf/repositorios/alis/2_application/alis/test/bin/debug/lib/alis.test.dll" id="7dbd08b9-d10a-afc3-2b88-7b7059d8adde">
      <Execution id="ebf2fa85-4686-471e-af2e-5cffa3090568" />
      <TestMethod codeBase="/Users/pabllopf/repositorios/Alis/2_Application/Alis/test/bin/Debug/lib/Alis.Test.dll" adapterTypeName="executor://xunit/VsTestRunner2/netcoreapp" className="Alis.Test.Core.Ecs.Systems.Manager.Graphic.GraphicManagerEventProcessingTest" name="OnBeforeDraw_DoesNotThrow" />
    </UnitTest>
    <UnitTest name="Alis.Test.GraphicManagerTest.Constructor_CreatesGraphicManager_WithContext" storage="/users/pabllopf/repositorios/alis/2_application/alis/test/bin/debug/lib/alis.test.dll" id="0beab7f5-4bf3-99df-d14b-0b42488becc8">
      <Execution id="1294bf3c-e26a-4a76-b1c5-0ea7368118ff" />
      <TestMethod codeBase="/Users/pabllopf/repositorios/Alis/2_Application/Alis/test/bin/Debug/lib/Alis.Test.dll" adapterTypeName="executor://xunit/VsTestRunner2/netcoreapp" className="Alis.Test.GraphicManagerTest" name="Constructor_CreatesGraphicManager_WithContext" />
    </UnitTest>
    <UnitTest name="Alis.Test.Core.Ecs.Systems.Manager.Graphic.GraphicManagerKeyTests.ComputeReleasedKeys_WithRemovedKey_ReturnsIt" storage="/users/pabllopf/repositorios/alis/2_application/alis/test/bin/debug/lib/alis.test.dll" id="cc0d1439-7bc7-ebd0-1eb8-8b7c21ba6bd5">
      <Execution id="4a8bdbb0-97e6-402e-b26c-8d0d9ac73d6a" />
      <TestMethod codeBase="/Users/pabllopf/repositorios/Alis/2_Application/Alis/test/bin/Debug/lib/Alis.Test.dll" adapterTypeName="executor://xunit/VsTestRunner2/netcoreapp" className="Alis.Test.Core.Ecs.Systems.Manager.Graphic.GraphicManagerKeyTests" name="ComputeReleasedKeys_WithRemovedKey_ReturnsIt" />
    </UnitTest>
    <UnitTest name="Alis.Test.GraphicManagerTest.GraphicManager_DefaultState_IsValid" storage="/users/pabllopf/repositorios/alis/2_application/alis/test/bin/debug/lib/alis.test.dll" id="264c979a-25e6-4b3d-29c3-23ce26c209f4">
      <Execution id="d93b78c1-d178-4ddb-80a0-0f6c6ebf5682" />
      <TestMethod codeBase="/Users/pabllopf/repositorios/Alis/2_Application/Alis/test/bin/Debug/lib/Alis.Test.dll" adapterTypeName="executor://xunit/VsTestRunner2/netcoreapp" className="Alis.Test.GraphicManagerTest" name="GraphicManager_DefaultState_IsValid" />
    </UnitTest>
    <UnitTest name="Alis.Test.Core.Ecs.Systems.Manager.Graphic.GraphicManagerPreviewCoverageTests.RenderPreview_WithEmptyWorld_Executes" storage="/users/pabllopf/repositorios/alis/2_application/alis/test/bin/debug/lib/alis.test.dll" id="02a95445-f5b3-1c78-5ac9-bdeb6a229e49">
      <Execution id="1727c641-6947-43a1-9e83-910dd9d21b77" />
      <TestMethod codeBase="/Users/pabllopf/repositorios/Alis/2_Application/Alis/test/bin/Debug/lib/Alis.Test.dll" adapterTypeName="executor://xunit/VsTestRunner2/netcoreapp" className="Alis.Test.Core.Ecs.Systems.Manager.Graphic.GraphicManagerPreviewCoverageTests" name="RenderPreview_WithEmptyWorld_Executes" />
    </UnitTest>
    <UnitTest name="Alis.Test.Core.Ecs.Systems.Manager.Graphic.GraphicManagerTest.ComputeHeldKeys_OverlappingKeys_ReturnsIntersection" storage="/users/pabllopf/repositorios/alis/2_application/alis/test/bin/debug/lib/alis.test.dll" id="f48f1f90-57a2-73d4-9db6-8f5a96eb5b10">
      <Execution id="17b899e3-85d7-4c88-a736-bc96d8c8c101" />
      <TestMethod codeBase="/Users/pabllopf/repositorios/Alis/2_Application/Alis/test/bin/Debug/lib/Alis.Test.dll" adapterTypeName="executor://xunit/VsTestRunner2/netcoreapp" className="Alis.Test.Core.Ecs.Systems.Manager.Graphic.GraphicManagerTest" name="ComputeHeldKeys_OverlappingKeys_ReturnsIntersection" />
    </UnitTest>
[...]
      <Execution id="9f1ca64b-da58-42e8-9024-2228c11607f4" />
      <TestMethod codeBase="/Users/pabllopf/repositorios/Alis/2_Application/Alis/test/bin/Debug/lib/Alis.Test.dll" adapterTypeName="executor://xunit/VsTestRunner2/netcoreapp" className="Alis.Test.Core.Ecs.Systems.Manager.Graphic.GraphicManagerTest" name="ComputePressedKeys_NewKeysOnly_ReturnsAll" />
    </UnitTest>
    <UnitTest name="Alis.Test.Core.Ecs.Systems.Manager.Graphic.GraphicManagerLifecycleTest.OnBeforeDraw_DoesNotThrow" storage="/users/pabllopf/repositorios/alis/2_application/alis/test/bin/debug/lib/alis.test.dll" id="7db03bd9-7301-f7fb-0209-472cfb1649e2">
      <Execution id="12d5bed7-e1e9-4b98-b036-c6a7ae46411e" />
      <TestMethod codeBase="/Users/pabllopf/repositorios/Alis/2_Application/Alis/test/bin/Debug/lib/Alis.Test.dll" adapterTypeName="executor://xunit/VsTestRunner2/netcoreapp" className="Alis.Test.Core.Ecs.Systems.Manager.Graphic.GraphicManagerLifecycleTest" name="OnBeforeDraw_DoesNotThrow" />
    </UnitTest>
    <UnitTest name="Alis.Test.Core.Ecs.Systems.Manager.Graphic.GraphicManagerEventProcessingTest.OnDraw_WithPreviewMode_ThrowsException" storage="/users/pabllopf/repositorios/alis/2_application/alis/test/bin/debug/lib/alis.test.dll" id="bd089d71-12c6-c9c0-b59a-ec06969860ef">
      <Execution id="e871d2b6-23da-4884-8b97-460bc9afeb2f" />
      <TestMethod codeBase="/Users/pabllopf/repositorios/Alis/2_Application/Alis/test/bin/Debug/lib/Alis.Test.dll" adapterTypeName="executor://xunit/VsTestRunner2/netcoreapp" className="Alis.Test.Core.Ecs.Systems.Manager.Graphic.GraphicManagerEventProcessingTest" name="OnDraw_WithPreviewMode_ThrowsException" />
    </UnitTest>
    <UnitTest name="Alis.Test.Core.Ecs.Systems.Manager.Graphic.GraphicManagerTest.ProcessKeyEventForComponent_EmptyKeys_DoesNotThrow" storage="/users/pabllopf/repositorios/alis/2_application/alis/test/bin/debug/lib/alis.test.dll" id="066f0383-eff9-bc68-78fe-c50e4bffeda9">
      <Execution id="c63a78d7-d5cf-4d3a-b559-aafd7d4320f3" />
      <TestMethod codeBase="/Users/pabllopf/repositorios/Alis/2_Application/Alis/test/bin/Debug/lib/Alis.Test.dll" adapterTypeName="executor://xunit/VsTestRunner2/netcoreapp" className="Alis.Test.Core.Ecs.Systems.Manager.Graphic.GraphicManagerTest" name="ProcessKeyEventForComponent_EmptyKeys_DoesNotThrow" />
    </UnitTest>
    <UnitTest name="Alis.Test.Core.Ecs.Systems.Manager.Graphic.GraphicManagerTest.ComputeReleasedKeys_KeysNoLongerPressed_ReturnsReleased" storage="/users/pabllopf/repositorios/alis/2_application/alis/test/bin/debug/lib/alis.test.dll" id="7b73e110-adbb-2cf3-4921-dfa1a3d05415">
      <Execution id="db0f3930-9fa2-4eec-afc8-3d142c8661f2" />
      <TestMethod codeBase="/Users/pabllopf/repositorios/Alis/2_Application/Alis/test/bin/Debug/lib/Alis.Test.dll" adapterTypeName="executor://xunit/VsTestRunner2/netcoreapp" className="Alis.Test.Core.Ecs.Systems.Manager.Graphic.GraphicManagerTest" name="ComputeReleasedKeys_KeysNoLongerPressed_ReturnsReleased" />
    </UnitTest>
    <UnitTest name="Alis.Test.Core.Ecs.Systems.Manager.Graphic.GraphicManagerEventProcessingTest.ProcessKeyEventForComponent_WithOnPressKey_CallsOnPressKey" storage="/users/pabllopf/repositorios/alis/2_application/alis/test/bin/debug/lib/alis.test.dll" id="09f4e854-dedd-3151-7c0e-23c11208e3c1">
      <Execution id="74c5a32b-953f-450e-b4a7-1bbebd17a61e" />
      <TestMethod codeBase="/Users/pabllopf/repositorios/Alis/2_Application/Alis/test/bin/Debug/lib/Alis.Test.dll" adapterTypeName="executor://xunit/VsTestRunner2/netcoreapp" className="Alis.Test.Core.Ecs.Systems.Manager.Graphic.GraphicManagerEventProcessingTest" name="ProcessKeyEventForComponent_WithOnPressKey_CallsOnPressKey" />
    </UnitTest>
    <UnitTest name="Alis.Test.Core.Ecs.Systems.Manager.Graphic.GraphicManagerLifecycleTest.OnInit_PreviewModeEnabled_ReturnsEarly" storage="/users/pabllopf/repositorios/alis/2_application/alis/test/bin/debug/lib/alis.test.dll" id="24a93dfe-738c-1f1c-2475-090148365b37">
      <Execution id="87fa1098-0dbf-4f29-a9dd-1623b304faf1" />
      <TestMethod codeBase="/Users/pabllopf/repositorios/Alis/2_Application/Alis/test/bin/Debug/lib/Alis.Test.dll" adapterTypeName="executor://xunit/VsTestRunner2/netcoreapp" className="Alis.Test.Core.Ecs.Systems.Manager.Graphic.GraphicManagerLifecycleTest" name="OnInit_PreviewModeEnabled_ReturnsEarly" />
    </UnitTest>
    <UnitTest name="Alis.Test.Core.Ecs.Systems.Manager.Graphic.GraphicManagerTests.UpdateKeyTimestamps_PressedThenReleased_DoesNotThrow" storage="/users/pabllopf/repositorios/alis/2_application/alis/test/bin/debug/lib/alis.test.dll" id="96920e11-aae2-3b1b-76bb-8894b884d043">
      <Execution id="83ca5cd1-41fc-4228-af56-887ce7958276" />
      <TestMethod codeBase="/Users/pabllopf/repositorios/Alis/2_Application/Alis/test/bin/Debug/lib/Alis.Test.dll" adapterTypeName="executor://xunit/VsTestRunner2/netcoreapp" className="Alis.Test.Core.Ecs.Systems.Manager.Graphic.GraphicManagerTests" name="UpdateKeyTimestamps_PressedThenReleased_DoesNotThrow" />
    </UnitTest>
    <UnitTest name="Alis.Test.Core.Ecs.Systems.Manager.Graphic.GraphicManagerKeyTests.AllKeys_ContainsExpectedKeys" storage="/users/pabllopf/repositorios/alis/2_application/alis/test/bin/debug/lib/alis.test.dll" id="58d710e8-7974-db68-9185-efdfb0adda5d">
      <Execution id="897eb968-5184-42d1-9e1d-204a487cf450" />
      <TestMethod codeBase="/Users/pabllopf/repositorios/Alis/2_Application/Alis/test/bin/Debug/lib/Alis.Test.dll" adapterTypeName="executor://xunit/VsTestRunner2/netcoreapp" className="Alis.Test.Core.Ecs.Systems.Manager.Graphic.GraphicManagerKeyTests" name="AllKeys_ContainsExpectedKeys" />
    </UnitTest>
    <UnitTest name="Alis.Test.Core.Ecs.Systems.Manager.Graphic.GraphicManagerTests.BuildNewKeys_WithNullPlatform_DoesNotThrow" storage="/users/pabllopf/repositorios/alis/2_application/alis/test/bin/debug/lib/alis.test.dll" id="ea205240-832e-6d89-cca7-d2d88fe96235">
      <Execution id="71d56c00-bed9-422e-b2cc-6e6b9991d5eb" />
      <TestMethod codeBase="/Users/pabllopf/repositorios/Alis/2_Application/Alis/test/bin/Debug/lib/Alis.Test.dll" adapterTypeName="executor://xunit/VsTestRunner2/netcoreapp" className="Alis.Test.Core.Ecs.Systems.Manager.Graphic.GraphicManagerTests" name="BuildNewKeys_WithNullPlatform_DoesNotThrow" />
    </UnitTest>
  </TestDefinitions>
  <TestEntries>
    <TestEntry testId="ff48b5e5-a91f-067f-c1c0-d31f7b5a5a50" executionId="020504a6-1324-45d3-a5da-8620807e632f" testListId="8c84fa94-04c1-424b-9868-57a2d4851a1d" />
    <TestEntry testId="cd472826-3d1f-02c1-0c6e-5beb38495956" executionId="ac2f1b72-c76b-4bf3-9677-e04b045d92f0" testListId="8c84fa94-04c1-424b-9868-57a2d4851a1d" />
    <TestEntry testId="0beab7f5-4bf3-99df-d14b-0b42488becc8" executionId="1294bf3c-e26a-4a76-b1c5-0ea7368118ff" testListId="8c84fa94-04c1-424b-9868-57a2d4851a1d" />
    <TestEntry testId="dde1fbde-7ba7-717b-a9b0-b69f6d9949a9" executionId="654ab2c5-7909-42b0-ab0a-87cf41d4884c" testListId="8c84fa94-04c1-424b-9868-57a2d4851a1d" />
    <TestEntry testId="535a4509-abc6-83ac-0245-b1a17af300d0" executionId="ac72032b-ca92-4ab2-af8d-eb260caac7df" testListId="8c84fa94-04c1-424b-9868-57a2d4851a1d" />
    <TestEntry testId="78ca9e3d-8919-852b-31e5-dab44f348f34" executionId="cfe2cb11-d5fe-4348-bbc0-044003b89055" testListId="8c84fa94-04c1-424b-9868-57a2d4851a1d" />
    <TestEntry testId="29ccfc2c-67a3-31ac-9020-65195fbb5c25" executionId="0eafb8f3-8b82-45a9-a921-f8e1a2439bba" testListId="8c84fa94-04c1-424b-9868-57a2d4851a1d" />
    <TestEntry testId="24a93dfe-738c-1f1c-2475-090148365b37" executionId="87fa1098-0dbf-4f29-a9dd-1623b304faf1" testListId="8c84fa94-04c1-424b-9868-57a2d4851a1d" />
    <TestEntry testId="3f27e440-94fc-fcd8-5547-6d8faea787d1" executionId="dec830ec-0f20-4bce-b027-7b22a7395fbd" testListId="8c84fa94-04c1-424b-9868-57a2d4851a1d" />
    <TestEntry testId="58d710e8-7974-db68-9185-efdfb0adda5d" executionId="897eb968-5184-42d1-9e1d-204a487cf450" testListId="8c84fa94-04c1-424b-9868-57a2d4851a1d" />
    <TestEntry testId="77b721e0-68c7-39bb-faeb-9c0beb9c811c" executionId="bc1b8c30-e045-4ddd-8a04-a833e06173c9" testListId="8c84fa94-04c1-424b-9868-57a2d4851a1d" />
    <TestEntry testId="d28d216e-e53a-cb5d-cae3-e0e70f667534" executionId="28a1cef7-b234-43e6-af63-b22f168634a4" testListId="8c84fa94-04c1-424b-9868-57a2d4851a1d" />
    <TestEntry testId="22d257c1-3ea4-9136-cb7e-8d83146cf261" executionId="eabf3b63-2450-485e-a68f-787b5ce023d6" testListId="8c84fa94-04c1-424b-9868-57a2d4851a1d" />
    <TestEntry testId="a982e9a7-4e0c-8dc2-53e8-e47b6824300b" executionId="172aa6cc-0ee8-48d6-baef-545013ef187e" testListId="8c84fa94-04c1-424b-9868-57a2d4851a1d" />
    <TestEntry testId="cd40dae8-2094-fa0e-368b-ef60fa4a24ab" executionId="6ddb5123-910c-476f-8f46-da53867c49cf" testListId="8c84fa94-04c1-424b-9868-57a2d4851a1d" />
    <TestEntry testId="9d29319c-f7a7-418c-fe37-e3e9e4d8a886" executionId="7813ea6b-9d5a-4d60-b4b4-17901d2f58de" testListId="8c84fa94-04c1-424b-9868-57a2d4851a1d" />
    <TestEntry testId="066f0383-eff9-bc68-78fe-c50e4bffeda9" executionId="c63a78d7-d5cf-4d3a-b559-aafd7d4320f3" testListId="8c84fa94-04c1-424b-9868-57a2d4851a1d" />
    <TestEntry testId="0ce658a2-1ac1-c0e1-288f-b3de61db831e" executionId="03120011-b1ef-47a9-a13d-d450ae77479d" testListId="8c84fa94-04c1-424b-9868-57a2d4851a1d" />
    <TestEntry testId="7395bffa-643a-65a1-0949-2af44830d39a" executionId="a14a3fc8-1e29-4929-b7fb-767d9dbd37f9" testListId="8c84fa94-04c1-424b-9868-57a2d4851a1d" />
    <TestEntry testId="7dbd08b9-d10a-afc3-2b88-7b7059d8adde" executionId="ebf2fa85-4686-471e-af2e-5cffa3090568" testListId="8c84fa94-04c1-424b-9868-57a2d4851a1d" />
    <TestEntry testId="e45d0c87-cb84-b538-0bac-78dd8dae0e91" executionId="adb2547c-17c4-4c56-928b-6ecb51b7bcca" testListId="8c84fa94-04c1-424b-9868-57a2d4851a1d" />
    <TestEntry testId="4dc0f057-be1b-59e0-7563-270f0def9734" executionId="02d92b2a-d251-47a7-bcd6-7fabac256c91" testListId="8c84fa94-04c1-424b-9868-57a2d4851a1d" />
    <TestEntry testId="f07661f3-80ac-1940-ad2b-4717eabce047" executionId="bb9bd892-73fd-41d3-aace-49fb1ad76cdc" testListId="8c84fa94-04c1-424b-9868-57a2d4851a1d" />
    <TestEntry testId="55c751b8-2e41-0c6f-8681-2764240d9cec" executionId="9f1ca64b-da58-42e8-9024-2228c11607f4" testListId="8c84fa94-04c1-424b-9868-57a2d4851a1d" />
    <TestEntry testId="1b46dc36-4c96-1320-ba7b-fb1e963b7c27" executionId="934e30fe-ef86-4188-a2c8-72b7b0224245" testListId="8c84fa94-04c1-424b-9868-57a2d4851a1d" />
    <TestEntry testId="ab700a14-bb3b-62a4-2703-24ae32c29d23" executionId="2760e67e-ba4a-40c6-a3e1-9f192ca3f2fa" testListId="8c84fa94-04c1-424b-9868-57a2d4851a1d" />
    <TestEntry testId="c5c1dff6-7480-0f1f-0f0a-1f55901f40a9" executionId="4036c919-7210-4977-ae44-442f54fdf95b" testListId="8c84fa94-04c1-424b-9868-57a2d4851a1d" />
    <TestEntry testId="009c4402-33bc-b27e-cb47-792a349017e6" executionId="bfcc957b-b51f-4f62-a9be-e1a4af9c3fac" testListId="8c84fa94-04c1-424b-9868-57a2d4851a1d" />
    <TestEntry testId="3ca7ba01-0566-d266-f3d8-7a3394fcc7ab" executionId="32a5c57e-1412-4283-8f49-d4ddd353e722" testListId="8c84fa94-04c1-424b-9868-57a2d4851a1d" />
    <TestEntry testId="ea205240-832e-6d89-cca7-d2d88fe96235" executionId="71d56c00-bed9-422e-b2cc-6e6b9991d5eb" testListId="8c84fa94-04c1-424b-9868-57a2d4851a1d" />
    <TestEntry testId="c7d36c32-4dc5-ac3a-ba48-dd6bbb86745e" executionId="daaaf069-e5ee-4310-b68d-b8d932cc4d8d" testListId="8c84fa94-04c1-424b-9868-57a2d4851a1d" />
    <TestEntry testId="f48f1f90-57a2-73d4-9db6-8f5a96eb5b10" executionId="17b899e3-85d7-4c88-a736-bc96d8c8c101" testListId="8c84fa94-04c1-424b-9868-57a2d4851a1d" />
    <TestEntry testId="477281a9-4e91-0e3b-c471-419ec0b63ee5" executionId="44f15210-3d8f-4546-9d52-3001bbbd6561" testListId="8c84fa94-04c1-424b-9868-57a2d4851a1d" />
    <TestEntry testId="1d0b9a26-ea74-f698-bc08-c4fcf9380a1c" executionId="3543afde-2e9c-420f-9d26-f47affd5b07f" testListId="8c84fa94-04c1-424b-9868-57a2d4851a1d" />
    <TestEntry testId="c81b4c16-86a4-38d4-5f34-8e909c3bfde5" executionId="2a7994b0-926b-46b0-b478-839cd7128128" testListId="8c84fa94-04c1-424b-9868-57a2d4851a1d" />
    <TestEntry testId="cf804ea4-fda1-31dd-1805-d7e099a5a958" executionId="1bcd08a6-2e9c-4a4d-8663-2d485643ee93" testListId="8c84fa94-04c1-424b-9868-57a2d4851a1d" />
    <TestEntry testId="285af082-4e15-eed7-b0d4-e8ef446b5555" executionId="60f9daba-718b-4228-9198-d474a41d7a3a" testListId="8c84fa94-04c1-424b-9868-57a2d4851a1d" />
    <TestEntry testId="0aa47e7a-2693-733d-d24f-9be532d8754d" executionId="e78b30ca-77b7-4032-a66c-7fd3a33fd934" testListId="8c84fa94-04c1-424b-9868-57a2d4851a1d" />
    <TestEntry testId="41404af4-ba5b-fcff-caba-eea384f277cc" executionId="41a1daae-4bd8-438a-995d-d3ac30679142" testListId="8c84fa94-04c1-424b-9868-57a2d4851a1d" />
    <TestEntry testId="544b1a2d-3121-0f56-3154-c80fd0f9ef8e" executionId="e121bbbd-2d51-4688-ac3e-5dcc56433d86" testListId="8c84fa94-04c1-424b-9868-57a2d4851a1d" />
    <TestEntry testId="ce26bf64-1937-6795-0c13-fe93756f2e40" executionId="6d983962-9c39-43ef-893c-0a9db66294f0" testListId="8c84fa94-04c1-424b-9868-57a2d4851a1d" />
    <TestEntry testId="a78f0746-9435-0b74-7584-6f0bc87a21b7" executionId="9f058fb9-54cc-47cb-a750-da6f4b27ab82" testListId="8c84fa94-04c1-424b-9868-57a2d4851a1d" />
    <TestEntry testId="91a5f3ac-2977-14bb-c4c1-a7c617cb0dda" executionId="6db99bf6-1f92-4837-be20-a1405e60cb7e" testListId="8c84fa94-04c1-424b-9868-57a2d4851a1d" />
    <TestEntry testId="e9feb57b-89fa-5c55-10bd-bd56b0de9ff9" executionId="8643f0be-39e3-4e96-9c35-25b90223ae9d" testListId="8c84fa94-04c1-424b-9868-57a2d4851a1d" />
    <TestEntry testId="9ab7d6ff-4b82-f9b5-f4c1-0efe1c392d28" executionId="a3648321-22f1-48a9-aec0-756f7e11888f" testListId="8c84fa94-04c1-424b-9868-57a2d4851a1d" />
    <TestEntry testId="a58b2425-45c6-71c4-64cc-d677b8d74d09" executionId="9c2d32da-6e29-4875-ab16-348b6f314da1" testListId="8c84fa94-04c1-424b-9868-57a2d4851a1d" />
    <TestEntry testId="c5971d97-a588-c72c-ee01-cddc4a2127c7" executionId="0f37ca42-5c9a-4daa-8dad-07330e344dc8" testListId="8c84fa94-04c1-424b-9868-57a2d4851a1d" />
    <TestEntry testId="09f4e854-dedd-3151-7c0e-23c11208e3c1" executionId="74c5a32b-953f-450e-b4a7-1bbebd17a61e" testListId="8c84fa94-04c1-424b-9868-57a2d4851a1d" />
    <TestEntry testId="96920e11-aae2-3b1b-76bb-8894b884d043" executionId="83ca5cd1-41fc-4228-af56-887ce7958276" testListId="8c84fa94-04c1-424b-9868-57a2d4851a1d" />
    <TestEntry testId="923eb3d7-8156-2f60-e877-bb77d4876023" executionId="fafef3ee-ae67-473e-a142-54116f23c489" testListId="8c84fa94-04c1-424b-9868-57a2d4851a1d" />
    <TestEntry testId="a2c32c4e-4ccc-5299-b5da-e3f5d5cb6ba3" executionId="928b16c9-2b03-48bf-97ab-972c7f32e050" testListId="8c84fa94-04c1-424b-9868-57a2d4851a1d" />
    <TestEntry testId="d1ebd63b-3352-91b1-d75e-436065b5de10" executionId="0e6f4110-56c1-415b-8891-a7982ac75d1f" testListId="8c84fa94-04c1-424b-9868-57a2d4851a1d" />
    <TestEntry testId="0878836b-3b9f-1427-bc9c-3b371d4fa7c2" executionId="16c36d8a-6046-49cb-9fe8-8f6f0ceea7f4" testListId="8c84fa94-04c1-424b-9868-57a2d4851a1d" />
    <TestEntry testId="56492a09-70c3-1aee-d71b-b81fab6709f5" executionId="346fa153-1428-45b0-acfd-8d4e65748daa" testListId="8c84fa94-04c1-424b-9868-57a2d4851a1d" />
    <TestEntry testId="ab40645a-1ca7-774b-d504-a9c4c20ab6d3" executionId="e75a106e-d103-429b-b687-ef937a00bc14" testListId="8c84fa94-04c1-424b-9868-57a2d4851a1d" />
    <TestEntry testId="bd089d71-12c6-c9c0-b59a-ec06969860ef" executionId="e871d2b6-23da-4884-8b97-460bc9afeb2f" testListId="8c84fa94-04c1-424b-9868-57a2d4851a1d" />
    <TestEntry testId="d8cffb01-1662-81e5-9bc3-356777d7ea59" executionId="a4d7a310-c0eb-404f-ad47-52bfd158798f" testListId="8c84fa94-04c1-424b-9868-57a2d4851a1d" />
    <TestEntry testId="5b89064b-81b5-b892-3c21-915fb351b92d" executionId="d9caa507-8320-4603-ae52-86c95351d55a" testListId="8c84fa94-04c1-424b-9868-57a2d4851a1d" />
    <TestEntry testId="69609195-15f8-e463-236c-fae46028d12b" executionId="a311c230-b15d-4d8a-8825-8d65905ee6b7" testListId="8c84fa94-04c1-424b-9868-57a2d4851a1d" />
    <TestEntry testId="65e1d5c8-1645-8473-a178-b333aa7df2ce" executionId="dcb05c29-b51c-478e-bef1-2449ace1185c" testListId="8c84fa94-04c1-424b-9868-57a2d4851a1d" />
    <TestEntry testId="fb06a585-5c35-cbea-606e-55e8da073ef1" executionId="684449c2-5bbf-4d37-ad3f-2a6ecca8bd64" testListId="8c84fa94-04c1-424b-9868-57a2d4851a1d" />
    <TestEntry testId="004d3769-94fd-7ebd-6a85-d8befe595f84" executionId="6df80287-f994-4e10-8298-835d540119c6" testListId="8c84fa94-04c1-424b-9868-57a2d4851a1d" />
    <TestEntry testId="d45ef39e-ecb5-692b-7f0f-8ad3dc6966ac" executionId="8978606a-faab-4f9b-8dc9-74dd09642f3e" testListId="8c84fa94-04c1-424b-9868-57a2d4851a1d" />
    <TestEntry testId="515b6584-3ccc-8851-f737-ca4b4fb87c71" executionId="f6c15b3e-a655-4ca2-8898-54e926ffcffb" testListId="8c84fa94-04c1-424b-9868-57a2d4851a1d" />
    <TestEntry testId="7b73e110-adbb-2cf3-4921-dfa1a3d05415" executionId="db0f3930-9fa2-4eec-afc8-3d142c8661f2" testListId="8c84fa94-04c1-424b-9868-57a2d4851a1d" />
    <TestEntry testId="264c979a-25e6-4b3d-29c3-23ce26c209f4" executionId="d93b78c1-d178-4ddb-80a0-0f6c6ebf5682" testListId="8c84fa94-04c1-424b-9868-57a2d4851a1d" />
    <TestEntry testId="2e3d2e31-7a8d-12e6-758f-7920f801bbba" executionId="0307d449-6770-4e50-9d0e-05ae11a82a23" testListId="8c84fa94-04c1-424b-9868-57a2d4851a1d" />
    <TestEntry testId="c46eab19-a0ca-6941-5811-9412d19b12b6" executionId="3e0be9a4-efa5-4720-86f1-13ce25b1e53c" testListId="8c84fa94-04c1-424b-9868-57a2d4851a1d" />
    <TestEntry testId="02a95445-f5b3-1c78-5ac9-bdeb6a229e49" executionId="1727c641-6947-43a1-9e83-910dd9d21b77" testListId="8c84fa94-04c1-424b-9868-57a2d4851a1d" />
    <TestEntry testId="6625d5f2-f8fe-df9b-a5aa-64933561621a" executionId="4642b3e9-5f58-4cd8-8e2c-12ab89c79459" testListId="8c84fa94-04c1-424b-9868-57a2d4851a1d" />
    <TestEntry testId="7db03bd9-7301-f7fb-0209-472cfb1649e2" executionId="12d5bed7-e1e9-4b98-b036-c6a7ae46411e" testListId="8c84fa94-04c1-424b-9868-57a2d4851a1d" />
    <TestEntry testId="cc0d1439-7bc7-ebd0-1eb8-8b7c21ba6bd5" executionId="4a8bdbb0-97e6-402e-b26c-8d0d9ac73d6a" testListId="8c84fa94-04c1-424b-9868-57a2d4851a1d" />
  </TestEntries>
  <TestLists>
    <TestList name="Resultados sin formato de lista" id="8c84fa94-04c1-424b-9868-57a2d4851a1d" />
    <TestList name="Todos los resultados cargados" id="19431567-8539-422a-85d7-44ee4e166bda" />
  </TestLists>
  <ResultSummary outcome="Completed">
    <Counters total="72" executed="72" passed="72" failed="0" error="0" timeout="0" aborted="0" inconclusive="0" passedButRunAborted="0" notRunnable="0" notExecuted="0" disconnected="0" warning="0" completed="0" inProgress="0" pending="0" />
    <Output>
      <StdOut>[15/8/2026 22:43:54] [Info] [Alis.Core.Aspect.Logging] OpenGL error tras flushBuffer: 0x502
[xUnit.net 00:00:00.00] xUnit.net VSTest Adapter v2.5.6+bf9b858c26 (64-bit .NET 8.0.27)
[xUnit.net 00:00:00.19]   Discovering: Alis.Test (method display = ClassAndMethod, method display options = None)
[xUnit.net 00:00:00.44]   Discovered:  Alis.Test (found 945 test cases)
[xUnit.net 00:00:00.45]   Starting:    Alis.Test (parallel test collections = off, stop on fail = off)
Preview mode enabled, skipping graphics initialization.
Preview mode enabled, skipping graphics initialization.
Preview mode enabled, skipping graphics initialization.
Preview mode enabled, skipping graphics initialization.
[xUnit.net 00:00:00.61]   Finished:    Alis.Test
</StdOut>
    </Output>
    <CollectorDataEntries>
      <Collector agentName="MacBook-Pro-de-Pablo" uri="datacollector://microsoft/CoverletCodeCoverage/1.0" collectorDisplayName="XPlat code coverage">
        <UriAttachments>
          <UriAttachment>
            <A href="MacBook-Pro-de-Pablo/coverage.cobertura.xml"></A>
          </UriAttachment>
        </UriAttachments>
      </Collector>
    </CollectorDataEntries>
  </ResultSummary>
</TestRun>